[2023-01-26T07:21:27.628+0000] {taskinstance.py:1083} INFO - Dependencies all met for <TaskInstance: twitter_dag.complete_twitter_etl scheduled__2022-01-16T00:00:00+00:00 [queued]>
[2023-01-26T07:21:27.722+0000] {taskinstance.py:1083} INFO - Dependencies all met for <TaskInstance: twitter_dag.complete_twitter_etl scheduled__2022-01-16T00:00:00+00:00 [queued]>
[2023-01-26T07:21:27.728+0000] {taskinstance.py:1279} INFO - 
--------------------------------------------------------------------------------
[2023-01-26T07:21:27.729+0000] {taskinstance.py:1280} INFO - Starting attempt 1 of 2
[2023-01-26T07:21:27.730+0000] {taskinstance.py:1281} INFO - 
--------------------------------------------------------------------------------
[2023-01-26T07:21:27.872+0000] {taskinstance.py:1300} INFO - Executing <Task(PythonOperator): complete_twitter_etl> on 2022-01-16 00:00:00+00:00
[2023-01-26T07:21:27.969+0000] {standard_task_runner.py:55} INFO - Started process 2525 to run task
[2023-01-26T07:21:28.014+0000] {standard_task_runner.py:82} INFO - Running: ['***', 'tasks', 'run', 'twitter_dag', 'complete_twitter_etl', 'scheduled__2022-01-16T00:00:00+00:00', '--job-id', '474', '--raw', '--subdir', 'DAGS_FOLDER/twitter_dag.py', '--cfg-path', '/tmp/tmpiygo9wu0']
[2023-01-26T07:21:28.025+0000] {standard_task_runner.py:83} INFO - Job 474: Subtask complete_twitter_etl
[2023-01-26T07:21:30.479+0000] {task_command.py:388} INFO - Running <TaskInstance: twitter_dag.complete_twitter_etl scheduled__2022-01-16T00:00:00+00:00 [running]> on host 2221c1ebf970
[2023-01-26T07:21:31.072+0000] {taskinstance.py:1509} INFO - Exporting the following env vars:
AIRFLOW_CTX_DAG_EMAIL=***@example.com
AIRFLOW_CTX_DAG_OWNER=***
AIRFLOW_CTX_DAG_ID=twitter_dag
AIRFLOW_CTX_TASK_ID=complete_twitter_etl
AIRFLOW_CTX_EXECUTION_DATE=2022-01-16T00:00:00+00:00
AIRFLOW_CTX_TRY_NUMBER=1
AIRFLOW_CTX_DAG_RUN_ID=scheduled__2022-01-16T00:00:00+00:00
[2023-01-26T07:21:34.416+0000] {python.py:177} INFO - Done. Returned value was: None
[2023-01-26T07:21:34.497+0000] {taskinstance.py:1323} INFO - Marking task as SUCCESS. dag_id=twitter_dag, task_id=complete_twitter_etl, execution_date=20220116T000000, start_date=20230126T072127, end_date=20230126T072134
[2023-01-26T07:21:35.024+0000] {local_task_job.py:208} INFO - Task exited with return code 0
[2023-01-26T07:21:37.876+0000] {taskinstance.py:2578} INFO - 0 downstream tasks scheduled from follow-on schedule check
