[2023-01-26T07:10:54.027+0000] {taskinstance.py:1083} INFO - Dependencies all met for <TaskInstance: twitter_dag.complete_twitter_etl manual__2023-01-26T07:05:47.277394+00:00 [queued]>
[2023-01-26T07:10:54.138+0000] {taskinstance.py:1083} INFO - Dependencies all met for <TaskInstance: twitter_dag.complete_twitter_etl manual__2023-01-26T07:05:47.277394+00:00 [queued]>
[2023-01-26T07:10:54.149+0000] {taskinstance.py:1279} INFO - 
--------------------------------------------------------------------------------
[2023-01-26T07:10:54.158+0000] {taskinstance.py:1280} INFO - Starting attempt 1 of 2
[2023-01-26T07:10:54.159+0000] {taskinstance.py:1281} INFO - 
--------------------------------------------------------------------------------
[2023-01-26T07:10:54.313+0000] {taskinstance.py:1300} INFO - Executing <Task(PythonOperator): complete_twitter_etl> on 2023-01-26 07:05:47.277394+00:00
[2023-01-26T07:10:54.360+0000] {standard_task_runner.py:55} INFO - Started process 899 to run task
[2023-01-26T07:10:54.379+0000] {standard_task_runner.py:82} INFO - Running: ['***', 'tasks', 'run', 'twitter_dag', 'complete_twitter_etl', 'manual__2023-01-26T07:05:47.277394+00:00', '--job-id', '69', '--raw', '--subdir', 'DAGS_FOLDER/twitter_dag.py', '--cfg-path', '/tmp/tmpk03d9n7w']
[2023-01-26T07:10:54.383+0000] {standard_task_runner.py:83} INFO - Job 69: Subtask complete_twitter_etl
[2023-01-26T07:10:56.230+0000] {task_command.py:388} INFO - Running <TaskInstance: twitter_dag.complete_twitter_etl manual__2023-01-26T07:05:47.277394+00:00 [running]> on host 2221c1ebf970
[2023-01-26T07:10:56.670+0000] {taskinstance.py:1509} INFO - Exporting the following env vars:
AIRFLOW_CTX_DAG_EMAIL=***@example.com
AIRFLOW_CTX_DAG_OWNER=***
AIRFLOW_CTX_DAG_ID=twitter_dag
AIRFLOW_CTX_TASK_ID=complete_twitter_etl
AIRFLOW_CTX_EXECUTION_DATE=2023-01-26T07:05:47.277394+00:00
AIRFLOW_CTX_TRY_NUMBER=1
AIRFLOW_CTX_DAG_RUN_ID=manual__2023-01-26T07:05:47.277394+00:00
[2023-01-26T07:10:59.347+0000] {python.py:177} INFO - Done. Returned value was: None
[2023-01-26T07:10:59.442+0000] {taskinstance.py:1323} INFO - Marking task as SUCCESS. dag_id=twitter_dag, task_id=complete_twitter_etl, execution_date=20230126T070547, start_date=20230126T071054, end_date=20230126T071059
[2023-01-26T07:10:59.749+0000] {local_task_job.py:208} INFO - Task exited with return code 0
[2023-01-26T07:11:00.487+0000] {taskinstance.py:2578} INFO - 0 downstream tasks scheduled from follow-on schedule check
