[2023-01-26T07:21:21.331+0000] {taskinstance.py:1083} INFO - Dependencies all met for <TaskInstance: twitter_dag.complete_twitter_etl scheduled__2022-01-11T00:00:00+00:00 [queued]>
[2023-01-26T07:21:21.537+0000] {taskinstance.py:1083} INFO - Dependencies all met for <TaskInstance: twitter_dag.complete_twitter_etl scheduled__2022-01-11T00:00:00+00:00 [queued]>
[2023-01-26T07:21:21.545+0000] {taskinstance.py:1279} INFO - 
--------------------------------------------------------------------------------
[2023-01-26T07:21:21.552+0000] {taskinstance.py:1280} INFO - Starting attempt 1 of 2
[2023-01-26T07:21:21.559+0000] {taskinstance.py:1281} INFO - 
--------------------------------------------------------------------------------
[2023-01-26T07:21:21.820+0000] {taskinstance.py:1300} INFO - Executing <Task(PythonOperator): complete_twitter_etl> on 2022-01-11 00:00:00+00:00
[2023-01-26T07:21:21.894+0000] {standard_task_runner.py:55} INFO - Started process 2506 to run task
[2023-01-26T07:21:21.950+0000] {standard_task_runner.py:82} INFO - Running: ['***', 'tasks', 'run', 'twitter_dag', 'complete_twitter_etl', 'scheduled__2022-01-11T00:00:00+00:00', '--job-id', '468', '--raw', '--subdir', 'DAGS_FOLDER/twitter_dag.py', '--cfg-path', '/tmp/tmpds0py4so']
[2023-01-26T07:21:21.966+0000] {standard_task_runner.py:83} INFO - Job 468: Subtask complete_twitter_etl
[2023-01-26T07:21:24.366+0000] {task_command.py:388} INFO - Running <TaskInstance: twitter_dag.complete_twitter_etl scheduled__2022-01-11T00:00:00+00:00 [running]> on host 2221c1ebf970
[2023-01-26T07:21:24.860+0000] {taskinstance.py:1509} INFO - Exporting the following env vars:
AIRFLOW_CTX_DAG_EMAIL=***@example.com
AIRFLOW_CTX_DAG_OWNER=***
AIRFLOW_CTX_DAG_ID=twitter_dag
AIRFLOW_CTX_TASK_ID=complete_twitter_etl
AIRFLOW_CTX_EXECUTION_DATE=2022-01-11T00:00:00+00:00
AIRFLOW_CTX_TRY_NUMBER=1
AIRFLOW_CTX_DAG_RUN_ID=scheduled__2022-01-11T00:00:00+00:00
[2023-01-26T07:21:27.301+0000] {python.py:177} INFO - Done. Returned value was: None
[2023-01-26T07:21:27.400+0000] {taskinstance.py:1323} INFO - Marking task as SUCCESS. dag_id=twitter_dag, task_id=complete_twitter_etl, execution_date=20220111T000000, start_date=20230126T072121, end_date=20230126T072127
[2023-01-26T07:21:27.736+0000] {local_task_job.py:208} INFO - Task exited with return code 0
[2023-01-26T07:21:28.953+0000] {taskinstance.py:2578} INFO - 0 downstream tasks scheduled from follow-on schedule check
