[2023-01-26T07:20:26.749+0000] {taskinstance.py:1083} INFO - Dependencies all met for <TaskInstance: twitter_dag.complete_twitter_etl scheduled__2021-12-10T00:00:00+00:00 [queued]>
[2023-01-26T07:20:26.854+0000] {taskinstance.py:1083} INFO - Dependencies all met for <TaskInstance: twitter_dag.complete_twitter_etl scheduled__2021-12-10T00:00:00+00:00 [queued]>
[2023-01-26T07:20:26.870+0000] {taskinstance.py:1279} INFO - 
--------------------------------------------------------------------------------
[2023-01-26T07:20:26.874+0000] {taskinstance.py:1280} INFO - Starting attempt 1 of 2
[2023-01-26T07:20:26.881+0000] {taskinstance.py:1281} INFO - 
--------------------------------------------------------------------------------
[2023-01-26T07:20:27.051+0000] {taskinstance.py:1300} INFO - Executing <Task(PythonOperator): complete_twitter_etl> on 2021-12-10 00:00:00+00:00
[2023-01-26T07:20:27.156+0000] {standard_task_runner.py:55} INFO - Started process 2377 to run task
[2023-01-26T07:20:27.226+0000] {standard_task_runner.py:82} INFO - Running: ['***', 'tasks', 'run', 'twitter_dag', 'complete_twitter_etl', 'scheduled__2021-12-10T00:00:00+00:00', '--job-id', '436', '--raw', '--subdir', 'DAGS_FOLDER/twitter_dag.py', '--cfg-path', '/tmp/tmpwo3hnand']
[2023-01-26T07:20:27.248+0000] {standard_task_runner.py:83} INFO - Job 436: Subtask complete_twitter_etl
[2023-01-26T07:20:28.654+0000] {task_command.py:388} INFO - Running <TaskInstance: twitter_dag.complete_twitter_etl scheduled__2021-12-10T00:00:00+00:00 [running]> on host 2221c1ebf970
[2023-01-26T07:20:29.246+0000] {taskinstance.py:1509} INFO - Exporting the following env vars:
AIRFLOW_CTX_DAG_EMAIL=***@example.com
AIRFLOW_CTX_DAG_OWNER=***
AIRFLOW_CTX_DAG_ID=twitter_dag
AIRFLOW_CTX_TASK_ID=complete_twitter_etl
AIRFLOW_CTX_EXECUTION_DATE=2021-12-10T00:00:00+00:00
AIRFLOW_CTX_TRY_NUMBER=1
AIRFLOW_CTX_DAG_RUN_ID=scheduled__2021-12-10T00:00:00+00:00
[2023-01-26T07:20:33.130+0000] {python.py:177} INFO - Done. Returned value was: None
[2023-01-26T07:20:33.187+0000] {taskinstance.py:1323} INFO - Marking task as SUCCESS. dag_id=twitter_dag, task_id=complete_twitter_etl, execution_date=20211210T000000, start_date=20230126T072026, end_date=20230126T072033
[2023-01-26T07:20:33.489+0000] {local_task_job.py:208} INFO - Task exited with return code 0
[2023-01-26T07:20:35.509+0000] {taskinstance.py:2578} INFO - 0 downstream tasks scheduled from follow-on schedule check
