[2023-01-25T19:01:21.517+0000] {taskinstance.py:1083} INFO - Dependencies all met for <TaskInstance: twitter_dag.complete_twitter_etl scheduled__2021-04-05T00:00:00+00:00 [queued]>
[2023-01-25T19:01:21.580+0000] {taskinstance.py:1083} INFO - Dependencies all met for <TaskInstance: twitter_dag.complete_twitter_etl scheduled__2021-04-05T00:00:00+00:00 [queued]>
[2023-01-25T19:01:21.590+0000] {taskinstance.py:1279} INFO - 
--------------------------------------------------------------------------------
[2023-01-25T19:01:21.596+0000] {taskinstance.py:1280} INFO - Starting attempt 1 of 2
[2023-01-25T19:01:21.602+0000] {taskinstance.py:1281} INFO - 
--------------------------------------------------------------------------------
[2023-01-25T19:01:21.755+0000] {taskinstance.py:1300} INFO - Executing <Task(PythonOperator): complete_twitter_etl> on 2021-04-05 00:00:00+00:00
[2023-01-25T19:01:21.769+0000] {standard_task_runner.py:55} INFO - Started process 2823 to run task
[2023-01-25T19:01:21.792+0000] {standard_task_runner.py:82} INFO - Running: ['***', 'tasks', 'run', 'twitter_dag', 'complete_twitter_etl', 'scheduled__2021-04-05T00:00:00+00:00', '--job-id', '291', '--raw', '--subdir', 'DAGS_FOLDER/twitter_dag.py', '--cfg-path', '/tmp/tmpt_q3g3sl']
[2023-01-25T19:01:21.804+0000] {standard_task_runner.py:83} INFO - Job 291: Subtask complete_twitter_etl
[2023-01-25T19:01:25.398+0000] {task_command.py:388} INFO - Running <TaskInstance: twitter_dag.complete_twitter_etl scheduled__2021-04-05T00:00:00+00:00 [running]> on host 512d0ff0785b
[2023-01-25T19:01:27.852+0000] {taskinstance.py:1509} INFO - Exporting the following env vars:
AIRFLOW_CTX_DAG_EMAIL=***@example.com
AIRFLOW_CTX_DAG_OWNER=***
AIRFLOW_CTX_DAG_ID=twitter_dag
AIRFLOW_CTX_TASK_ID=complete_twitter_etl
AIRFLOW_CTX_EXECUTION_DATE=2021-04-05T00:00:00+00:00
AIRFLOW_CTX_TRY_NUMBER=1
AIRFLOW_CTX_DAG_RUN_ID=scheduled__2021-04-05T00:00:00+00:00
[2023-01-25T19:01:35.506+0000] {taskinstance.py:1768} ERROR - Task failed with exception
Traceback (most recent call last):
  File "/home/airflow/.local/lib/python3.7/site-packages/s3fs/core.py", line 112, in _error_wrapper
    return await func(*args, **kwargs)
  File "/home/airflow/.local/lib/python3.7/site-packages/aiobotocore/client.py", line 358, in _make_api_call
    raise error_class(parsed_response, operation_name)
botocore.exceptions.ClientError: An error occurred (AccessDenied) when calling the CreateBucket operation: Anonymous access is forbidden for this operation

The above exception was the direct cause of the following exception:

Traceback (most recent call last):
  File "/home/airflow/.local/lib/python3.7/site-packages/airflow/operators/python.py", line 175, in execute
    return_value = self.execute_callable()
  File "/home/airflow/.local/lib/python3.7/site-packages/airflow/operators/python.py", line 192, in execute_callable
    return self.python_callable(*self.op_args, **self.op_kwargs)
  File "/opt/airflow/dags/twitter_etl.py", line 46, in run_twitter_etl
    df.to_csv("s3://jinchoi-airflow-bucket/data/elonmusk_tweets.csv")
  File "/home/airflow/.local/lib/python3.7/site-packages/pandas/core/generic.py", line 3482, in to_csv
    storage_options=storage_options,
  File "/home/airflow/.local/lib/python3.7/site-packages/pandas/io/formats/format.py", line 1105, in to_csv
    csv_formatter.save()
  File "/home/airflow/.local/lib/python3.7/site-packages/pandas/io/formats/csvs.py", line 243, in save
    storage_options=self.storage_options,
  File "/home/airflow/.local/lib/python3.7/site-packages/pandas/io/common.py", line 614, in get_handle
    storage_options=storage_options,
  File "/home/airflow/.local/lib/python3.7/site-packages/pandas/io/common.py", line 370, in _get_filepath_or_buffer
    filepath_or_buffer, mode=fsspec_mode, **(storage_options or {})
  File "/home/airflow/.local/lib/python3.7/site-packages/fsspec/core.py", line 428, in open
    **kwargs,
  File "/home/airflow/.local/lib/python3.7/site-packages/fsspec/core.py", line 283, in open_files
    [fs.makedirs(parent, exist_ok=True) for parent in parents]
  File "/home/airflow/.local/lib/python3.7/site-packages/fsspec/core.py", line 283, in <listcomp>
    [fs.makedirs(parent, exist_ok=True) for parent in parents]
  File "/home/airflow/.local/lib/python3.7/site-packages/fsspec/asyn.py", line 114, in wrapper
    return sync(self.loop, func, *args, **kwargs)
  File "/home/airflow/.local/lib/python3.7/site-packages/fsspec/asyn.py", line 99, in sync
    raise return_result
  File "/home/airflow/.local/lib/python3.7/site-packages/fsspec/asyn.py", line 54, in _runner
    result[0] = await coro
  File "/home/airflow/.local/lib/python3.7/site-packages/s3fs/core.py", line 883, in _makedirs
    await self._mkdir(path, create_parents=True)
  File "/home/airflow/.local/lib/python3.7/site-packages/s3fs/core.py", line 868, in _mkdir
    await self._call_s3("create_bucket", **params)
  File "/home/airflow/.local/lib/python3.7/site-packages/s3fs/core.py", line 340, in _call_s3
    method, kwargs=additional_kwargs, retries=self.retries
  File "/home/airflow/.local/lib/python3.7/site-packages/s3fs/core.py", line 139, in _error_wrapper
    raise err
PermissionError: Anonymous access is forbidden for this operation
[2023-01-25T19:01:35.581+0000] {taskinstance.py:1323} INFO - Marking task as UP_FOR_RETRY. dag_id=twitter_dag, task_id=complete_twitter_etl, execution_date=20210405T000000, start_date=20230125T190121, end_date=20230125T190135
[2023-01-25T19:01:35.668+0000] {standard_task_runner.py:105} ERROR - Failed to execute job 291 for task complete_twitter_etl (Anonymous access is forbidden for this operation; 2823)
[2023-01-25T19:01:35.838+0000] {local_task_job.py:208} INFO - Task exited with return code 1
[2023-01-25T19:01:37.067+0000] {taskinstance.py:2578} INFO - 0 downstream tasks scheduled from follow-on schedule check
[2023-01-26T07:14:21.365+0000] {taskinstance.py:1083} INFO - Dependencies all met for <TaskInstance: twitter_dag.complete_twitter_etl scheduled__2021-04-05T00:00:00+00:00 [queued]>
[2023-01-26T07:14:21.421+0000] {taskinstance.py:1083} INFO - Dependencies all met for <TaskInstance: twitter_dag.complete_twitter_etl scheduled__2021-04-05T00:00:00+00:00 [queued]>
[2023-01-26T07:14:21.422+0000] {taskinstance.py:1279} INFO - 
--------------------------------------------------------------------------------
[2023-01-26T07:14:21.424+0000] {taskinstance.py:1280} INFO - Starting attempt 1 of 2
[2023-01-26T07:14:21.426+0000] {taskinstance.py:1281} INFO - 
--------------------------------------------------------------------------------
[2023-01-26T07:14:21.513+0000] {taskinstance.py:1300} INFO - Executing <Task(PythonOperator): complete_twitter_etl> on 2021-04-05 00:00:00+00:00
[2023-01-26T07:14:21.555+0000] {standard_task_runner.py:55} INFO - Started process 1396 to run task
[2023-01-26T07:14:21.581+0000] {standard_task_runner.py:82} INFO - Running: ['***', 'tasks', 'run', 'twitter_dag', 'complete_twitter_etl', 'scheduled__2021-04-05T00:00:00+00:00', '--job-id', '187', '--raw', '--subdir', 'DAGS_FOLDER/twitter_dag.py', '--cfg-path', '/tmp/tmpixev33v5']
[2023-01-26T07:14:21.583+0000] {standard_task_runner.py:83} INFO - Job 187: Subtask complete_twitter_etl
[2023-01-26T07:14:23.517+0000] {task_command.py:388} INFO - Running <TaskInstance: twitter_dag.complete_twitter_etl scheduled__2021-04-05T00:00:00+00:00 [running]> on host 2221c1ebf970
[2023-01-26T07:14:24.031+0000] {taskinstance.py:1509} INFO - Exporting the following env vars:
AIRFLOW_CTX_DAG_EMAIL=***@example.com
AIRFLOW_CTX_DAG_OWNER=***
AIRFLOW_CTX_DAG_ID=twitter_dag
AIRFLOW_CTX_TASK_ID=complete_twitter_etl
AIRFLOW_CTX_EXECUTION_DATE=2021-04-05T00:00:00+00:00
AIRFLOW_CTX_TRY_NUMBER=1
AIRFLOW_CTX_DAG_RUN_ID=scheduled__2021-04-05T00:00:00+00:00
[2023-01-26T07:14:26.763+0000] {python.py:177} INFO - Done. Returned value was: None
[2023-01-26T07:14:26.806+0000] {taskinstance.py:1323} INFO - Marking task as SUCCESS. dag_id=twitter_dag, task_id=complete_twitter_etl, execution_date=20210405T000000, start_date=20230126T071421, end_date=20230126T071426
[2023-01-26T07:14:27.251+0000] {local_task_job.py:208} INFO - Task exited with return code 0
[2023-01-26T07:14:29.296+0000] {taskinstance.py:2578} INFO - 0 downstream tasks scheduled from follow-on schedule check
[2023-01-26T09:12:06.308+0000] {taskinstance.py:1083} INFO - Dependencies all met for <TaskInstance: twitter_dag.complete_twitter_etl scheduled__2021-04-05T00:00:00+00:00 [queued]>
[2023-01-26T09:12:06.430+0000] {taskinstance.py:1083} INFO - Dependencies all met for <TaskInstance: twitter_dag.complete_twitter_etl scheduled__2021-04-05T00:00:00+00:00 [queued]>
[2023-01-26T09:12:06.435+0000] {taskinstance.py:1279} INFO - 
--------------------------------------------------------------------------------
[2023-01-26T09:12:06.440+0000] {taskinstance.py:1280} INFO - Starting attempt 1 of 2
[2023-01-26T09:12:06.442+0000] {taskinstance.py:1281} INFO - 
--------------------------------------------------------------------------------
[2023-01-26T09:12:06.539+0000] {taskinstance.py:1300} INFO - Executing <Task(PythonOperator): complete_twitter_etl> on 2021-04-05 00:00:00+00:00
[2023-01-26T09:12:06.571+0000] {standard_task_runner.py:55} INFO - Started process 718 to run task
[2023-01-26T09:12:06.686+0000] {standard_task_runner.py:82} INFO - Running: ['***', 'tasks', 'run', 'twitter_dag', 'complete_twitter_etl', 'scheduled__2021-04-05T00:00:00+00:00', '--job-id', '151', '--raw', '--subdir', 'DAGS_FOLDER/twitter_dag.py', '--cfg-path', '/tmp/tmpi6fl10rs']
[2023-01-26T09:12:06.700+0000] {standard_task_runner.py:83} INFO - Job 151: Subtask complete_twitter_etl
[2023-01-26T09:12:08.498+0000] {task_command.py:388} INFO - Running <TaskInstance: twitter_dag.complete_twitter_etl scheduled__2021-04-05T00:00:00+00:00 [running]> on host d0fc3b00c15c
[2023-01-26T09:12:08.666+0000] {taskinstance.py:1509} INFO - Exporting the following env vars:
AIRFLOW_CTX_DAG_EMAIL=***@example.com
AIRFLOW_CTX_DAG_OWNER=***
AIRFLOW_CTX_DAG_ID=twitter_dag
AIRFLOW_CTX_TASK_ID=complete_twitter_etl
AIRFLOW_CTX_EXECUTION_DATE=2021-04-05T00:00:00+00:00
AIRFLOW_CTX_TRY_NUMBER=1
AIRFLOW_CTX_DAG_RUN_ID=scheduled__2021-04-05T00:00:00+00:00
[2023-01-26T09:12:10.495+0000] {python.py:177} INFO - Done. Returned value was: None
[2023-01-26T09:12:10.544+0000] {taskinstance.py:1323} INFO - Marking task as SUCCESS. dag_id=twitter_dag, task_id=complete_twitter_etl, execution_date=20210405T000000, start_date=20230126T091206, end_date=20230126T091210
[2023-01-26T09:12:10.676+0000] {local_task_job.py:208} INFO - Task exited with return code 0
[2023-01-26T09:12:10.871+0000] {taskinstance.py:2578} INFO - 0 downstream tasks scheduled from follow-on schedule check
