[2023-01-27T01:24:29.834+0000] {processor.py:153} INFO - Started process (PID=90) to work on /home/airflow/.local/lib/python3.7/site-packages/airflow/example_dags/example_external_task_marker_dag.py
[2023-01-27T01:24:29.837+0000] {processor.py:743} INFO - Processing file /home/airflow/.local/lib/python3.7/site-packages/airflow/example_dags/example_external_task_marker_dag.py for tasks to queue
[2023-01-27T01:24:29.841+0000] {logging_mixin.py:137} INFO - [2023-01-27T01:24:29.840+0000] {dagbag.py:538} INFO - Filling up the DagBag from /home/airflow/.local/lib/python3.7/site-packages/airflow/example_dags/example_external_task_marker_dag.py
[2023-01-27T01:24:29.892+0000] {processor.py:753} INFO - DAG(s) dict_keys(['example_external_task_marker_child', 'example_external_task_marker_parent']) retrieved from /home/airflow/.local/lib/python3.7/site-packages/airflow/example_dags/example_external_task_marker_dag.py
[2023-01-27T01:24:30.083+0000] {logging_mixin.py:137} INFO - [2023-01-27T01:24:30.083+0000] {dag.py:2690} INFO - Sync 2 DAGs
[2023-01-27T01:24:30.161+0000] {logging_mixin.py:137} INFO - [2023-01-27T01:24:30.161+0000] {dag.py:3441} INFO - Setting next_dagrun for example_external_task_marker_child to None, run_after=None
[2023-01-27T01:24:30.173+0000] {logging_mixin.py:137} INFO - [2023-01-27T01:24:30.173+0000] {dag.py:3441} INFO - Setting next_dagrun for example_external_task_marker_parent to None, run_after=None
[2023-01-27T01:24:30.213+0000] {processor.py:175} INFO - Processing /home/airflow/.local/lib/python3.7/site-packages/airflow/example_dags/example_external_task_marker_dag.py took 0.387 seconds
[2023-01-27T01:25:01.064+0000] {processor.py:153} INFO - Started process (PID=155) to work on /home/airflow/.local/lib/python3.7/site-packages/airflow/example_dags/example_external_task_marker_dag.py
[2023-01-27T01:25:01.067+0000] {processor.py:743} INFO - Processing file /home/airflow/.local/lib/python3.7/site-packages/airflow/example_dags/example_external_task_marker_dag.py for tasks to queue
[2023-01-27T01:25:01.070+0000] {logging_mixin.py:137} INFO - [2023-01-27T01:25:01.069+0000] {dagbag.py:538} INFO - Filling up the DagBag from /home/airflow/.local/lib/python3.7/site-packages/airflow/example_dags/example_external_task_marker_dag.py
[2023-01-27T01:25:01.095+0000] {processor.py:753} INFO - DAG(s) dict_keys(['example_external_task_marker_parent', 'example_external_task_marker_child']) retrieved from /home/airflow/.local/lib/python3.7/site-packages/airflow/example_dags/example_external_task_marker_dag.py
[2023-01-27T01:25:01.169+0000] {logging_mixin.py:137} INFO - [2023-01-27T01:25:01.168+0000] {dag.py:2690} INFO - Sync 2 DAGs
[2023-01-27T01:25:01.216+0000] {logging_mixin.py:137} INFO - [2023-01-27T01:25:01.216+0000] {dag.py:3441} INFO - Setting next_dagrun for example_external_task_marker_child to None, run_after=None
[2023-01-27T01:25:01.226+0000] {logging_mixin.py:137} INFO - [2023-01-27T01:25:01.226+0000] {dag.py:3441} INFO - Setting next_dagrun for example_external_task_marker_parent to None, run_after=None
[2023-01-27T01:25:01.263+0000] {processor.py:175} INFO - Processing /home/airflow/.local/lib/python3.7/site-packages/airflow/example_dags/example_external_task_marker_dag.py took 0.204 seconds
[2023-01-27T01:27:55.378+0000] {processor.py:153} INFO - Started process (PID=82) to work on /home/airflow/.local/lib/python3.7/site-packages/airflow/example_dags/example_external_task_marker_dag.py
[2023-01-27T01:27:55.382+0000] {processor.py:743} INFO - Processing file /home/airflow/.local/lib/python3.7/site-packages/airflow/example_dags/example_external_task_marker_dag.py for tasks to queue
[2023-01-27T01:27:55.384+0000] {logging_mixin.py:137} INFO - [2023-01-27T01:27:55.384+0000] {dagbag.py:538} INFO - Filling up the DagBag from /home/airflow/.local/lib/python3.7/site-packages/airflow/example_dags/example_external_task_marker_dag.py
[2023-01-27T01:27:55.465+0000] {processor.py:753} INFO - DAG(s) dict_keys(['example_external_task_marker_child', 'example_external_task_marker_parent']) retrieved from /home/airflow/.local/lib/python3.7/site-packages/airflow/example_dags/example_external_task_marker_dag.py
[2023-01-27T01:27:55.536+0000] {logging_mixin.py:137} INFO - [2023-01-27T01:27:55.535+0000] {dag.py:2690} INFO - Sync 2 DAGs
[2023-01-27T01:27:55.660+0000] {logging_mixin.py:137} INFO - [2023-01-27T01:27:55.658+0000] {dag.py:3441} INFO - Setting next_dagrun for example_external_task_marker_child to None, run_after=None
[2023-01-27T01:27:55.681+0000] {logging_mixin.py:137} INFO - [2023-01-27T01:27:55.681+0000] {dag.py:3441} INFO - Setting next_dagrun for example_external_task_marker_parent to None, run_after=None
[2023-01-27T01:27:55.830+0000] {processor.py:175} INFO - Processing /home/airflow/.local/lib/python3.7/site-packages/airflow/example_dags/example_external_task_marker_dag.py took 0.465 seconds
[2023-01-27T01:28:26.526+0000] {processor.py:153} INFO - Started process (PID=141) to work on /home/airflow/.local/lib/python3.7/site-packages/airflow/example_dags/example_external_task_marker_dag.py
[2023-01-27T01:28:26.530+0000] {processor.py:743} INFO - Processing file /home/airflow/.local/lib/python3.7/site-packages/airflow/example_dags/example_external_task_marker_dag.py for tasks to queue
[2023-01-27T01:28:26.532+0000] {logging_mixin.py:137} INFO - [2023-01-27T01:28:26.532+0000] {dagbag.py:538} INFO - Filling up the DagBag from /home/airflow/.local/lib/python3.7/site-packages/airflow/example_dags/example_external_task_marker_dag.py
[2023-01-27T01:28:26.555+0000] {processor.py:753} INFO - DAG(s) dict_keys(['example_external_task_marker_parent', 'example_external_task_marker_child']) retrieved from /home/airflow/.local/lib/python3.7/site-packages/airflow/example_dags/example_external_task_marker_dag.py
[2023-01-27T01:28:26.624+0000] {logging_mixin.py:137} INFO - [2023-01-27T01:28:26.623+0000] {dag.py:2690} INFO - Sync 2 DAGs
[2023-01-27T01:28:26.671+0000] {logging_mixin.py:137} INFO - [2023-01-27T01:28:26.671+0000] {dag.py:3441} INFO - Setting next_dagrun for example_external_task_marker_child to None, run_after=None
[2023-01-27T01:28:26.677+0000] {logging_mixin.py:137} INFO - [2023-01-27T01:28:26.677+0000] {dag.py:3441} INFO - Setting next_dagrun for example_external_task_marker_parent to None, run_after=None
[2023-01-27T01:28:26.725+0000] {processor.py:175} INFO - Processing /home/airflow/.local/lib/python3.7/site-packages/airflow/example_dags/example_external_task_marker_dag.py took 0.204 seconds
[2023-01-27T01:28:57.024+0000] {processor.py:153} INFO - Started process (PID=217) to work on /home/airflow/.local/lib/python3.7/site-packages/airflow/example_dags/example_external_task_marker_dag.py
[2023-01-27T01:28:57.028+0000] {processor.py:743} INFO - Processing file /home/airflow/.local/lib/python3.7/site-packages/airflow/example_dags/example_external_task_marker_dag.py for tasks to queue
[2023-01-27T01:28:57.032+0000] {logging_mixin.py:137} INFO - [2023-01-27T01:28:57.031+0000] {dagbag.py:538} INFO - Filling up the DagBag from /home/airflow/.local/lib/python3.7/site-packages/airflow/example_dags/example_external_task_marker_dag.py
[2023-01-27T01:28:57.066+0000] {processor.py:753} INFO - DAG(s) dict_keys(['example_external_task_marker_parent', 'example_external_task_marker_child']) retrieved from /home/airflow/.local/lib/python3.7/site-packages/airflow/example_dags/example_external_task_marker_dag.py
[2023-01-27T01:28:57.135+0000] {logging_mixin.py:137} INFO - [2023-01-27T01:28:57.135+0000] {dag.py:2690} INFO - Sync 2 DAGs
[2023-01-27T01:28:57.175+0000] {logging_mixin.py:137} INFO - [2023-01-27T01:28:57.175+0000] {dag.py:3441} INFO - Setting next_dagrun for example_external_task_marker_child to None, run_after=None
[2023-01-27T01:28:57.188+0000] {logging_mixin.py:137} INFO - [2023-01-27T01:28:57.188+0000] {dag.py:3441} INFO - Setting next_dagrun for example_external_task_marker_parent to None, run_after=None
[2023-01-27T01:28:57.232+0000] {processor.py:175} INFO - Processing /home/airflow/.local/lib/python3.7/site-packages/airflow/example_dags/example_external_task_marker_dag.py took 0.215 seconds
[2023-01-27T01:29:27.339+0000] {processor.py:153} INFO - Started process (PID=282) to work on /home/airflow/.local/lib/python3.7/site-packages/airflow/example_dags/example_external_task_marker_dag.py
[2023-01-27T01:29:27.341+0000] {processor.py:743} INFO - Processing file /home/airflow/.local/lib/python3.7/site-packages/airflow/example_dags/example_external_task_marker_dag.py for tasks to queue
[2023-01-27T01:29:27.343+0000] {logging_mixin.py:137} INFO - [2023-01-27T01:29:27.343+0000] {dagbag.py:538} INFO - Filling up the DagBag from /home/airflow/.local/lib/python3.7/site-packages/airflow/example_dags/example_external_task_marker_dag.py
[2023-01-27T01:29:27.359+0000] {processor.py:753} INFO - DAG(s) dict_keys(['example_external_task_marker_parent', 'example_external_task_marker_child']) retrieved from /home/airflow/.local/lib/python3.7/site-packages/airflow/example_dags/example_external_task_marker_dag.py
[2023-01-27T01:29:27.398+0000] {logging_mixin.py:137} INFO - [2023-01-27T01:29:27.398+0000] {dag.py:2690} INFO - Sync 2 DAGs
[2023-01-27T01:29:27.433+0000] {logging_mixin.py:137} INFO - [2023-01-27T01:29:27.433+0000] {dag.py:3441} INFO - Setting next_dagrun for example_external_task_marker_child to None, run_after=None
[2023-01-27T01:29:27.438+0000] {logging_mixin.py:137} INFO - [2023-01-27T01:29:27.437+0000] {dag.py:3441} INFO - Setting next_dagrun for example_external_task_marker_parent to None, run_after=None
[2023-01-27T01:29:27.465+0000] {processor.py:175} INFO - Processing /home/airflow/.local/lib/python3.7/site-packages/airflow/example_dags/example_external_task_marker_dag.py took 0.131 seconds
[2023-01-27T01:29:57.866+0000] {processor.py:153} INFO - Started process (PID=347) to work on /home/airflow/.local/lib/python3.7/site-packages/airflow/example_dags/example_external_task_marker_dag.py
[2023-01-27T01:29:57.869+0000] {processor.py:743} INFO - Processing file /home/airflow/.local/lib/python3.7/site-packages/airflow/example_dags/example_external_task_marker_dag.py for tasks to queue
[2023-01-27T01:29:57.871+0000] {logging_mixin.py:137} INFO - [2023-01-27T01:29:57.871+0000] {dagbag.py:538} INFO - Filling up the DagBag from /home/airflow/.local/lib/python3.7/site-packages/airflow/example_dags/example_external_task_marker_dag.py
[2023-01-27T01:29:57.897+0000] {processor.py:753} INFO - DAG(s) dict_keys(['example_external_task_marker_child', 'example_external_task_marker_parent']) retrieved from /home/airflow/.local/lib/python3.7/site-packages/airflow/example_dags/example_external_task_marker_dag.py
[2023-01-27T01:29:57.949+0000] {logging_mixin.py:137} INFO - [2023-01-27T01:29:57.949+0000] {dag.py:2690} INFO - Sync 2 DAGs
[2023-01-27T01:29:58.014+0000] {logging_mixin.py:137} INFO - [2023-01-27T01:29:58.014+0000] {dag.py:3441} INFO - Setting next_dagrun for example_external_task_marker_child to None, run_after=None
[2023-01-27T01:29:58.031+0000] {logging_mixin.py:137} INFO - [2023-01-27T01:29:58.031+0000] {dag.py:3441} INFO - Setting next_dagrun for example_external_task_marker_parent to None, run_after=None
[2023-01-27T01:29:58.107+0000] {processor.py:175} INFO - Processing /home/airflow/.local/lib/python3.7/site-packages/airflow/example_dags/example_external_task_marker_dag.py took 0.246 seconds
[2023-01-27T01:30:29.236+0000] {processor.py:153} INFO - Started process (PID=419) to work on /home/airflow/.local/lib/python3.7/site-packages/airflow/example_dags/example_external_task_marker_dag.py
[2023-01-27T01:30:29.240+0000] {processor.py:743} INFO - Processing file /home/airflow/.local/lib/python3.7/site-packages/airflow/example_dags/example_external_task_marker_dag.py for tasks to queue
[2023-01-27T01:30:29.242+0000] {logging_mixin.py:137} INFO - [2023-01-27T01:30:29.242+0000] {dagbag.py:538} INFO - Filling up the DagBag from /home/airflow/.local/lib/python3.7/site-packages/airflow/example_dags/example_external_task_marker_dag.py
[2023-01-27T01:30:29.296+0000] {processor.py:753} INFO - DAG(s) dict_keys(['example_external_task_marker_parent', 'example_external_task_marker_child']) retrieved from /home/airflow/.local/lib/python3.7/site-packages/airflow/example_dags/example_external_task_marker_dag.py
[2023-01-27T01:30:29.406+0000] {logging_mixin.py:137} INFO - [2023-01-27T01:30:29.406+0000] {dag.py:2690} INFO - Sync 2 DAGs
[2023-01-27T01:30:29.696+0000] {logging_mixin.py:137} INFO - [2023-01-27T01:30:29.696+0000] {dag.py:3441} INFO - Setting next_dagrun for example_external_task_marker_child to None, run_after=None
[2023-01-27T01:30:29.735+0000] {logging_mixin.py:137} INFO - [2023-01-27T01:30:29.734+0000] {dag.py:3441} INFO - Setting next_dagrun for example_external_task_marker_parent to None, run_after=None
[2023-01-27T01:30:29.795+0000] {processor.py:175} INFO - Processing /home/airflow/.local/lib/python3.7/site-packages/airflow/example_dags/example_external_task_marker_dag.py took 0.575 seconds
[2023-01-27T01:31:00.269+0000] {processor.py:153} INFO - Started process (PID=478) to work on /home/airflow/.local/lib/python3.7/site-packages/airflow/example_dags/example_external_task_marker_dag.py
[2023-01-27T01:31:00.272+0000] {processor.py:743} INFO - Processing file /home/airflow/.local/lib/python3.7/site-packages/airflow/example_dags/example_external_task_marker_dag.py for tasks to queue
[2023-01-27T01:31:00.275+0000] {logging_mixin.py:137} INFO - [2023-01-27T01:31:00.275+0000] {dagbag.py:538} INFO - Filling up the DagBag from /home/airflow/.local/lib/python3.7/site-packages/airflow/example_dags/example_external_task_marker_dag.py
[2023-01-27T01:31:00.319+0000] {processor.py:753} INFO - DAG(s) dict_keys(['example_external_task_marker_parent', 'example_external_task_marker_child']) retrieved from /home/airflow/.local/lib/python3.7/site-packages/airflow/example_dags/example_external_task_marker_dag.py
[2023-01-27T01:31:00.477+0000] {logging_mixin.py:137} INFO - [2023-01-27T01:31:00.476+0000] {dag.py:2690} INFO - Sync 2 DAGs
[2023-01-27T01:31:00.541+0000] {logging_mixin.py:137} INFO - [2023-01-27T01:31:00.541+0000] {dag.py:3441} INFO - Setting next_dagrun for example_external_task_marker_child to None, run_after=None
[2023-01-27T01:31:00.550+0000] {logging_mixin.py:137} INFO - [2023-01-27T01:31:00.549+0000] {dag.py:3441} INFO - Setting next_dagrun for example_external_task_marker_parent to None, run_after=None
[2023-01-27T01:31:00.592+0000] {processor.py:175} INFO - Processing /home/airflow/.local/lib/python3.7/site-packages/airflow/example_dags/example_external_task_marker_dag.py took 0.333 seconds
[2023-01-27T01:31:30.774+0000] {processor.py:153} INFO - Started process (PID=552) to work on /home/airflow/.local/lib/python3.7/site-packages/airflow/example_dags/example_external_task_marker_dag.py
[2023-01-27T01:31:30.778+0000] {processor.py:743} INFO - Processing file /home/airflow/.local/lib/python3.7/site-packages/airflow/example_dags/example_external_task_marker_dag.py for tasks to queue
[2023-01-27T01:31:30.781+0000] {logging_mixin.py:137} INFO - [2023-01-27T01:31:30.780+0000] {dagbag.py:538} INFO - Filling up the DagBag from /home/airflow/.local/lib/python3.7/site-packages/airflow/example_dags/example_external_task_marker_dag.py
[2023-01-27T01:31:30.814+0000] {processor.py:753} INFO - DAG(s) dict_keys(['example_external_task_marker_child', 'example_external_task_marker_parent']) retrieved from /home/airflow/.local/lib/python3.7/site-packages/airflow/example_dags/example_external_task_marker_dag.py
[2023-01-27T01:31:30.891+0000] {logging_mixin.py:137} INFO - [2023-01-27T01:31:30.890+0000] {dag.py:2690} INFO - Sync 2 DAGs
[2023-01-27T01:31:30.953+0000] {logging_mixin.py:137} INFO - [2023-01-27T01:31:30.952+0000] {dag.py:3441} INFO - Setting next_dagrun for example_external_task_marker_child to None, run_after=None
[2023-01-27T01:31:30.965+0000] {logging_mixin.py:137} INFO - [2023-01-27T01:31:30.965+0000] {dag.py:3441} INFO - Setting next_dagrun for example_external_task_marker_parent to None, run_after=None
[2023-01-27T01:31:31.030+0000] {processor.py:175} INFO - Processing /home/airflow/.local/lib/python3.7/site-packages/airflow/example_dags/example_external_task_marker_dag.py took 0.263 seconds
[2023-01-27T01:32:01.376+0000] {processor.py:153} INFO - Started process (PID=620) to work on /home/airflow/.local/lib/python3.7/site-packages/airflow/example_dags/example_external_task_marker_dag.py
[2023-01-27T01:32:01.383+0000] {processor.py:743} INFO - Processing file /home/airflow/.local/lib/python3.7/site-packages/airflow/example_dags/example_external_task_marker_dag.py for tasks to queue
[2023-01-27T01:32:01.385+0000] {logging_mixin.py:137} INFO - [2023-01-27T01:32:01.385+0000] {dagbag.py:538} INFO - Filling up the DagBag from /home/airflow/.local/lib/python3.7/site-packages/airflow/example_dags/example_external_task_marker_dag.py
[2023-01-27T01:32:01.413+0000] {processor.py:753} INFO - DAG(s) dict_keys(['example_external_task_marker_child', 'example_external_task_marker_parent']) retrieved from /home/airflow/.local/lib/python3.7/site-packages/airflow/example_dags/example_external_task_marker_dag.py
[2023-01-27T01:32:01.461+0000] {logging_mixin.py:137} INFO - [2023-01-27T01:32:01.461+0000] {dag.py:2690} INFO - Sync 2 DAGs
[2023-01-27T01:32:01.498+0000] {logging_mixin.py:137} INFO - [2023-01-27T01:32:01.498+0000] {dag.py:3441} INFO - Setting next_dagrun for example_external_task_marker_child to None, run_after=None
[2023-01-27T01:32:01.504+0000] {logging_mixin.py:137} INFO - [2023-01-27T01:32:01.504+0000] {dag.py:3441} INFO - Setting next_dagrun for example_external_task_marker_parent to None, run_after=None
[2023-01-27T01:32:01.544+0000] {processor.py:175} INFO - Processing /home/airflow/.local/lib/python3.7/site-packages/airflow/example_dags/example_external_task_marker_dag.py took 0.175 seconds
[2023-01-27T01:32:32.165+0000] {processor.py:153} INFO - Started process (PID=686) to work on /home/airflow/.local/lib/python3.7/site-packages/airflow/example_dags/example_external_task_marker_dag.py
[2023-01-27T01:32:32.168+0000] {processor.py:743} INFO - Processing file /home/airflow/.local/lib/python3.7/site-packages/airflow/example_dags/example_external_task_marker_dag.py for tasks to queue
[2023-01-27T01:32:32.170+0000] {logging_mixin.py:137} INFO - [2023-01-27T01:32:32.170+0000] {dagbag.py:538} INFO - Filling up the DagBag from /home/airflow/.local/lib/python3.7/site-packages/airflow/example_dags/example_external_task_marker_dag.py
[2023-01-27T01:32:32.191+0000] {processor.py:753} INFO - DAG(s) dict_keys(['example_external_task_marker_child', 'example_external_task_marker_parent']) retrieved from /home/airflow/.local/lib/python3.7/site-packages/airflow/example_dags/example_external_task_marker_dag.py
[2023-01-27T01:32:32.234+0000] {logging_mixin.py:137} INFO - [2023-01-27T01:32:32.234+0000] {dag.py:2690} INFO - Sync 2 DAGs
[2023-01-27T01:32:32.270+0000] {logging_mixin.py:137} INFO - [2023-01-27T01:32:32.270+0000] {dag.py:3441} INFO - Setting next_dagrun for example_external_task_marker_child to None, run_after=None
[2023-01-27T01:32:32.276+0000] {logging_mixin.py:137} INFO - [2023-01-27T01:32:32.276+0000] {dag.py:3441} INFO - Setting next_dagrun for example_external_task_marker_parent to None, run_after=None
[2023-01-27T01:32:32.301+0000] {processor.py:175} INFO - Processing /home/airflow/.local/lib/python3.7/site-packages/airflow/example_dags/example_external_task_marker_dag.py took 0.142 seconds
