[2023-01-27T01:24:24.603+0000] {processor.py:153} INFO - Started process (PID=72) to work on /home/airflow/.local/lib/python3.7/site-packages/airflow/example_dags/example_branch_datetime_operator.py
[2023-01-27T01:24:24.619+0000] {processor.py:743} INFO - Processing file /home/airflow/.local/lib/python3.7/site-packages/airflow/example_dags/example_branch_datetime_operator.py for tasks to queue
[2023-01-27T01:24:24.626+0000] {logging_mixin.py:137} INFO - [2023-01-27T01:24:24.626+0000] {dagbag.py:538} INFO - Filling up the DagBag from /home/airflow/.local/lib/python3.7/site-packages/airflow/example_dags/example_branch_datetime_operator.py
[2023-01-27T01:24:24.812+0000] {processor.py:753} INFO - DAG(s) dict_keys(['example_branch_datetime_operator_3', 'example_branch_datetime_operator', 'example_branch_datetime_operator_2']) retrieved from /home/airflow/.local/lib/python3.7/site-packages/airflow/example_dags/example_branch_datetime_operator.py
[2023-01-27T01:24:25.064+0000] {logging_mixin.py:137} INFO - [2023-01-27T01:24:25.060+0000] {dag.py:2690} INFO - Sync 3 DAGs
[2023-01-27T01:24:25.153+0000] {logging_mixin.py:137} INFO - [2023-01-27T01:24:25.153+0000] {dag.py:3441} INFO - Setting next_dagrun for example_branch_datetime_operator to 2023-01-26T00:00:00+00:00, run_after=2023-01-27T00:00:00+00:00
[2023-01-27T01:24:25.167+0000] {logging_mixin.py:137} INFO - [2023-01-27T01:24:25.167+0000] {dag.py:3441} INFO - Setting next_dagrun for example_branch_datetime_operator_2 to 2023-01-26T00:00:00+00:00, run_after=2023-01-27T00:00:00+00:00
[2023-01-27T01:24:25.190+0000] {logging_mixin.py:137} INFO - [2023-01-27T01:24:25.190+0000] {dag.py:3441} INFO - Setting next_dagrun for example_branch_datetime_operator_3 to 2023-01-26T00:00:00+00:00, run_after=2023-01-27T00:00:00+00:00
[2023-01-27T01:24:25.422+0000] {processor.py:175} INFO - Processing /home/airflow/.local/lib/python3.7/site-packages/airflow/example_dags/example_branch_datetime_operator.py took 0.841 seconds
[2023-01-27T01:24:55.586+0000] {processor.py:153} INFO - Started process (PID=135) to work on /home/airflow/.local/lib/python3.7/site-packages/airflow/example_dags/example_branch_datetime_operator.py
[2023-01-27T01:24:55.604+0000] {processor.py:743} INFO - Processing file /home/airflow/.local/lib/python3.7/site-packages/airflow/example_dags/example_branch_datetime_operator.py for tasks to queue
[2023-01-27T01:24:55.624+0000] {logging_mixin.py:137} INFO - [2023-01-27T01:24:55.623+0000] {dagbag.py:538} INFO - Filling up the DagBag from /home/airflow/.local/lib/python3.7/site-packages/airflow/example_dags/example_branch_datetime_operator.py
[2023-01-27T01:24:55.733+0000] {processor.py:753} INFO - DAG(s) dict_keys(['example_branch_datetime_operator_2', 'example_branch_datetime_operator', 'example_branch_datetime_operator_3']) retrieved from /home/airflow/.local/lib/python3.7/site-packages/airflow/example_dags/example_branch_datetime_operator.py
[2023-01-27T01:24:55.918+0000] {logging_mixin.py:137} INFO - [2023-01-27T01:24:55.917+0000] {dag.py:2690} INFO - Sync 3 DAGs
[2023-01-27T01:24:56.027+0000] {logging_mixin.py:137} INFO - [2023-01-27T01:24:56.026+0000] {dag.py:3441} INFO - Setting next_dagrun for example_branch_datetime_operator to 2023-01-26T00:00:00+00:00, run_after=2023-01-27T00:00:00+00:00
[2023-01-27T01:24:56.045+0000] {logging_mixin.py:137} INFO - [2023-01-27T01:24:56.045+0000] {dag.py:3441} INFO - Setting next_dagrun for example_branch_datetime_operator_2 to 2023-01-26T00:00:00+00:00, run_after=2023-01-27T00:00:00+00:00
[2023-01-27T01:24:56.063+0000] {logging_mixin.py:137} INFO - [2023-01-27T01:24:56.063+0000] {dag.py:3441} INFO - Setting next_dagrun for example_branch_datetime_operator_3 to 2023-01-26T00:00:00+00:00, run_after=2023-01-27T00:00:00+00:00
[2023-01-27T01:24:56.139+0000] {processor.py:175} INFO - Processing /home/airflow/.local/lib/python3.7/site-packages/airflow/example_dags/example_branch_datetime_operator.py took 0.574 seconds
[2023-01-27T01:27:51.744+0000] {processor.py:153} INFO - Started process (PID=63) to work on /home/airflow/.local/lib/python3.7/site-packages/airflow/example_dags/example_branch_datetime_operator.py
[2023-01-27T01:27:51.755+0000] {processor.py:743} INFO - Processing file /home/airflow/.local/lib/python3.7/site-packages/airflow/example_dags/example_branch_datetime_operator.py for tasks to queue
[2023-01-27T01:27:51.757+0000] {logging_mixin.py:137} INFO - [2023-01-27T01:27:51.757+0000] {dagbag.py:538} INFO - Filling up the DagBag from /home/airflow/.local/lib/python3.7/site-packages/airflow/example_dags/example_branch_datetime_operator.py
[2023-01-27T01:27:51.856+0000] {processor.py:753} INFO - DAG(s) dict_keys(['example_branch_datetime_operator_3', 'example_branch_datetime_operator_2', 'example_branch_datetime_operator']) retrieved from /home/airflow/.local/lib/python3.7/site-packages/airflow/example_dags/example_branch_datetime_operator.py
[2023-01-27T01:27:51.966+0000] {logging_mixin.py:137} INFO - [2023-01-27T01:27:51.966+0000] {dag.py:2690} INFO - Sync 3 DAGs
[2023-01-27T01:27:52.091+0000] {logging_mixin.py:137} INFO - [2023-01-27T01:27:52.090+0000] {dag.py:3441} INFO - Setting next_dagrun for example_branch_datetime_operator to 2023-01-26T00:00:00+00:00, run_after=2023-01-27T00:00:00+00:00
[2023-01-27T01:27:52.107+0000] {logging_mixin.py:137} INFO - [2023-01-27T01:27:52.107+0000] {dag.py:3441} INFO - Setting next_dagrun for example_branch_datetime_operator_2 to 2023-01-26T00:00:00+00:00, run_after=2023-01-27T00:00:00+00:00
[2023-01-27T01:27:52.118+0000] {logging_mixin.py:137} INFO - [2023-01-27T01:27:52.118+0000] {dag.py:3441} INFO - Setting next_dagrun for example_branch_datetime_operator_3 to 2023-01-26T00:00:00+00:00, run_after=2023-01-27T00:00:00+00:00
[2023-01-27T01:27:52.164+0000] {processor.py:175} INFO - Processing /home/airflow/.local/lib/python3.7/site-packages/airflow/example_dags/example_branch_datetime_operator.py took 0.426 seconds
[2023-01-27T01:28:22.453+0000] {processor.py:153} INFO - Started process (PID=128) to work on /home/airflow/.local/lib/python3.7/site-packages/airflow/example_dags/example_branch_datetime_operator.py
[2023-01-27T01:28:22.456+0000] {processor.py:743} INFO - Processing file /home/airflow/.local/lib/python3.7/site-packages/airflow/example_dags/example_branch_datetime_operator.py for tasks to queue
[2023-01-27T01:28:22.458+0000] {logging_mixin.py:137} INFO - [2023-01-27T01:28:22.458+0000] {dagbag.py:538} INFO - Filling up the DagBag from /home/airflow/.local/lib/python3.7/site-packages/airflow/example_dags/example_branch_datetime_operator.py
[2023-01-27T01:28:22.495+0000] {processor.py:753} INFO - DAG(s) dict_keys(['example_branch_datetime_operator_2', 'example_branch_datetime_operator_3', 'example_branch_datetime_operator']) retrieved from /home/airflow/.local/lib/python3.7/site-packages/airflow/example_dags/example_branch_datetime_operator.py
[2023-01-27T01:28:22.554+0000] {logging_mixin.py:137} INFO - [2023-01-27T01:28:22.554+0000] {dag.py:2690} INFO - Sync 3 DAGs
[2023-01-27T01:28:22.609+0000] {logging_mixin.py:137} INFO - [2023-01-27T01:28:22.608+0000] {dag.py:3441} INFO - Setting next_dagrun for example_branch_datetime_operator to 2023-01-26T00:00:00+00:00, run_after=2023-01-27T00:00:00+00:00
[2023-01-27T01:28:22.619+0000] {logging_mixin.py:137} INFO - [2023-01-27T01:28:22.619+0000] {dag.py:3441} INFO - Setting next_dagrun for example_branch_datetime_operator_2 to 2023-01-26T00:00:00+00:00, run_after=2023-01-27T00:00:00+00:00
[2023-01-27T01:28:22.626+0000] {logging_mixin.py:137} INFO - [2023-01-27T01:28:22.626+0000] {dag.py:3441} INFO - Setting next_dagrun for example_branch_datetime_operator_3 to 2023-01-26T00:00:00+00:00, run_after=2023-01-27T00:00:00+00:00
[2023-01-27T01:28:22.663+0000] {processor.py:175} INFO - Processing /home/airflow/.local/lib/python3.7/site-packages/airflow/example_dags/example_branch_datetime_operator.py took 0.216 seconds
[2023-01-27T01:28:52.983+0000] {processor.py:153} INFO - Started process (PID=193) to work on /home/airflow/.local/lib/python3.7/site-packages/airflow/example_dags/example_branch_datetime_operator.py
[2023-01-27T01:28:52.997+0000] {processor.py:743} INFO - Processing file /home/airflow/.local/lib/python3.7/site-packages/airflow/example_dags/example_branch_datetime_operator.py for tasks to queue
[2023-01-27T01:28:53.006+0000] {logging_mixin.py:137} INFO - [2023-01-27T01:28:53.006+0000] {dagbag.py:538} INFO - Filling up the DagBag from /home/airflow/.local/lib/python3.7/site-packages/airflow/example_dags/example_branch_datetime_operator.py
[2023-01-27T01:28:53.054+0000] {processor.py:753} INFO - DAG(s) dict_keys(['example_branch_datetime_operator_3', 'example_branch_datetime_operator', 'example_branch_datetime_operator_2']) retrieved from /home/airflow/.local/lib/python3.7/site-packages/airflow/example_dags/example_branch_datetime_operator.py
[2023-01-27T01:28:53.202+0000] {logging_mixin.py:137} INFO - [2023-01-27T01:28:53.201+0000] {dag.py:2690} INFO - Sync 3 DAGs
[2023-01-27T01:28:53.262+0000] {logging_mixin.py:137} INFO - [2023-01-27T01:28:53.262+0000] {dag.py:3441} INFO - Setting next_dagrun for example_branch_datetime_operator to 2023-01-26T00:00:00+00:00, run_after=2023-01-27T00:00:00+00:00
[2023-01-27T01:28:53.273+0000] {logging_mixin.py:137} INFO - [2023-01-27T01:28:53.273+0000] {dag.py:3441} INFO - Setting next_dagrun for example_branch_datetime_operator_2 to 2023-01-26T00:00:00+00:00, run_after=2023-01-27T00:00:00+00:00
[2023-01-27T01:28:53.279+0000] {logging_mixin.py:137} INFO - [2023-01-27T01:28:53.278+0000] {dag.py:3441} INFO - Setting next_dagrun for example_branch_datetime_operator_3 to 2023-01-26T00:00:00+00:00, run_after=2023-01-27T00:00:00+00:00
[2023-01-27T01:28:53.316+0000] {processor.py:175} INFO - Processing /home/airflow/.local/lib/python3.7/site-packages/airflow/example_dags/example_branch_datetime_operator.py took 0.345 seconds
[2023-01-27T01:29:23.979+0000] {processor.py:153} INFO - Started process (PID=269) to work on /home/airflow/.local/lib/python3.7/site-packages/airflow/example_dags/example_branch_datetime_operator.py
[2023-01-27T01:29:23.982+0000] {processor.py:743} INFO - Processing file /home/airflow/.local/lib/python3.7/site-packages/airflow/example_dags/example_branch_datetime_operator.py for tasks to queue
[2023-01-27T01:29:23.984+0000] {logging_mixin.py:137} INFO - [2023-01-27T01:29:23.984+0000] {dagbag.py:538} INFO - Filling up the DagBag from /home/airflow/.local/lib/python3.7/site-packages/airflow/example_dags/example_branch_datetime_operator.py
[2023-01-27T01:29:24.019+0000] {processor.py:753} INFO - DAG(s) dict_keys(['example_branch_datetime_operator', 'example_branch_datetime_operator_3', 'example_branch_datetime_operator_2']) retrieved from /home/airflow/.local/lib/python3.7/site-packages/airflow/example_dags/example_branch_datetime_operator.py
[2023-01-27T01:29:24.079+0000] {logging_mixin.py:137} INFO - [2023-01-27T01:29:24.078+0000] {dag.py:2690} INFO - Sync 3 DAGs
[2023-01-27T01:29:24.120+0000] {logging_mixin.py:137} INFO - [2023-01-27T01:29:24.119+0000] {dag.py:3441} INFO - Setting next_dagrun for example_branch_datetime_operator to 2023-01-26T00:00:00+00:00, run_after=2023-01-27T00:00:00+00:00
[2023-01-27T01:29:24.131+0000] {logging_mixin.py:137} INFO - [2023-01-27T01:29:24.131+0000] {dag.py:3441} INFO - Setting next_dagrun for example_branch_datetime_operator_2 to 2023-01-26T00:00:00+00:00, run_after=2023-01-27T00:00:00+00:00
[2023-01-27T01:29:24.139+0000] {logging_mixin.py:137} INFO - [2023-01-27T01:29:24.139+0000] {dag.py:3441} INFO - Setting next_dagrun for example_branch_datetime_operator_3 to 2023-01-26T00:00:00+00:00, run_after=2023-01-27T00:00:00+00:00
[2023-01-27T01:29:24.178+0000] {processor.py:175} INFO - Processing /home/airflow/.local/lib/python3.7/site-packages/airflow/example_dags/example_branch_datetime_operator.py took 0.206 seconds
[2023-01-27T01:29:54.294+0000] {processor.py:153} INFO - Started process (PID=333) to work on /home/airflow/.local/lib/python3.7/site-packages/airflow/example_dags/example_branch_datetime_operator.py
[2023-01-27T01:29:54.297+0000] {processor.py:743} INFO - Processing file /home/airflow/.local/lib/python3.7/site-packages/airflow/example_dags/example_branch_datetime_operator.py for tasks to queue
[2023-01-27T01:29:54.301+0000] {logging_mixin.py:137} INFO - [2023-01-27T01:29:54.300+0000] {dagbag.py:538} INFO - Filling up the DagBag from /home/airflow/.local/lib/python3.7/site-packages/airflow/example_dags/example_branch_datetime_operator.py
[2023-01-27T01:29:54.324+0000] {processor.py:753} INFO - DAG(s) dict_keys(['example_branch_datetime_operator', 'example_branch_datetime_operator_2', 'example_branch_datetime_operator_3']) retrieved from /home/airflow/.local/lib/python3.7/site-packages/airflow/example_dags/example_branch_datetime_operator.py
[2023-01-27T01:29:54.382+0000] {logging_mixin.py:137} INFO - [2023-01-27T01:29:54.382+0000] {dag.py:2690} INFO - Sync 3 DAGs
[2023-01-27T01:29:54.427+0000] {logging_mixin.py:137} INFO - [2023-01-27T01:29:54.426+0000] {dag.py:3441} INFO - Setting next_dagrun for example_branch_datetime_operator to 2023-01-26T00:00:00+00:00, run_after=2023-01-27T00:00:00+00:00
[2023-01-27T01:29:54.438+0000] {logging_mixin.py:137} INFO - [2023-01-27T01:29:54.438+0000] {dag.py:3441} INFO - Setting next_dagrun for example_branch_datetime_operator_2 to 2023-01-26T00:00:00+00:00, run_after=2023-01-27T00:00:00+00:00
[2023-01-27T01:29:54.445+0000] {logging_mixin.py:137} INFO - [2023-01-27T01:29:54.445+0000] {dag.py:3441} INFO - Setting next_dagrun for example_branch_datetime_operator_3 to 2023-01-26T00:00:00+00:00, run_after=2023-01-27T00:00:00+00:00
[2023-01-27T01:29:54.472+0000] {processor.py:175} INFO - Processing /home/airflow/.local/lib/python3.7/site-packages/airflow/example_dags/example_branch_datetime_operator.py took 0.183 seconds
[2023-01-27T01:30:25.739+0000] {processor.py:153} INFO - Started process (PID=399) to work on /home/airflow/.local/lib/python3.7/site-packages/airflow/example_dags/example_branch_datetime_operator.py
[2023-01-27T01:30:25.747+0000] {processor.py:743} INFO - Processing file /home/airflow/.local/lib/python3.7/site-packages/airflow/example_dags/example_branch_datetime_operator.py for tasks to queue
[2023-01-27T01:30:25.753+0000] {logging_mixin.py:137} INFO - [2023-01-27T01:30:25.752+0000] {dagbag.py:538} INFO - Filling up the DagBag from /home/airflow/.local/lib/python3.7/site-packages/airflow/example_dags/example_branch_datetime_operator.py
[2023-01-27T01:30:25.842+0000] {processor.py:753} INFO - DAG(s) dict_keys(['example_branch_datetime_operator_3', 'example_branch_datetime_operator_2', 'example_branch_datetime_operator']) retrieved from /home/airflow/.local/lib/python3.7/site-packages/airflow/example_dags/example_branch_datetime_operator.py
[2023-01-27T01:30:26.068+0000] {logging_mixin.py:137} INFO - [2023-01-27T01:30:26.067+0000] {dag.py:2690} INFO - Sync 3 DAGs
[2023-01-27T01:30:26.162+0000] {logging_mixin.py:137} INFO - [2023-01-27T01:30:26.162+0000] {dag.py:3441} INFO - Setting next_dagrun for example_branch_datetime_operator to 2023-01-26T00:00:00+00:00, run_after=2023-01-27T00:00:00+00:00
[2023-01-27T01:30:26.186+0000] {logging_mixin.py:137} INFO - [2023-01-27T01:30:26.186+0000] {dag.py:3441} INFO - Setting next_dagrun for example_branch_datetime_operator_2 to 2023-01-26T00:00:00+00:00, run_after=2023-01-27T00:00:00+00:00
[2023-01-27T01:30:26.198+0000] {logging_mixin.py:137} INFO - [2023-01-27T01:30:26.198+0000] {dag.py:3441} INFO - Setting next_dagrun for example_branch_datetime_operator_3 to 2023-01-26T00:00:00+00:00, run_after=2023-01-27T00:00:00+00:00
[2023-01-27T01:30:26.341+0000] {processor.py:175} INFO - Processing /home/airflow/.local/lib/python3.7/site-packages/airflow/example_dags/example_branch_datetime_operator.py took 0.609 seconds
[2023-01-27T01:30:56.564+0000] {processor.py:153} INFO - Started process (PID=466) to work on /home/airflow/.local/lib/python3.7/site-packages/airflow/example_dags/example_branch_datetime_operator.py
[2023-01-27T01:30:56.584+0000] {processor.py:743} INFO - Processing file /home/airflow/.local/lib/python3.7/site-packages/airflow/example_dags/example_branch_datetime_operator.py for tasks to queue
[2023-01-27T01:30:56.588+0000] {logging_mixin.py:137} INFO - [2023-01-27T01:30:56.588+0000] {dagbag.py:538} INFO - Filling up the DagBag from /home/airflow/.local/lib/python3.7/site-packages/airflow/example_dags/example_branch_datetime_operator.py
[2023-01-27T01:30:56.622+0000] {processor.py:753} INFO - DAG(s) dict_keys(['example_branch_datetime_operator_3', 'example_branch_datetime_operator_2', 'example_branch_datetime_operator']) retrieved from /home/airflow/.local/lib/python3.7/site-packages/airflow/example_dags/example_branch_datetime_operator.py
[2023-01-27T01:30:56.673+0000] {logging_mixin.py:137} INFO - [2023-01-27T01:30:56.672+0000] {dag.py:2690} INFO - Sync 3 DAGs
[2023-01-27T01:30:56.725+0000] {logging_mixin.py:137} INFO - [2023-01-27T01:30:56.725+0000] {dag.py:3441} INFO - Setting next_dagrun for example_branch_datetime_operator to 2023-01-26T00:00:00+00:00, run_after=2023-01-27T00:00:00+00:00
[2023-01-27T01:30:56.738+0000] {logging_mixin.py:137} INFO - [2023-01-27T01:30:56.738+0000] {dag.py:3441} INFO - Setting next_dagrun for example_branch_datetime_operator_2 to 2023-01-26T00:00:00+00:00, run_after=2023-01-27T00:00:00+00:00
[2023-01-27T01:30:56.747+0000] {logging_mixin.py:137} INFO - [2023-01-27T01:30:56.747+0000] {dag.py:3441} INFO - Setting next_dagrun for example_branch_datetime_operator_3 to 2023-01-26T00:00:00+00:00, run_after=2023-01-27T00:00:00+00:00
[2023-01-27T01:30:56.783+0000] {processor.py:175} INFO - Processing /home/airflow/.local/lib/python3.7/site-packages/airflow/example_dags/example_branch_datetime_operator.py took 0.234 seconds
[2023-01-27T01:31:27.249+0000] {processor.py:153} INFO - Started process (PID=532) to work on /home/airflow/.local/lib/python3.7/site-packages/airflow/example_dags/example_branch_datetime_operator.py
[2023-01-27T01:31:27.252+0000] {processor.py:743} INFO - Processing file /home/airflow/.local/lib/python3.7/site-packages/airflow/example_dags/example_branch_datetime_operator.py for tasks to queue
[2023-01-27T01:31:27.254+0000] {logging_mixin.py:137} INFO - [2023-01-27T01:31:27.254+0000] {dagbag.py:538} INFO - Filling up the DagBag from /home/airflow/.local/lib/python3.7/site-packages/airflow/example_dags/example_branch_datetime_operator.py
[2023-01-27T01:31:27.283+0000] {processor.py:753} INFO - DAG(s) dict_keys(['example_branch_datetime_operator', 'example_branch_datetime_operator_3', 'example_branch_datetime_operator_2']) retrieved from /home/airflow/.local/lib/python3.7/site-packages/airflow/example_dags/example_branch_datetime_operator.py
[2023-01-27T01:31:27.338+0000] {logging_mixin.py:137} INFO - [2023-01-27T01:31:27.338+0000] {dag.py:2690} INFO - Sync 3 DAGs
[2023-01-27T01:31:27.370+0000] {logging_mixin.py:137} INFO - [2023-01-27T01:31:27.370+0000] {dag.py:3441} INFO - Setting next_dagrun for example_branch_datetime_operator to 2023-01-26T00:00:00+00:00, run_after=2023-01-27T00:00:00+00:00
[2023-01-27T01:31:27.377+0000] {logging_mixin.py:137} INFO - [2023-01-27T01:31:27.377+0000] {dag.py:3441} INFO - Setting next_dagrun for example_branch_datetime_operator_2 to 2023-01-26T00:00:00+00:00, run_after=2023-01-27T00:00:00+00:00
[2023-01-27T01:31:27.382+0000] {logging_mixin.py:137} INFO - [2023-01-27T01:31:27.382+0000] {dag.py:3441} INFO - Setting next_dagrun for example_branch_datetime_operator_3 to 2023-01-26T00:00:00+00:00, run_after=2023-01-27T00:00:00+00:00
[2023-01-27T01:31:27.415+0000] {processor.py:175} INFO - Processing /home/airflow/.local/lib/python3.7/site-packages/airflow/example_dags/example_branch_datetime_operator.py took 0.172 seconds
[2023-01-27T01:31:57.974+0000] {processor.py:153} INFO - Started process (PID=596) to work on /home/airflow/.local/lib/python3.7/site-packages/airflow/example_dags/example_branch_datetime_operator.py
[2023-01-27T01:31:57.977+0000] {processor.py:743} INFO - Processing file /home/airflow/.local/lib/python3.7/site-packages/airflow/example_dags/example_branch_datetime_operator.py for tasks to queue
[2023-01-27T01:31:57.980+0000] {logging_mixin.py:137} INFO - [2023-01-27T01:31:57.980+0000] {dagbag.py:538} INFO - Filling up the DagBag from /home/airflow/.local/lib/python3.7/site-packages/airflow/example_dags/example_branch_datetime_operator.py
[2023-01-27T01:31:58.010+0000] {processor.py:753} INFO - DAG(s) dict_keys(['example_branch_datetime_operator_2', 'example_branch_datetime_operator', 'example_branch_datetime_operator_3']) retrieved from /home/airflow/.local/lib/python3.7/site-packages/airflow/example_dags/example_branch_datetime_operator.py
[2023-01-27T01:31:58.060+0000] {logging_mixin.py:137} INFO - [2023-01-27T01:31:58.060+0000] {dag.py:2690} INFO - Sync 3 DAGs
[2023-01-27T01:31:58.108+0000] {logging_mixin.py:137} INFO - [2023-01-27T01:31:58.108+0000] {dag.py:3441} INFO - Setting next_dagrun for example_branch_datetime_operator to 2023-01-26T00:00:00+00:00, run_after=2023-01-27T00:00:00+00:00
[2023-01-27T01:31:58.119+0000] {logging_mixin.py:137} INFO - [2023-01-27T01:31:58.119+0000] {dag.py:3441} INFO - Setting next_dagrun for example_branch_datetime_operator_2 to 2023-01-26T00:00:00+00:00, run_after=2023-01-27T00:00:00+00:00
[2023-01-27T01:31:58.123+0000] {logging_mixin.py:137} INFO - [2023-01-27T01:31:58.123+0000] {dag.py:3441} INFO - Setting next_dagrun for example_branch_datetime_operator_3 to 2023-01-26T00:00:00+00:00, run_after=2023-01-27T00:00:00+00:00
[2023-01-27T01:31:58.149+0000] {processor.py:175} INFO - Processing /home/airflow/.local/lib/python3.7/site-packages/airflow/example_dags/example_branch_datetime_operator.py took 0.181 seconds
[2023-01-27T01:32:28.658+0000] {processor.py:153} INFO - Started process (PID=674) to work on /home/airflow/.local/lib/python3.7/site-packages/airflow/example_dags/example_branch_datetime_operator.py
[2023-01-27T01:32:28.661+0000] {processor.py:743} INFO - Processing file /home/airflow/.local/lib/python3.7/site-packages/airflow/example_dags/example_branch_datetime_operator.py for tasks to queue
[2023-01-27T01:32:28.665+0000] {logging_mixin.py:137} INFO - [2023-01-27T01:32:28.665+0000] {dagbag.py:538} INFO - Filling up the DagBag from /home/airflow/.local/lib/python3.7/site-packages/airflow/example_dags/example_branch_datetime_operator.py
[2023-01-27T01:32:28.707+0000] {processor.py:753} INFO - DAG(s) dict_keys(['example_branch_datetime_operator', 'example_branch_datetime_operator_3', 'example_branch_datetime_operator_2']) retrieved from /home/airflow/.local/lib/python3.7/site-packages/airflow/example_dags/example_branch_datetime_operator.py
[2023-01-27T01:32:28.791+0000] {logging_mixin.py:137} INFO - [2023-01-27T01:32:28.790+0000] {dag.py:2690} INFO - Sync 3 DAGs
[2023-01-27T01:32:28.865+0000] {logging_mixin.py:137} INFO - [2023-01-27T01:32:28.865+0000] {dag.py:3441} INFO - Setting next_dagrun for example_branch_datetime_operator to 2023-01-26T00:00:00+00:00, run_after=2023-01-27T00:00:00+00:00
[2023-01-27T01:32:28.896+0000] {logging_mixin.py:137} INFO - [2023-01-27T01:32:28.896+0000] {dag.py:3441} INFO - Setting next_dagrun for example_branch_datetime_operator_2 to 2023-01-26T00:00:00+00:00, run_after=2023-01-27T00:00:00+00:00
[2023-01-27T01:32:28.911+0000] {logging_mixin.py:137} INFO - [2023-01-27T01:32:28.911+0000] {dag.py:3441} INFO - Setting next_dagrun for example_branch_datetime_operator_3 to 2023-01-26T00:00:00+00:00, run_after=2023-01-27T00:00:00+00:00
[2023-01-27T01:32:28.984+0000] {processor.py:175} INFO - Processing /home/airflow/.local/lib/python3.7/site-packages/airflow/example_dags/example_branch_datetime_operator.py took 0.336 seconds
[2023-01-27T01:32:59.438+0000] {processor.py:153} INFO - Started process (PID=739) to work on /home/airflow/.local/lib/python3.7/site-packages/airflow/example_dags/example_branch_datetime_operator.py
[2023-01-27T01:32:59.442+0000] {processor.py:743} INFO - Processing file /home/airflow/.local/lib/python3.7/site-packages/airflow/example_dags/example_branch_datetime_operator.py for tasks to queue
[2023-01-27T01:32:59.446+0000] {logging_mixin.py:137} INFO - [2023-01-27T01:32:59.446+0000] {dagbag.py:538} INFO - Filling up the DagBag from /home/airflow/.local/lib/python3.7/site-packages/airflow/example_dags/example_branch_datetime_operator.py
[2023-01-27T01:32:59.489+0000] {processor.py:753} INFO - DAG(s) dict_keys(['example_branch_datetime_operator_3', 'example_branch_datetime_operator', 'example_branch_datetime_operator_2']) retrieved from /home/airflow/.local/lib/python3.7/site-packages/airflow/example_dags/example_branch_datetime_operator.py
[2023-01-27T01:32:59.563+0000] {logging_mixin.py:137} INFO - [2023-01-27T01:32:59.562+0000] {dag.py:2690} INFO - Sync 3 DAGs
[2023-01-27T01:32:59.624+0000] {logging_mixin.py:137} INFO - [2023-01-27T01:32:59.624+0000] {dag.py:3441} INFO - Setting next_dagrun for example_branch_datetime_operator to 2023-01-26T00:00:00+00:00, run_after=2023-01-27T00:00:00+00:00
[2023-01-27T01:32:59.636+0000] {logging_mixin.py:137} INFO - [2023-01-27T01:32:59.635+0000] {dag.py:3441} INFO - Setting next_dagrun for example_branch_datetime_operator_2 to 2023-01-26T00:00:00+00:00, run_after=2023-01-27T00:00:00+00:00
[2023-01-27T01:32:59.642+0000] {logging_mixin.py:137} INFO - [2023-01-27T01:32:59.641+0000] {dag.py:3441} INFO - Setting next_dagrun for example_branch_datetime_operator_3 to 2023-01-26T00:00:00+00:00, run_after=2023-01-27T00:00:00+00:00
[2023-01-27T01:32:59.695+0000] {processor.py:175} INFO - Processing /home/airflow/.local/lib/python3.7/site-packages/airflow/example_dags/example_branch_datetime_operator.py took 0.264 seconds
