[2023-01-27T01:24:26.336+0000] {processor.py:153} INFO - Started process (PID=77) to work on /home/airflow/.local/lib/python3.7/site-packages/airflow/example_dags/example_kubernetes_executor.py
[2023-01-27T01:24:26.346+0000] {processor.py:743} INFO - Processing file /home/airflow/.local/lib/python3.7/site-packages/airflow/example_dags/example_kubernetes_executor.py for tasks to queue
[2023-01-27T01:24:26.352+0000] {logging_mixin.py:137} INFO - [2023-01-27T01:24:26.351+0000] {dagbag.py:538} INFO - Filling up the DagBag from /home/airflow/.local/lib/python3.7/site-packages/airflow/example_dags/example_kubernetes_executor.py
[2023-01-27T01:24:26.517+0000] {processor.py:753} INFO - DAG(s) dict_keys(['example_kubernetes_executor']) retrieved from /home/airflow/.local/lib/python3.7/site-packages/airflow/example_dags/example_kubernetes_executor.py
[2023-01-27T01:24:26.585+0000] {logging_mixin.py:137} INFO - [2023-01-27T01:24:26.584+0000] {dag.py:2690} INFO - Sync 1 DAGs
[2023-01-27T01:24:26.706+0000] {logging_mixin.py:137} INFO - [2023-01-27T01:24:26.706+0000] {dag.py:3441} INFO - Setting next_dagrun for example_kubernetes_executor to None, run_after=None
[2023-01-27T01:24:26.794+0000] {processor.py:175} INFO - Processing /home/airflow/.local/lib/python3.7/site-packages/airflow/example_dags/example_kubernetes_executor.py took 0.484 seconds
[2023-01-27T01:24:56.989+0000] {processor.py:153} INFO - Started process (PID=142) to work on /home/airflow/.local/lib/python3.7/site-packages/airflow/example_dags/example_kubernetes_executor.py
[2023-01-27T01:24:56.995+0000] {processor.py:743} INFO - Processing file /home/airflow/.local/lib/python3.7/site-packages/airflow/example_dags/example_kubernetes_executor.py for tasks to queue
[2023-01-27T01:24:56.999+0000] {logging_mixin.py:137} INFO - [2023-01-27T01:24:56.998+0000] {dagbag.py:538} INFO - Filling up the DagBag from /home/airflow/.local/lib/python3.7/site-packages/airflow/example_dags/example_kubernetes_executor.py
[2023-01-27T01:24:57.144+0000] {processor.py:753} INFO - DAG(s) dict_keys(['example_kubernetes_executor']) retrieved from /home/airflow/.local/lib/python3.7/site-packages/airflow/example_dags/example_kubernetes_executor.py
[2023-01-27T01:24:57.214+0000] {logging_mixin.py:137} INFO - [2023-01-27T01:24:57.213+0000] {dag.py:2690} INFO - Sync 1 DAGs
[2023-01-27T01:24:57.272+0000] {logging_mixin.py:137} INFO - [2023-01-27T01:24:57.272+0000] {dag.py:3441} INFO - Setting next_dagrun for example_kubernetes_executor to None, run_after=None
[2023-01-27T01:24:57.311+0000] {processor.py:175} INFO - Processing /home/airflow/.local/lib/python3.7/site-packages/airflow/example_dags/example_kubernetes_executor.py took 0.329 seconds
[2023-01-27T01:27:53.399+0000] {processor.py:153} INFO - Started process (PID=68) to work on /home/airflow/.local/lib/python3.7/site-packages/airflow/example_dags/example_kubernetes_executor.py
[2023-01-27T01:27:53.402+0000] {processor.py:743} INFO - Processing file /home/airflow/.local/lib/python3.7/site-packages/airflow/example_dags/example_kubernetes_executor.py for tasks to queue
[2023-01-27T01:27:53.406+0000] {logging_mixin.py:137} INFO - [2023-01-27T01:27:53.406+0000] {dagbag.py:538} INFO - Filling up the DagBag from /home/airflow/.local/lib/python3.7/site-packages/airflow/example_dags/example_kubernetes_executor.py
[2023-01-27T01:27:53.773+0000] {processor.py:753} INFO - DAG(s) dict_keys(['example_kubernetes_executor']) retrieved from /home/airflow/.local/lib/python3.7/site-packages/airflow/example_dags/example_kubernetes_executor.py
[2023-01-27T01:27:53.965+0000] {logging_mixin.py:137} INFO - [2023-01-27T01:27:53.965+0000] {dag.py:2690} INFO - Sync 1 DAGs
[2023-01-27T01:27:54.126+0000] {logging_mixin.py:137} INFO - [2023-01-27T01:27:54.126+0000] {dag.py:3441} INFO - Setting next_dagrun for example_kubernetes_executor to None, run_after=None
[2023-01-27T01:27:54.208+0000] {processor.py:175} INFO - Processing /home/airflow/.local/lib/python3.7/site-packages/airflow/example_dags/example_kubernetes_executor.py took 0.822 seconds
[2023-01-27T01:28:24.316+0000] {processor.py:153} INFO - Started process (PID=133) to work on /home/airflow/.local/lib/python3.7/site-packages/airflow/example_dags/example_kubernetes_executor.py
[2023-01-27T01:28:24.319+0000] {processor.py:743} INFO - Processing file /home/airflow/.local/lib/python3.7/site-packages/airflow/example_dags/example_kubernetes_executor.py for tasks to queue
[2023-01-27T01:28:24.320+0000] {logging_mixin.py:137} INFO - [2023-01-27T01:28:24.320+0000] {dagbag.py:538} INFO - Filling up the DagBag from /home/airflow/.local/lib/python3.7/site-packages/airflow/example_dags/example_kubernetes_executor.py
[2023-01-27T01:28:24.362+0000] {processor.py:753} INFO - DAG(s) dict_keys(['example_kubernetes_executor']) retrieved from /home/airflow/.local/lib/python3.7/site-packages/airflow/example_dags/example_kubernetes_executor.py
[2023-01-27T01:28:24.409+0000] {logging_mixin.py:137} INFO - [2023-01-27T01:28:24.409+0000] {dag.py:2690} INFO - Sync 1 DAGs
[2023-01-27T01:28:24.447+0000] {logging_mixin.py:137} INFO - [2023-01-27T01:28:24.446+0000] {dag.py:3441} INFO - Setting next_dagrun for example_kubernetes_executor to None, run_after=None
[2023-01-27T01:28:24.473+0000] {processor.py:175} INFO - Processing /home/airflow/.local/lib/python3.7/site-packages/airflow/example_dags/example_kubernetes_executor.py took 0.161 seconds
[2023-01-27T01:28:54.942+0000] {processor.py:153} INFO - Started process (PID=206) to work on /home/airflow/.local/lib/python3.7/site-packages/airflow/example_dags/example_kubernetes_executor.py
[2023-01-27T01:28:54.945+0000] {processor.py:743} INFO - Processing file /home/airflow/.local/lib/python3.7/site-packages/airflow/example_dags/example_kubernetes_executor.py for tasks to queue
[2023-01-27T01:28:54.947+0000] {logging_mixin.py:137} INFO - [2023-01-27T01:28:54.947+0000] {dagbag.py:538} INFO - Filling up the DagBag from /home/airflow/.local/lib/python3.7/site-packages/airflow/example_dags/example_kubernetes_executor.py
[2023-01-27T01:28:55.040+0000] {processor.py:753} INFO - DAG(s) dict_keys(['example_kubernetes_executor']) retrieved from /home/airflow/.local/lib/python3.7/site-packages/airflow/example_dags/example_kubernetes_executor.py
[2023-01-27T01:28:55.116+0000] {logging_mixin.py:137} INFO - [2023-01-27T01:28:55.116+0000] {dag.py:2690} INFO - Sync 1 DAGs
[2023-01-27T01:28:55.182+0000] {logging_mixin.py:137} INFO - [2023-01-27T01:28:55.182+0000] {dag.py:3441} INFO - Setting next_dagrun for example_kubernetes_executor to None, run_after=None
[2023-01-27T01:28:55.248+0000] {processor.py:175} INFO - Processing /home/airflow/.local/lib/python3.7/site-packages/airflow/example_dags/example_kubernetes_executor.py took 0.313 seconds
[2023-01-27T01:29:25.580+0000] {processor.py:153} INFO - Started process (PID=274) to work on /home/airflow/.local/lib/python3.7/site-packages/airflow/example_dags/example_kubernetes_executor.py
[2023-01-27T01:29:25.581+0000] {processor.py:743} INFO - Processing file /home/airflow/.local/lib/python3.7/site-packages/airflow/example_dags/example_kubernetes_executor.py for tasks to queue
[2023-01-27T01:29:25.583+0000] {logging_mixin.py:137} INFO - [2023-01-27T01:29:25.583+0000] {dagbag.py:538} INFO - Filling up the DagBag from /home/airflow/.local/lib/python3.7/site-packages/airflow/example_dags/example_kubernetes_executor.py
[2023-01-27T01:29:25.614+0000] {processor.py:753} INFO - DAG(s) dict_keys(['example_kubernetes_executor']) retrieved from /home/airflow/.local/lib/python3.7/site-packages/airflow/example_dags/example_kubernetes_executor.py
[2023-01-27T01:29:25.653+0000] {logging_mixin.py:137} INFO - [2023-01-27T01:29:25.653+0000] {dag.py:2690} INFO - Sync 1 DAGs
[2023-01-27T01:29:25.680+0000] {logging_mixin.py:137} INFO - [2023-01-27T01:29:25.680+0000] {dag.py:3441} INFO - Setting next_dagrun for example_kubernetes_executor to None, run_after=None
[2023-01-27T01:29:25.704+0000] {processor.py:175} INFO - Processing /home/airflow/.local/lib/python3.7/site-packages/airflow/example_dags/example_kubernetes_executor.py took 0.128 seconds
[2023-01-27T01:29:55.941+0000] {processor.py:153} INFO - Started process (PID=339) to work on /home/airflow/.local/lib/python3.7/site-packages/airflow/example_dags/example_kubernetes_executor.py
[2023-01-27T01:29:55.944+0000] {processor.py:743} INFO - Processing file /home/airflow/.local/lib/python3.7/site-packages/airflow/example_dags/example_kubernetes_executor.py for tasks to queue
[2023-01-27T01:29:55.949+0000] {logging_mixin.py:137} INFO - [2023-01-27T01:29:55.948+0000] {dagbag.py:538} INFO - Filling up the DagBag from /home/airflow/.local/lib/python3.7/site-packages/airflow/example_dags/example_kubernetes_executor.py
[2023-01-27T01:29:56.004+0000] {processor.py:753} INFO - DAG(s) dict_keys(['example_kubernetes_executor']) retrieved from /home/airflow/.local/lib/python3.7/site-packages/airflow/example_dags/example_kubernetes_executor.py
[2023-01-27T01:29:56.076+0000] {logging_mixin.py:137} INFO - [2023-01-27T01:29:56.075+0000] {dag.py:2690} INFO - Sync 1 DAGs
[2023-01-27T01:29:56.125+0000] {logging_mixin.py:137} INFO - [2023-01-27T01:29:56.125+0000] {dag.py:3441} INFO - Setting next_dagrun for example_kubernetes_executor to None, run_after=None
[2023-01-27T01:29:56.163+0000] {processor.py:175} INFO - Processing /home/airflow/.local/lib/python3.7/site-packages/airflow/example_dags/example_kubernetes_executor.py took 0.227 seconds
[2023-01-27T01:30:27.185+0000] {processor.py:153} INFO - Started process (PID=412) to work on /home/airflow/.local/lib/python3.7/site-packages/airflow/example_dags/example_kubernetes_executor.py
[2023-01-27T01:30:27.192+0000] {processor.py:743} INFO - Processing file /home/airflow/.local/lib/python3.7/site-packages/airflow/example_dags/example_kubernetes_executor.py for tasks to queue
[2023-01-27T01:30:27.196+0000] {logging_mixin.py:137} INFO - [2023-01-27T01:30:27.195+0000] {dagbag.py:538} INFO - Filling up the DagBag from /home/airflow/.local/lib/python3.7/site-packages/airflow/example_dags/example_kubernetes_executor.py
[2023-01-27T01:30:27.339+0000] {processor.py:753} INFO - DAG(s) dict_keys(['example_kubernetes_executor']) retrieved from /home/airflow/.local/lib/python3.7/site-packages/airflow/example_dags/example_kubernetes_executor.py
[2023-01-27T01:30:27.479+0000] {logging_mixin.py:137} INFO - [2023-01-27T01:30:27.478+0000] {dag.py:2690} INFO - Sync 1 DAGs
[2023-01-27T01:30:27.589+0000] {logging_mixin.py:137} INFO - [2023-01-27T01:30:27.589+0000] {dag.py:3441} INFO - Setting next_dagrun for example_kubernetes_executor to None, run_after=None
[2023-01-27T01:30:27.700+0000] {processor.py:175} INFO - Processing /home/airflow/.local/lib/python3.7/site-packages/airflow/example_dags/example_kubernetes_executor.py took 0.529 seconds
[2023-01-27T01:30:58.519+0000] {processor.py:153} INFO - Started process (PID=471) to work on /home/airflow/.local/lib/python3.7/site-packages/airflow/example_dags/example_kubernetes_executor.py
[2023-01-27T01:30:58.521+0000] {processor.py:743} INFO - Processing file /home/airflow/.local/lib/python3.7/site-packages/airflow/example_dags/example_kubernetes_executor.py for tasks to queue
[2023-01-27T01:30:58.527+0000] {logging_mixin.py:137} INFO - [2023-01-27T01:30:58.526+0000] {dagbag.py:538} INFO - Filling up the DagBag from /home/airflow/.local/lib/python3.7/site-packages/airflow/example_dags/example_kubernetes_executor.py
[2023-01-27T01:30:58.569+0000] {processor.py:753} INFO - DAG(s) dict_keys(['example_kubernetes_executor']) retrieved from /home/airflow/.local/lib/python3.7/site-packages/airflow/example_dags/example_kubernetes_executor.py
[2023-01-27T01:30:58.606+0000] {logging_mixin.py:137} INFO - [2023-01-27T01:30:58.606+0000] {dag.py:2690} INFO - Sync 1 DAGs
[2023-01-27T01:30:58.649+0000] {logging_mixin.py:137} INFO - [2023-01-27T01:30:58.649+0000] {dag.py:3441} INFO - Setting next_dagrun for example_kubernetes_executor to None, run_after=None
[2023-01-27T01:30:58.686+0000] {processor.py:175} INFO - Processing /home/airflow/.local/lib/python3.7/site-packages/airflow/example_dags/example_kubernetes_executor.py took 0.171 seconds
[2023-01-27T01:31:29.029+0000] {processor.py:153} INFO - Started process (PID=537) to work on /home/airflow/.local/lib/python3.7/site-packages/airflow/example_dags/example_kubernetes_executor.py
[2023-01-27T01:31:29.033+0000] {processor.py:743} INFO - Processing file /home/airflow/.local/lib/python3.7/site-packages/airflow/example_dags/example_kubernetes_executor.py for tasks to queue
[2023-01-27T01:31:29.035+0000] {logging_mixin.py:137} INFO - [2023-01-27T01:31:29.035+0000] {dagbag.py:538} INFO - Filling up the DagBag from /home/airflow/.local/lib/python3.7/site-packages/airflow/example_dags/example_kubernetes_executor.py
[2023-01-27T01:31:29.089+0000] {processor.py:753} INFO - DAG(s) dict_keys(['example_kubernetes_executor']) retrieved from /home/airflow/.local/lib/python3.7/site-packages/airflow/example_dags/example_kubernetes_executor.py
[2023-01-27T01:31:29.148+0000] {logging_mixin.py:137} INFO - [2023-01-27T01:31:29.147+0000] {dag.py:2690} INFO - Sync 1 DAGs
[2023-01-27T01:31:29.187+0000] {logging_mixin.py:137} INFO - [2023-01-27T01:31:29.187+0000] {dag.py:3441} INFO - Setting next_dagrun for example_kubernetes_executor to None, run_after=None
[2023-01-27T01:31:29.233+0000] {processor.py:175} INFO - Processing /home/airflow/.local/lib/python3.7/site-packages/airflow/example_dags/example_kubernetes_executor.py took 0.213 seconds
[2023-01-27T01:31:59.611+0000] {processor.py:153} INFO - Started process (PID=610) to work on /home/airflow/.local/lib/python3.7/site-packages/airflow/example_dags/example_kubernetes_executor.py
[2023-01-27T01:31:59.615+0000] {processor.py:743} INFO - Processing file /home/airflow/.local/lib/python3.7/site-packages/airflow/example_dags/example_kubernetes_executor.py for tasks to queue
[2023-01-27T01:31:59.618+0000] {logging_mixin.py:137} INFO - [2023-01-27T01:31:59.617+0000] {dagbag.py:538} INFO - Filling up the DagBag from /home/airflow/.local/lib/python3.7/site-packages/airflow/example_dags/example_kubernetes_executor.py
[2023-01-27T01:31:59.674+0000] {processor.py:753} INFO - DAG(s) dict_keys(['example_kubernetes_executor']) retrieved from /home/airflow/.local/lib/python3.7/site-packages/airflow/example_dags/example_kubernetes_executor.py
[2023-01-27T01:31:59.727+0000] {logging_mixin.py:137} INFO - [2023-01-27T01:31:59.726+0000] {dag.py:2690} INFO - Sync 1 DAGs
[2023-01-27T01:31:59.764+0000] {logging_mixin.py:137} INFO - [2023-01-27T01:31:59.764+0000] {dag.py:3441} INFO - Setting next_dagrun for example_kubernetes_executor to None, run_after=None
[2023-01-27T01:31:59.794+0000] {processor.py:175} INFO - Processing /home/airflow/.local/lib/python3.7/site-packages/airflow/example_dags/example_kubernetes_executor.py took 0.192 seconds
[2023-01-27T01:32:30.373+0000] {processor.py:153} INFO - Started process (PID=679) to work on /home/airflow/.local/lib/python3.7/site-packages/airflow/example_dags/example_kubernetes_executor.py
[2023-01-27T01:32:30.376+0000] {processor.py:743} INFO - Processing file /home/airflow/.local/lib/python3.7/site-packages/airflow/example_dags/example_kubernetes_executor.py for tasks to queue
[2023-01-27T01:32:30.381+0000] {logging_mixin.py:137} INFO - [2023-01-27T01:32:30.380+0000] {dagbag.py:538} INFO - Filling up the DagBag from /home/airflow/.local/lib/python3.7/site-packages/airflow/example_dags/example_kubernetes_executor.py
[2023-01-27T01:32:30.443+0000] {processor.py:753} INFO - DAG(s) dict_keys(['example_kubernetes_executor']) retrieved from /home/airflow/.local/lib/python3.7/site-packages/airflow/example_dags/example_kubernetes_executor.py
[2023-01-27T01:32:30.498+0000] {logging_mixin.py:137} INFO - [2023-01-27T01:32:30.498+0000] {dag.py:2690} INFO - Sync 1 DAGs
[2023-01-27T01:32:30.542+0000] {logging_mixin.py:137} INFO - [2023-01-27T01:32:30.541+0000] {dag.py:3441} INFO - Setting next_dagrun for example_kubernetes_executor to None, run_after=None
[2023-01-27T01:32:30.600+0000] {processor.py:175} INFO - Processing /home/airflow/.local/lib/python3.7/site-packages/airflow/example_dags/example_kubernetes_executor.py took 0.239 seconds
[2023-01-27T01:33:00.688+0000] {processor.py:153} INFO - Started process (PID=744) to work on /home/airflow/.local/lib/python3.7/site-packages/airflow/example_dags/example_kubernetes_executor.py
[2023-01-27T01:33:00.697+0000] {processor.py:743} INFO - Processing file /home/airflow/.local/lib/python3.7/site-packages/airflow/example_dags/example_kubernetes_executor.py for tasks to queue
[2023-01-27T01:33:00.699+0000] {logging_mixin.py:137} INFO - [2023-01-27T01:33:00.699+0000] {dagbag.py:538} INFO - Filling up the DagBag from /home/airflow/.local/lib/python3.7/site-packages/airflow/example_dags/example_kubernetes_executor.py
[2023-01-27T01:33:00.791+0000] {processor.py:753} INFO - DAG(s) dict_keys(['example_kubernetes_executor']) retrieved from /home/airflow/.local/lib/python3.7/site-packages/airflow/example_dags/example_kubernetes_executor.py
[2023-01-27T01:33:02.848+0000] {logging_mixin.py:137} INFO - [2023-01-27T01:33:02.848+0000] {process_utils.py:256} INFO - Waiting up to 5 seconds for processes to exit...
