[2023-01-27T01:24:30.464+0000] {processor.py:153} INFO - Started process (PID=92) to work on /home/airflow/.local/lib/python3.7/site-packages/airflow/example_dags/example_branch_labels.py
[2023-01-27T01:24:30.466+0000] {processor.py:743} INFO - Processing file /home/airflow/.local/lib/python3.7/site-packages/airflow/example_dags/example_branch_labels.py for tasks to queue
[2023-01-27T01:24:30.469+0000] {logging_mixin.py:137} INFO - [2023-01-27T01:24:30.469+0000] {dagbag.py:538} INFO - Filling up the DagBag from /home/airflow/.local/lib/python3.7/site-packages/airflow/example_dags/example_branch_labels.py
[2023-01-27T01:24:30.569+0000] {processor.py:753} INFO - DAG(s) dict_keys(['example_branch_labels']) retrieved from /home/airflow/.local/lib/python3.7/site-packages/airflow/example_dags/example_branch_labels.py
[2023-01-27T01:24:30.694+0000] {logging_mixin.py:137} INFO - [2023-01-27T01:24:30.694+0000] {dag.py:2690} INFO - Sync 1 DAGs
[2023-01-27T01:24:30.825+0000] {logging_mixin.py:137} INFO - [2023-01-27T01:24:30.824+0000] {dag.py:3441} INFO - Setting next_dagrun for example_branch_labels to 2023-01-26T00:00:00+00:00, run_after=2023-01-27T00:00:00+00:00
[2023-01-27T01:24:30.920+0000] {processor.py:175} INFO - Processing /home/airflow/.local/lib/python3.7/site-packages/airflow/example_dags/example_branch_labels.py took 0.533 seconds
[2023-01-27T01:25:01.556+0000] {processor.py:153} INFO - Started process (PID=157) to work on /home/airflow/.local/lib/python3.7/site-packages/airflow/example_dags/example_branch_labels.py
[2023-01-27T01:25:01.561+0000] {processor.py:743} INFO - Processing file /home/airflow/.local/lib/python3.7/site-packages/airflow/example_dags/example_branch_labels.py for tasks to queue
[2023-01-27T01:25:01.567+0000] {logging_mixin.py:137} INFO - [2023-01-27T01:25:01.567+0000] {dagbag.py:538} INFO - Filling up the DagBag from /home/airflow/.local/lib/python3.7/site-packages/airflow/example_dags/example_branch_labels.py
[2023-01-27T01:25:01.616+0000] {processor.py:753} INFO - DAG(s) dict_keys(['example_branch_labels']) retrieved from /home/airflow/.local/lib/python3.7/site-packages/airflow/example_dags/example_branch_labels.py
[2023-01-27T01:25:01.680+0000] {logging_mixin.py:137} INFO - [2023-01-27T01:25:01.680+0000] {dag.py:2690} INFO - Sync 1 DAGs
[2023-01-27T01:25:01.746+0000] {logging_mixin.py:137} INFO - [2023-01-27T01:25:01.746+0000] {dag.py:3441} INFO - Setting next_dagrun for example_branch_labels to 2023-01-26T00:00:00+00:00, run_after=2023-01-27T00:00:00+00:00
[2023-01-27T01:25:01.790+0000] {processor.py:175} INFO - Processing /home/airflow/.local/lib/python3.7/site-packages/airflow/example_dags/example_branch_labels.py took 0.241 seconds
[2023-01-27T01:27:56.089+0000] {processor.py:153} INFO - Started process (PID=85) to work on /home/airflow/.local/lib/python3.7/site-packages/airflow/example_dags/example_branch_labels.py
[2023-01-27T01:27:56.102+0000] {processor.py:743} INFO - Processing file /home/airflow/.local/lib/python3.7/site-packages/airflow/example_dags/example_branch_labels.py for tasks to queue
[2023-01-27T01:27:56.110+0000] {logging_mixin.py:137} INFO - [2023-01-27T01:27:56.109+0000] {dagbag.py:538} INFO - Filling up the DagBag from /home/airflow/.local/lib/python3.7/site-packages/airflow/example_dags/example_branch_labels.py
[2023-01-27T01:27:56.185+0000] {processor.py:753} INFO - DAG(s) dict_keys(['example_branch_labels']) retrieved from /home/airflow/.local/lib/python3.7/site-packages/airflow/example_dags/example_branch_labels.py
[2023-01-27T01:27:56.280+0000] {logging_mixin.py:137} INFO - [2023-01-27T01:27:56.279+0000] {dag.py:2690} INFO - Sync 1 DAGs
[2023-01-27T01:27:56.346+0000] {logging_mixin.py:137} INFO - [2023-01-27T01:27:56.345+0000] {dag.py:3441} INFO - Setting next_dagrun for example_branch_labels to 2023-01-26T00:00:00+00:00, run_after=2023-01-27T00:00:00+00:00
[2023-01-27T01:27:56.429+0000] {processor.py:175} INFO - Processing /home/airflow/.local/lib/python3.7/site-packages/airflow/example_dags/example_branch_labels.py took 0.346 seconds
[2023-01-27T01:28:26.820+0000] {processor.py:153} INFO - Started process (PID=149) to work on /home/airflow/.local/lib/python3.7/site-packages/airflow/example_dags/example_branch_labels.py
[2023-01-27T01:28:26.824+0000] {processor.py:743} INFO - Processing file /home/airflow/.local/lib/python3.7/site-packages/airflow/example_dags/example_branch_labels.py for tasks to queue
[2023-01-27T01:28:26.828+0000] {logging_mixin.py:137} INFO - [2023-01-27T01:28:26.827+0000] {dagbag.py:538} INFO - Filling up the DagBag from /home/airflow/.local/lib/python3.7/site-packages/airflow/example_dags/example_branch_labels.py
[2023-01-27T01:28:26.861+0000] {processor.py:753} INFO - DAG(s) dict_keys(['example_branch_labels']) retrieved from /home/airflow/.local/lib/python3.7/site-packages/airflow/example_dags/example_branch_labels.py
[2023-01-27T01:28:26.951+0000] {logging_mixin.py:137} INFO - [2023-01-27T01:28:26.950+0000] {dag.py:2690} INFO - Sync 1 DAGs
[2023-01-27T01:28:27.014+0000] {logging_mixin.py:137} INFO - [2023-01-27T01:28:27.013+0000] {dag.py:3441} INFO - Setting next_dagrun for example_branch_labels to 2023-01-26T00:00:00+00:00, run_after=2023-01-27T00:00:00+00:00
[2023-01-27T01:28:27.071+0000] {processor.py:175} INFO - Processing /home/airflow/.local/lib/python3.7/site-packages/airflow/example_dags/example_branch_labels.py took 0.259 seconds
[2023-01-27T01:28:57.317+0000] {processor.py:153} INFO - Started process (PID=219) to work on /home/airflow/.local/lib/python3.7/site-packages/airflow/example_dags/example_branch_labels.py
[2023-01-27T01:28:57.320+0000] {processor.py:743} INFO - Processing file /home/airflow/.local/lib/python3.7/site-packages/airflow/example_dags/example_branch_labels.py for tasks to queue
[2023-01-27T01:28:57.322+0000] {logging_mixin.py:137} INFO - [2023-01-27T01:28:57.322+0000] {dagbag.py:538} INFO - Filling up the DagBag from /home/airflow/.local/lib/python3.7/site-packages/airflow/example_dags/example_branch_labels.py
[2023-01-27T01:28:57.354+0000] {processor.py:753} INFO - DAG(s) dict_keys(['example_branch_labels']) retrieved from /home/airflow/.local/lib/python3.7/site-packages/airflow/example_dags/example_branch_labels.py
[2023-01-27T01:28:57.406+0000] {logging_mixin.py:137} INFO - [2023-01-27T01:28:57.406+0000] {dag.py:2690} INFO - Sync 1 DAGs
[2023-01-27T01:28:57.451+0000] {logging_mixin.py:137} INFO - [2023-01-27T01:28:57.450+0000] {dag.py:3441} INFO - Setting next_dagrun for example_branch_labels to 2023-01-26T00:00:00+00:00, run_after=2023-01-27T00:00:00+00:00
[2023-01-27T01:28:57.486+0000] {processor.py:175} INFO - Processing /home/airflow/.local/lib/python3.7/site-packages/airflow/example_dags/example_branch_labels.py took 0.175 seconds
[2023-01-27T01:29:27.531+0000] {processor.py:153} INFO - Started process (PID=284) to work on /home/airflow/.local/lib/python3.7/site-packages/airflow/example_dags/example_branch_labels.py
[2023-01-27T01:29:27.534+0000] {processor.py:743} INFO - Processing file /home/airflow/.local/lib/python3.7/site-packages/airflow/example_dags/example_branch_labels.py for tasks to queue
[2023-01-27T01:29:27.535+0000] {logging_mixin.py:137} INFO - [2023-01-27T01:29:27.535+0000] {dagbag.py:538} INFO - Filling up the DagBag from /home/airflow/.local/lib/python3.7/site-packages/airflow/example_dags/example_branch_labels.py
[2023-01-27T01:29:27.553+0000] {processor.py:753} INFO - DAG(s) dict_keys(['example_branch_labels']) retrieved from /home/airflow/.local/lib/python3.7/site-packages/airflow/example_dags/example_branch_labels.py
[2023-01-27T01:29:27.589+0000] {logging_mixin.py:137} INFO - [2023-01-27T01:29:27.589+0000] {dag.py:2690} INFO - Sync 1 DAGs
[2023-01-27T01:29:27.622+0000] {logging_mixin.py:137} INFO - [2023-01-27T01:29:27.622+0000] {dag.py:3441} INFO - Setting next_dagrun for example_branch_labels to 2023-01-26T00:00:00+00:00, run_after=2023-01-27T00:00:00+00:00
[2023-01-27T01:29:27.652+0000] {processor.py:175} INFO - Processing /home/airflow/.local/lib/python3.7/site-packages/airflow/example_dags/example_branch_labels.py took 0.125 seconds
[2023-01-27T01:29:58.631+0000] {processor.py:153} INFO - Started process (PID=349) to work on /home/airflow/.local/lib/python3.7/site-packages/airflow/example_dags/example_branch_labels.py
[2023-01-27T01:29:58.642+0000] {processor.py:743} INFO - Processing file /home/airflow/.local/lib/python3.7/site-packages/airflow/example_dags/example_branch_labels.py for tasks to queue
[2023-01-27T01:29:58.646+0000] {logging_mixin.py:137} INFO - [2023-01-27T01:29:58.645+0000] {dagbag.py:538} INFO - Filling up the DagBag from /home/airflow/.local/lib/python3.7/site-packages/airflow/example_dags/example_branch_labels.py
[2023-01-27T01:29:58.684+0000] {processor.py:753} INFO - DAG(s) dict_keys(['example_branch_labels']) retrieved from /home/airflow/.local/lib/python3.7/site-packages/airflow/example_dags/example_branch_labels.py
[2023-01-27T01:29:58.753+0000] {logging_mixin.py:137} INFO - [2023-01-27T01:29:58.753+0000] {dag.py:2690} INFO - Sync 1 DAGs
[2023-01-27T01:29:58.820+0000] {logging_mixin.py:137} INFO - [2023-01-27T01:29:58.820+0000] {dag.py:3441} INFO - Setting next_dagrun for example_branch_labels to 2023-01-26T00:00:00+00:00, run_after=2023-01-27T00:00:00+00:00
[2023-01-27T01:29:58.851+0000] {processor.py:175} INFO - Processing /home/airflow/.local/lib/python3.7/site-packages/airflow/example_dags/example_branch_labels.py took 0.229 seconds
[2023-01-27T01:30:30.356+0000] {processor.py:153} INFO - Started process (PID=422) to work on /home/airflow/.local/lib/python3.7/site-packages/airflow/example_dags/example_branch_labels.py
[2023-01-27T01:30:30.360+0000] {processor.py:743} INFO - Processing file /home/airflow/.local/lib/python3.7/site-packages/airflow/example_dags/example_branch_labels.py for tasks to queue
[2023-01-27T01:30:30.364+0000] {logging_mixin.py:137} INFO - [2023-01-27T01:30:30.363+0000] {dagbag.py:538} INFO - Filling up the DagBag from /home/airflow/.local/lib/python3.7/site-packages/airflow/example_dags/example_branch_labels.py
[2023-01-27T01:30:30.402+0000] {processor.py:753} INFO - DAG(s) dict_keys(['example_branch_labels']) retrieved from /home/airflow/.local/lib/python3.7/site-packages/airflow/example_dags/example_branch_labels.py
[2023-01-27T01:30:30.573+0000] {logging_mixin.py:137} INFO - [2023-01-27T01:30:30.572+0000] {dag.py:2690} INFO - Sync 1 DAGs
[2023-01-27T01:30:30.662+0000] {logging_mixin.py:137} INFO - [2023-01-27T01:30:30.662+0000] {dag.py:3441} INFO - Setting next_dagrun for example_branch_labels to 2023-01-26T00:00:00+00:00, run_after=2023-01-27T00:00:00+00:00
[2023-01-27T01:30:30.766+0000] {processor.py:175} INFO - Processing /home/airflow/.local/lib/python3.7/site-packages/airflow/example_dags/example_branch_labels.py took 0.417 seconds
[2023-01-27T01:31:01.171+0000] {processor.py:153} INFO - Started process (PID=487) to work on /home/airflow/.local/lib/python3.7/site-packages/airflow/example_dags/example_branch_labels.py
[2023-01-27T01:31:01.175+0000] {processor.py:743} INFO - Processing file /home/airflow/.local/lib/python3.7/site-packages/airflow/example_dags/example_branch_labels.py for tasks to queue
[2023-01-27T01:31:01.180+0000] {logging_mixin.py:137} INFO - [2023-01-27T01:31:01.179+0000] {dagbag.py:538} INFO - Filling up the DagBag from /home/airflow/.local/lib/python3.7/site-packages/airflow/example_dags/example_branch_labels.py
[2023-01-27T01:31:01.215+0000] {processor.py:753} INFO - DAG(s) dict_keys(['example_branch_labels']) retrieved from /home/airflow/.local/lib/python3.7/site-packages/airflow/example_dags/example_branch_labels.py
[2023-01-27T01:31:01.252+0000] {logging_mixin.py:137} INFO - [2023-01-27T01:31:01.251+0000] {dag.py:2690} INFO - Sync 1 DAGs
[2023-01-27T01:31:01.294+0000] {logging_mixin.py:137} INFO - [2023-01-27T01:31:01.294+0000] {dag.py:3441} INFO - Setting next_dagrun for example_branch_labels to 2023-01-26T00:00:00+00:00, run_after=2023-01-27T00:00:00+00:00
[2023-01-27T01:31:01.342+0000] {processor.py:175} INFO - Processing /home/airflow/.local/lib/python3.7/site-packages/airflow/example_dags/example_branch_labels.py took 0.185 seconds
[2023-01-27T01:31:33.181+0000] {processor.py:153} INFO - Started process (PID=558) to work on /home/airflow/.local/lib/python3.7/site-packages/airflow/example_dags/example_branch_labels.py
[2023-01-27T01:31:33.204+0000] {processor.py:743} INFO - Processing file /home/airflow/.local/lib/python3.7/site-packages/airflow/example_dags/example_branch_labels.py for tasks to queue
[2023-01-27T01:31:33.213+0000] {logging_mixin.py:137} INFO - [2023-01-27T01:31:33.213+0000] {dagbag.py:538} INFO - Filling up the DagBag from /home/airflow/.local/lib/python3.7/site-packages/airflow/example_dags/example_branch_labels.py
[2023-01-27T01:31:33.410+0000] {processor.py:753} INFO - DAG(s) dict_keys(['example_branch_labels']) retrieved from /home/airflow/.local/lib/python3.7/site-packages/airflow/example_dags/example_branch_labels.py
[2023-01-27T01:31:33.516+0000] {logging_mixin.py:137} INFO - [2023-01-27T01:31:33.515+0000] {dag.py:2690} INFO - Sync 1 DAGs
[2023-01-27T01:31:33.681+0000] {logging_mixin.py:137} INFO - [2023-01-27T01:31:33.680+0000] {dag.py:3441} INFO - Setting next_dagrun for example_branch_labels to 2023-01-26T00:00:00+00:00, run_after=2023-01-27T00:00:00+00:00
[2023-01-27T01:31:33.759+0000] {processor.py:175} INFO - Processing /home/airflow/.local/lib/python3.7/site-packages/airflow/example_dags/example_branch_labels.py took 0.608 seconds
[2023-01-27T01:32:03.968+0000] {processor.py:153} INFO - Started process (PID=623) to work on /home/airflow/.local/lib/python3.7/site-packages/airflow/example_dags/example_branch_labels.py
[2023-01-27T01:32:03.972+0000] {processor.py:743} INFO - Processing file /home/airflow/.local/lib/python3.7/site-packages/airflow/example_dags/example_branch_labels.py for tasks to queue
[2023-01-27T01:32:03.974+0000] {logging_mixin.py:137} INFO - [2023-01-27T01:32:03.973+0000] {dagbag.py:538} INFO - Filling up the DagBag from /home/airflow/.local/lib/python3.7/site-packages/airflow/example_dags/example_branch_labels.py
[2023-01-27T01:32:03.995+0000] {processor.py:753} INFO - DAG(s) dict_keys(['example_branch_labels']) retrieved from /home/airflow/.local/lib/python3.7/site-packages/airflow/example_dags/example_branch_labels.py
[2023-01-27T01:32:04.038+0000] {logging_mixin.py:137} INFO - [2023-01-27T01:32:04.038+0000] {dag.py:2690} INFO - Sync 1 DAGs
[2023-01-27T01:32:04.097+0000] {logging_mixin.py:137} INFO - [2023-01-27T01:32:04.097+0000] {dag.py:3441} INFO - Setting next_dagrun for example_branch_labels to 2023-01-26T00:00:00+00:00, run_after=2023-01-27T00:00:00+00:00
[2023-01-27T01:32:04.168+0000] {processor.py:175} INFO - Processing /home/airflow/.local/lib/python3.7/site-packages/airflow/example_dags/example_branch_labels.py took 0.207 seconds
[2023-01-27T01:32:34.354+0000] {processor.py:153} INFO - Started process (PID=689) to work on /home/airflow/.local/lib/python3.7/site-packages/airflow/example_dags/example_branch_labels.py
[2023-01-27T01:32:34.356+0000] {processor.py:743} INFO - Processing file /home/airflow/.local/lib/python3.7/site-packages/airflow/example_dags/example_branch_labels.py for tasks to queue
[2023-01-27T01:32:34.358+0000] {logging_mixin.py:137} INFO - [2023-01-27T01:32:34.358+0000] {dagbag.py:538} INFO - Filling up the DagBag from /home/airflow/.local/lib/python3.7/site-packages/airflow/example_dags/example_branch_labels.py
[2023-01-27T01:32:34.384+0000] {processor.py:753} INFO - DAG(s) dict_keys(['example_branch_labels']) retrieved from /home/airflow/.local/lib/python3.7/site-packages/airflow/example_dags/example_branch_labels.py
[2023-01-27T01:32:34.439+0000] {logging_mixin.py:137} INFO - [2023-01-27T01:32:34.439+0000] {dag.py:2690} INFO - Sync 1 DAGs
[2023-01-27T01:32:34.504+0000] {logging_mixin.py:137} INFO - [2023-01-27T01:32:34.503+0000] {dag.py:3441} INFO - Setting next_dagrun for example_branch_labels to 2023-01-26T00:00:00+00:00, run_after=2023-01-27T00:00:00+00:00
[2023-01-27T01:32:34.541+0000] {processor.py:175} INFO - Processing /home/airflow/.local/lib/python3.7/site-packages/airflow/example_dags/example_branch_labels.py took 0.192 seconds
