[2023-01-27T01:24:20.463+0000] {processor.py:153} INFO - Started process (PID=56) to work on /home/airflow/.local/lib/python3.7/site-packages/airflow/example_dags/example_task_group.py
[2023-01-27T01:24:20.468+0000] {processor.py:743} INFO - Processing file /home/airflow/.local/lib/python3.7/site-packages/airflow/example_dags/example_task_group.py for tasks to queue
[2023-01-27T01:24:20.471+0000] {logging_mixin.py:137} INFO - [2023-01-27T01:24:20.470+0000] {dagbag.py:538} INFO - Filling up the DagBag from /home/airflow/.local/lib/python3.7/site-packages/airflow/example_dags/example_task_group.py
[2023-01-27T01:24:20.566+0000] {processor.py:753} INFO - DAG(s) dict_keys(['example_task_group']) retrieved from /home/airflow/.local/lib/python3.7/site-packages/airflow/example_dags/example_task_group.py
[2023-01-27T01:24:20.683+0000] {logging_mixin.py:137} INFO - [2023-01-27T01:24:20.682+0000] {dag.py:2690} INFO - Sync 1 DAGs
[2023-01-27T01:24:21.014+0000] {logging_mixin.py:137} INFO - [2023-01-27T01:24:21.014+0000] {dag.py:3441} INFO - Setting next_dagrun for example_task_group to 2023-01-26T01:24:21.013436+00:00, run_after=2023-01-27T01:24:21.013436+00:00
[2023-01-27T01:24:21.509+0000] {processor.py:175} INFO - Processing /home/airflow/.local/lib/python3.7/site-packages/airflow/example_dags/example_task_group.py took 1.054 seconds
[2023-01-27T01:24:52.104+0000] {processor.py:153} INFO - Started process (PID=121) to work on /home/airflow/.local/lib/python3.7/site-packages/airflow/example_dags/example_task_group.py
[2023-01-27T01:24:52.107+0000] {processor.py:743} INFO - Processing file /home/airflow/.local/lib/python3.7/site-packages/airflow/example_dags/example_task_group.py for tasks to queue
[2023-01-27T01:24:52.109+0000] {logging_mixin.py:137} INFO - [2023-01-27T01:24:52.109+0000] {dagbag.py:538} INFO - Filling up the DagBag from /home/airflow/.local/lib/python3.7/site-packages/airflow/example_dags/example_task_group.py
[2023-01-27T01:24:52.183+0000] {processor.py:753} INFO - DAG(s) dict_keys(['example_task_group']) retrieved from /home/airflow/.local/lib/python3.7/site-packages/airflow/example_dags/example_task_group.py
[2023-01-27T01:24:52.270+0000] {logging_mixin.py:137} INFO - [2023-01-27T01:24:52.270+0000] {dag.py:2690} INFO - Sync 1 DAGs
[2023-01-27T01:24:52.582+0000] {logging_mixin.py:137} INFO - [2023-01-27T01:24:52.582+0000] {dag.py:3441} INFO - Setting next_dagrun for example_task_group to 2023-01-26T01:24:52.581829+00:00, run_after=2023-01-27T01:24:52.581829+00:00
[2023-01-27T01:24:52.679+0000] {processor.py:175} INFO - Processing /home/airflow/.local/lib/python3.7/site-packages/airflow/example_dags/example_task_group.py took 0.603 seconds
[2023-01-27T01:27:50.428+0000] {processor.py:153} INFO - Started process (PID=56) to work on /home/airflow/.local/lib/python3.7/site-packages/airflow/example_dags/example_task_group.py
[2023-01-27T01:27:50.431+0000] {processor.py:743} INFO - Processing file /home/airflow/.local/lib/python3.7/site-packages/airflow/example_dags/example_task_group.py for tasks to queue
[2023-01-27T01:27:50.434+0000] {logging_mixin.py:137} INFO - [2023-01-27T01:27:50.434+0000] {dagbag.py:538} INFO - Filling up the DagBag from /home/airflow/.local/lib/python3.7/site-packages/airflow/example_dags/example_task_group.py
[2023-01-27T01:27:50.596+0000] {processor.py:753} INFO - DAG(s) dict_keys(['example_task_group']) retrieved from /home/airflow/.local/lib/python3.7/site-packages/airflow/example_dags/example_task_group.py
[2023-01-27T01:27:50.685+0000] {logging_mixin.py:137} INFO - [2023-01-27T01:27:50.685+0000] {dag.py:2690} INFO - Sync 1 DAGs
[2023-01-27T01:27:50.765+0000] {logging_mixin.py:137} INFO - [2023-01-27T01:27:50.764+0000] {dag.py:3441} INFO - Setting next_dagrun for example_task_group to 2023-01-26T01:27:50.764393+00:00, run_after=2023-01-27T01:27:50.764393+00:00
[2023-01-27T01:27:50.828+0000] {processor.py:175} INFO - Processing /home/airflow/.local/lib/python3.7/site-packages/airflow/example_dags/example_task_group.py took 0.408 seconds
[2023-01-27T01:28:20.945+0000] {processor.py:153} INFO - Started process (PID=121) to work on /home/airflow/.local/lib/python3.7/site-packages/airflow/example_dags/example_task_group.py
[2023-01-27T01:28:20.948+0000] {processor.py:743} INFO - Processing file /home/airflow/.local/lib/python3.7/site-packages/airflow/example_dags/example_task_group.py for tasks to queue
[2023-01-27T01:28:20.953+0000] {logging_mixin.py:137} INFO - [2023-01-27T01:28:20.953+0000] {dagbag.py:538} INFO - Filling up the DagBag from /home/airflow/.local/lib/python3.7/site-packages/airflow/example_dags/example_task_group.py
[2023-01-27T01:28:20.977+0000] {processor.py:753} INFO - DAG(s) dict_keys(['example_task_group']) retrieved from /home/airflow/.local/lib/python3.7/site-packages/airflow/example_dags/example_task_group.py
[2023-01-27T01:28:21.019+0000] {logging_mixin.py:137} INFO - [2023-01-27T01:28:21.019+0000] {dag.py:2690} INFO - Sync 1 DAGs
[2023-01-27T01:28:21.060+0000] {logging_mixin.py:137} INFO - [2023-01-27T01:28:21.059+0000] {dag.py:3441} INFO - Setting next_dagrun for example_task_group to 2023-01-26T01:28:21.059297+00:00, run_after=2023-01-27T01:28:21.059297+00:00
[2023-01-27T01:28:21.099+0000] {processor.py:175} INFO - Processing /home/airflow/.local/lib/python3.7/site-packages/airflow/example_dags/example_task_group.py took 0.159 seconds
[2023-01-27T01:28:51.877+0000] {processor.py:153} INFO - Started process (PID=186) to work on /home/airflow/.local/lib/python3.7/site-packages/airflow/example_dags/example_task_group.py
[2023-01-27T01:28:51.883+0000] {processor.py:743} INFO - Processing file /home/airflow/.local/lib/python3.7/site-packages/airflow/example_dags/example_task_group.py for tasks to queue
[2023-01-27T01:28:51.892+0000] {logging_mixin.py:137} INFO - [2023-01-27T01:28:51.891+0000] {dagbag.py:538} INFO - Filling up the DagBag from /home/airflow/.local/lib/python3.7/site-packages/airflow/example_dags/example_task_group.py
[2023-01-27T01:28:51.936+0000] {processor.py:753} INFO - DAG(s) dict_keys(['example_task_group']) retrieved from /home/airflow/.local/lib/python3.7/site-packages/airflow/example_dags/example_task_group.py
[2023-01-27T01:28:51.981+0000] {logging_mixin.py:137} INFO - [2023-01-27T01:28:51.981+0000] {dag.py:2690} INFO - Sync 1 DAGs
[2023-01-27T01:28:52.026+0000] {logging_mixin.py:137} INFO - [2023-01-27T01:28:52.026+0000] {dag.py:3441} INFO - Setting next_dagrun for example_task_group to 2023-01-26T01:28:52.025616+00:00, run_after=2023-01-27T01:28:52.025616+00:00
[2023-01-27T01:28:52.063+0000] {processor.py:175} INFO - Processing /home/airflow/.local/lib/python3.7/site-packages/airflow/example_dags/example_task_group.py took 0.201 seconds
[2023-01-27T01:29:22.730+0000] {processor.py:153} INFO - Started process (PID=262) to work on /home/airflow/.local/lib/python3.7/site-packages/airflow/example_dags/example_task_group.py
[2023-01-27T01:29:22.734+0000] {processor.py:743} INFO - Processing file /home/airflow/.local/lib/python3.7/site-packages/airflow/example_dags/example_task_group.py for tasks to queue
[2023-01-27T01:29:22.738+0000] {logging_mixin.py:137} INFO - [2023-01-27T01:29:22.738+0000] {dagbag.py:538} INFO - Filling up the DagBag from /home/airflow/.local/lib/python3.7/site-packages/airflow/example_dags/example_task_group.py
[2023-01-27T01:29:22.781+0000] {processor.py:753} INFO - DAG(s) dict_keys(['example_task_group']) retrieved from /home/airflow/.local/lib/python3.7/site-packages/airflow/example_dags/example_task_group.py
[2023-01-27T01:29:22.828+0000] {logging_mixin.py:137} INFO - [2023-01-27T01:29:22.828+0000] {dag.py:2690} INFO - Sync 1 DAGs
[2023-01-27T01:29:22.874+0000] {logging_mixin.py:137} INFO - [2023-01-27T01:29:22.874+0000] {dag.py:3441} INFO - Setting next_dagrun for example_task_group to 2023-01-26T01:29:22.874100+00:00, run_after=2023-01-27T01:29:22.874100+00:00
[2023-01-27T01:29:22.917+0000] {processor.py:175} INFO - Processing /home/airflow/.local/lib/python3.7/site-packages/airflow/example_dags/example_task_group.py took 0.195 seconds
[2023-01-27T01:29:53.203+0000] {processor.py:153} INFO - Started process (PID=325) to work on /home/airflow/.local/lib/python3.7/site-packages/airflow/example_dags/example_task_group.py
[2023-01-27T01:29:53.206+0000] {processor.py:743} INFO - Processing file /home/airflow/.local/lib/python3.7/site-packages/airflow/example_dags/example_task_group.py for tasks to queue
[2023-01-27T01:29:53.209+0000] {logging_mixin.py:137} INFO - [2023-01-27T01:29:53.209+0000] {dagbag.py:538} INFO - Filling up the DagBag from /home/airflow/.local/lib/python3.7/site-packages/airflow/example_dags/example_task_group.py
[2023-01-27T01:29:53.237+0000] {processor.py:753} INFO - DAG(s) dict_keys(['example_task_group']) retrieved from /home/airflow/.local/lib/python3.7/site-packages/airflow/example_dags/example_task_group.py
[2023-01-27T01:29:53.280+0000] {logging_mixin.py:137} INFO - [2023-01-27T01:29:53.280+0000] {dag.py:2690} INFO - Sync 1 DAGs
[2023-01-27T01:29:53.329+0000] {logging_mixin.py:137} INFO - [2023-01-27T01:29:53.329+0000] {dag.py:3441} INFO - Setting next_dagrun for example_task_group to 2023-01-26T01:29:53.329266+00:00, run_after=2023-01-27T01:29:53.329266+00:00
[2023-01-27T01:29:53.371+0000] {processor.py:175} INFO - Processing /home/airflow/.local/lib/python3.7/site-packages/airflow/example_dags/example_task_group.py took 0.174 seconds
[2023-01-27T01:30:24.386+0000] {processor.py:153} INFO - Started process (PID=392) to work on /home/airflow/.local/lib/python3.7/site-packages/airflow/example_dags/example_task_group.py
[2023-01-27T01:30:24.392+0000] {processor.py:743} INFO - Processing file /home/airflow/.local/lib/python3.7/site-packages/airflow/example_dags/example_task_group.py for tasks to queue
[2023-01-27T01:30:24.394+0000] {logging_mixin.py:137} INFO - [2023-01-27T01:30:24.394+0000] {dagbag.py:538} INFO - Filling up the DagBag from /home/airflow/.local/lib/python3.7/site-packages/airflow/example_dags/example_task_group.py
[2023-01-27T01:30:24.441+0000] {processor.py:753} INFO - DAG(s) dict_keys(['example_task_group']) retrieved from /home/airflow/.local/lib/python3.7/site-packages/airflow/example_dags/example_task_group.py
[2023-01-27T01:30:24.508+0000] {logging_mixin.py:137} INFO - [2023-01-27T01:30:24.507+0000] {dag.py:2690} INFO - Sync 1 DAGs
[2023-01-27T01:30:24.594+0000] {logging_mixin.py:137} INFO - [2023-01-27T01:30:24.593+0000] {dag.py:3441} INFO - Setting next_dagrun for example_task_group to 2023-01-26T01:30:24.593286+00:00, run_after=2023-01-27T01:30:24.593286+00:00
[2023-01-27T01:30:24.669+0000] {processor.py:175} INFO - Processing /home/airflow/.local/lib/python3.7/site-packages/airflow/example_dags/example_task_group.py took 0.288 seconds
[2023-01-27T01:30:54.999+0000] {processor.py:153} INFO - Started process (PID=459) to work on /home/airflow/.local/lib/python3.7/site-packages/airflow/example_dags/example_task_group.py
[2023-01-27T01:30:55.003+0000] {processor.py:743} INFO - Processing file /home/airflow/.local/lib/python3.7/site-packages/airflow/example_dags/example_task_group.py for tasks to queue
[2023-01-27T01:30:55.007+0000] {logging_mixin.py:137} INFO - [2023-01-27T01:30:55.006+0000] {dagbag.py:538} INFO - Filling up the DagBag from /home/airflow/.local/lib/python3.7/site-packages/airflow/example_dags/example_task_group.py
[2023-01-27T01:30:55.050+0000] {processor.py:753} INFO - DAG(s) dict_keys(['example_task_group']) retrieved from /home/airflow/.local/lib/python3.7/site-packages/airflow/example_dags/example_task_group.py
[2023-01-27T01:30:55.117+0000] {logging_mixin.py:137} INFO - [2023-01-27T01:30:55.117+0000] {dag.py:2690} INFO - Sync 1 DAGs
[2023-01-27T01:30:55.201+0000] {logging_mixin.py:137} INFO - [2023-01-27T01:30:55.201+0000] {dag.py:3441} INFO - Setting next_dagrun for example_task_group to 2023-01-26T01:30:55.200827+00:00, run_after=2023-01-27T01:30:55.200827+00:00
[2023-01-27T01:30:55.277+0000] {processor.py:175} INFO - Processing /home/airflow/.local/lib/python3.7/site-packages/airflow/example_dags/example_task_group.py took 0.286 seconds
[2023-01-27T01:31:25.472+0000] {processor.py:153} INFO - Started process (PID=525) to work on /home/airflow/.local/lib/python3.7/site-packages/airflow/example_dags/example_task_group.py
[2023-01-27T01:31:25.476+0000] {processor.py:743} INFO - Processing file /home/airflow/.local/lib/python3.7/site-packages/airflow/example_dags/example_task_group.py for tasks to queue
[2023-01-27T01:31:25.478+0000] {logging_mixin.py:137} INFO - [2023-01-27T01:31:25.477+0000] {dagbag.py:538} INFO - Filling up the DagBag from /home/airflow/.local/lib/python3.7/site-packages/airflow/example_dags/example_task_group.py
[2023-01-27T01:31:25.510+0000] {processor.py:753} INFO - DAG(s) dict_keys(['example_task_group']) retrieved from /home/airflow/.local/lib/python3.7/site-packages/airflow/example_dags/example_task_group.py
[2023-01-27T01:31:25.570+0000] {logging_mixin.py:137} INFO - [2023-01-27T01:31:25.570+0000] {dag.py:2690} INFO - Sync 1 DAGs
[2023-01-27T01:31:25.609+0000] {logging_mixin.py:137} INFO - [2023-01-27T01:31:25.609+0000] {dag.py:3441} INFO - Setting next_dagrun for example_task_group to 2023-01-26T01:31:25.608886+00:00, run_after=2023-01-27T01:31:25.608886+00:00
[2023-01-27T01:31:25.644+0000] {processor.py:175} INFO - Processing /home/airflow/.local/lib/python3.7/site-packages/airflow/example_dags/example_task_group.py took 0.177 seconds
[2023-01-27T01:31:56.331+0000] {processor.py:153} INFO - Started process (PID=589) to work on /home/airflow/.local/lib/python3.7/site-packages/airflow/example_dags/example_task_group.py
[2023-01-27T01:31:56.333+0000] {processor.py:743} INFO - Processing file /home/airflow/.local/lib/python3.7/site-packages/airflow/example_dags/example_task_group.py for tasks to queue
[2023-01-27T01:31:56.335+0000] {logging_mixin.py:137} INFO - [2023-01-27T01:31:56.335+0000] {dagbag.py:538} INFO - Filling up the DagBag from /home/airflow/.local/lib/python3.7/site-packages/airflow/example_dags/example_task_group.py
[2023-01-27T01:31:56.367+0000] {processor.py:753} INFO - DAG(s) dict_keys(['example_task_group']) retrieved from /home/airflow/.local/lib/python3.7/site-packages/airflow/example_dags/example_task_group.py
[2023-01-27T01:31:56.414+0000] {logging_mixin.py:137} INFO - [2023-01-27T01:31:56.414+0000] {dag.py:2690} INFO - Sync 1 DAGs
[2023-01-27T01:31:56.467+0000] {logging_mixin.py:137} INFO - [2023-01-27T01:31:56.467+0000] {dag.py:3441} INFO - Setting next_dagrun for example_task_group to 2023-01-26T01:31:56.466756+00:00, run_after=2023-01-27T01:31:56.466756+00:00
[2023-01-27T01:31:56.515+0000] {processor.py:175} INFO - Processing /home/airflow/.local/lib/python3.7/site-packages/airflow/example_dags/example_task_group.py took 0.188 seconds
[2023-01-27T01:32:26.698+0000] {processor.py:153} INFO - Started process (PID=667) to work on /home/airflow/.local/lib/python3.7/site-packages/airflow/example_dags/example_task_group.py
[2023-01-27T01:32:26.701+0000] {processor.py:743} INFO - Processing file /home/airflow/.local/lib/python3.7/site-packages/airflow/example_dags/example_task_group.py for tasks to queue
[2023-01-27T01:32:26.703+0000] {logging_mixin.py:137} INFO - [2023-01-27T01:32:26.703+0000] {dagbag.py:538} INFO - Filling up the DagBag from /home/airflow/.local/lib/python3.7/site-packages/airflow/example_dags/example_task_group.py
[2023-01-27T01:32:26.729+0000] {processor.py:753} INFO - DAG(s) dict_keys(['example_task_group']) retrieved from /home/airflow/.local/lib/python3.7/site-packages/airflow/example_dags/example_task_group.py
[2023-01-27T01:32:26.773+0000] {logging_mixin.py:137} INFO - [2023-01-27T01:32:26.773+0000] {dag.py:2690} INFO - Sync 1 DAGs
[2023-01-27T01:32:26.821+0000] {logging_mixin.py:137} INFO - [2023-01-27T01:32:26.821+0000] {dag.py:3441} INFO - Setting next_dagrun for example_task_group to 2023-01-26T01:32:26.820706+00:00, run_after=2023-01-27T01:32:26.820706+00:00
[2023-01-27T01:32:26.853+0000] {processor.py:175} INFO - Processing /home/airflow/.local/lib/python3.7/site-packages/airflow/example_dags/example_task_group.py took 0.161 seconds
[2023-01-27T01:32:57.017+0000] {processor.py:153} INFO - Started process (PID=732) to work on /home/airflow/.local/lib/python3.7/site-packages/airflow/example_dags/example_task_group.py
[2023-01-27T01:32:57.019+0000] {processor.py:743} INFO - Processing file /home/airflow/.local/lib/python3.7/site-packages/airflow/example_dags/example_task_group.py for tasks to queue
[2023-01-27T01:32:57.022+0000] {logging_mixin.py:137} INFO - [2023-01-27T01:32:57.022+0000] {dagbag.py:538} INFO - Filling up the DagBag from /home/airflow/.local/lib/python3.7/site-packages/airflow/example_dags/example_task_group.py
[2023-01-27T01:32:57.046+0000] {processor.py:753} INFO - DAG(s) dict_keys(['example_task_group']) retrieved from /home/airflow/.local/lib/python3.7/site-packages/airflow/example_dags/example_task_group.py
[2023-01-27T01:32:57.092+0000] {logging_mixin.py:137} INFO - [2023-01-27T01:32:57.092+0000] {dag.py:2690} INFO - Sync 1 DAGs
[2023-01-27T01:32:57.139+0000] {logging_mixin.py:137} INFO - [2023-01-27T01:32:57.138+0000] {dag.py:3441} INFO - Setting next_dagrun for example_task_group to 2023-01-26T01:32:57.138637+00:00, run_after=2023-01-27T01:32:57.138637+00:00
[2023-01-27T01:32:57.170+0000] {processor.py:175} INFO - Processing /home/airflow/.local/lib/python3.7/site-packages/airflow/example_dags/example_task_group.py took 0.160 seconds
