[2023-01-27T01:24:18.308+0000] {processor.py:153} INFO - Started process (PID=50) to work on /home/airflow/.local/lib/python3.7/site-packages/airflow/example_dags/example_nested_branch_dag.py
[2023-01-27T01:24:18.311+0000] {processor.py:743} INFO - Processing file /home/airflow/.local/lib/python3.7/site-packages/airflow/example_dags/example_nested_branch_dag.py for tasks to queue
[2023-01-27T01:24:18.315+0000] {logging_mixin.py:137} INFO - [2023-01-27T01:24:18.314+0000] {dagbag.py:538} INFO - Filling up the DagBag from /home/airflow/.local/lib/python3.7/site-packages/airflow/example_dags/example_nested_branch_dag.py
[2023-01-27T01:24:18.389+0000] {processor.py:753} INFO - DAG(s) dict_keys(['example_nested_branch_dag']) retrieved from /home/airflow/.local/lib/python3.7/site-packages/airflow/example_dags/example_nested_branch_dag.py
[2023-01-27T01:24:18.477+0000] {logging_mixin.py:137} INFO - [2023-01-27T01:24:18.476+0000] {dag.py:2690} INFO - Sync 1 DAGs
[2023-01-27T01:24:18.553+0000] {logging_mixin.py:137} INFO - [2023-01-27T01:24:18.553+0000] {dag.py:3441} INFO - Setting next_dagrun for example_nested_branch_dag to 2023-01-26T00:00:00+00:00, run_after=2023-01-27T00:00:00+00:00
[2023-01-27T01:24:18.616+0000] {processor.py:175} INFO - Processing /home/airflow/.local/lib/python3.7/site-packages/airflow/example_dags/example_nested_branch_dag.py took 0.314 seconds
[2023-01-27T01:24:49.062+0000] {processor.py:153} INFO - Started process (PID=115) to work on /home/airflow/.local/lib/python3.7/site-packages/airflow/example_dags/example_nested_branch_dag.py
[2023-01-27T01:24:49.065+0000] {processor.py:743} INFO - Processing file /home/airflow/.local/lib/python3.7/site-packages/airflow/example_dags/example_nested_branch_dag.py for tasks to queue
[2023-01-27T01:24:49.069+0000] {logging_mixin.py:137} INFO - [2023-01-27T01:24:49.068+0000] {dagbag.py:538} INFO - Filling up the DagBag from /home/airflow/.local/lib/python3.7/site-packages/airflow/example_dags/example_nested_branch_dag.py
[2023-01-27T01:24:49.135+0000] {processor.py:753} INFO - DAG(s) dict_keys(['example_nested_branch_dag']) retrieved from /home/airflow/.local/lib/python3.7/site-packages/airflow/example_dags/example_nested_branch_dag.py
[2023-01-27T01:24:49.188+0000] {logging_mixin.py:137} INFO - [2023-01-27T01:24:49.187+0000] {dag.py:2690} INFO - Sync 1 DAGs
[2023-01-27T01:24:49.235+0000] {logging_mixin.py:137} INFO - [2023-01-27T01:24:49.235+0000] {dag.py:3441} INFO - Setting next_dagrun for example_nested_branch_dag to 2023-01-26T00:00:00+00:00, run_after=2023-01-27T00:00:00+00:00
[2023-01-27T01:24:49.287+0000] {processor.py:175} INFO - Processing /home/airflow/.local/lib/python3.7/site-packages/airflow/example_dags/example_nested_branch_dag.py took 0.233 seconds
[2023-01-27T01:27:47.977+0000] {processor.py:153} INFO - Started process (PID=50) to work on /home/airflow/.local/lib/python3.7/site-packages/airflow/example_dags/example_nested_branch_dag.py
[2023-01-27T01:27:47.981+0000] {processor.py:743} INFO - Processing file /home/airflow/.local/lib/python3.7/site-packages/airflow/example_dags/example_nested_branch_dag.py for tasks to queue
[2023-01-27T01:27:47.985+0000] {logging_mixin.py:137} INFO - [2023-01-27T01:27:47.984+0000] {dagbag.py:538} INFO - Filling up the DagBag from /home/airflow/.local/lib/python3.7/site-packages/airflow/example_dags/example_nested_branch_dag.py
[2023-01-27T01:27:48.091+0000] {processor.py:753} INFO - DAG(s) dict_keys(['example_nested_branch_dag']) retrieved from /home/airflow/.local/lib/python3.7/site-packages/airflow/example_dags/example_nested_branch_dag.py
[2023-01-27T01:27:48.172+0000] {logging_mixin.py:137} INFO - [2023-01-27T01:27:48.172+0000] {dag.py:2690} INFO - Sync 1 DAGs
[2023-01-27T01:27:48.248+0000] {logging_mixin.py:137} INFO - [2023-01-27T01:27:48.247+0000] {dag.py:3441} INFO - Setting next_dagrun for example_nested_branch_dag to 2023-01-26T00:00:00+00:00, run_after=2023-01-27T00:00:00+00:00
[2023-01-27T01:27:48.454+0000] {processor.py:175} INFO - Processing /home/airflow/.local/lib/python3.7/site-packages/airflow/example_dags/example_nested_branch_dag.py took 0.497 seconds
[2023-01-27T01:28:18.656+0000] {processor.py:153} INFO - Started process (PID=113) to work on /home/airflow/.local/lib/python3.7/site-packages/airflow/example_dags/example_nested_branch_dag.py
[2023-01-27T01:28:18.659+0000] {processor.py:743} INFO - Processing file /home/airflow/.local/lib/python3.7/site-packages/airflow/example_dags/example_nested_branch_dag.py for tasks to queue
[2023-01-27T01:28:18.661+0000] {logging_mixin.py:137} INFO - [2023-01-27T01:28:18.661+0000] {dagbag.py:538} INFO - Filling up the DagBag from /home/airflow/.local/lib/python3.7/site-packages/airflow/example_dags/example_nested_branch_dag.py
[2023-01-27T01:28:18.702+0000] {processor.py:753} INFO - DAG(s) dict_keys(['example_nested_branch_dag']) retrieved from /home/airflow/.local/lib/python3.7/site-packages/airflow/example_dags/example_nested_branch_dag.py
[2023-01-27T01:28:18.744+0000] {logging_mixin.py:137} INFO - [2023-01-27T01:28:18.744+0000] {dag.py:2690} INFO - Sync 1 DAGs
[2023-01-27T01:28:18.785+0000] {logging_mixin.py:137} INFO - [2023-01-27T01:28:18.785+0000] {dag.py:3441} INFO - Setting next_dagrun for example_nested_branch_dag to 2023-01-26T00:00:00+00:00, run_after=2023-01-27T00:00:00+00:00
[2023-01-27T01:28:18.815+0000] {processor.py:175} INFO - Processing /home/airflow/.local/lib/python3.7/site-packages/airflow/example_dags/example_nested_branch_dag.py took 0.163 seconds
[2023-01-27T01:28:49.311+0000] {processor.py:153} INFO - Started process (PID=178) to work on /home/airflow/.local/lib/python3.7/site-packages/airflow/example_dags/example_nested_branch_dag.py
[2023-01-27T01:28:49.313+0000] {processor.py:743} INFO - Processing file /home/airflow/.local/lib/python3.7/site-packages/airflow/example_dags/example_nested_branch_dag.py for tasks to queue
[2023-01-27T01:28:49.315+0000] {logging_mixin.py:137} INFO - [2023-01-27T01:28:49.315+0000] {dagbag.py:538} INFO - Filling up the DagBag from /home/airflow/.local/lib/python3.7/site-packages/airflow/example_dags/example_nested_branch_dag.py
[2023-01-27T01:28:49.356+0000] {processor.py:753} INFO - DAG(s) dict_keys(['example_nested_branch_dag']) retrieved from /home/airflow/.local/lib/python3.7/site-packages/airflow/example_dags/example_nested_branch_dag.py
[2023-01-27T01:28:49.404+0000] {logging_mixin.py:137} INFO - [2023-01-27T01:28:49.404+0000] {dag.py:2690} INFO - Sync 1 DAGs
[2023-01-27T01:28:49.446+0000] {logging_mixin.py:137} INFO - [2023-01-27T01:28:49.446+0000] {dag.py:3441} INFO - Setting next_dagrun for example_nested_branch_dag to 2023-01-26T00:00:00+00:00, run_after=2023-01-27T00:00:00+00:00
[2023-01-27T01:28:49.471+0000] {processor.py:175} INFO - Processing /home/airflow/.local/lib/python3.7/site-packages/airflow/example_dags/example_nested_branch_dag.py took 0.166 seconds
[2023-01-27T01:29:19.695+0000] {processor.py:153} INFO - Started process (PID=242) to work on /home/airflow/.local/lib/python3.7/site-packages/airflow/example_dags/example_nested_branch_dag.py
[2023-01-27T01:29:19.697+0000] {processor.py:743} INFO - Processing file /home/airflow/.local/lib/python3.7/site-packages/airflow/example_dags/example_nested_branch_dag.py for tasks to queue
[2023-01-27T01:29:19.700+0000] {logging_mixin.py:137} INFO - [2023-01-27T01:29:19.700+0000] {dagbag.py:538} INFO - Filling up the DagBag from /home/airflow/.local/lib/python3.7/site-packages/airflow/example_dags/example_nested_branch_dag.py
[2023-01-27T01:29:19.750+0000] {processor.py:753} INFO - DAG(s) dict_keys(['example_nested_branch_dag']) retrieved from /home/airflow/.local/lib/python3.7/site-packages/airflow/example_dags/example_nested_branch_dag.py
[2023-01-27T01:29:19.813+0000] {logging_mixin.py:137} INFO - [2023-01-27T01:29:19.812+0000] {dag.py:2690} INFO - Sync 1 DAGs
[2023-01-27T01:29:19.852+0000] {logging_mixin.py:137} INFO - [2023-01-27T01:29:19.851+0000] {dag.py:3441} INFO - Setting next_dagrun for example_nested_branch_dag to 2023-01-26T00:00:00+00:00, run_after=2023-01-27T00:00:00+00:00
[2023-01-27T01:29:19.902+0000] {processor.py:175} INFO - Processing /home/airflow/.local/lib/python3.7/site-packages/airflow/example_dags/example_nested_branch_dag.py took 0.213 seconds
[2023-01-27T01:29:50.678+0000] {processor.py:153} INFO - Started process (PID=319) to work on /home/airflow/.local/lib/python3.7/site-packages/airflow/example_dags/example_nested_branch_dag.py
[2023-01-27T01:29:50.682+0000] {processor.py:743} INFO - Processing file /home/airflow/.local/lib/python3.7/site-packages/airflow/example_dags/example_nested_branch_dag.py for tasks to queue
[2023-01-27T01:29:50.687+0000] {logging_mixin.py:137} INFO - [2023-01-27T01:29:50.687+0000] {dagbag.py:538} INFO - Filling up the DagBag from /home/airflow/.local/lib/python3.7/site-packages/airflow/example_dags/example_nested_branch_dag.py
[2023-01-27T01:29:50.769+0000] {processor.py:753} INFO - DAG(s) dict_keys(['example_nested_branch_dag']) retrieved from /home/airflow/.local/lib/python3.7/site-packages/airflow/example_dags/example_nested_branch_dag.py
[2023-01-27T01:29:50.811+0000] {logging_mixin.py:137} INFO - [2023-01-27T01:29:50.811+0000] {dag.py:2690} INFO - Sync 1 DAGs
[2023-01-27T01:29:50.852+0000] {logging_mixin.py:137} INFO - [2023-01-27T01:29:50.852+0000] {dag.py:3441} INFO - Setting next_dagrun for example_nested_branch_dag to 2023-01-26T00:00:00+00:00, run_after=2023-01-27T00:00:00+00:00
[2023-01-27T01:29:50.889+0000] {processor.py:175} INFO - Processing /home/airflow/.local/lib/python3.7/site-packages/airflow/example_dags/example_nested_branch_dag.py took 0.221 seconds
[2023-01-27T01:30:21.086+0000] {processor.py:153} INFO - Started process (PID=386) to work on /home/airflow/.local/lib/python3.7/site-packages/airflow/example_dags/example_nested_branch_dag.py
[2023-01-27T01:30:21.089+0000] {processor.py:743} INFO - Processing file /home/airflow/.local/lib/python3.7/site-packages/airflow/example_dags/example_nested_branch_dag.py for tasks to queue
[2023-01-27T01:30:21.091+0000] {logging_mixin.py:137} INFO - [2023-01-27T01:30:21.091+0000] {dagbag.py:538} INFO - Filling up the DagBag from /home/airflow/.local/lib/python3.7/site-packages/airflow/example_dags/example_nested_branch_dag.py
[2023-01-27T01:30:21.131+0000] {processor.py:753} INFO - DAG(s) dict_keys(['example_nested_branch_dag']) retrieved from /home/airflow/.local/lib/python3.7/site-packages/airflow/example_dags/example_nested_branch_dag.py
[2023-01-27T01:30:21.177+0000] {logging_mixin.py:137} INFO - [2023-01-27T01:30:21.177+0000] {dag.py:2690} INFO - Sync 1 DAGs
[2023-01-27T01:30:21.237+0000] {logging_mixin.py:137} INFO - [2023-01-27T01:30:21.237+0000] {dag.py:3441} INFO - Setting next_dagrun for example_nested_branch_dag to 2023-01-26T00:00:00+00:00, run_after=2023-01-27T00:00:00+00:00
[2023-01-27T01:30:21.292+0000] {processor.py:175} INFO - Processing /home/airflow/.local/lib/python3.7/site-packages/airflow/example_dags/example_nested_branch_dag.py took 0.212 seconds
[2023-01-27T01:30:51.886+0000] {processor.py:153} INFO - Started process (PID=453) to work on /home/airflow/.local/lib/python3.7/site-packages/airflow/example_dags/example_nested_branch_dag.py
[2023-01-27T01:30:51.891+0000] {processor.py:743} INFO - Processing file /home/airflow/.local/lib/python3.7/site-packages/airflow/example_dags/example_nested_branch_dag.py for tasks to queue
[2023-01-27T01:30:51.898+0000] {logging_mixin.py:137} INFO - [2023-01-27T01:30:51.898+0000] {dagbag.py:538} INFO - Filling up the DagBag from /home/airflow/.local/lib/python3.7/site-packages/airflow/example_dags/example_nested_branch_dag.py
[2023-01-27T01:30:51.971+0000] {processor.py:753} INFO - DAG(s) dict_keys(['example_nested_branch_dag']) retrieved from /home/airflow/.local/lib/python3.7/site-packages/airflow/example_dags/example_nested_branch_dag.py
[2023-01-27T01:30:52.130+0000] {logging_mixin.py:137} INFO - [2023-01-27T01:30:52.130+0000] {dag.py:2690} INFO - Sync 1 DAGs
[2023-01-27T01:30:52.216+0000] {logging_mixin.py:137} INFO - [2023-01-27T01:30:52.214+0000] {dag.py:3441} INFO - Setting next_dagrun for example_nested_branch_dag to 2023-01-26T00:00:00+00:00, run_after=2023-01-27T00:00:00+00:00
[2023-01-27T01:30:52.277+0000] {processor.py:175} INFO - Processing /home/airflow/.local/lib/python3.7/site-packages/airflow/example_dags/example_nested_branch_dag.py took 0.402 seconds
[2023-01-27T01:31:22.753+0000] {processor.py:153} INFO - Started process (PID=519) to work on /home/airflow/.local/lib/python3.7/site-packages/airflow/example_dags/example_nested_branch_dag.py
[2023-01-27T01:31:22.755+0000] {processor.py:743} INFO - Processing file /home/airflow/.local/lib/python3.7/site-packages/airflow/example_dags/example_nested_branch_dag.py for tasks to queue
[2023-01-27T01:31:22.758+0000] {logging_mixin.py:137} INFO - [2023-01-27T01:31:22.758+0000] {dagbag.py:538} INFO - Filling up the DagBag from /home/airflow/.local/lib/python3.7/site-packages/airflow/example_dags/example_nested_branch_dag.py
[2023-01-27T01:31:22.812+0000] {processor.py:753} INFO - DAG(s) dict_keys(['example_nested_branch_dag']) retrieved from /home/airflow/.local/lib/python3.7/site-packages/airflow/example_dags/example_nested_branch_dag.py
[2023-01-27T01:31:22.872+0000] {logging_mixin.py:137} INFO - [2023-01-27T01:31:22.872+0000] {dag.py:2690} INFO - Sync 1 DAGs
[2023-01-27T01:31:22.932+0000] {logging_mixin.py:137} INFO - [2023-01-27T01:31:22.932+0000] {dag.py:3441} INFO - Setting next_dagrun for example_nested_branch_dag to 2023-01-26T00:00:00+00:00, run_after=2023-01-27T00:00:00+00:00
[2023-01-27T01:31:22.979+0000] {processor.py:175} INFO - Processing /home/airflow/.local/lib/python3.7/site-packages/airflow/example_dags/example_nested_branch_dag.py took 0.233 seconds
[2023-01-27T01:31:53.563+0000] {processor.py:153} INFO - Started process (PID=583) to work on /home/airflow/.local/lib/python3.7/site-packages/airflow/example_dags/example_nested_branch_dag.py
[2023-01-27T01:31:53.565+0000] {processor.py:743} INFO - Processing file /home/airflow/.local/lib/python3.7/site-packages/airflow/example_dags/example_nested_branch_dag.py for tasks to queue
[2023-01-27T01:31:53.567+0000] {logging_mixin.py:137} INFO - [2023-01-27T01:31:53.567+0000] {dagbag.py:538} INFO - Filling up the DagBag from /home/airflow/.local/lib/python3.7/site-packages/airflow/example_dags/example_nested_branch_dag.py
[2023-01-27T01:31:53.607+0000] {processor.py:753} INFO - DAG(s) dict_keys(['example_nested_branch_dag']) retrieved from /home/airflow/.local/lib/python3.7/site-packages/airflow/example_dags/example_nested_branch_dag.py
[2023-01-27T01:31:53.649+0000] {logging_mixin.py:137} INFO - [2023-01-27T01:31:53.648+0000] {dag.py:2690} INFO - Sync 1 DAGs
[2023-01-27T01:31:53.682+0000] {logging_mixin.py:137} INFO - [2023-01-27T01:31:53.681+0000] {dag.py:3441} INFO - Setting next_dagrun for example_nested_branch_dag to 2023-01-26T00:00:00+00:00, run_after=2023-01-27T00:00:00+00:00
[2023-01-27T01:31:53.711+0000] {processor.py:175} INFO - Processing /home/airflow/.local/lib/python3.7/site-packages/airflow/example_dags/example_nested_branch_dag.py took 0.154 seconds
[2023-01-27T01:32:23.787+0000] {processor.py:153} INFO - Started process (PID=649) to work on /home/airflow/.local/lib/python3.7/site-packages/airflow/example_dags/example_nested_branch_dag.py
[2023-01-27T01:32:23.790+0000] {processor.py:743} INFO - Processing file /home/airflow/.local/lib/python3.7/site-packages/airflow/example_dags/example_nested_branch_dag.py for tasks to queue
[2023-01-27T01:32:23.791+0000] {logging_mixin.py:137} INFO - [2023-01-27T01:32:23.791+0000] {dagbag.py:538} INFO - Filling up the DagBag from /home/airflow/.local/lib/python3.7/site-packages/airflow/example_dags/example_nested_branch_dag.py
[2023-01-27T01:32:23.821+0000] {processor.py:753} INFO - DAG(s) dict_keys(['example_nested_branch_dag']) retrieved from /home/airflow/.local/lib/python3.7/site-packages/airflow/example_dags/example_nested_branch_dag.py
[2023-01-27T01:32:23.863+0000] {logging_mixin.py:137} INFO - [2023-01-27T01:32:23.862+0000] {dag.py:2690} INFO - Sync 1 DAGs
[2023-01-27T01:32:23.901+0000] {logging_mixin.py:137} INFO - [2023-01-27T01:32:23.901+0000] {dag.py:3441} INFO - Setting next_dagrun for example_nested_branch_dag to 2023-01-26T00:00:00+00:00, run_after=2023-01-27T00:00:00+00:00
[2023-01-27T01:32:23.933+0000] {processor.py:175} INFO - Processing /home/airflow/.local/lib/python3.7/site-packages/airflow/example_dags/example_nested_branch_dag.py took 0.150 seconds
[2023-01-27T01:32:54.312+0000] {processor.py:153} INFO - Started process (PID=726) to work on /home/airflow/.local/lib/python3.7/site-packages/airflow/example_dags/example_nested_branch_dag.py
[2023-01-27T01:32:54.331+0000] {processor.py:743} INFO - Processing file /home/airflow/.local/lib/python3.7/site-packages/airflow/example_dags/example_nested_branch_dag.py for tasks to queue
[2023-01-27T01:32:54.347+0000] {logging_mixin.py:137} INFO - [2023-01-27T01:32:54.347+0000] {dagbag.py:538} INFO - Filling up the DagBag from /home/airflow/.local/lib/python3.7/site-packages/airflow/example_dags/example_nested_branch_dag.py
[2023-01-27T01:32:54.433+0000] {processor.py:753} INFO - DAG(s) dict_keys(['example_nested_branch_dag']) retrieved from /home/airflow/.local/lib/python3.7/site-packages/airflow/example_dags/example_nested_branch_dag.py
[2023-01-27T01:32:54.661+0000] {logging_mixin.py:137} INFO - [2023-01-27T01:32:54.659+0000] {dag.py:2690} INFO - Sync 1 DAGs
[2023-01-27T01:32:54.811+0000] {logging_mixin.py:137} INFO - [2023-01-27T01:32:54.810+0000] {dag.py:3441} INFO - Setting next_dagrun for example_nested_branch_dag to 2023-01-26T00:00:00+00:00, run_after=2023-01-27T00:00:00+00:00
[2023-01-27T01:32:54.967+0000] {processor.py:175} INFO - Processing /home/airflow/.local/lib/python3.7/site-packages/airflow/example_dags/example_nested_branch_dag.py took 0.679 seconds
