[2023-01-27T01:24:16.908+0000] {processor.py:153} INFO - Started process (PID=46) to work on /home/airflow/.local/lib/python3.7/site-packages/airflow/example_dags/example_branch_day_of_week_operator.py
[2023-01-27T01:24:16.910+0000] {processor.py:743} INFO - Processing file /home/airflow/.local/lib/python3.7/site-packages/airflow/example_dags/example_branch_day_of_week_operator.py for tasks to queue
[2023-01-27T01:24:16.911+0000] {logging_mixin.py:137} INFO - [2023-01-27T01:24:16.911+0000] {dagbag.py:538} INFO - Filling up the DagBag from /home/airflow/.local/lib/python3.7/site-packages/airflow/example_dags/example_branch_day_of_week_operator.py
[2023-01-27T01:24:17.020+0000] {processor.py:753} INFO - DAG(s) dict_keys(['example_weekday_branch_operator']) retrieved from /home/airflow/.local/lib/python3.7/site-packages/airflow/example_dags/example_branch_day_of_week_operator.py
[2023-01-27T01:24:17.196+0000] {logging_mixin.py:137} INFO - [2023-01-27T01:24:17.196+0000] {dag.py:2690} INFO - Sync 1 DAGs
[2023-01-27T01:24:17.338+0000] {logging_mixin.py:137} INFO - [2023-01-27T01:24:17.329+0000] {dag.py:3441} INFO - Setting next_dagrun for example_weekday_branch_operator to 2023-01-26T00:00:00+00:00, run_after=2023-01-27T00:00:00+00:00
[2023-01-27T01:24:17.498+0000] {processor.py:175} INFO - Processing /home/airflow/.local/lib/python3.7/site-packages/airflow/example_dags/example_branch_day_of_week_operator.py took 0.593 seconds
[2023-01-27T01:24:47.833+0000] {processor.py:153} INFO - Started process (PID=112) to work on /home/airflow/.local/lib/python3.7/site-packages/airflow/example_dags/example_branch_day_of_week_operator.py
[2023-01-27T01:24:47.836+0000] {processor.py:743} INFO - Processing file /home/airflow/.local/lib/python3.7/site-packages/airflow/example_dags/example_branch_day_of_week_operator.py for tasks to queue
[2023-01-27T01:24:47.839+0000] {logging_mixin.py:137} INFO - [2023-01-27T01:24:47.839+0000] {dagbag.py:538} INFO - Filling up the DagBag from /home/airflow/.local/lib/python3.7/site-packages/airflow/example_dags/example_branch_day_of_week_operator.py
[2023-01-27T01:24:47.870+0000] {processor.py:753} INFO - DAG(s) dict_keys(['example_weekday_branch_operator']) retrieved from /home/airflow/.local/lib/python3.7/site-packages/airflow/example_dags/example_branch_day_of_week_operator.py
[2023-01-27T01:24:47.915+0000] {logging_mixin.py:137} INFO - [2023-01-27T01:24:47.915+0000] {dag.py:2690} INFO - Sync 1 DAGs
[2023-01-27T01:24:47.961+0000] {logging_mixin.py:137} INFO - [2023-01-27T01:24:47.960+0000] {dag.py:3441} INFO - Setting next_dagrun for example_weekday_branch_operator to 2023-01-26T00:00:00+00:00, run_after=2023-01-27T00:00:00+00:00
[2023-01-27T01:24:47.996+0000] {processor.py:175} INFO - Processing /home/airflow/.local/lib/python3.7/site-packages/airflow/example_dags/example_branch_day_of_week_operator.py took 0.174 seconds
[2023-01-27T01:27:46.590+0000] {processor.py:153} INFO - Started process (PID=46) to work on /home/airflow/.local/lib/python3.7/site-packages/airflow/example_dags/example_branch_day_of_week_operator.py
[2023-01-27T01:27:46.594+0000] {processor.py:743} INFO - Processing file /home/airflow/.local/lib/python3.7/site-packages/airflow/example_dags/example_branch_day_of_week_operator.py for tasks to queue
[2023-01-27T01:27:46.598+0000] {logging_mixin.py:137} INFO - [2023-01-27T01:27:46.598+0000] {dagbag.py:538} INFO - Filling up the DagBag from /home/airflow/.local/lib/python3.7/site-packages/airflow/example_dags/example_branch_day_of_week_operator.py
[2023-01-27T01:27:46.696+0000] {processor.py:753} INFO - DAG(s) dict_keys(['example_weekday_branch_operator']) retrieved from /home/airflow/.local/lib/python3.7/site-packages/airflow/example_dags/example_branch_day_of_week_operator.py
[2023-01-27T01:27:46.812+0000] {logging_mixin.py:137} INFO - [2023-01-27T01:27:46.811+0000] {dag.py:2690} INFO - Sync 1 DAGs
[2023-01-27T01:27:46.970+0000] {logging_mixin.py:137} INFO - [2023-01-27T01:27:46.970+0000] {dag.py:3441} INFO - Setting next_dagrun for example_weekday_branch_operator to 2023-01-26T00:00:00+00:00, run_after=2023-01-27T00:00:00+00:00
[2023-01-27T01:27:47.053+0000] {processor.py:175} INFO - Processing /home/airflow/.local/lib/python3.7/site-packages/airflow/example_dags/example_branch_day_of_week_operator.py took 0.474 seconds
[2023-01-27T01:28:17.635+0000] {processor.py:153} INFO - Started process (PID=110) to work on /home/airflow/.local/lib/python3.7/site-packages/airflow/example_dags/example_branch_day_of_week_operator.py
[2023-01-27T01:28:17.637+0000] {processor.py:743} INFO - Processing file /home/airflow/.local/lib/python3.7/site-packages/airflow/example_dags/example_branch_day_of_week_operator.py for tasks to queue
[2023-01-27T01:28:17.640+0000] {logging_mixin.py:137} INFO - [2023-01-27T01:28:17.639+0000] {dagbag.py:538} INFO - Filling up the DagBag from /home/airflow/.local/lib/python3.7/site-packages/airflow/example_dags/example_branch_day_of_week_operator.py
[2023-01-27T01:28:17.676+0000] {processor.py:753} INFO - DAG(s) dict_keys(['example_weekday_branch_operator']) retrieved from /home/airflow/.local/lib/python3.7/site-packages/airflow/example_dags/example_branch_day_of_week_operator.py
[2023-01-27T01:28:17.732+0000] {logging_mixin.py:137} INFO - [2023-01-27T01:28:17.732+0000] {dag.py:2690} INFO - Sync 1 DAGs
[2023-01-27T01:28:17.783+0000] {logging_mixin.py:137} INFO - [2023-01-27T01:28:17.783+0000] {dag.py:3441} INFO - Setting next_dagrun for example_weekday_branch_operator to 2023-01-26T00:00:00+00:00, run_after=2023-01-27T00:00:00+00:00
[2023-01-27T01:28:17.819+0000] {processor.py:175} INFO - Processing /home/airflow/.local/lib/python3.7/site-packages/airflow/example_dags/example_branch_day_of_week_operator.py took 0.192 seconds
[2023-01-27T01:28:48.114+0000] {processor.py:153} INFO - Started process (PID=175) to work on /home/airflow/.local/lib/python3.7/site-packages/airflow/example_dags/example_branch_day_of_week_operator.py
[2023-01-27T01:28:48.116+0000] {processor.py:743} INFO - Processing file /home/airflow/.local/lib/python3.7/site-packages/airflow/example_dags/example_branch_day_of_week_operator.py for tasks to queue
[2023-01-27T01:28:48.118+0000] {logging_mixin.py:137} INFO - [2023-01-27T01:28:48.118+0000] {dagbag.py:538} INFO - Filling up the DagBag from /home/airflow/.local/lib/python3.7/site-packages/airflow/example_dags/example_branch_day_of_week_operator.py
[2023-01-27T01:28:48.145+0000] {processor.py:753} INFO - DAG(s) dict_keys(['example_weekday_branch_operator']) retrieved from /home/airflow/.local/lib/python3.7/site-packages/airflow/example_dags/example_branch_day_of_week_operator.py
[2023-01-27T01:28:48.190+0000] {logging_mixin.py:137} INFO - [2023-01-27T01:28:48.190+0000] {dag.py:2690} INFO - Sync 1 DAGs
[2023-01-27T01:28:48.224+0000] {logging_mixin.py:137} INFO - [2023-01-27T01:28:48.223+0000] {dag.py:3441} INFO - Setting next_dagrun for example_weekday_branch_operator to 2023-01-26T00:00:00+00:00, run_after=2023-01-27T00:00:00+00:00
[2023-01-27T01:28:48.255+0000] {processor.py:175} INFO - Processing /home/airflow/.local/lib/python3.7/site-packages/airflow/example_dags/example_branch_day_of_week_operator.py took 0.146 seconds
[2023-01-27T01:29:18.426+0000] {processor.py:153} INFO - Started process (PID=239) to work on /home/airflow/.local/lib/python3.7/site-packages/airflow/example_dags/example_branch_day_of_week_operator.py
[2023-01-27T01:29:18.431+0000] {processor.py:743} INFO - Processing file /home/airflow/.local/lib/python3.7/site-packages/airflow/example_dags/example_branch_day_of_week_operator.py for tasks to queue
[2023-01-27T01:29:18.433+0000] {logging_mixin.py:137} INFO - [2023-01-27T01:29:18.433+0000] {dagbag.py:538} INFO - Filling up the DagBag from /home/airflow/.local/lib/python3.7/site-packages/airflow/example_dags/example_branch_day_of_week_operator.py
[2023-01-27T01:29:18.474+0000] {processor.py:753} INFO - DAG(s) dict_keys(['example_weekday_branch_operator']) retrieved from /home/airflow/.local/lib/python3.7/site-packages/airflow/example_dags/example_branch_day_of_week_operator.py
[2023-01-27T01:29:18.518+0000] {logging_mixin.py:137} INFO - [2023-01-27T01:29:18.518+0000] {dag.py:2690} INFO - Sync 1 DAGs
[2023-01-27T01:29:18.572+0000] {logging_mixin.py:137} INFO - [2023-01-27T01:29:18.572+0000] {dag.py:3441} INFO - Setting next_dagrun for example_weekday_branch_operator to 2023-01-26T00:00:00+00:00, run_after=2023-01-27T00:00:00+00:00
[2023-01-27T01:29:18.616+0000] {processor.py:175} INFO - Processing /home/airflow/.local/lib/python3.7/site-packages/airflow/example_dags/example_branch_day_of_week_operator.py took 0.196 seconds
[2023-01-27T01:29:49.448+0000] {processor.py:153} INFO - Started process (PID=316) to work on /home/airflow/.local/lib/python3.7/site-packages/airflow/example_dags/example_branch_day_of_week_operator.py
[2023-01-27T01:29:49.451+0000] {processor.py:743} INFO - Processing file /home/airflow/.local/lib/python3.7/site-packages/airflow/example_dags/example_branch_day_of_week_operator.py for tasks to queue
[2023-01-27T01:29:49.455+0000] {logging_mixin.py:137} INFO - [2023-01-27T01:29:49.454+0000] {dagbag.py:538} INFO - Filling up the DagBag from /home/airflow/.local/lib/python3.7/site-packages/airflow/example_dags/example_branch_day_of_week_operator.py
[2023-01-27T01:29:49.480+0000] {processor.py:753} INFO - DAG(s) dict_keys(['example_weekday_branch_operator']) retrieved from /home/airflow/.local/lib/python3.7/site-packages/airflow/example_dags/example_branch_day_of_week_operator.py
[2023-01-27T01:29:49.515+0000] {logging_mixin.py:137} INFO - [2023-01-27T01:29:49.515+0000] {dag.py:2690} INFO - Sync 1 DAGs
[2023-01-27T01:29:49.548+0000] {logging_mixin.py:137} INFO - [2023-01-27T01:29:49.548+0000] {dag.py:3441} INFO - Setting next_dagrun for example_weekday_branch_operator to 2023-01-26T00:00:00+00:00, run_after=2023-01-27T00:00:00+00:00
[2023-01-27T01:29:49.605+0000] {processor.py:175} INFO - Processing /home/airflow/.local/lib/python3.7/site-packages/airflow/example_dags/example_branch_day_of_week_operator.py took 0.166 seconds
[2023-01-27T01:30:19.786+0000] {processor.py:153} INFO - Started process (PID=383) to work on /home/airflow/.local/lib/python3.7/site-packages/airflow/example_dags/example_branch_day_of_week_operator.py
[2023-01-27T01:30:19.790+0000] {processor.py:743} INFO - Processing file /home/airflow/.local/lib/python3.7/site-packages/airflow/example_dags/example_branch_day_of_week_operator.py for tasks to queue
[2023-01-27T01:30:19.793+0000] {logging_mixin.py:137} INFO - [2023-01-27T01:30:19.793+0000] {dagbag.py:538} INFO - Filling up the DagBag from /home/airflow/.local/lib/python3.7/site-packages/airflow/example_dags/example_branch_day_of_week_operator.py
[2023-01-27T01:30:19.840+0000] {processor.py:753} INFO - DAG(s) dict_keys(['example_weekday_branch_operator']) retrieved from /home/airflow/.local/lib/python3.7/site-packages/airflow/example_dags/example_branch_day_of_week_operator.py
[2023-01-27T01:30:19.918+0000] {logging_mixin.py:137} INFO - [2023-01-27T01:30:19.918+0000] {dag.py:2690} INFO - Sync 1 DAGs
[2023-01-27T01:30:19.967+0000] {logging_mixin.py:137} INFO - [2023-01-27T01:30:19.967+0000] {dag.py:3441} INFO - Setting next_dagrun for example_weekday_branch_operator to 2023-01-26T00:00:00+00:00, run_after=2023-01-27T00:00:00+00:00
[2023-01-27T01:30:20.018+0000] {processor.py:175} INFO - Processing /home/airflow/.local/lib/python3.7/site-packages/airflow/example_dags/example_branch_day_of_week_operator.py took 0.243 seconds
[2023-01-27T01:30:50.464+0000] {processor.py:153} INFO - Started process (PID=450) to work on /home/airflow/.local/lib/python3.7/site-packages/airflow/example_dags/example_branch_day_of_week_operator.py
[2023-01-27T01:30:50.478+0000] {processor.py:743} INFO - Processing file /home/airflow/.local/lib/python3.7/site-packages/airflow/example_dags/example_branch_day_of_week_operator.py for tasks to queue
[2023-01-27T01:30:50.480+0000] {logging_mixin.py:137} INFO - [2023-01-27T01:30:50.480+0000] {dagbag.py:538} INFO - Filling up the DagBag from /home/airflow/.local/lib/python3.7/site-packages/airflow/example_dags/example_branch_day_of_week_operator.py
[2023-01-27T01:30:50.539+0000] {processor.py:753} INFO - DAG(s) dict_keys(['example_weekday_branch_operator']) retrieved from /home/airflow/.local/lib/python3.7/site-packages/airflow/example_dags/example_branch_day_of_week_operator.py
[2023-01-27T01:30:50.629+0000] {logging_mixin.py:137} INFO - [2023-01-27T01:30:50.628+0000] {dag.py:2690} INFO - Sync 1 DAGs
[2023-01-27T01:30:50.703+0000] {logging_mixin.py:137} INFO - [2023-01-27T01:30:50.703+0000] {dag.py:3441} INFO - Setting next_dagrun for example_weekday_branch_operator to 2023-01-26T00:00:00+00:00, run_after=2023-01-27T00:00:00+00:00
[2023-01-27T01:30:50.746+0000] {processor.py:175} INFO - Processing /home/airflow/.local/lib/python3.7/site-packages/airflow/example_dags/example_branch_day_of_week_operator.py took 0.293 seconds
[2023-01-27T01:31:21.502+0000] {processor.py:153} INFO - Started process (PID=516) to work on /home/airflow/.local/lib/python3.7/site-packages/airflow/example_dags/example_branch_day_of_week_operator.py
[2023-01-27T01:31:21.505+0000] {processor.py:743} INFO - Processing file /home/airflow/.local/lib/python3.7/site-packages/airflow/example_dags/example_branch_day_of_week_operator.py for tasks to queue
[2023-01-27T01:31:21.515+0000] {logging_mixin.py:137} INFO - [2023-01-27T01:31:21.514+0000] {dagbag.py:538} INFO - Filling up the DagBag from /home/airflow/.local/lib/python3.7/site-packages/airflow/example_dags/example_branch_day_of_week_operator.py
[2023-01-27T01:31:21.557+0000] {processor.py:753} INFO - DAG(s) dict_keys(['example_weekday_branch_operator']) retrieved from /home/airflow/.local/lib/python3.7/site-packages/airflow/example_dags/example_branch_day_of_week_operator.py
[2023-01-27T01:31:21.615+0000] {logging_mixin.py:137} INFO - [2023-01-27T01:31:21.615+0000] {dag.py:2690} INFO - Sync 1 DAGs
[2023-01-27T01:31:21.661+0000] {logging_mixin.py:137} INFO - [2023-01-27T01:31:21.661+0000] {dag.py:3441} INFO - Setting next_dagrun for example_weekday_branch_operator to 2023-01-26T00:00:00+00:00, run_after=2023-01-27T00:00:00+00:00
[2023-01-27T01:31:21.699+0000] {processor.py:175} INFO - Processing /home/airflow/.local/lib/python3.7/site-packages/airflow/example_dags/example_branch_day_of_week_operator.py took 0.206 seconds
[2023-01-27T01:31:52.380+0000] {processor.py:153} INFO - Started process (PID=580) to work on /home/airflow/.local/lib/python3.7/site-packages/airflow/example_dags/example_branch_day_of_week_operator.py
[2023-01-27T01:31:52.383+0000] {processor.py:743} INFO - Processing file /home/airflow/.local/lib/python3.7/site-packages/airflow/example_dags/example_branch_day_of_week_operator.py for tasks to queue
[2023-01-27T01:31:52.385+0000] {logging_mixin.py:137} INFO - [2023-01-27T01:31:52.385+0000] {dagbag.py:538} INFO - Filling up the DagBag from /home/airflow/.local/lib/python3.7/site-packages/airflow/example_dags/example_branch_day_of_week_operator.py
[2023-01-27T01:31:52.415+0000] {processor.py:753} INFO - DAG(s) dict_keys(['example_weekday_branch_operator']) retrieved from /home/airflow/.local/lib/python3.7/site-packages/airflow/example_dags/example_branch_day_of_week_operator.py
[2023-01-27T01:31:52.454+0000] {logging_mixin.py:137} INFO - [2023-01-27T01:31:52.454+0000] {dag.py:2690} INFO - Sync 1 DAGs
[2023-01-27T01:31:52.492+0000] {logging_mixin.py:137} INFO - [2023-01-27T01:31:52.492+0000] {dag.py:3441} INFO - Setting next_dagrun for example_weekday_branch_operator to 2023-01-26T00:00:00+00:00, run_after=2023-01-27T00:00:00+00:00
[2023-01-27T01:31:52.516+0000] {processor.py:175} INFO - Processing /home/airflow/.local/lib/python3.7/site-packages/airflow/example_dags/example_branch_day_of_week_operator.py took 0.141 seconds
[2023-01-27T01:32:22.620+0000] {processor.py:153} INFO - Started process (PID=646) to work on /home/airflow/.local/lib/python3.7/site-packages/airflow/example_dags/example_branch_day_of_week_operator.py
[2023-01-27T01:32:22.623+0000] {processor.py:743} INFO - Processing file /home/airflow/.local/lib/python3.7/site-packages/airflow/example_dags/example_branch_day_of_week_operator.py for tasks to queue
[2023-01-27T01:32:22.624+0000] {logging_mixin.py:137} INFO - [2023-01-27T01:32:22.624+0000] {dagbag.py:538} INFO - Filling up the DagBag from /home/airflow/.local/lib/python3.7/site-packages/airflow/example_dags/example_branch_day_of_week_operator.py
[2023-01-27T01:32:22.644+0000] {processor.py:753} INFO - DAG(s) dict_keys(['example_weekday_branch_operator']) retrieved from /home/airflow/.local/lib/python3.7/site-packages/airflow/example_dags/example_branch_day_of_week_operator.py
[2023-01-27T01:32:22.681+0000] {logging_mixin.py:137} INFO - [2023-01-27T01:32:22.680+0000] {dag.py:2690} INFO - Sync 1 DAGs
[2023-01-27T01:32:22.717+0000] {logging_mixin.py:137} INFO - [2023-01-27T01:32:22.717+0000] {dag.py:3441} INFO - Setting next_dagrun for example_weekday_branch_operator to 2023-01-26T00:00:00+00:00, run_after=2023-01-27T00:00:00+00:00
[2023-01-27T01:32:22.755+0000] {processor.py:175} INFO - Processing /home/airflow/.local/lib/python3.7/site-packages/airflow/example_dags/example_branch_day_of_week_operator.py took 0.140 seconds
[2023-01-27T01:32:53.002+0000] {processor.py:153} INFO - Started process (PID=723) to work on /home/airflow/.local/lib/python3.7/site-packages/airflow/example_dags/example_branch_day_of_week_operator.py
[2023-01-27T01:32:53.007+0000] {processor.py:743} INFO - Processing file /home/airflow/.local/lib/python3.7/site-packages/airflow/example_dags/example_branch_day_of_week_operator.py for tasks to queue
[2023-01-27T01:32:53.010+0000] {logging_mixin.py:137} INFO - [2023-01-27T01:32:53.009+0000] {dagbag.py:538} INFO - Filling up the DagBag from /home/airflow/.local/lib/python3.7/site-packages/airflow/example_dags/example_branch_day_of_week_operator.py
[2023-01-27T01:32:53.052+0000] {processor.py:753} INFO - DAG(s) dict_keys(['example_weekday_branch_operator']) retrieved from /home/airflow/.local/lib/python3.7/site-packages/airflow/example_dags/example_branch_day_of_week_operator.py
[2023-01-27T01:32:53.105+0000] {logging_mixin.py:137} INFO - [2023-01-27T01:32:53.105+0000] {dag.py:2690} INFO - Sync 1 DAGs
[2023-01-27T01:32:53.148+0000] {logging_mixin.py:137} INFO - [2023-01-27T01:32:53.148+0000] {dag.py:3441} INFO - Setting next_dagrun for example_weekday_branch_operator to 2023-01-26T00:00:00+00:00, run_after=2023-01-27T00:00:00+00:00
[2023-01-27T01:32:53.183+0000] {processor.py:175} INFO - Processing /home/airflow/.local/lib/python3.7/site-packages/airflow/example_dags/example_branch_day_of_week_operator.py took 0.194 seconds
