[2023-01-27T01:24:25.103+0000] {processor.py:153} INFO - Started process (PID=73) to work on /home/airflow/.local/lib/python3.7/site-packages/airflow/example_dags/example_short_circuit_decorator.py
[2023-01-27T01:24:25.109+0000] {processor.py:743} INFO - Processing file /home/airflow/.local/lib/python3.7/site-packages/airflow/example_dags/example_short_circuit_decorator.py for tasks to queue
[2023-01-27T01:24:25.114+0000] {logging_mixin.py:137} INFO - [2023-01-27T01:24:25.113+0000] {dagbag.py:538} INFO - Filling up the DagBag from /home/airflow/.local/lib/python3.7/site-packages/airflow/example_dags/example_short_circuit_decorator.py
[2023-01-27T01:24:25.243+0000] {processor.py:753} INFO - DAG(s) dict_keys(['example_short_circuit_decorator']) retrieved from /home/airflow/.local/lib/python3.7/site-packages/airflow/example_dags/example_short_circuit_decorator.py
[2023-01-27T01:24:25.350+0000] {logging_mixin.py:137} INFO - [2023-01-27T01:24:25.350+0000] {dag.py:2690} INFO - Sync 1 DAGs
[2023-01-27T01:24:25.401+0000] {logging_mixin.py:137} INFO - [2023-01-27T01:24:25.401+0000] {dag.py:3441} INFO - Setting next_dagrun for example_short_circuit_decorator to 2023-01-26T01:24:25.401142+00:00, run_after=2023-01-27T01:24:25.401142+00:00
[2023-01-27T01:24:25.486+0000] {processor.py:175} INFO - Processing /home/airflow/.local/lib/python3.7/site-packages/airflow/example_dags/example_short_circuit_decorator.py took 0.389 seconds
[2023-01-27T01:24:55.892+0000] {processor.py:153} INFO - Started process (PID=138) to work on /home/airflow/.local/lib/python3.7/site-packages/airflow/example_dags/example_short_circuit_decorator.py
[2023-01-27T01:24:55.904+0000] {processor.py:743} INFO - Processing file /home/airflow/.local/lib/python3.7/site-packages/airflow/example_dags/example_short_circuit_decorator.py for tasks to queue
[2023-01-27T01:24:55.907+0000] {logging_mixin.py:137} INFO - [2023-01-27T01:24:55.906+0000] {dagbag.py:538} INFO - Filling up the DagBag from /home/airflow/.local/lib/python3.7/site-packages/airflow/example_dags/example_short_circuit_decorator.py
[2023-01-27T01:24:55.970+0000] {processor.py:753} INFO - DAG(s) dict_keys(['example_short_circuit_decorator']) retrieved from /home/airflow/.local/lib/python3.7/site-packages/airflow/example_dags/example_short_circuit_decorator.py
[2023-01-27T01:24:56.038+0000] {logging_mixin.py:137} INFO - [2023-01-27T01:24:56.038+0000] {dag.py:2690} INFO - Sync 1 DAGs
[2023-01-27T01:24:56.112+0000] {logging_mixin.py:137} INFO - [2023-01-27T01:24:56.112+0000] {dag.py:3441} INFO - Setting next_dagrun for example_short_circuit_decorator to 2023-01-26T01:24:56.111828+00:00, run_after=2023-01-27T01:24:56.111828+00:00
[2023-01-27T01:24:56.241+0000] {processor.py:175} INFO - Processing /home/airflow/.local/lib/python3.7/site-packages/airflow/example_dags/example_short_circuit_decorator.py took 0.369 seconds
[2023-01-27T01:27:52.129+0000] {processor.py:153} INFO - Started process (PID=64) to work on /home/airflow/.local/lib/python3.7/site-packages/airflow/example_dags/example_short_circuit_decorator.py
[2023-01-27T01:27:52.137+0000] {processor.py:743} INFO - Processing file /home/airflow/.local/lib/python3.7/site-packages/airflow/example_dags/example_short_circuit_decorator.py for tasks to queue
[2023-01-27T01:27:52.140+0000] {logging_mixin.py:137} INFO - [2023-01-27T01:27:52.139+0000] {dagbag.py:538} INFO - Filling up the DagBag from /home/airflow/.local/lib/python3.7/site-packages/airflow/example_dags/example_short_circuit_decorator.py
[2023-01-27T01:27:52.223+0000] {processor.py:753} INFO - DAG(s) dict_keys(['example_short_circuit_decorator']) retrieved from /home/airflow/.local/lib/python3.7/site-packages/airflow/example_dags/example_short_circuit_decorator.py
[2023-01-27T01:27:52.320+0000] {logging_mixin.py:137} INFO - [2023-01-27T01:27:52.320+0000] {dag.py:2690} INFO - Sync 1 DAGs
[2023-01-27T01:27:52.389+0000] {logging_mixin.py:137} INFO - [2023-01-27T01:27:52.389+0000] {dag.py:3441} INFO - Setting next_dagrun for example_short_circuit_decorator to 2023-01-26T01:27:52.388900+00:00, run_after=2023-01-27T01:27:52.388900+00:00
[2023-01-27T01:27:52.441+0000] {processor.py:175} INFO - Processing /home/airflow/.local/lib/python3.7/site-packages/airflow/example_dags/example_short_circuit_decorator.py took 0.319 seconds
[2023-01-27T01:28:22.708+0000] {processor.py:153} INFO - Started process (PID=129) to work on /home/airflow/.local/lib/python3.7/site-packages/airflow/example_dags/example_short_circuit_decorator.py
[2023-01-27T01:28:22.712+0000] {processor.py:743} INFO - Processing file /home/airflow/.local/lib/python3.7/site-packages/airflow/example_dags/example_short_circuit_decorator.py for tasks to queue
[2023-01-27T01:28:22.714+0000] {logging_mixin.py:137} INFO - [2023-01-27T01:28:22.714+0000] {dagbag.py:538} INFO - Filling up the DagBag from /home/airflow/.local/lib/python3.7/site-packages/airflow/example_dags/example_short_circuit_decorator.py
[2023-01-27T01:28:22.769+0000] {processor.py:753} INFO - DAG(s) dict_keys(['example_short_circuit_decorator']) retrieved from /home/airflow/.local/lib/python3.7/site-packages/airflow/example_dags/example_short_circuit_decorator.py
[2023-01-27T01:28:22.817+0000] {logging_mixin.py:137} INFO - [2023-01-27T01:28:22.817+0000] {dag.py:2690} INFO - Sync 1 DAGs
[2023-01-27T01:28:22.864+0000] {logging_mixin.py:137} INFO - [2023-01-27T01:28:22.864+0000] {dag.py:3441} INFO - Setting next_dagrun for example_short_circuit_decorator to 2023-01-26T01:28:22.864116+00:00, run_after=2023-01-27T01:28:22.864116+00:00
[2023-01-27T01:28:22.916+0000] {processor.py:175} INFO - Processing /home/airflow/.local/lib/python3.7/site-packages/airflow/example_dags/example_short_circuit_decorator.py took 0.213 seconds
[2023-01-27T01:28:53.299+0000] {processor.py:153} INFO - Started process (PID=200) to work on /home/airflow/.local/lib/python3.7/site-packages/airflow/example_dags/example_short_circuit_decorator.py
[2023-01-27T01:28:53.301+0000] {processor.py:743} INFO - Processing file /home/airflow/.local/lib/python3.7/site-packages/airflow/example_dags/example_short_circuit_decorator.py for tasks to queue
[2023-01-27T01:28:53.306+0000] {logging_mixin.py:137} INFO - [2023-01-27T01:28:53.306+0000] {dagbag.py:538} INFO - Filling up the DagBag from /home/airflow/.local/lib/python3.7/site-packages/airflow/example_dags/example_short_circuit_decorator.py
[2023-01-27T01:28:53.410+0000] {processor.py:753} INFO - DAG(s) dict_keys(['example_short_circuit_decorator']) retrieved from /home/airflow/.local/lib/python3.7/site-packages/airflow/example_dags/example_short_circuit_decorator.py
[2023-01-27T01:28:53.519+0000] {logging_mixin.py:137} INFO - [2023-01-27T01:28:53.519+0000] {dag.py:2690} INFO - Sync 1 DAGs
[2023-01-27T01:28:53.638+0000] {logging_mixin.py:137} INFO - [2023-01-27T01:28:53.638+0000] {dag.py:3441} INFO - Setting next_dagrun for example_short_circuit_decorator to 2023-01-26T01:28:53.637145+00:00, run_after=2023-01-27T01:28:53.637145+00:00
[2023-01-27T01:28:53.702+0000] {processor.py:175} INFO - Processing /home/airflow/.local/lib/python3.7/site-packages/airflow/example_dags/example_short_circuit_decorator.py took 0.411 seconds
[2023-01-27T01:29:24.216+0000] {processor.py:153} INFO - Started process (PID=270) to work on /home/airflow/.local/lib/python3.7/site-packages/airflow/example_dags/example_short_circuit_decorator.py
[2023-01-27T01:29:24.219+0000] {processor.py:743} INFO - Processing file /home/airflow/.local/lib/python3.7/site-packages/airflow/example_dags/example_short_circuit_decorator.py for tasks to queue
[2023-01-27T01:29:24.221+0000] {logging_mixin.py:137} INFO - [2023-01-27T01:29:24.221+0000] {dagbag.py:538} INFO - Filling up the DagBag from /home/airflow/.local/lib/python3.7/site-packages/airflow/example_dags/example_short_circuit_decorator.py
[2023-01-27T01:29:24.256+0000] {processor.py:753} INFO - DAG(s) dict_keys(['example_short_circuit_decorator']) retrieved from /home/airflow/.local/lib/python3.7/site-packages/airflow/example_dags/example_short_circuit_decorator.py
[2023-01-27T01:29:24.297+0000] {logging_mixin.py:137} INFO - [2023-01-27T01:29:24.297+0000] {dag.py:2690} INFO - Sync 1 DAGs
[2023-01-27T01:29:24.340+0000] {logging_mixin.py:137} INFO - [2023-01-27T01:29:24.340+0000] {dag.py:3441} INFO - Setting next_dagrun for example_short_circuit_decorator to 2023-01-26T01:29:24.339526+00:00, run_after=2023-01-27T01:29:24.339526+00:00
[2023-01-27T01:29:24.381+0000] {processor.py:175} INFO - Processing /home/airflow/.local/lib/python3.7/site-packages/airflow/example_dags/example_short_circuit_decorator.py took 0.171 seconds
[2023-01-27T01:29:54.514+0000] {processor.py:153} INFO - Started process (PID=335) to work on /home/airflow/.local/lib/python3.7/site-packages/airflow/example_dags/example_short_circuit_decorator.py
[2023-01-27T01:29:54.517+0000] {processor.py:743} INFO - Processing file /home/airflow/.local/lib/python3.7/site-packages/airflow/example_dags/example_short_circuit_decorator.py for tasks to queue
[2023-01-27T01:29:54.519+0000] {logging_mixin.py:137} INFO - [2023-01-27T01:29:54.519+0000] {dagbag.py:538} INFO - Filling up the DagBag from /home/airflow/.local/lib/python3.7/site-packages/airflow/example_dags/example_short_circuit_decorator.py
[2023-01-27T01:29:54.549+0000] {processor.py:753} INFO - DAG(s) dict_keys(['example_short_circuit_decorator']) retrieved from /home/airflow/.local/lib/python3.7/site-packages/airflow/example_dags/example_short_circuit_decorator.py
[2023-01-27T01:29:54.596+0000] {logging_mixin.py:137} INFO - [2023-01-27T01:29:54.596+0000] {dag.py:2690} INFO - Sync 1 DAGs
[2023-01-27T01:29:54.645+0000] {logging_mixin.py:137} INFO - [2023-01-27T01:29:54.645+0000] {dag.py:3441} INFO - Setting next_dagrun for example_short_circuit_decorator to 2023-01-26T01:29:54.644933+00:00, run_after=2023-01-27T01:29:54.644933+00:00
[2023-01-27T01:29:54.707+0000] {processor.py:175} INFO - Processing /home/airflow/.local/lib/python3.7/site-packages/airflow/example_dags/example_short_circuit_decorator.py took 0.199 seconds
[2023-01-27T01:30:26.075+0000] {processor.py:153} INFO - Started process (PID=406) to work on /home/airflow/.local/lib/python3.7/site-packages/airflow/example_dags/example_short_circuit_decorator.py
[2023-01-27T01:30:26.087+0000] {processor.py:743} INFO - Processing file /home/airflow/.local/lib/python3.7/site-packages/airflow/example_dags/example_short_circuit_decorator.py for tasks to queue
[2023-01-27T01:30:26.089+0000] {logging_mixin.py:137} INFO - [2023-01-27T01:30:26.089+0000] {dagbag.py:538} INFO - Filling up the DagBag from /home/airflow/.local/lib/python3.7/site-packages/airflow/example_dags/example_short_circuit_decorator.py
[2023-01-27T01:30:26.185+0000] {processor.py:753} INFO - DAG(s) dict_keys(['example_short_circuit_decorator']) retrieved from /home/airflow/.local/lib/python3.7/site-packages/airflow/example_dags/example_short_circuit_decorator.py
[2023-01-27T01:30:26.343+0000] {logging_mixin.py:137} INFO - [2023-01-27T01:30:26.343+0000] {dag.py:2690} INFO - Sync 1 DAGs
[2023-01-27T01:30:26.475+0000] {logging_mixin.py:137} INFO - [2023-01-27T01:30:26.475+0000] {dag.py:3441} INFO - Setting next_dagrun for example_short_circuit_decorator to 2023-01-26T01:30:26.475041+00:00, run_after=2023-01-27T01:30:26.475041+00:00
[2023-01-27T01:30:26.563+0000] {processor.py:175} INFO - Processing /home/airflow/.local/lib/python3.7/site-packages/airflow/example_dags/example_short_circuit_decorator.py took 0.493 seconds
[2023-01-27T01:30:56.827+0000] {processor.py:153} INFO - Started process (PID=467) to work on /home/airflow/.local/lib/python3.7/site-packages/airflow/example_dags/example_short_circuit_decorator.py
[2023-01-27T01:30:56.830+0000] {processor.py:743} INFO - Processing file /home/airflow/.local/lib/python3.7/site-packages/airflow/example_dags/example_short_circuit_decorator.py for tasks to queue
[2023-01-27T01:30:56.832+0000] {logging_mixin.py:137} INFO - [2023-01-27T01:30:56.831+0000] {dagbag.py:538} INFO - Filling up the DagBag from /home/airflow/.local/lib/python3.7/site-packages/airflow/example_dags/example_short_circuit_decorator.py
[2023-01-27T01:30:56.883+0000] {processor.py:753} INFO - DAG(s) dict_keys(['example_short_circuit_decorator']) retrieved from /home/airflow/.local/lib/python3.7/site-packages/airflow/example_dags/example_short_circuit_decorator.py
[2023-01-27T01:30:56.939+0000] {logging_mixin.py:137} INFO - [2023-01-27T01:30:56.939+0000] {dag.py:2690} INFO - Sync 1 DAGs
[2023-01-27T01:30:56.997+0000] {logging_mixin.py:137} INFO - [2023-01-27T01:30:56.997+0000] {dag.py:3441} INFO - Setting next_dagrun for example_short_circuit_decorator to 2023-01-26T01:30:56.997294+00:00, run_after=2023-01-27T01:30:56.997294+00:00
[2023-01-27T01:30:57.039+0000] {processor.py:175} INFO - Processing /home/airflow/.local/lib/python3.7/site-packages/airflow/example_dags/example_short_circuit_decorator.py took 0.217 seconds
[2023-01-27T01:31:27.451+0000] {processor.py:153} INFO - Started process (PID=533) to work on /home/airflow/.local/lib/python3.7/site-packages/airflow/example_dags/example_short_circuit_decorator.py
[2023-01-27T01:31:27.453+0000] {processor.py:743} INFO - Processing file /home/airflow/.local/lib/python3.7/site-packages/airflow/example_dags/example_short_circuit_decorator.py for tasks to queue
[2023-01-27T01:31:27.455+0000] {logging_mixin.py:137} INFO - [2023-01-27T01:31:27.454+0000] {dagbag.py:538} INFO - Filling up the DagBag from /home/airflow/.local/lib/python3.7/site-packages/airflow/example_dags/example_short_circuit_decorator.py
[2023-01-27T01:31:27.490+0000] {processor.py:753} INFO - DAG(s) dict_keys(['example_short_circuit_decorator']) retrieved from /home/airflow/.local/lib/python3.7/site-packages/airflow/example_dags/example_short_circuit_decorator.py
[2023-01-27T01:31:27.542+0000] {logging_mixin.py:137} INFO - [2023-01-27T01:31:27.542+0000] {dag.py:2690} INFO - Sync 1 DAGs
[2023-01-27T01:31:27.589+0000] {logging_mixin.py:137} INFO - [2023-01-27T01:31:27.589+0000] {dag.py:3441} INFO - Setting next_dagrun for example_short_circuit_decorator to 2023-01-26T01:31:27.588946+00:00, run_after=2023-01-27T01:31:27.588946+00:00
[2023-01-27T01:31:27.674+0000] {processor.py:175} INFO - Processing /home/airflow/.local/lib/python3.7/site-packages/airflow/example_dags/example_short_circuit_decorator.py took 0.227 seconds
[2023-01-27T01:31:58.080+0000] {processor.py:153} INFO - Started process (PID=597) to work on /home/airflow/.local/lib/python3.7/site-packages/airflow/example_dags/example_short_circuit_decorator.py
[2023-01-27T01:31:58.082+0000] {processor.py:743} INFO - Processing file /home/airflow/.local/lib/python3.7/site-packages/airflow/example_dags/example_short_circuit_decorator.py for tasks to queue
[2023-01-27T01:31:58.084+0000] {logging_mixin.py:137} INFO - [2023-01-27T01:31:58.084+0000] {dagbag.py:538} INFO - Filling up the DagBag from /home/airflow/.local/lib/python3.7/site-packages/airflow/example_dags/example_short_circuit_decorator.py
[2023-01-27T01:31:58.129+0000] {processor.py:753} INFO - DAG(s) dict_keys(['example_short_circuit_decorator']) retrieved from /home/airflow/.local/lib/python3.7/site-packages/airflow/example_dags/example_short_circuit_decorator.py
[2023-01-27T01:31:58.171+0000] {logging_mixin.py:137} INFO - [2023-01-27T01:31:58.171+0000] {dag.py:2690} INFO - Sync 1 DAGs
[2023-01-27T01:31:58.224+0000] {logging_mixin.py:137} INFO - [2023-01-27T01:31:58.223+0000] {dag.py:3441} INFO - Setting next_dagrun for example_short_circuit_decorator to 2023-01-26T01:31:58.223537+00:00, run_after=2023-01-27T01:31:58.223537+00:00
[2023-01-27T01:31:58.275+0000] {processor.py:175} INFO - Processing /home/airflow/.local/lib/python3.7/site-packages/airflow/example_dags/example_short_circuit_decorator.py took 0.200 seconds
[2023-01-27T01:32:28.759+0000] {processor.py:153} INFO - Started process (PID=675) to work on /home/airflow/.local/lib/python3.7/site-packages/airflow/example_dags/example_short_circuit_decorator.py
[2023-01-27T01:32:28.762+0000] {processor.py:743} INFO - Processing file /home/airflow/.local/lib/python3.7/site-packages/airflow/example_dags/example_short_circuit_decorator.py for tasks to queue
[2023-01-27T01:32:28.764+0000] {logging_mixin.py:137} INFO - [2023-01-27T01:32:28.764+0000] {dagbag.py:538} INFO - Filling up the DagBag from /home/airflow/.local/lib/python3.7/site-packages/airflow/example_dags/example_short_circuit_decorator.py
[2023-01-27T01:32:28.810+0000] {processor.py:753} INFO - DAG(s) dict_keys(['example_short_circuit_decorator']) retrieved from /home/airflow/.local/lib/python3.7/site-packages/airflow/example_dags/example_short_circuit_decorator.py
[2023-01-27T01:32:28.879+0000] {logging_mixin.py:137} INFO - [2023-01-27T01:32:28.879+0000] {dag.py:2690} INFO - Sync 1 DAGs
[2023-01-27T01:32:28.964+0000] {logging_mixin.py:137} INFO - [2023-01-27T01:32:28.964+0000] {dag.py:3441} INFO - Setting next_dagrun for example_short_circuit_decorator to 2023-01-26T01:32:28.961670+00:00, run_after=2023-01-27T01:32:28.961670+00:00
[2023-01-27T01:32:29.011+0000] {processor.py:175} INFO - Processing /home/airflow/.local/lib/python3.7/site-packages/airflow/example_dags/example_short_circuit_decorator.py took 0.259 seconds
[2023-01-27T01:32:59.447+0000] {processor.py:153} INFO - Started process (PID=740) to work on /home/airflow/.local/lib/python3.7/site-packages/airflow/example_dags/example_short_circuit_decorator.py
[2023-01-27T01:32:59.450+0000] {processor.py:743} INFO - Processing file /home/airflow/.local/lib/python3.7/site-packages/airflow/example_dags/example_short_circuit_decorator.py for tasks to queue
[2023-01-27T01:32:59.453+0000] {logging_mixin.py:137} INFO - [2023-01-27T01:32:59.452+0000] {dagbag.py:538} INFO - Filling up the DagBag from /home/airflow/.local/lib/python3.7/site-packages/airflow/example_dags/example_short_circuit_decorator.py
[2023-01-27T01:32:59.518+0000] {processor.py:753} INFO - DAG(s) dict_keys(['example_short_circuit_decorator']) retrieved from /home/airflow/.local/lib/python3.7/site-packages/airflow/example_dags/example_short_circuit_decorator.py
[2023-01-27T01:32:59.589+0000] {logging_mixin.py:137} INFO - [2023-01-27T01:32:59.588+0000] {dag.py:2690} INFO - Sync 1 DAGs
[2023-01-27T01:32:59.659+0000] {logging_mixin.py:137} INFO - [2023-01-27T01:32:59.659+0000] {dag.py:3441} INFO - Setting next_dagrun for example_short_circuit_decorator to 2023-01-26T01:32:59.659045+00:00, run_after=2023-01-27T01:32:59.659045+00:00
[2023-01-27T01:32:59.707+0000] {processor.py:175} INFO - Processing /home/airflow/.local/lib/python3.7/site-packages/airflow/example_dags/example_short_circuit_decorator.py took 0.268 seconds
