[2023-01-27T01:24:31.291+0000] {processor.py:153} INFO - Started process (PID=95) to work on /home/airflow/.local/lib/python3.7/site-packages/airflow/example_dags/example_latest_only.py
[2023-01-27T01:24:31.315+0000] {processor.py:743} INFO - Processing file /home/airflow/.local/lib/python3.7/site-packages/airflow/example_dags/example_latest_only.py for tasks to queue
[2023-01-27T01:24:31.317+0000] {logging_mixin.py:137} INFO - [2023-01-27T01:24:31.317+0000] {dagbag.py:538} INFO - Filling up the DagBag from /home/airflow/.local/lib/python3.7/site-packages/airflow/example_dags/example_latest_only.py
[2023-01-27T01:24:31.402+0000] {processor.py:753} INFO - DAG(s) dict_keys(['latest_only']) retrieved from /home/airflow/.local/lib/python3.7/site-packages/airflow/example_dags/example_latest_only.py
[2023-01-27T01:24:31.480+0000] {logging_mixin.py:137} INFO - [2023-01-27T01:24:31.480+0000] {dag.py:2690} INFO - Sync 1 DAGs
[2023-01-27T01:24:31.578+0000] {logging_mixin.py:137} INFO - [2023-01-27T01:24:31.578+0000] {dag.py:3441} INFO - Setting next_dagrun for latest_only to 2023-01-26T21:24:31.577783+00:00, run_after=2023-01-27T01:24:31.577783+00:00
[2023-01-27T01:24:31.633+0000] {processor.py:175} INFO - Processing /home/airflow/.local/lib/python3.7/site-packages/airflow/example_dags/example_latest_only.py took 0.363 seconds
[2023-01-27T01:25:01.983+0000] {processor.py:153} INFO - Started process (PID=160) to work on /home/airflow/.local/lib/python3.7/site-packages/airflow/example_dags/example_latest_only.py
[2023-01-27T01:25:01.993+0000] {processor.py:743} INFO - Processing file /home/airflow/.local/lib/python3.7/site-packages/airflow/example_dags/example_latest_only.py for tasks to queue
[2023-01-27T01:25:01.998+0000] {logging_mixin.py:137} INFO - [2023-01-27T01:25:01.998+0000] {dagbag.py:538} INFO - Filling up the DagBag from /home/airflow/.local/lib/python3.7/site-packages/airflow/example_dags/example_latest_only.py
[2023-01-27T01:25:02.060+0000] {processor.py:753} INFO - DAG(s) dict_keys(['latest_only']) retrieved from /home/airflow/.local/lib/python3.7/site-packages/airflow/example_dags/example_latest_only.py
[2023-01-27T01:25:02.149+0000] {logging_mixin.py:137} INFO - [2023-01-27T01:25:02.149+0000] {dag.py:2690} INFO - Sync 1 DAGs
[2023-01-27T01:25:02.205+0000] {logging_mixin.py:137} INFO - [2023-01-27T01:25:02.205+0000] {dag.py:3441} INFO - Setting next_dagrun for latest_only to 2023-01-26T21:25:02.204809+00:00, run_after=2023-01-27T01:25:02.204809+00:00
[2023-01-27T01:25:02.267+0000] {processor.py:175} INFO - Processing /home/airflow/.local/lib/python3.7/site-packages/airflow/example_dags/example_latest_only.py took 0.291 seconds
[2023-01-27T01:27:56.820+0000] {processor.py:153} INFO - Started process (PID=90) to work on /home/airflow/.local/lib/python3.7/site-packages/airflow/example_dags/example_latest_only.py
[2023-01-27T01:27:56.827+0000] {processor.py:743} INFO - Processing file /home/airflow/.local/lib/python3.7/site-packages/airflow/example_dags/example_latest_only.py for tasks to queue
[2023-01-27T01:27:56.830+0000] {logging_mixin.py:137} INFO - [2023-01-27T01:27:56.830+0000] {dagbag.py:538} INFO - Filling up the DagBag from /home/airflow/.local/lib/python3.7/site-packages/airflow/example_dags/example_latest_only.py
[2023-01-27T01:27:56.948+0000] {processor.py:753} INFO - DAG(s) dict_keys(['latest_only']) retrieved from /home/airflow/.local/lib/python3.7/site-packages/airflow/example_dags/example_latest_only.py
[2023-01-27T01:27:57.137+0000] {logging_mixin.py:137} INFO - [2023-01-27T01:27:57.137+0000] {dag.py:2690} INFO - Sync 1 DAGs
[2023-01-27T01:27:57.227+0000] {logging_mixin.py:137} INFO - [2023-01-27T01:27:57.227+0000] {dag.py:3441} INFO - Setting next_dagrun for latest_only to 2023-01-26T21:27:57.226739+00:00, run_after=2023-01-27T01:27:57.226739+00:00
[2023-01-27T01:27:57.270+0000] {processor.py:175} INFO - Processing /home/airflow/.local/lib/python3.7/site-packages/airflow/example_dags/example_latest_only.py took 0.471 seconds
[2023-01-27T01:28:27.596+0000] {processor.py:153} INFO - Started process (PID=154) to work on /home/airflow/.local/lib/python3.7/site-packages/airflow/example_dags/example_latest_only.py
[2023-01-27T01:28:27.599+0000] {processor.py:743} INFO - Processing file /home/airflow/.local/lib/python3.7/site-packages/airflow/example_dags/example_latest_only.py for tasks to queue
[2023-01-27T01:28:27.601+0000] {logging_mixin.py:137} INFO - [2023-01-27T01:28:27.601+0000] {dagbag.py:538} INFO - Filling up the DagBag from /home/airflow/.local/lib/python3.7/site-packages/airflow/example_dags/example_latest_only.py
[2023-01-27T01:28:27.636+0000] {processor.py:753} INFO - DAG(s) dict_keys(['latest_only']) retrieved from /home/airflow/.local/lib/python3.7/site-packages/airflow/example_dags/example_latest_only.py
[2023-01-27T01:28:27.692+0000] {logging_mixin.py:137} INFO - [2023-01-27T01:28:27.691+0000] {dag.py:2690} INFO - Sync 1 DAGs
[2023-01-27T01:28:27.754+0000] {logging_mixin.py:137} INFO - [2023-01-27T01:28:27.753+0000] {dag.py:3441} INFO - Setting next_dagrun for latest_only to 2023-01-26T21:28:27.751655+00:00, run_after=2023-01-27T01:28:27.751655+00:00
[2023-01-27T01:28:27.795+0000] {processor.py:175} INFO - Processing /home/airflow/.local/lib/python3.7/site-packages/airflow/example_dags/example_latest_only.py took 0.204 seconds
[2023-01-27T01:28:57.933+0000] {processor.py:153} INFO - Started process (PID=222) to work on /home/airflow/.local/lib/python3.7/site-packages/airflow/example_dags/example_latest_only.py
[2023-01-27T01:28:57.936+0000] {processor.py:743} INFO - Processing file /home/airflow/.local/lib/python3.7/site-packages/airflow/example_dags/example_latest_only.py for tasks to queue
[2023-01-27T01:28:57.939+0000] {logging_mixin.py:137} INFO - [2023-01-27T01:28:57.938+0000] {dagbag.py:538} INFO - Filling up the DagBag from /home/airflow/.local/lib/python3.7/site-packages/airflow/example_dags/example_latest_only.py
[2023-01-27T01:28:57.962+0000] {processor.py:753} INFO - DAG(s) dict_keys(['latest_only']) retrieved from /home/airflow/.local/lib/python3.7/site-packages/airflow/example_dags/example_latest_only.py
[2023-01-27T01:28:58.007+0000] {logging_mixin.py:137} INFO - [2023-01-27T01:28:58.007+0000] {dag.py:2690} INFO - Sync 1 DAGs
[2023-01-27T01:28:58.049+0000] {logging_mixin.py:137} INFO - [2023-01-27T01:28:58.049+0000] {dag.py:3441} INFO - Setting next_dagrun for latest_only to 2023-01-26T21:28:58.049409+00:00, run_after=2023-01-27T01:28:58.049409+00:00
[2023-01-27T01:28:58.087+0000] {processor.py:175} INFO - Processing /home/airflow/.local/lib/python3.7/site-packages/airflow/example_dags/example_latest_only.py took 0.163 seconds
[2023-01-27T01:29:28.863+0000] {processor.py:153} INFO - Started process (PID=287) to work on /home/airflow/.local/lib/python3.7/site-packages/airflow/example_dags/example_latest_only.py
[2023-01-27T01:29:28.866+0000] {processor.py:743} INFO - Processing file /home/airflow/.local/lib/python3.7/site-packages/airflow/example_dags/example_latest_only.py for tasks to queue
[2023-01-27T01:29:28.869+0000] {logging_mixin.py:137} INFO - [2023-01-27T01:29:28.868+0000] {dagbag.py:538} INFO - Filling up the DagBag from /home/airflow/.local/lib/python3.7/site-packages/airflow/example_dags/example_latest_only.py
[2023-01-27T01:29:28.893+0000] {processor.py:753} INFO - DAG(s) dict_keys(['latest_only']) retrieved from /home/airflow/.local/lib/python3.7/site-packages/airflow/example_dags/example_latest_only.py
[2023-01-27T01:29:28.934+0000] {logging_mixin.py:137} INFO - [2023-01-27T01:29:28.934+0000] {dag.py:2690} INFO - Sync 1 DAGs
[2023-01-27T01:29:28.986+0000] {logging_mixin.py:137} INFO - [2023-01-27T01:29:28.985+0000] {dag.py:3441} INFO - Setting next_dagrun for latest_only to 2023-01-26T21:29:28.985280+00:00, run_after=2023-01-27T01:29:28.985280+00:00
[2023-01-27T01:29:29.055+0000] {processor.py:175} INFO - Processing /home/airflow/.local/lib/python3.7/site-packages/airflow/example_dags/example_latest_only.py took 0.195 seconds
[2023-01-27T01:29:59.213+0000] {processor.py:153} INFO - Started process (PID=352) to work on /home/airflow/.local/lib/python3.7/site-packages/airflow/example_dags/example_latest_only.py
[2023-01-27T01:29:59.222+0000] {processor.py:743} INFO - Processing file /home/airflow/.local/lib/python3.7/site-packages/airflow/example_dags/example_latest_only.py for tasks to queue
[2023-01-27T01:29:59.226+0000] {logging_mixin.py:137} INFO - [2023-01-27T01:29:59.226+0000] {dagbag.py:538} INFO - Filling up the DagBag from /home/airflow/.local/lib/python3.7/site-packages/airflow/example_dags/example_latest_only.py
[2023-01-27T01:29:59.255+0000] {processor.py:753} INFO - DAG(s) dict_keys(['latest_only']) retrieved from /home/airflow/.local/lib/python3.7/site-packages/airflow/example_dags/example_latest_only.py
[2023-01-27T01:29:59.326+0000] {logging_mixin.py:137} INFO - [2023-01-27T01:29:59.326+0000] {dag.py:2690} INFO - Sync 1 DAGs
[2023-01-27T01:29:59.413+0000] {logging_mixin.py:137} INFO - [2023-01-27T01:29:59.413+0000] {dag.py:3441} INFO - Setting next_dagrun for latest_only to 2023-01-26T21:29:59.412421+00:00, run_after=2023-01-27T01:29:59.412421+00:00
[2023-01-27T01:29:59.483+0000] {processor.py:175} INFO - Processing /home/airflow/.local/lib/python3.7/site-packages/airflow/example_dags/example_latest_only.py took 0.286 seconds
[2023-01-27T01:30:31.369+0000] {processor.py:153} INFO - Started process (PID=428) to work on /home/airflow/.local/lib/python3.7/site-packages/airflow/example_dags/example_latest_only.py
[2023-01-27T01:30:31.374+0000] {processor.py:743} INFO - Processing file /home/airflow/.local/lib/python3.7/site-packages/airflow/example_dags/example_latest_only.py for tasks to queue
[2023-01-27T01:30:31.376+0000] {logging_mixin.py:137} INFO - [2023-01-27T01:30:31.376+0000] {dagbag.py:538} INFO - Filling up the DagBag from /home/airflow/.local/lib/python3.7/site-packages/airflow/example_dags/example_latest_only.py
[2023-01-27T01:30:31.424+0000] {processor.py:753} INFO - DAG(s) dict_keys(['latest_only']) retrieved from /home/airflow/.local/lib/python3.7/site-packages/airflow/example_dags/example_latest_only.py
[2023-01-27T01:30:31.595+0000] {logging_mixin.py:137} INFO - [2023-01-27T01:30:31.594+0000] {dag.py:2690} INFO - Sync 1 DAGs
[2023-01-27T01:30:31.685+0000] {logging_mixin.py:137} INFO - [2023-01-27T01:30:31.684+0000] {dag.py:3441} INFO - Setting next_dagrun for latest_only to 2023-01-26T21:30:31.683159+00:00, run_after=2023-01-27T01:30:31.683159+00:00
[2023-01-27T01:30:31.794+0000] {processor.py:175} INFO - Processing /home/airflow/.local/lib/python3.7/site-packages/airflow/example_dags/example_latest_only.py took 0.437 seconds
[2023-01-27T01:31:02.050+0000] {processor.py:153} INFO - Started process (PID=493) to work on /home/airflow/.local/lib/python3.7/site-packages/airflow/example_dags/example_latest_only.py
[2023-01-27T01:31:02.053+0000] {processor.py:743} INFO - Processing file /home/airflow/.local/lib/python3.7/site-packages/airflow/example_dags/example_latest_only.py for tasks to queue
[2023-01-27T01:31:02.056+0000] {logging_mixin.py:137} INFO - [2023-01-27T01:31:02.055+0000] {dagbag.py:538} INFO - Filling up the DagBag from /home/airflow/.local/lib/python3.7/site-packages/airflow/example_dags/example_latest_only.py
[2023-01-27T01:31:02.080+0000] {processor.py:753} INFO - DAG(s) dict_keys(['latest_only']) retrieved from /home/airflow/.local/lib/python3.7/site-packages/airflow/example_dags/example_latest_only.py
[2023-01-27T01:31:02.125+0000] {logging_mixin.py:137} INFO - [2023-01-27T01:31:02.125+0000] {dag.py:2690} INFO - Sync 1 DAGs
[2023-01-27T01:31:02.163+0000] {logging_mixin.py:137} INFO - [2023-01-27T01:31:02.163+0000] {dag.py:3441} INFO - Setting next_dagrun for latest_only to 2023-01-26T21:31:02.163180+00:00, run_after=2023-01-27T01:31:02.163180+00:00
[2023-01-27T01:31:02.219+0000] {processor.py:175} INFO - Processing /home/airflow/.local/lib/python3.7/site-packages/airflow/example_dags/example_latest_only.py took 0.177 seconds
[2023-01-27T01:31:34.182+0000] {processor.py:153} INFO - Started process (PID=561) to work on /home/airflow/.local/lib/python3.7/site-packages/airflow/example_dags/example_latest_only.py
[2023-01-27T01:31:34.186+0000] {processor.py:743} INFO - Processing file /home/airflow/.local/lib/python3.7/site-packages/airflow/example_dags/example_latest_only.py for tasks to queue
[2023-01-27T01:31:34.195+0000] {logging_mixin.py:137} INFO - [2023-01-27T01:31:34.195+0000] {dagbag.py:538} INFO - Filling up the DagBag from /home/airflow/.local/lib/python3.7/site-packages/airflow/example_dags/example_latest_only.py
[2023-01-27T01:31:34.296+0000] {processor.py:753} INFO - DAG(s) dict_keys(['latest_only']) retrieved from /home/airflow/.local/lib/python3.7/site-packages/airflow/example_dags/example_latest_only.py
[2023-01-27T01:31:34.473+0000] {logging_mixin.py:137} INFO - [2023-01-27T01:31:34.472+0000] {dag.py:2690} INFO - Sync 1 DAGs
[2023-01-27T01:31:34.643+0000] {logging_mixin.py:137} INFO - [2023-01-27T01:31:34.643+0000] {dag.py:3441} INFO - Setting next_dagrun for latest_only to 2023-01-26T21:31:34.643184+00:00, run_after=2023-01-27T01:31:34.643184+00:00
[2023-01-27T01:31:34.686+0000] {processor.py:175} INFO - Processing /home/airflow/.local/lib/python3.7/site-packages/airflow/example_dags/example_latest_only.py took 0.521 seconds
[2023-01-27T01:32:05.248+0000] {processor.py:153} INFO - Started process (PID=626) to work on /home/airflow/.local/lib/python3.7/site-packages/airflow/example_dags/example_latest_only.py
[2023-01-27T01:32:05.251+0000] {processor.py:743} INFO - Processing file /home/airflow/.local/lib/python3.7/site-packages/airflow/example_dags/example_latest_only.py for tasks to queue
[2023-01-27T01:32:05.253+0000] {logging_mixin.py:137} INFO - [2023-01-27T01:32:05.253+0000] {dagbag.py:538} INFO - Filling up the DagBag from /home/airflow/.local/lib/python3.7/site-packages/airflow/example_dags/example_latest_only.py
[2023-01-27T01:32:05.274+0000] {processor.py:753} INFO - DAG(s) dict_keys(['latest_only']) retrieved from /home/airflow/.local/lib/python3.7/site-packages/airflow/example_dags/example_latest_only.py
[2023-01-27T01:32:05.310+0000] {logging_mixin.py:137} INFO - [2023-01-27T01:32:05.310+0000] {dag.py:2690} INFO - Sync 1 DAGs
[2023-01-27T01:32:05.345+0000] {logging_mixin.py:137} INFO - [2023-01-27T01:32:05.345+0000] {dag.py:3441} INFO - Setting next_dagrun for latest_only to 2023-01-26T21:32:05.345526+00:00, run_after=2023-01-27T01:32:05.345526+00:00
[2023-01-27T01:32:05.379+0000] {processor.py:175} INFO - Processing /home/airflow/.local/lib/python3.7/site-packages/airflow/example_dags/example_latest_only.py took 0.136 seconds
[2023-01-27T01:32:35.593+0000] {processor.py:153} INFO - Started process (PID=692) to work on /home/airflow/.local/lib/python3.7/site-packages/airflow/example_dags/example_latest_only.py
[2023-01-27T01:32:35.595+0000] {processor.py:743} INFO - Processing file /home/airflow/.local/lib/python3.7/site-packages/airflow/example_dags/example_latest_only.py for tasks to queue
[2023-01-27T01:32:35.597+0000] {logging_mixin.py:137} INFO - [2023-01-27T01:32:35.596+0000] {dagbag.py:538} INFO - Filling up the DagBag from /home/airflow/.local/lib/python3.7/site-packages/airflow/example_dags/example_latest_only.py
[2023-01-27T01:32:35.617+0000] {processor.py:753} INFO - DAG(s) dict_keys(['latest_only']) retrieved from /home/airflow/.local/lib/python3.7/site-packages/airflow/example_dags/example_latest_only.py
[2023-01-27T01:32:35.654+0000] {logging_mixin.py:137} INFO - [2023-01-27T01:32:35.654+0000] {dag.py:2690} INFO - Sync 1 DAGs
[2023-01-27T01:32:35.689+0000] {logging_mixin.py:137} INFO - [2023-01-27T01:32:35.689+0000] {dag.py:3441} INFO - Setting next_dagrun for latest_only to 2023-01-26T21:32:35.689433+00:00, run_after=2023-01-27T01:32:35.689433+00:00
[2023-01-27T01:32:35.723+0000] {processor.py:175} INFO - Processing /home/airflow/.local/lib/python3.7/site-packages/airflow/example_dags/example_latest_only.py took 0.137 seconds
