[2023-01-27T01:24:21.694+0000] {processor.py:153} INFO - Started process (PID=65) to work on /home/airflow/.local/lib/python3.7/site-packages/airflow/example_dags/example_trigger_controller_dag.py
[2023-01-27T01:24:21.700+0000] {processor.py:743} INFO - Processing file /home/airflow/.local/lib/python3.7/site-packages/airflow/example_dags/example_trigger_controller_dag.py for tasks to queue
[2023-01-27T01:24:21.703+0000] {logging_mixin.py:137} INFO - [2023-01-27T01:24:21.703+0000] {dagbag.py:538} INFO - Filling up the DagBag from /home/airflow/.local/lib/python3.7/site-packages/airflow/example_dags/example_trigger_controller_dag.py
[2023-01-27T01:24:21.792+0000] {processor.py:753} INFO - DAG(s) dict_keys(['example_trigger_controller_dag']) retrieved from /home/airflow/.local/lib/python3.7/site-packages/airflow/example_dags/example_trigger_controller_dag.py
[2023-01-27T01:24:22.319+0000] {logging_mixin.py:137} INFO - [2023-01-27T01:24:22.318+0000] {dag.py:2690} INFO - Sync 1 DAGs
[2023-01-27T01:24:22.457+0000] {logging_mixin.py:137} INFO - [2023-01-27T01:24:22.457+0000] {dag.py:3441} INFO - Setting next_dagrun for example_trigger_controller_dag to 2021-01-01T00:00:00+00:00, run_after=2021-01-01T00:00:00+00:00
[2023-01-27T01:24:22.571+0000] {processor.py:175} INFO - Processing /home/airflow/.local/lib/python3.7/site-packages/airflow/example_dags/example_trigger_controller_dag.py took 0.895 seconds
[2023-01-27T01:24:52.837+0000] {processor.py:153} INFO - Started process (PID=123) to work on /home/airflow/.local/lib/python3.7/site-packages/airflow/example_dags/example_trigger_controller_dag.py
[2023-01-27T01:24:52.843+0000] {processor.py:743} INFO - Processing file /home/airflow/.local/lib/python3.7/site-packages/airflow/example_dags/example_trigger_controller_dag.py for tasks to queue
[2023-01-27T01:24:52.863+0000] {logging_mixin.py:137} INFO - [2023-01-27T01:24:52.863+0000] {dagbag.py:538} INFO - Filling up the DagBag from /home/airflow/.local/lib/python3.7/site-packages/airflow/example_dags/example_trigger_controller_dag.py
[2023-01-27T01:24:53.091+0000] {processor.py:753} INFO - DAG(s) dict_keys(['example_trigger_controller_dag']) retrieved from /home/airflow/.local/lib/python3.7/site-packages/airflow/example_dags/example_trigger_controller_dag.py
[2023-01-27T01:24:53.317+0000] {logging_mixin.py:137} INFO - [2023-01-27T01:24:53.316+0000] {dag.py:2690} INFO - Sync 1 DAGs
[2023-01-27T01:24:53.415+0000] {logging_mixin.py:137} INFO - [2023-01-27T01:24:53.415+0000] {dag.py:3441} INFO - Setting next_dagrun for example_trigger_controller_dag to 2021-01-01T00:00:00+00:00, run_after=2021-01-01T00:00:00+00:00
[2023-01-27T01:24:53.534+0000] {processor.py:175} INFO - Processing /home/airflow/.local/lib/python3.7/site-packages/airflow/example_dags/example_trigger_controller_dag.py took 0.708 seconds
[2023-01-27T01:27:50.926+0000] {processor.py:153} INFO - Started process (PID=58) to work on /home/airflow/.local/lib/python3.7/site-packages/airflow/example_dags/example_trigger_controller_dag.py
[2023-01-27T01:27:50.935+0000] {processor.py:743} INFO - Processing file /home/airflow/.local/lib/python3.7/site-packages/airflow/example_dags/example_trigger_controller_dag.py for tasks to queue
[2023-01-27T01:27:50.938+0000] {logging_mixin.py:137} INFO - [2023-01-27T01:27:50.937+0000] {dagbag.py:538} INFO - Filling up the DagBag from /home/airflow/.local/lib/python3.7/site-packages/airflow/example_dags/example_trigger_controller_dag.py
[2023-01-27T01:27:51.003+0000] {processor.py:753} INFO - DAG(s) dict_keys(['example_trigger_controller_dag']) retrieved from /home/airflow/.local/lib/python3.7/site-packages/airflow/example_dags/example_trigger_controller_dag.py
[2023-01-27T01:27:51.083+0000] {logging_mixin.py:137} INFO - [2023-01-27T01:27:51.083+0000] {dag.py:2690} INFO - Sync 1 DAGs
[2023-01-27T01:27:51.155+0000] {logging_mixin.py:137} INFO - [2023-01-27T01:27:51.155+0000] {dag.py:3441} INFO - Setting next_dagrun for example_trigger_controller_dag to 2021-01-01T00:00:00+00:00, run_after=2021-01-01T00:00:00+00:00
[2023-01-27T01:27:51.197+0000] {processor.py:175} INFO - Processing /home/airflow/.local/lib/python3.7/site-packages/airflow/example_dags/example_trigger_controller_dag.py took 0.287 seconds
[2023-01-27T01:28:21.257+0000] {processor.py:153} INFO - Started process (PID=123) to work on /home/airflow/.local/lib/python3.7/site-packages/airflow/example_dags/example_trigger_controller_dag.py
[2023-01-27T01:28:21.260+0000] {processor.py:743} INFO - Processing file /home/airflow/.local/lib/python3.7/site-packages/airflow/example_dags/example_trigger_controller_dag.py for tasks to queue
[2023-01-27T01:28:21.262+0000] {logging_mixin.py:137} INFO - [2023-01-27T01:28:21.261+0000] {dagbag.py:538} INFO - Filling up the DagBag from /home/airflow/.local/lib/python3.7/site-packages/airflow/example_dags/example_trigger_controller_dag.py
[2023-01-27T01:28:21.279+0000] {processor.py:753} INFO - DAG(s) dict_keys(['example_trigger_controller_dag']) retrieved from /home/airflow/.local/lib/python3.7/site-packages/airflow/example_dags/example_trigger_controller_dag.py
[2023-01-27T01:28:21.322+0000] {logging_mixin.py:137} INFO - [2023-01-27T01:28:21.322+0000] {dag.py:2690} INFO - Sync 1 DAGs
[2023-01-27T01:28:21.367+0000] {logging_mixin.py:137} INFO - [2023-01-27T01:28:21.367+0000] {dag.py:3441} INFO - Setting next_dagrun for example_trigger_controller_dag to 2021-01-01T00:00:00+00:00, run_after=2021-01-01T00:00:00+00:00
[2023-01-27T01:28:21.407+0000] {processor.py:175} INFO - Processing /home/airflow/.local/lib/python3.7/site-packages/airflow/example_dags/example_trigger_controller_dag.py took 0.153 seconds
[2023-01-27T01:28:52.128+0000] {processor.py:153} INFO - Started process (PID=188) to work on /home/airflow/.local/lib/python3.7/site-packages/airflow/example_dags/example_trigger_controller_dag.py
[2023-01-27T01:28:52.132+0000] {processor.py:743} INFO - Processing file /home/airflow/.local/lib/python3.7/site-packages/airflow/example_dags/example_trigger_controller_dag.py for tasks to queue
[2023-01-27T01:28:52.135+0000] {logging_mixin.py:137} INFO - [2023-01-27T01:28:52.134+0000] {dagbag.py:538} INFO - Filling up the DagBag from /home/airflow/.local/lib/python3.7/site-packages/airflow/example_dags/example_trigger_controller_dag.py
[2023-01-27T01:28:52.160+0000] {processor.py:753} INFO - DAG(s) dict_keys(['example_trigger_controller_dag']) retrieved from /home/airflow/.local/lib/python3.7/site-packages/airflow/example_dags/example_trigger_controller_dag.py
[2023-01-27T01:28:52.219+0000] {logging_mixin.py:137} INFO - [2023-01-27T01:28:52.218+0000] {dag.py:2690} INFO - Sync 1 DAGs
[2023-01-27T01:28:52.290+0000] {logging_mixin.py:137} INFO - [2023-01-27T01:28:52.287+0000] {dag.py:3441} INFO - Setting next_dagrun for example_trigger_controller_dag to 2021-01-01T00:00:00+00:00, run_after=2021-01-01T00:00:00+00:00
[2023-01-27T01:28:52.345+0000] {processor.py:175} INFO - Processing /home/airflow/.local/lib/python3.7/site-packages/airflow/example_dags/example_trigger_controller_dag.py took 0.228 seconds
[2023-01-27T01:29:23.232+0000] {processor.py:153} INFO - Started process (PID=264) to work on /home/airflow/.local/lib/python3.7/site-packages/airflow/example_dags/example_trigger_controller_dag.py
[2023-01-27T01:29:23.237+0000] {processor.py:743} INFO - Processing file /home/airflow/.local/lib/python3.7/site-packages/airflow/example_dags/example_trigger_controller_dag.py for tasks to queue
[2023-01-27T01:29:23.240+0000] {logging_mixin.py:137} INFO - [2023-01-27T01:29:23.240+0000] {dagbag.py:538} INFO - Filling up the DagBag from /home/airflow/.local/lib/python3.7/site-packages/airflow/example_dags/example_trigger_controller_dag.py
[2023-01-27T01:29:23.271+0000] {processor.py:753} INFO - DAG(s) dict_keys(['example_trigger_controller_dag']) retrieved from /home/airflow/.local/lib/python3.7/site-packages/airflow/example_dags/example_trigger_controller_dag.py
[2023-01-27T01:29:23.341+0000] {logging_mixin.py:137} INFO - [2023-01-27T01:29:23.341+0000] {dag.py:2690} INFO - Sync 1 DAGs
[2023-01-27T01:29:23.436+0000] {logging_mixin.py:137} INFO - [2023-01-27T01:29:23.435+0000] {dag.py:3441} INFO - Setting next_dagrun for example_trigger_controller_dag to 2021-01-01T00:00:00+00:00, run_after=2021-01-01T00:00:00+00:00
[2023-01-27T01:29:23.492+0000] {processor.py:175} INFO - Processing /home/airflow/.local/lib/python3.7/site-packages/airflow/example_dags/example_trigger_controller_dag.py took 0.276 seconds
[2023-01-27T01:29:53.555+0000] {processor.py:153} INFO - Started process (PID=328) to work on /home/airflow/.local/lib/python3.7/site-packages/airflow/example_dags/example_trigger_controller_dag.py
[2023-01-27T01:29:53.559+0000] {processor.py:743} INFO - Processing file /home/airflow/.local/lib/python3.7/site-packages/airflow/example_dags/example_trigger_controller_dag.py for tasks to queue
[2023-01-27T01:29:53.562+0000] {logging_mixin.py:137} INFO - [2023-01-27T01:29:53.562+0000] {dagbag.py:538} INFO - Filling up the DagBag from /home/airflow/.local/lib/python3.7/site-packages/airflow/example_dags/example_trigger_controller_dag.py
[2023-01-27T01:29:53.581+0000] {processor.py:753} INFO - DAG(s) dict_keys(['example_trigger_controller_dag']) retrieved from /home/airflow/.local/lib/python3.7/site-packages/airflow/example_dags/example_trigger_controller_dag.py
[2023-01-27T01:29:53.617+0000] {logging_mixin.py:137} INFO - [2023-01-27T01:29:53.617+0000] {dag.py:2690} INFO - Sync 1 DAGs
[2023-01-27T01:29:53.652+0000] {logging_mixin.py:137} INFO - [2023-01-27T01:29:53.651+0000] {dag.py:3441} INFO - Setting next_dagrun for example_trigger_controller_dag to 2021-01-01T00:00:00+00:00, run_after=2021-01-01T00:00:00+00:00
[2023-01-27T01:29:53.700+0000] {processor.py:175} INFO - Processing /home/airflow/.local/lib/python3.7/site-packages/airflow/example_dags/example_trigger_controller_dag.py took 0.149 seconds
[2023-01-27T01:30:24.764+0000] {processor.py:153} INFO - Started process (PID=394) to work on /home/airflow/.local/lib/python3.7/site-packages/airflow/example_dags/example_trigger_controller_dag.py
[2023-01-27T01:30:24.769+0000] {processor.py:743} INFO - Processing file /home/airflow/.local/lib/python3.7/site-packages/airflow/example_dags/example_trigger_controller_dag.py for tasks to queue
[2023-01-27T01:30:24.773+0000] {logging_mixin.py:137} INFO - [2023-01-27T01:30:24.773+0000] {dagbag.py:538} INFO - Filling up the DagBag from /home/airflow/.local/lib/python3.7/site-packages/airflow/example_dags/example_trigger_controller_dag.py
[2023-01-27T01:30:24.850+0000] {processor.py:753} INFO - DAG(s) dict_keys(['example_trigger_controller_dag']) retrieved from /home/airflow/.local/lib/python3.7/site-packages/airflow/example_dags/example_trigger_controller_dag.py
[2023-01-27T01:30:24.994+0000] {logging_mixin.py:137} INFO - [2023-01-27T01:30:24.994+0000] {dag.py:2690} INFO - Sync 1 DAGs
[2023-01-27T01:30:25.105+0000] {logging_mixin.py:137} INFO - [2023-01-27T01:30:25.104+0000] {dag.py:3441} INFO - Setting next_dagrun for example_trigger_controller_dag to 2021-01-01T00:00:00+00:00, run_after=2021-01-01T00:00:00+00:00
[2023-01-27T01:30:25.207+0000] {processor.py:175} INFO - Processing /home/airflow/.local/lib/python3.7/site-packages/airflow/example_dags/example_trigger_controller_dag.py took 0.473 seconds
[2023-01-27T01:30:55.416+0000] {processor.py:153} INFO - Started process (PID=461) to work on /home/airflow/.local/lib/python3.7/site-packages/airflow/example_dags/example_trigger_controller_dag.py
[2023-01-27T01:30:55.431+0000] {processor.py:743} INFO - Processing file /home/airflow/.local/lib/python3.7/site-packages/airflow/example_dags/example_trigger_controller_dag.py for tasks to queue
[2023-01-27T01:30:55.438+0000] {logging_mixin.py:137} INFO - [2023-01-27T01:30:55.438+0000] {dagbag.py:538} INFO - Filling up the DagBag from /home/airflow/.local/lib/python3.7/site-packages/airflow/example_dags/example_trigger_controller_dag.py
[2023-01-27T01:30:55.488+0000] {processor.py:753} INFO - DAG(s) dict_keys(['example_trigger_controller_dag']) retrieved from /home/airflow/.local/lib/python3.7/site-packages/airflow/example_dags/example_trigger_controller_dag.py
[2023-01-27T01:30:55.554+0000] {logging_mixin.py:137} INFO - [2023-01-27T01:30:55.554+0000] {dag.py:2690} INFO - Sync 1 DAGs
[2023-01-27T01:30:55.608+0000] {logging_mixin.py:137} INFO - [2023-01-27T01:30:55.608+0000] {dag.py:3441} INFO - Setting next_dagrun for example_trigger_controller_dag to 2021-01-01T00:00:00+00:00, run_after=2021-01-01T00:00:00+00:00
[2023-01-27T01:30:55.645+0000] {processor.py:175} INFO - Processing /home/airflow/.local/lib/python3.7/site-packages/airflow/example_dags/example_trigger_controller_dag.py took 0.241 seconds
[2023-01-27T01:31:25.693+0000] {processor.py:153} INFO - Started process (PID=527) to work on /home/airflow/.local/lib/python3.7/site-packages/airflow/example_dags/example_trigger_controller_dag.py
[2023-01-27T01:31:25.696+0000] {processor.py:743} INFO - Processing file /home/airflow/.local/lib/python3.7/site-packages/airflow/example_dags/example_trigger_controller_dag.py for tasks to queue
[2023-01-27T01:31:25.699+0000] {logging_mixin.py:137} INFO - [2023-01-27T01:31:25.698+0000] {dagbag.py:538} INFO - Filling up the DagBag from /home/airflow/.local/lib/python3.7/site-packages/airflow/example_dags/example_trigger_controller_dag.py
[2023-01-27T01:31:25.717+0000] {processor.py:753} INFO - DAG(s) dict_keys(['example_trigger_controller_dag']) retrieved from /home/airflow/.local/lib/python3.7/site-packages/airflow/example_dags/example_trigger_controller_dag.py
[2023-01-27T01:31:25.765+0000] {logging_mixin.py:137} INFO - [2023-01-27T01:31:25.765+0000] {dag.py:2690} INFO - Sync 1 DAGs
[2023-01-27T01:31:25.800+0000] {logging_mixin.py:137} INFO - [2023-01-27T01:31:25.800+0000] {dag.py:3441} INFO - Setting next_dagrun for example_trigger_controller_dag to 2021-01-01T00:00:00+00:00, run_after=2021-01-01T00:00:00+00:00
[2023-01-27T01:31:25.833+0000] {processor.py:175} INFO - Processing /home/airflow/.local/lib/python3.7/site-packages/airflow/example_dags/example_trigger_controller_dag.py took 0.145 seconds
[2023-01-27T01:31:56.565+0000] {processor.py:153} INFO - Started process (PID=591) to work on /home/airflow/.local/lib/python3.7/site-packages/airflow/example_dags/example_trigger_controller_dag.py
[2023-01-27T01:31:56.568+0000] {processor.py:743} INFO - Processing file /home/airflow/.local/lib/python3.7/site-packages/airflow/example_dags/example_trigger_controller_dag.py for tasks to queue
[2023-01-27T01:31:56.570+0000] {logging_mixin.py:137} INFO - [2023-01-27T01:31:56.570+0000] {dagbag.py:538} INFO - Filling up the DagBag from /home/airflow/.local/lib/python3.7/site-packages/airflow/example_dags/example_trigger_controller_dag.py
[2023-01-27T01:31:56.586+0000] {processor.py:753} INFO - DAG(s) dict_keys(['example_trigger_controller_dag']) retrieved from /home/airflow/.local/lib/python3.7/site-packages/airflow/example_dags/example_trigger_controller_dag.py
[2023-01-27T01:31:56.620+0000] {logging_mixin.py:137} INFO - [2023-01-27T01:31:56.620+0000] {dag.py:2690} INFO - Sync 1 DAGs
[2023-01-27T01:31:56.650+0000] {logging_mixin.py:137} INFO - [2023-01-27T01:31:56.650+0000] {dag.py:3441} INFO - Setting next_dagrun for example_trigger_controller_dag to 2021-01-01T00:00:00+00:00, run_after=2021-01-01T00:00:00+00:00
[2023-01-27T01:31:56.678+0000] {processor.py:175} INFO - Processing /home/airflow/.local/lib/python3.7/site-packages/airflow/example_dags/example_trigger_controller_dag.py took 0.120 seconds
[2023-01-27T01:32:27.096+0000] {processor.py:153} INFO - Started process (PID=669) to work on /home/airflow/.local/lib/python3.7/site-packages/airflow/example_dags/example_trigger_controller_dag.py
[2023-01-27T01:32:27.099+0000] {processor.py:743} INFO - Processing file /home/airflow/.local/lib/python3.7/site-packages/airflow/example_dags/example_trigger_controller_dag.py for tasks to queue
[2023-01-27T01:32:27.101+0000] {logging_mixin.py:137} INFO - [2023-01-27T01:32:27.101+0000] {dagbag.py:538} INFO - Filling up the DagBag from /home/airflow/.local/lib/python3.7/site-packages/airflow/example_dags/example_trigger_controller_dag.py
[2023-01-27T01:32:27.119+0000] {processor.py:753} INFO - DAG(s) dict_keys(['example_trigger_controller_dag']) retrieved from /home/airflow/.local/lib/python3.7/site-packages/airflow/example_dags/example_trigger_controller_dag.py
[2023-01-27T01:32:27.178+0000] {logging_mixin.py:137} INFO - [2023-01-27T01:32:27.178+0000] {dag.py:2690} INFO - Sync 1 DAGs
[2023-01-27T01:32:27.244+0000] {logging_mixin.py:137} INFO - [2023-01-27T01:32:27.244+0000] {dag.py:3441} INFO - Setting next_dagrun for example_trigger_controller_dag to 2021-01-01T00:00:00+00:00, run_after=2021-01-01T00:00:00+00:00
[2023-01-27T01:32:27.284+0000] {processor.py:175} INFO - Processing /home/airflow/.local/lib/python3.7/site-packages/airflow/example_dags/example_trigger_controller_dag.py took 0.193 seconds
[2023-01-27T01:32:57.391+0000] {processor.py:153} INFO - Started process (PID=734) to work on /home/airflow/.local/lib/python3.7/site-packages/airflow/example_dags/example_trigger_controller_dag.py
[2023-01-27T01:32:57.394+0000] {processor.py:743} INFO - Processing file /home/airflow/.local/lib/python3.7/site-packages/airflow/example_dags/example_trigger_controller_dag.py for tasks to queue
[2023-01-27T01:32:57.395+0000] {logging_mixin.py:137} INFO - [2023-01-27T01:32:57.395+0000] {dagbag.py:538} INFO - Filling up the DagBag from /home/airflow/.local/lib/python3.7/site-packages/airflow/example_dags/example_trigger_controller_dag.py
[2023-01-27T01:32:57.411+0000] {processor.py:753} INFO - DAG(s) dict_keys(['example_trigger_controller_dag']) retrieved from /home/airflow/.local/lib/python3.7/site-packages/airflow/example_dags/example_trigger_controller_dag.py
[2023-01-27T01:32:57.459+0000] {logging_mixin.py:137} INFO - [2023-01-27T01:32:57.458+0000] {dag.py:2690} INFO - Sync 1 DAGs
[2023-01-27T01:32:57.502+0000] {logging_mixin.py:137} INFO - [2023-01-27T01:32:57.501+0000] {dag.py:3441} INFO - Setting next_dagrun for example_trigger_controller_dag to 2021-01-01T00:00:00+00:00, run_after=2021-01-01T00:00:00+00:00
[2023-01-27T01:32:57.539+0000] {processor.py:175} INFO - Processing /home/airflow/.local/lib/python3.7/site-packages/airflow/example_dags/example_trigger_controller_dag.py took 0.153 seconds
