[2023-01-27T01:24:29.241+0000] {processor.py:153} INFO - Started process (PID=88) to work on /home/airflow/.local/lib/python3.7/site-packages/airflow/example_dags/example_local_kubernetes_executor.py
[2023-01-27T01:24:29.251+0000] {processor.py:743} INFO - Processing file /home/airflow/.local/lib/python3.7/site-packages/airflow/example_dags/example_local_kubernetes_executor.py for tasks to queue
[2023-01-27T01:24:29.253+0000] {logging_mixin.py:137} INFO - [2023-01-27T01:24:29.253+0000] {dagbag.py:538} INFO - Filling up the DagBag from /home/airflow/.local/lib/python3.7/site-packages/airflow/example_dags/example_local_kubernetes_executor.py
[2023-01-27T01:24:29.422+0000] {processor.py:753} INFO - DAG(s) dict_keys(['example_local_kubernetes_executor']) retrieved from /home/airflow/.local/lib/python3.7/site-packages/airflow/example_dags/example_local_kubernetes_executor.py
[2023-01-27T01:24:29.495+0000] {logging_mixin.py:137} INFO - [2023-01-27T01:24:29.494+0000] {dag.py:2690} INFO - Sync 1 DAGs
[2023-01-27T01:24:29.540+0000] {logging_mixin.py:137} INFO - [2023-01-27T01:24:29.540+0000] {dag.py:3441} INFO - Setting next_dagrun for example_local_kubernetes_executor to None, run_after=None
[2023-01-27T01:24:29.576+0000] {processor.py:175} INFO - Processing /home/airflow/.local/lib/python3.7/site-packages/airflow/example_dags/example_local_kubernetes_executor.py took 0.358 seconds
[2023-01-27T01:24:59.776+0000] {processor.py:153} INFO - Started process (PID=151) to work on /home/airflow/.local/lib/python3.7/site-packages/airflow/example_dags/example_local_kubernetes_executor.py
[2023-01-27T01:24:59.779+0000] {processor.py:743} INFO - Processing file /home/airflow/.local/lib/python3.7/site-packages/airflow/example_dags/example_local_kubernetes_executor.py for tasks to queue
[2023-01-27T01:24:59.783+0000] {logging_mixin.py:137} INFO - [2023-01-27T01:24:59.782+0000] {dagbag.py:538} INFO - Filling up the DagBag from /home/airflow/.local/lib/python3.7/site-packages/airflow/example_dags/example_local_kubernetes_executor.py
[2023-01-27T01:24:59.880+0000] {processor.py:753} INFO - DAG(s) dict_keys(['example_local_kubernetes_executor']) retrieved from /home/airflow/.local/lib/python3.7/site-packages/airflow/example_dags/example_local_kubernetes_executor.py
[2023-01-27T01:24:59.935+0000] {logging_mixin.py:137} INFO - [2023-01-27T01:24:59.935+0000] {dag.py:2690} INFO - Sync 1 DAGs
[2023-01-27T01:24:59.986+0000] {logging_mixin.py:137} INFO - [2023-01-27T01:24:59.986+0000] {dag.py:3441} INFO - Setting next_dagrun for example_local_kubernetes_executor to None, run_after=None
[2023-01-27T01:25:00.028+0000] {processor.py:175} INFO - Processing /home/airflow/.local/lib/python3.7/site-packages/airflow/example_dags/example_local_kubernetes_executor.py took 0.266 seconds
[2023-01-27T01:27:54.927+0000] {processor.py:153} INFO - Started process (PID=74) to work on /home/airflow/.local/lib/python3.7/site-packages/airflow/example_dags/example_local_kubernetes_executor.py
[2023-01-27T01:27:54.930+0000] {processor.py:743} INFO - Processing file /home/airflow/.local/lib/python3.7/site-packages/airflow/example_dags/example_local_kubernetes_executor.py for tasks to queue
[2023-01-27T01:27:54.932+0000] {logging_mixin.py:137} INFO - [2023-01-27T01:27:54.932+0000] {dagbag.py:538} INFO - Filling up the DagBag from /home/airflow/.local/lib/python3.7/site-packages/airflow/example_dags/example_local_kubernetes_executor.py
[2023-01-27T01:27:54.976+0000] {processor.py:753} INFO - DAG(s) dict_keys(['example_local_kubernetes_executor']) retrieved from /home/airflow/.local/lib/python3.7/site-packages/airflow/example_dags/example_local_kubernetes_executor.py
[2023-01-27T01:27:55.031+0000] {logging_mixin.py:137} INFO - [2023-01-27T01:27:55.030+0000] {dag.py:2690} INFO - Sync 1 DAGs
[2023-01-27T01:27:55.084+0000] {logging_mixin.py:137} INFO - [2023-01-27T01:27:55.084+0000] {dag.py:3441} INFO - Setting next_dagrun for example_local_kubernetes_executor to None, run_after=None
[2023-01-27T01:27:55.149+0000] {processor.py:175} INFO - Processing /home/airflow/.local/lib/python3.7/site-packages/airflow/example_dags/example_local_kubernetes_executor.py took 0.229 seconds
[2023-01-27T01:28:25.294+0000] {processor.py:153} INFO - Started process (PID=139) to work on /home/airflow/.local/lib/python3.7/site-packages/airflow/example_dags/example_local_kubernetes_executor.py
[2023-01-27T01:28:25.297+0000] {processor.py:743} INFO - Processing file /home/airflow/.local/lib/python3.7/site-packages/airflow/example_dags/example_local_kubernetes_executor.py for tasks to queue
[2023-01-27T01:28:25.299+0000] {logging_mixin.py:137} INFO - [2023-01-27T01:28:25.299+0000] {dagbag.py:538} INFO - Filling up the DagBag from /home/airflow/.local/lib/python3.7/site-packages/airflow/example_dags/example_local_kubernetes_executor.py
[2023-01-27T01:28:25.346+0000] {processor.py:753} INFO - DAG(s) dict_keys(['example_local_kubernetes_executor']) retrieved from /home/airflow/.local/lib/python3.7/site-packages/airflow/example_dags/example_local_kubernetes_executor.py
[2023-01-27T01:28:25.400+0000] {logging_mixin.py:137} INFO - [2023-01-27T01:28:25.400+0000] {dag.py:2690} INFO - Sync 1 DAGs
[2023-01-27T01:28:25.436+0000] {logging_mixin.py:137} INFO - [2023-01-27T01:28:25.436+0000] {dag.py:3441} INFO - Setting next_dagrun for example_local_kubernetes_executor to None, run_after=None
[2023-01-27T01:28:25.465+0000] {processor.py:175} INFO - Processing /home/airflow/.local/lib/python3.7/site-packages/airflow/example_dags/example_local_kubernetes_executor.py took 0.178 seconds
[2023-01-27T01:28:55.934+0000] {processor.py:153} INFO - Started process (PID=215) to work on /home/airflow/.local/lib/python3.7/site-packages/airflow/example_dags/example_local_kubernetes_executor.py
[2023-01-27T01:28:55.939+0000] {processor.py:743} INFO - Processing file /home/airflow/.local/lib/python3.7/site-packages/airflow/example_dags/example_local_kubernetes_executor.py for tasks to queue
[2023-01-27T01:28:55.941+0000] {logging_mixin.py:137} INFO - [2023-01-27T01:28:55.941+0000] {dagbag.py:538} INFO - Filling up the DagBag from /home/airflow/.local/lib/python3.7/site-packages/airflow/example_dags/example_local_kubernetes_executor.py
[2023-01-27T01:28:55.997+0000] {processor.py:753} INFO - DAG(s) dict_keys(['example_local_kubernetes_executor']) retrieved from /home/airflow/.local/lib/python3.7/site-packages/airflow/example_dags/example_local_kubernetes_executor.py
[2023-01-27T01:28:56.053+0000] {logging_mixin.py:137} INFO - [2023-01-27T01:28:56.052+0000] {dag.py:2690} INFO - Sync 1 DAGs
[2023-01-27T01:28:56.103+0000] {logging_mixin.py:137} INFO - [2023-01-27T01:28:56.103+0000] {dag.py:3441} INFO - Setting next_dagrun for example_local_kubernetes_executor to None, run_after=None
[2023-01-27T01:28:56.154+0000] {processor.py:175} INFO - Processing /home/airflow/.local/lib/python3.7/site-packages/airflow/example_dags/example_local_kubernetes_executor.py took 0.230 seconds
[2023-01-27T01:29:26.196+0000] {processor.py:153} INFO - Started process (PID=280) to work on /home/airflow/.local/lib/python3.7/site-packages/airflow/example_dags/example_local_kubernetes_executor.py
[2023-01-27T01:29:26.199+0000] {processor.py:743} INFO - Processing file /home/airflow/.local/lib/python3.7/site-packages/airflow/example_dags/example_local_kubernetes_executor.py for tasks to queue
[2023-01-27T01:29:26.202+0000] {logging_mixin.py:137} INFO - [2023-01-27T01:29:26.201+0000] {dagbag.py:538} INFO - Filling up the DagBag from /home/airflow/.local/lib/python3.7/site-packages/airflow/example_dags/example_local_kubernetes_executor.py
[2023-01-27T01:29:26.241+0000] {processor.py:753} INFO - DAG(s) dict_keys(['example_local_kubernetes_executor']) retrieved from /home/airflow/.local/lib/python3.7/site-packages/airflow/example_dags/example_local_kubernetes_executor.py
[2023-01-27T01:29:26.283+0000] {logging_mixin.py:137} INFO - [2023-01-27T01:29:26.283+0000] {dag.py:2690} INFO - Sync 1 DAGs
[2023-01-27T01:29:26.314+0000] {logging_mixin.py:137} INFO - [2023-01-27T01:29:26.314+0000] {dag.py:3441} INFO - Setting next_dagrun for example_local_kubernetes_executor to None, run_after=None
[2023-01-27T01:29:26.344+0000] {processor.py:175} INFO - Processing /home/airflow/.local/lib/python3.7/site-packages/airflow/example_dags/example_local_kubernetes_executor.py took 0.156 seconds
[2023-01-27T01:29:56.782+0000] {processor.py:153} INFO - Started process (PID=345) to work on /home/airflow/.local/lib/python3.7/site-packages/airflow/example_dags/example_local_kubernetes_executor.py
[2023-01-27T01:29:56.786+0000] {processor.py:743} INFO - Processing file /home/airflow/.local/lib/python3.7/site-packages/airflow/example_dags/example_local_kubernetes_executor.py for tasks to queue
[2023-01-27T01:29:56.790+0000] {logging_mixin.py:137} INFO - [2023-01-27T01:29:56.788+0000] {dagbag.py:538} INFO - Filling up the DagBag from /home/airflow/.local/lib/python3.7/site-packages/airflow/example_dags/example_local_kubernetes_executor.py
[2023-01-27T01:29:56.863+0000] {processor.py:753} INFO - DAG(s) dict_keys(['example_local_kubernetes_executor']) retrieved from /home/airflow/.local/lib/python3.7/site-packages/airflow/example_dags/example_local_kubernetes_executor.py
[2023-01-27T01:29:56.900+0000] {logging_mixin.py:137} INFO - [2023-01-27T01:29:56.900+0000] {dag.py:2690} INFO - Sync 1 DAGs
[2023-01-27T01:29:56.939+0000] {logging_mixin.py:137} INFO - [2023-01-27T01:29:56.939+0000] {dag.py:3441} INFO - Setting next_dagrun for example_local_kubernetes_executor to None, run_after=None
[2023-01-27T01:29:56.991+0000] {processor.py:175} INFO - Processing /home/airflow/.local/lib/python3.7/site-packages/airflow/example_dags/example_local_kubernetes_executor.py took 0.218 seconds
[2023-01-27T01:30:29.157+0000] {processor.py:153} INFO - Started process (PID=418) to work on /home/airflow/.local/lib/python3.7/site-packages/airflow/example_dags/example_local_kubernetes_executor.py
[2023-01-27T01:30:29.160+0000] {processor.py:743} INFO - Processing file /home/airflow/.local/lib/python3.7/site-packages/airflow/example_dags/example_local_kubernetes_executor.py for tasks to queue
[2023-01-27T01:30:29.163+0000] {logging_mixin.py:137} INFO - [2023-01-27T01:30:29.163+0000] {dagbag.py:538} INFO - Filling up the DagBag from /home/airflow/.local/lib/python3.7/site-packages/airflow/example_dags/example_local_kubernetes_executor.py
[2023-01-27T01:30:29.237+0000] {processor.py:753} INFO - DAG(s) dict_keys(['example_local_kubernetes_executor']) retrieved from /home/airflow/.local/lib/python3.7/site-packages/airflow/example_dags/example_local_kubernetes_executor.py
[2023-01-27T01:30:29.443+0000] {logging_mixin.py:137} INFO - [2023-01-27T01:30:29.442+0000] {dag.py:2690} INFO - Sync 1 DAGs
[2023-01-27T01:30:29.701+0000] {logging_mixin.py:137} INFO - [2023-01-27T01:30:29.701+0000] {dag.py:3441} INFO - Setting next_dagrun for example_local_kubernetes_executor to None, run_after=None
[2023-01-27T01:30:29.794+0000] {processor.py:175} INFO - Processing /home/airflow/.local/lib/python3.7/site-packages/airflow/example_dags/example_local_kubernetes_executor.py took 0.644 seconds
[2023-01-27T01:31:00.170+0000] {processor.py:153} INFO - Started process (PID=477) to work on /home/airflow/.local/lib/python3.7/site-packages/airflow/example_dags/example_local_kubernetes_executor.py
[2023-01-27T01:31:00.174+0000] {processor.py:743} INFO - Processing file /home/airflow/.local/lib/python3.7/site-packages/airflow/example_dags/example_local_kubernetes_executor.py for tasks to queue
[2023-01-27T01:31:00.177+0000] {logging_mixin.py:137} INFO - [2023-01-27T01:31:00.177+0000] {dagbag.py:538} INFO - Filling up the DagBag from /home/airflow/.local/lib/python3.7/site-packages/airflow/example_dags/example_local_kubernetes_executor.py
[2023-01-27T01:31:00.246+0000] {processor.py:753} INFO - DAG(s) dict_keys(['example_local_kubernetes_executor']) retrieved from /home/airflow/.local/lib/python3.7/site-packages/airflow/example_dags/example_local_kubernetes_executor.py
[2023-01-27T01:31:00.384+0000] {logging_mixin.py:137} INFO - [2023-01-27T01:31:00.382+0000] {dag.py:2690} INFO - Sync 1 DAGs
[2023-01-27T01:31:00.470+0000] {logging_mixin.py:137} INFO - [2023-01-27T01:31:00.470+0000] {dag.py:3441} INFO - Setting next_dagrun for example_local_kubernetes_executor to None, run_after=None
[2023-01-27T01:31:00.535+0000] {processor.py:175} INFO - Processing /home/airflow/.local/lib/python3.7/site-packages/airflow/example_dags/example_local_kubernetes_executor.py took 0.378 seconds
[2023-01-27T01:31:30.746+0000] {processor.py:153} INFO - Started process (PID=551) to work on /home/airflow/.local/lib/python3.7/site-packages/airflow/example_dags/example_local_kubernetes_executor.py
[2023-01-27T01:31:30.749+0000] {processor.py:743} INFO - Processing file /home/airflow/.local/lib/python3.7/site-packages/airflow/example_dags/example_local_kubernetes_executor.py for tasks to queue
[2023-01-27T01:31:30.754+0000] {logging_mixin.py:137} INFO - [2023-01-27T01:31:30.753+0000] {dagbag.py:538} INFO - Filling up the DagBag from /home/airflow/.local/lib/python3.7/site-packages/airflow/example_dags/example_local_kubernetes_executor.py
[2023-01-27T01:31:30.825+0000] {processor.py:753} INFO - DAG(s) dict_keys(['example_local_kubernetes_executor']) retrieved from /home/airflow/.local/lib/python3.7/site-packages/airflow/example_dags/example_local_kubernetes_executor.py
[2023-01-27T01:31:30.882+0000] {logging_mixin.py:137} INFO - [2023-01-27T01:31:30.882+0000] {dag.py:2690} INFO - Sync 1 DAGs
[2023-01-27T01:31:30.938+0000] {logging_mixin.py:137} INFO - [2023-01-27T01:31:30.937+0000] {dag.py:3441} INFO - Setting next_dagrun for example_local_kubernetes_executor to None, run_after=None
[2023-01-27T01:31:30.991+0000] {processor.py:175} INFO - Processing /home/airflow/.local/lib/python3.7/site-packages/airflow/example_dags/example_local_kubernetes_executor.py took 0.252 seconds
[2023-01-27T01:32:01.164+0000] {processor.py:153} INFO - Started process (PID=619) to work on /home/airflow/.local/lib/python3.7/site-packages/airflow/example_dags/example_local_kubernetes_executor.py
[2023-01-27T01:32:01.167+0000] {processor.py:743} INFO - Processing file /home/airflow/.local/lib/python3.7/site-packages/airflow/example_dags/example_local_kubernetes_executor.py for tasks to queue
[2023-01-27T01:32:01.168+0000] {logging_mixin.py:137} INFO - [2023-01-27T01:32:01.168+0000] {dagbag.py:538} INFO - Filling up the DagBag from /home/airflow/.local/lib/python3.7/site-packages/airflow/example_dags/example_local_kubernetes_executor.py
[2023-01-27T01:32:01.200+0000] {processor.py:753} INFO - DAG(s) dict_keys(['example_local_kubernetes_executor']) retrieved from /home/airflow/.local/lib/python3.7/site-packages/airflow/example_dags/example_local_kubernetes_executor.py
[2023-01-27T01:32:01.239+0000] {logging_mixin.py:137} INFO - [2023-01-27T01:32:01.239+0000] {dag.py:2690} INFO - Sync 1 DAGs
[2023-01-27T01:32:01.280+0000] {logging_mixin.py:137} INFO - [2023-01-27T01:32:01.280+0000] {dag.py:3441} INFO - Setting next_dagrun for example_local_kubernetes_executor to None, run_after=None
[2023-01-27T01:32:01.323+0000] {processor.py:175} INFO - Processing /home/airflow/.local/lib/python3.7/site-packages/airflow/example_dags/example_local_kubernetes_executor.py took 0.164 seconds
[2023-01-27T01:32:31.966+0000] {processor.py:153} INFO - Started process (PID=685) to work on /home/airflow/.local/lib/python3.7/site-packages/airflow/example_dags/example_local_kubernetes_executor.py
[2023-01-27T01:32:31.969+0000] {processor.py:743} INFO - Processing file /home/airflow/.local/lib/python3.7/site-packages/airflow/example_dags/example_local_kubernetes_executor.py for tasks to queue
[2023-01-27T01:32:31.971+0000] {logging_mixin.py:137} INFO - [2023-01-27T01:32:31.971+0000] {dagbag.py:538} INFO - Filling up the DagBag from /home/airflow/.local/lib/python3.7/site-packages/airflow/example_dags/example_local_kubernetes_executor.py
[2023-01-27T01:32:32.009+0000] {processor.py:753} INFO - DAG(s) dict_keys(['example_local_kubernetes_executor']) retrieved from /home/airflow/.local/lib/python3.7/site-packages/airflow/example_dags/example_local_kubernetes_executor.py
[2023-01-27T01:32:32.065+0000] {logging_mixin.py:137} INFO - [2023-01-27T01:32:32.065+0000] {dag.py:2690} INFO - Sync 1 DAGs
[2023-01-27T01:32:32.096+0000] {logging_mixin.py:137} INFO - [2023-01-27T01:32:32.096+0000] {dag.py:3441} INFO - Setting next_dagrun for example_local_kubernetes_executor to None, run_after=None
[2023-01-27T01:32:32.129+0000] {processor.py:175} INFO - Processing /home/airflow/.local/lib/python3.7/site-packages/airflow/example_dags/example_local_kubernetes_executor.py took 0.170 seconds
