[2023-01-27T01:24:17.871+0000] {processor.py:153} INFO - Started process (PID=49) to work on /home/airflow/.local/lib/python3.7/site-packages/airflow/example_dags/example_python_operator.py
[2023-01-27T01:24:17.873+0000] {processor.py:743} INFO - Processing file /home/airflow/.local/lib/python3.7/site-packages/airflow/example_dags/example_python_operator.py for tasks to queue
[2023-01-27T01:24:17.876+0000] {logging_mixin.py:137} INFO - [2023-01-27T01:24:17.876+0000] {dagbag.py:538} INFO - Filling up the DagBag from /home/airflow/.local/lib/python3.7/site-packages/airflow/example_dags/example_python_operator.py
[2023-01-27T01:24:17.944+0000] {logging_mixin.py:137} INFO - [2023-01-27T01:24:17.943+0000] {taskmixin.py:205} WARNING - Dependency <Task(_PythonDecoratedOperator): print_the_context>, log_sql_query already registered for DAG: example_python_operator
[2023-01-27T01:24:17.946+0000] {logging_mixin.py:137} INFO - [2023-01-27T01:24:17.945+0000] {taskmixin.py:205} WARNING - Dependency <Task(_PythonDecoratedOperator): log_sql_query>, print_the_context already registered for DAG: example_python_operator
[2023-01-27T01:24:17.948+0000] {logging_mixin.py:137} INFO - [2023-01-27T01:24:17.948+0000] {taskmixin.py:205} WARNING - Dependency <Task(_PythonDecoratedOperator): print_the_context>, log_sql_query already registered for DAG: example_python_operator
[2023-01-27T01:24:17.950+0000] {logging_mixin.py:137} INFO - [2023-01-27T01:24:17.950+0000] {taskmixin.py:205} WARNING - Dependency <Task(_PythonDecoratedOperator): log_sql_query>, print_the_context already registered for DAG: example_python_operator
[2023-01-27T01:24:17.954+0000] {logging_mixin.py:137} INFO - [2023-01-27T01:24:17.953+0000] {taskmixin.py:205} WARNING - Dependency <Task(_PythonDecoratedOperator): print_the_context>, log_sql_query already registered for DAG: example_python_operator
[2023-01-27T01:24:17.955+0000] {logging_mixin.py:137} INFO - [2023-01-27T01:24:17.955+0000] {taskmixin.py:205} WARNING - Dependency <Task(_PythonDecoratedOperator): log_sql_query>, print_the_context already registered for DAG: example_python_operator
[2023-01-27T01:24:17.958+0000] {logging_mixin.py:137} INFO - [2023-01-27T01:24:17.958+0000] {taskmixin.py:205} WARNING - Dependency <Task(_PythonDecoratedOperator): print_the_context>, log_sql_query already registered for DAG: example_python_operator
[2023-01-27T01:24:17.960+0000] {logging_mixin.py:137} INFO - [2023-01-27T01:24:17.960+0000] {taskmixin.py:205} WARNING - Dependency <Task(_PythonDecoratedOperator): log_sql_query>, print_the_context already registered for DAG: example_python_operator
[2023-01-27T01:24:17.974+0000] {processor.py:753} INFO - DAG(s) dict_keys(['example_python_operator']) retrieved from /home/airflow/.local/lib/python3.7/site-packages/airflow/example_dags/example_python_operator.py
[2023-01-27T01:24:18.128+0000] {logging_mixin.py:137} INFO - [2023-01-27T01:24:18.127+0000] {dag.py:2690} INFO - Sync 1 DAGs
[2023-01-27T01:24:18.191+0000] {logging_mixin.py:137} INFO - [2023-01-27T01:24:18.191+0000] {dag.py:3441} INFO - Setting next_dagrun for example_python_operator to None, run_after=None
[2023-01-27T01:24:18.241+0000] {processor.py:175} INFO - Processing /home/airflow/.local/lib/python3.7/site-packages/airflow/example_dags/example_python_operator.py took 0.377 seconds
[2023-01-27T01:24:49.046+0000] {processor.py:153} INFO - Started process (PID=114) to work on /home/airflow/.local/lib/python3.7/site-packages/airflow/example_dags/example_python_operator.py
[2023-01-27T01:24:49.048+0000] {processor.py:743} INFO - Processing file /home/airflow/.local/lib/python3.7/site-packages/airflow/example_dags/example_python_operator.py for tasks to queue
[2023-01-27T01:24:49.051+0000] {logging_mixin.py:137} INFO - [2023-01-27T01:24:49.050+0000] {dagbag.py:538} INFO - Filling up the DagBag from /home/airflow/.local/lib/python3.7/site-packages/airflow/example_dags/example_python_operator.py
[2023-01-27T01:24:49.087+0000] {logging_mixin.py:137} INFO - [2023-01-27T01:24:49.087+0000] {taskmixin.py:205} WARNING - Dependency <Task(_PythonDecoratedOperator): print_the_context>, log_sql_query already registered for DAG: example_python_operator
[2023-01-27T01:24:49.090+0000] {logging_mixin.py:137} INFO - [2023-01-27T01:24:49.090+0000] {taskmixin.py:205} WARNING - Dependency <Task(_PythonDecoratedOperator): log_sql_query>, print_the_context already registered for DAG: example_python_operator
[2023-01-27T01:24:49.093+0000] {logging_mixin.py:137} INFO - [2023-01-27T01:24:49.093+0000] {taskmixin.py:205} WARNING - Dependency <Task(_PythonDecoratedOperator): print_the_context>, log_sql_query already registered for DAG: example_python_operator
[2023-01-27T01:24:49.094+0000] {logging_mixin.py:137} INFO - [2023-01-27T01:24:49.094+0000] {taskmixin.py:205} WARNING - Dependency <Task(_PythonDecoratedOperator): log_sql_query>, print_the_context already registered for DAG: example_python_operator
[2023-01-27T01:24:49.096+0000] {logging_mixin.py:137} INFO - [2023-01-27T01:24:49.096+0000] {taskmixin.py:205} WARNING - Dependency <Task(_PythonDecoratedOperator): print_the_context>, log_sql_query already registered for DAG: example_python_operator
[2023-01-27T01:24:49.099+0000] {logging_mixin.py:137} INFO - [2023-01-27T01:24:49.099+0000] {taskmixin.py:205} WARNING - Dependency <Task(_PythonDecoratedOperator): log_sql_query>, print_the_context already registered for DAG: example_python_operator
[2023-01-27T01:24:49.101+0000] {logging_mixin.py:137} INFO - [2023-01-27T01:24:49.101+0000] {taskmixin.py:205} WARNING - Dependency <Task(_PythonDecoratedOperator): print_the_context>, log_sql_query already registered for DAG: example_python_operator
[2023-01-27T01:24:49.102+0000] {logging_mixin.py:137} INFO - [2023-01-27T01:24:49.102+0000] {taskmixin.py:205} WARNING - Dependency <Task(_PythonDecoratedOperator): log_sql_query>, print_the_context already registered for DAG: example_python_operator
[2023-01-27T01:24:49.113+0000] {processor.py:753} INFO - DAG(s) dict_keys(['example_python_operator']) retrieved from /home/airflow/.local/lib/python3.7/site-packages/airflow/example_dags/example_python_operator.py
[2023-01-27T01:24:49.161+0000] {logging_mixin.py:137} INFO - [2023-01-27T01:24:49.161+0000] {dag.py:2690} INFO - Sync 1 DAGs
[2023-01-27T01:24:49.205+0000] {logging_mixin.py:137} INFO - [2023-01-27T01:24:49.205+0000] {dag.py:3441} INFO - Setting next_dagrun for example_python_operator to None, run_after=None
[2023-01-27T01:24:49.237+0000] {processor.py:175} INFO - Processing /home/airflow/.local/lib/python3.7/site-packages/airflow/example_dags/example_python_operator.py took 0.197 seconds
[2023-01-27T01:27:47.450+0000] {processor.py:153} INFO - Started process (PID=49) to work on /home/airflow/.local/lib/python3.7/site-packages/airflow/example_dags/example_python_operator.py
[2023-01-27T01:27:47.453+0000] {processor.py:743} INFO - Processing file /home/airflow/.local/lib/python3.7/site-packages/airflow/example_dags/example_python_operator.py for tasks to queue
[2023-01-27T01:27:47.456+0000] {logging_mixin.py:137} INFO - [2023-01-27T01:27:47.455+0000] {dagbag.py:538} INFO - Filling up the DagBag from /home/airflow/.local/lib/python3.7/site-packages/airflow/example_dags/example_python_operator.py
[2023-01-27T01:27:47.516+0000] {logging_mixin.py:137} INFO - [2023-01-27T01:27:47.516+0000] {taskmixin.py:205} WARNING - Dependency <Task(_PythonDecoratedOperator): print_the_context>, log_sql_query already registered for DAG: example_python_operator
[2023-01-27T01:27:47.529+0000] {logging_mixin.py:137} INFO - [2023-01-27T01:27:47.528+0000] {taskmixin.py:205} WARNING - Dependency <Task(_PythonDecoratedOperator): log_sql_query>, print_the_context already registered for DAG: example_python_operator
[2023-01-27T01:27:47.533+0000] {logging_mixin.py:137} INFO - [2023-01-27T01:27:47.532+0000] {taskmixin.py:205} WARNING - Dependency <Task(_PythonDecoratedOperator): print_the_context>, log_sql_query already registered for DAG: example_python_operator
[2023-01-27T01:27:47.549+0000] {logging_mixin.py:137} INFO - [2023-01-27T01:27:47.549+0000] {taskmixin.py:205} WARNING - Dependency <Task(_PythonDecoratedOperator): log_sql_query>, print_the_context already registered for DAG: example_python_operator
[2023-01-27T01:27:47.554+0000] {logging_mixin.py:137} INFO - [2023-01-27T01:27:47.553+0000] {taskmixin.py:205} WARNING - Dependency <Task(_PythonDecoratedOperator): print_the_context>, log_sql_query already registered for DAG: example_python_operator
[2023-01-27T01:27:47.556+0000] {logging_mixin.py:137} INFO - [2023-01-27T01:27:47.555+0000] {taskmixin.py:205} WARNING - Dependency <Task(_PythonDecoratedOperator): log_sql_query>, print_the_context already registered for DAG: example_python_operator
[2023-01-27T01:27:47.559+0000] {logging_mixin.py:137} INFO - [2023-01-27T01:27:47.558+0000] {taskmixin.py:205} WARNING - Dependency <Task(_PythonDecoratedOperator): print_the_context>, log_sql_query already registered for DAG: example_python_operator
[2023-01-27T01:27:47.568+0000] {logging_mixin.py:137} INFO - [2023-01-27T01:27:47.568+0000] {taskmixin.py:205} WARNING - Dependency <Task(_PythonDecoratedOperator): log_sql_query>, print_the_context already registered for DAG: example_python_operator
[2023-01-27T01:27:47.604+0000] {processor.py:753} INFO - DAG(s) dict_keys(['example_python_operator']) retrieved from /home/airflow/.local/lib/python3.7/site-packages/airflow/example_dags/example_python_operator.py
[2023-01-27T01:27:47.793+0000] {logging_mixin.py:137} INFO - [2023-01-27T01:27:47.792+0000] {dag.py:2690} INFO - Sync 1 DAGs
[2023-01-27T01:27:47.856+0000] {logging_mixin.py:137} INFO - [2023-01-27T01:27:47.856+0000] {dag.py:3441} INFO - Setting next_dagrun for example_python_operator to None, run_after=None
[2023-01-27T01:27:47.901+0000] {processor.py:175} INFO - Processing /home/airflow/.local/lib/python3.7/site-packages/airflow/example_dags/example_python_operator.py took 0.464 seconds
[2023-01-27T01:28:18.649+0000] {processor.py:153} INFO - Started process (PID=112) to work on /home/airflow/.local/lib/python3.7/site-packages/airflow/example_dags/example_python_operator.py
[2023-01-27T01:28:18.652+0000] {processor.py:743} INFO - Processing file /home/airflow/.local/lib/python3.7/site-packages/airflow/example_dags/example_python_operator.py for tasks to queue
[2023-01-27T01:28:18.653+0000] {logging_mixin.py:137} INFO - [2023-01-27T01:28:18.653+0000] {dagbag.py:538} INFO - Filling up the DagBag from /home/airflow/.local/lib/python3.7/site-packages/airflow/example_dags/example_python_operator.py
[2023-01-27T01:28:18.681+0000] {logging_mixin.py:137} INFO - [2023-01-27T01:28:18.681+0000] {taskmixin.py:205} WARNING - Dependency <Task(_PythonDecoratedOperator): print_the_context>, log_sql_query already registered for DAG: example_python_operator
[2023-01-27T01:28:18.683+0000] {logging_mixin.py:137} INFO - [2023-01-27T01:28:18.683+0000] {taskmixin.py:205} WARNING - Dependency <Task(_PythonDecoratedOperator): log_sql_query>, print_the_context already registered for DAG: example_python_operator
[2023-01-27T01:28:18.686+0000] {logging_mixin.py:137} INFO - [2023-01-27T01:28:18.686+0000] {taskmixin.py:205} WARNING - Dependency <Task(_PythonDecoratedOperator): print_the_context>, log_sql_query already registered for DAG: example_python_operator
[2023-01-27T01:28:18.688+0000] {logging_mixin.py:137} INFO - [2023-01-27T01:28:18.687+0000] {taskmixin.py:205} WARNING - Dependency <Task(_PythonDecoratedOperator): log_sql_query>, print_the_context already registered for DAG: example_python_operator
[2023-01-27T01:28:18.690+0000] {logging_mixin.py:137} INFO - [2023-01-27T01:28:18.689+0000] {taskmixin.py:205} WARNING - Dependency <Task(_PythonDecoratedOperator): print_the_context>, log_sql_query already registered for DAG: example_python_operator
[2023-01-27T01:28:18.691+0000] {logging_mixin.py:137} INFO - [2023-01-27T01:28:18.690+0000] {taskmixin.py:205} WARNING - Dependency <Task(_PythonDecoratedOperator): log_sql_query>, print_the_context already registered for DAG: example_python_operator
[2023-01-27T01:28:18.692+0000] {logging_mixin.py:137} INFO - [2023-01-27T01:28:18.692+0000] {taskmixin.py:205} WARNING - Dependency <Task(_PythonDecoratedOperator): print_the_context>, log_sql_query already registered for DAG: example_python_operator
[2023-01-27T01:28:18.694+0000] {logging_mixin.py:137} INFO - [2023-01-27T01:28:18.694+0000] {taskmixin.py:205} WARNING - Dependency <Task(_PythonDecoratedOperator): log_sql_query>, print_the_context already registered for DAG: example_python_operator
[2023-01-27T01:28:18.702+0000] {processor.py:753} INFO - DAG(s) dict_keys(['example_python_operator']) retrieved from /home/airflow/.local/lib/python3.7/site-packages/airflow/example_dags/example_python_operator.py
[2023-01-27T01:28:18.756+0000] {logging_mixin.py:137} INFO - [2023-01-27T01:28:18.756+0000] {dag.py:2690} INFO - Sync 1 DAGs
[2023-01-27T01:28:18.803+0000] {logging_mixin.py:137} INFO - [2023-01-27T01:28:18.803+0000] {dag.py:3441} INFO - Setting next_dagrun for example_python_operator to None, run_after=None
[2023-01-27T01:28:18.835+0000] {processor.py:175} INFO - Processing /home/airflow/.local/lib/python3.7/site-packages/airflow/example_dags/example_python_operator.py took 0.190 seconds
[2023-01-27T01:28:49.306+0000] {processor.py:153} INFO - Started process (PID=177) to work on /home/airflow/.local/lib/python3.7/site-packages/airflow/example_dags/example_python_operator.py
[2023-01-27T01:28:49.309+0000] {processor.py:743} INFO - Processing file /home/airflow/.local/lib/python3.7/site-packages/airflow/example_dags/example_python_operator.py for tasks to queue
[2023-01-27T01:28:49.311+0000] {logging_mixin.py:137} INFO - [2023-01-27T01:28:49.311+0000] {dagbag.py:538} INFO - Filling up the DagBag from /home/airflow/.local/lib/python3.7/site-packages/airflow/example_dags/example_python_operator.py
[2023-01-27T01:28:49.341+0000] {logging_mixin.py:137} INFO - [2023-01-27T01:28:49.340+0000] {taskmixin.py:205} WARNING - Dependency <Task(_PythonDecoratedOperator): print_the_context>, log_sql_query already registered for DAG: example_python_operator
[2023-01-27T01:28:49.342+0000] {logging_mixin.py:137} INFO - [2023-01-27T01:28:49.342+0000] {taskmixin.py:205} WARNING - Dependency <Task(_PythonDecoratedOperator): log_sql_query>, print_the_context already registered for DAG: example_python_operator
[2023-01-27T01:28:49.345+0000] {logging_mixin.py:137} INFO - [2023-01-27T01:28:49.344+0000] {taskmixin.py:205} WARNING - Dependency <Task(_PythonDecoratedOperator): print_the_context>, log_sql_query already registered for DAG: example_python_operator
[2023-01-27T01:28:49.346+0000] {logging_mixin.py:137} INFO - [2023-01-27T01:28:49.345+0000] {taskmixin.py:205} WARNING - Dependency <Task(_PythonDecoratedOperator): log_sql_query>, print_the_context already registered for DAG: example_python_operator
[2023-01-27T01:28:49.348+0000] {logging_mixin.py:137} INFO - [2023-01-27T01:28:49.347+0000] {taskmixin.py:205} WARNING - Dependency <Task(_PythonDecoratedOperator): print_the_context>, log_sql_query already registered for DAG: example_python_operator
[2023-01-27T01:28:49.349+0000] {logging_mixin.py:137} INFO - [2023-01-27T01:28:49.349+0000] {taskmixin.py:205} WARNING - Dependency <Task(_PythonDecoratedOperator): log_sql_query>, print_the_context already registered for DAG: example_python_operator
[2023-01-27T01:28:49.351+0000] {logging_mixin.py:137} INFO - [2023-01-27T01:28:49.351+0000] {taskmixin.py:205} WARNING - Dependency <Task(_PythonDecoratedOperator): print_the_context>, log_sql_query already registered for DAG: example_python_operator
[2023-01-27T01:28:49.352+0000] {logging_mixin.py:137} INFO - [2023-01-27T01:28:49.352+0000] {taskmixin.py:205} WARNING - Dependency <Task(_PythonDecoratedOperator): log_sql_query>, print_the_context already registered for DAG: example_python_operator
[2023-01-27T01:28:49.362+0000] {processor.py:753} INFO - DAG(s) dict_keys(['example_python_operator']) retrieved from /home/airflow/.local/lib/python3.7/site-packages/airflow/example_dags/example_python_operator.py
[2023-01-27T01:28:49.414+0000] {logging_mixin.py:137} INFO - [2023-01-27T01:28:49.413+0000] {dag.py:2690} INFO - Sync 1 DAGs
[2023-01-27T01:28:49.458+0000] {logging_mixin.py:137} INFO - [2023-01-27T01:28:49.458+0000] {dag.py:3441} INFO - Setting next_dagrun for example_python_operator to None, run_after=None
[2023-01-27T01:28:49.502+0000] {processor.py:175} INFO - Processing /home/airflow/.local/lib/python3.7/site-packages/airflow/example_dags/example_python_operator.py took 0.205 seconds
[2023-01-27T01:29:19.672+0000] {processor.py:153} INFO - Started process (PID=241) to work on /home/airflow/.local/lib/python3.7/site-packages/airflow/example_dags/example_python_operator.py
[2023-01-27T01:29:19.674+0000] {processor.py:743} INFO - Processing file /home/airflow/.local/lib/python3.7/site-packages/airflow/example_dags/example_python_operator.py for tasks to queue
[2023-01-27T01:29:19.676+0000] {logging_mixin.py:137} INFO - [2023-01-27T01:29:19.676+0000] {dagbag.py:538} INFO - Filling up the DagBag from /home/airflow/.local/lib/python3.7/site-packages/airflow/example_dags/example_python_operator.py
[2023-01-27T01:29:19.711+0000] {logging_mixin.py:137} INFO - [2023-01-27T01:29:19.711+0000] {taskmixin.py:205} WARNING - Dependency <Task(_PythonDecoratedOperator): print_the_context>, log_sql_query already registered for DAG: example_python_operator
[2023-01-27T01:29:19.713+0000] {logging_mixin.py:137} INFO - [2023-01-27T01:29:19.713+0000] {taskmixin.py:205} WARNING - Dependency <Task(_PythonDecoratedOperator): log_sql_query>, print_the_context already registered for DAG: example_python_operator
[2023-01-27T01:29:19.715+0000] {logging_mixin.py:137} INFO - [2023-01-27T01:29:19.715+0000] {taskmixin.py:205} WARNING - Dependency <Task(_PythonDecoratedOperator): print_the_context>, log_sql_query already registered for DAG: example_python_operator
[2023-01-27T01:29:19.717+0000] {logging_mixin.py:137} INFO - [2023-01-27T01:29:19.717+0000] {taskmixin.py:205} WARNING - Dependency <Task(_PythonDecoratedOperator): log_sql_query>, print_the_context already registered for DAG: example_python_operator
[2023-01-27T01:29:19.719+0000] {logging_mixin.py:137} INFO - [2023-01-27T01:29:19.719+0000] {taskmixin.py:205} WARNING - Dependency <Task(_PythonDecoratedOperator): print_the_context>, log_sql_query already registered for DAG: example_python_operator
[2023-01-27T01:29:19.721+0000] {logging_mixin.py:137} INFO - [2023-01-27T01:29:19.720+0000] {taskmixin.py:205} WARNING - Dependency <Task(_PythonDecoratedOperator): log_sql_query>, print_the_context already registered for DAG: example_python_operator
[2023-01-27T01:29:19.723+0000] {logging_mixin.py:137} INFO - [2023-01-27T01:29:19.723+0000] {taskmixin.py:205} WARNING - Dependency <Task(_PythonDecoratedOperator): print_the_context>, log_sql_query already registered for DAG: example_python_operator
[2023-01-27T01:29:19.724+0000] {logging_mixin.py:137} INFO - [2023-01-27T01:29:19.724+0000] {taskmixin.py:205} WARNING - Dependency <Task(_PythonDecoratedOperator): log_sql_query>, print_the_context already registered for DAG: example_python_operator
[2023-01-27T01:29:19.735+0000] {processor.py:753} INFO - DAG(s) dict_keys(['example_python_operator']) retrieved from /home/airflow/.local/lib/python3.7/site-packages/airflow/example_dags/example_python_operator.py
[2023-01-27T01:29:19.778+0000] {logging_mixin.py:137} INFO - [2023-01-27T01:29:19.778+0000] {dag.py:2690} INFO - Sync 1 DAGs
[2023-01-27T01:29:19.819+0000] {logging_mixin.py:137} INFO - [2023-01-27T01:29:19.819+0000] {dag.py:3441} INFO - Setting next_dagrun for example_python_operator to None, run_after=None
[2023-01-27T01:29:19.861+0000] {processor.py:175} INFO - Processing /home/airflow/.local/lib/python3.7/site-packages/airflow/example_dags/example_python_operator.py took 0.195 seconds
[2023-01-27T01:29:50.663+0000] {processor.py:153} INFO - Started process (PID=318) to work on /home/airflow/.local/lib/python3.7/site-packages/airflow/example_dags/example_python_operator.py
[2023-01-27T01:29:50.669+0000] {processor.py:743} INFO - Processing file /home/airflow/.local/lib/python3.7/site-packages/airflow/example_dags/example_python_operator.py for tasks to queue
[2023-01-27T01:29:50.672+0000] {logging_mixin.py:137} INFO - [2023-01-27T01:29:50.671+0000] {dagbag.py:538} INFO - Filling up the DagBag from /home/airflow/.local/lib/python3.7/site-packages/airflow/example_dags/example_python_operator.py
[2023-01-27T01:29:50.727+0000] {logging_mixin.py:137} INFO - [2023-01-27T01:29:50.727+0000] {taskmixin.py:205} WARNING - Dependency <Task(_PythonDecoratedOperator): print_the_context>, log_sql_query already registered for DAG: example_python_operator
[2023-01-27T01:29:50.729+0000] {logging_mixin.py:137} INFO - [2023-01-27T01:29:50.728+0000] {taskmixin.py:205} WARNING - Dependency <Task(_PythonDecoratedOperator): log_sql_query>, print_the_context already registered for DAG: example_python_operator
[2023-01-27T01:29:50.732+0000] {logging_mixin.py:137} INFO - [2023-01-27T01:29:50.732+0000] {taskmixin.py:205} WARNING - Dependency <Task(_PythonDecoratedOperator): print_the_context>, log_sql_query already registered for DAG: example_python_operator
[2023-01-27T01:29:50.742+0000] {logging_mixin.py:137} INFO - [2023-01-27T01:29:50.742+0000] {taskmixin.py:205} WARNING - Dependency <Task(_PythonDecoratedOperator): log_sql_query>, print_the_context already registered for DAG: example_python_operator
[2023-01-27T01:29:50.747+0000] {logging_mixin.py:137} INFO - [2023-01-27T01:29:50.747+0000] {taskmixin.py:205} WARNING - Dependency <Task(_PythonDecoratedOperator): print_the_context>, log_sql_query already registered for DAG: example_python_operator
[2023-01-27T01:29:50.763+0000] {logging_mixin.py:137} INFO - [2023-01-27T01:29:50.763+0000] {taskmixin.py:205} WARNING - Dependency <Task(_PythonDecoratedOperator): log_sql_query>, print_the_context already registered for DAG: example_python_operator
[2023-01-27T01:29:50.767+0000] {logging_mixin.py:137} INFO - [2023-01-27T01:29:50.766+0000] {taskmixin.py:205} WARNING - Dependency <Task(_PythonDecoratedOperator): print_the_context>, log_sql_query already registered for DAG: example_python_operator
[2023-01-27T01:29:50.769+0000] {logging_mixin.py:137} INFO - [2023-01-27T01:29:50.769+0000] {taskmixin.py:205} WARNING - Dependency <Task(_PythonDecoratedOperator): log_sql_query>, print_the_context already registered for DAG: example_python_operator
[2023-01-27T01:29:50.782+0000] {processor.py:753} INFO - DAG(s) dict_keys(['example_python_operator']) retrieved from /home/airflow/.local/lib/python3.7/site-packages/airflow/example_dags/example_python_operator.py
[2023-01-27T01:29:50.821+0000] {logging_mixin.py:137} INFO - [2023-01-27T01:29:50.820+0000] {dag.py:2690} INFO - Sync 1 DAGs
[2023-01-27T01:29:50.854+0000] {logging_mixin.py:137} INFO - [2023-01-27T01:29:50.853+0000] {dag.py:3441} INFO - Setting next_dagrun for example_python_operator to None, run_after=None
[2023-01-27T01:29:50.888+0000] {processor.py:175} INFO - Processing /home/airflow/.local/lib/python3.7/site-packages/airflow/example_dags/example_python_operator.py took 0.234 seconds
[2023-01-27T01:30:21.068+0000] {processor.py:153} INFO - Started process (PID=385) to work on /home/airflow/.local/lib/python3.7/site-packages/airflow/example_dags/example_python_operator.py
[2023-01-27T01:30:21.071+0000] {processor.py:743} INFO - Processing file /home/airflow/.local/lib/python3.7/site-packages/airflow/example_dags/example_python_operator.py for tasks to queue
[2023-01-27T01:30:21.075+0000] {logging_mixin.py:137} INFO - [2023-01-27T01:30:21.074+0000] {dagbag.py:538} INFO - Filling up the DagBag from /home/airflow/.local/lib/python3.7/site-packages/airflow/example_dags/example_python_operator.py
[2023-01-27T01:30:21.108+0000] {logging_mixin.py:137} INFO - [2023-01-27T01:30:21.108+0000] {taskmixin.py:205} WARNING - Dependency <Task(_PythonDecoratedOperator): print_the_context>, log_sql_query already registered for DAG: example_python_operator
[2023-01-27T01:30:21.109+0000] {logging_mixin.py:137} INFO - [2023-01-27T01:30:21.109+0000] {taskmixin.py:205} WARNING - Dependency <Task(_PythonDecoratedOperator): log_sql_query>, print_the_context already registered for DAG: example_python_operator
[2023-01-27T01:30:21.111+0000] {logging_mixin.py:137} INFO - [2023-01-27T01:30:21.111+0000] {taskmixin.py:205} WARNING - Dependency <Task(_PythonDecoratedOperator): print_the_context>, log_sql_query already registered for DAG: example_python_operator
[2023-01-27T01:30:21.114+0000] {logging_mixin.py:137} INFO - [2023-01-27T01:30:21.114+0000] {taskmixin.py:205} WARNING - Dependency <Task(_PythonDecoratedOperator): log_sql_query>, print_the_context already registered for DAG: example_python_operator
[2023-01-27T01:30:21.117+0000] {logging_mixin.py:137} INFO - [2023-01-27T01:30:21.117+0000] {taskmixin.py:205} WARNING - Dependency <Task(_PythonDecoratedOperator): print_the_context>, log_sql_query already registered for DAG: example_python_operator
[2023-01-27T01:30:21.119+0000] {logging_mixin.py:137} INFO - [2023-01-27T01:30:21.118+0000] {taskmixin.py:205} WARNING - Dependency <Task(_PythonDecoratedOperator): log_sql_query>, print_the_context already registered for DAG: example_python_operator
[2023-01-27T01:30:21.121+0000] {logging_mixin.py:137} INFO - [2023-01-27T01:30:21.121+0000] {taskmixin.py:205} WARNING - Dependency <Task(_PythonDecoratedOperator): print_the_context>, log_sql_query already registered for DAG: example_python_operator
[2023-01-27T01:30:21.122+0000] {logging_mixin.py:137} INFO - [2023-01-27T01:30:21.122+0000] {taskmixin.py:205} WARNING - Dependency <Task(_PythonDecoratedOperator): log_sql_query>, print_the_context already registered for DAG: example_python_operator
[2023-01-27T01:30:21.136+0000] {processor.py:753} INFO - DAG(s) dict_keys(['example_python_operator']) retrieved from /home/airflow/.local/lib/python3.7/site-packages/airflow/example_dags/example_python_operator.py
[2023-01-27T01:30:21.180+0000] {logging_mixin.py:137} INFO - [2023-01-27T01:30:21.180+0000] {dag.py:2690} INFO - Sync 1 DAGs
[2023-01-27T01:30:21.231+0000] {logging_mixin.py:137} INFO - [2023-01-27T01:30:21.230+0000] {dag.py:3441} INFO - Setting next_dagrun for example_python_operator to None, run_after=None
[2023-01-27T01:30:21.274+0000] {processor.py:175} INFO - Processing /home/airflow/.local/lib/python3.7/site-packages/airflow/example_dags/example_python_operator.py took 0.214 seconds
[2023-01-27T01:30:51.882+0000] {processor.py:153} INFO - Started process (PID=452) to work on /home/airflow/.local/lib/python3.7/site-packages/airflow/example_dags/example_python_operator.py
[2023-01-27T01:30:51.886+0000] {processor.py:743} INFO - Processing file /home/airflow/.local/lib/python3.7/site-packages/airflow/example_dags/example_python_operator.py for tasks to queue
[2023-01-27T01:30:51.889+0000] {logging_mixin.py:137} INFO - [2023-01-27T01:30:51.889+0000] {dagbag.py:538} INFO - Filling up the DagBag from /home/airflow/.local/lib/python3.7/site-packages/airflow/example_dags/example_python_operator.py
[2023-01-27T01:30:51.948+0000] {logging_mixin.py:137} INFO - [2023-01-27T01:30:51.948+0000] {taskmixin.py:205} WARNING - Dependency <Task(_PythonDecoratedOperator): print_the_context>, log_sql_query already registered for DAG: example_python_operator
[2023-01-27T01:30:51.962+0000] {logging_mixin.py:137} INFO - [2023-01-27T01:30:51.961+0000] {taskmixin.py:205} WARNING - Dependency <Task(_PythonDecoratedOperator): log_sql_query>, print_the_context already registered for DAG: example_python_operator
[2023-01-27T01:30:51.965+0000] {logging_mixin.py:137} INFO - [2023-01-27T01:30:51.965+0000] {taskmixin.py:205} WARNING - Dependency <Task(_PythonDecoratedOperator): print_the_context>, log_sql_query already registered for DAG: example_python_operator
[2023-01-27T01:30:52.023+0000] {logging_mixin.py:137} INFO - [2023-01-27T01:30:52.022+0000] {taskmixin.py:205} WARNING - Dependency <Task(_PythonDecoratedOperator): log_sql_query>, print_the_context already registered for DAG: example_python_operator
[2023-01-27T01:30:52.026+0000] {logging_mixin.py:137} INFO - [2023-01-27T01:30:52.026+0000] {taskmixin.py:205} WARNING - Dependency <Task(_PythonDecoratedOperator): print_the_context>, log_sql_query already registered for DAG: example_python_operator
[2023-01-27T01:30:52.028+0000] {logging_mixin.py:137} INFO - [2023-01-27T01:30:52.028+0000] {taskmixin.py:205} WARNING - Dependency <Task(_PythonDecoratedOperator): log_sql_query>, print_the_context already registered for DAG: example_python_operator
[2023-01-27T01:30:52.032+0000] {logging_mixin.py:137} INFO - [2023-01-27T01:30:52.032+0000] {taskmixin.py:205} WARNING - Dependency <Task(_PythonDecoratedOperator): print_the_context>, log_sql_query already registered for DAG: example_python_operator
[2023-01-27T01:30:52.034+0000] {logging_mixin.py:137} INFO - [2023-01-27T01:30:52.033+0000] {taskmixin.py:205} WARNING - Dependency <Task(_PythonDecoratedOperator): log_sql_query>, print_the_context already registered for DAG: example_python_operator
[2023-01-27T01:30:52.058+0000] {processor.py:753} INFO - DAG(s) dict_keys(['example_python_operator']) retrieved from /home/airflow/.local/lib/python3.7/site-packages/airflow/example_dags/example_python_operator.py
[2023-01-27T01:30:52.135+0000] {logging_mixin.py:137} INFO - [2023-01-27T01:30:52.134+0000] {dag.py:2690} INFO - Sync 1 DAGs
[2023-01-27T01:30:52.200+0000] {logging_mixin.py:137} INFO - [2023-01-27T01:30:52.200+0000] {dag.py:3441} INFO - Setting next_dagrun for example_python_operator to None, run_after=None
[2023-01-27T01:30:52.266+0000] {processor.py:175} INFO - Processing /home/airflow/.local/lib/python3.7/site-packages/airflow/example_dags/example_python_operator.py took 0.391 seconds
[2023-01-27T01:31:22.736+0000] {processor.py:153} INFO - Started process (PID=518) to work on /home/airflow/.local/lib/python3.7/site-packages/airflow/example_dags/example_python_operator.py
[2023-01-27T01:31:22.742+0000] {processor.py:743} INFO - Processing file /home/airflow/.local/lib/python3.7/site-packages/airflow/example_dags/example_python_operator.py for tasks to queue
[2023-01-27T01:31:22.746+0000] {logging_mixin.py:137} INFO - [2023-01-27T01:31:22.745+0000] {dagbag.py:538} INFO - Filling up the DagBag from /home/airflow/.local/lib/python3.7/site-packages/airflow/example_dags/example_python_operator.py
[2023-01-27T01:31:22.785+0000] {logging_mixin.py:137} INFO - [2023-01-27T01:31:22.785+0000] {taskmixin.py:205} WARNING - Dependency <Task(_PythonDecoratedOperator): print_the_context>, log_sql_query already registered for DAG: example_python_operator
[2023-01-27T01:31:22.787+0000] {logging_mixin.py:137} INFO - [2023-01-27T01:31:22.786+0000] {taskmixin.py:205} WARNING - Dependency <Task(_PythonDecoratedOperator): log_sql_query>, print_the_context already registered for DAG: example_python_operator
[2023-01-27T01:31:22.791+0000] {logging_mixin.py:137} INFO - [2023-01-27T01:31:22.790+0000] {taskmixin.py:205} WARNING - Dependency <Task(_PythonDecoratedOperator): print_the_context>, log_sql_query already registered for DAG: example_python_operator
[2023-01-27T01:31:22.793+0000] {logging_mixin.py:137} INFO - [2023-01-27T01:31:22.793+0000] {taskmixin.py:205} WARNING - Dependency <Task(_PythonDecoratedOperator): log_sql_query>, print_the_context already registered for DAG: example_python_operator
[2023-01-27T01:31:22.797+0000] {logging_mixin.py:137} INFO - [2023-01-27T01:31:22.797+0000] {taskmixin.py:205} WARNING - Dependency <Task(_PythonDecoratedOperator): print_the_context>, log_sql_query already registered for DAG: example_python_operator
[2023-01-27T01:31:22.799+0000] {logging_mixin.py:137} INFO - [2023-01-27T01:31:22.799+0000] {taskmixin.py:205} WARNING - Dependency <Task(_PythonDecoratedOperator): log_sql_query>, print_the_context already registered for DAG: example_python_operator
[2023-01-27T01:31:22.802+0000] {logging_mixin.py:137} INFO - [2023-01-27T01:31:22.802+0000] {taskmixin.py:205} WARNING - Dependency <Task(_PythonDecoratedOperator): print_the_context>, log_sql_query already registered for DAG: example_python_operator
[2023-01-27T01:31:22.804+0000] {logging_mixin.py:137} INFO - [2023-01-27T01:31:22.803+0000] {taskmixin.py:205} WARNING - Dependency <Task(_PythonDecoratedOperator): log_sql_query>, print_the_context already registered for DAG: example_python_operator
[2023-01-27T01:31:22.819+0000] {processor.py:753} INFO - DAG(s) dict_keys(['example_python_operator']) retrieved from /home/airflow/.local/lib/python3.7/site-packages/airflow/example_dags/example_python_operator.py
[2023-01-27T01:31:22.892+0000] {logging_mixin.py:137} INFO - [2023-01-27T01:31:22.892+0000] {dag.py:2690} INFO - Sync 1 DAGs
[2023-01-27T01:31:22.936+0000] {logging_mixin.py:137} INFO - [2023-01-27T01:31:22.936+0000] {dag.py:3441} INFO - Setting next_dagrun for example_python_operator to None, run_after=None
[2023-01-27T01:31:22.977+0000] {processor.py:175} INFO - Processing /home/airflow/.local/lib/python3.7/site-packages/airflow/example_dags/example_python_operator.py took 0.253 seconds
[2023-01-27T01:31:53.557+0000] {processor.py:153} INFO - Started process (PID=582) to work on /home/airflow/.local/lib/python3.7/site-packages/airflow/example_dags/example_python_operator.py
[2023-01-27T01:31:53.560+0000] {processor.py:743} INFO - Processing file /home/airflow/.local/lib/python3.7/site-packages/airflow/example_dags/example_python_operator.py for tasks to queue
[2023-01-27T01:31:53.562+0000] {logging_mixin.py:137} INFO - [2023-01-27T01:31:53.562+0000] {dagbag.py:538} INFO - Filling up the DagBag from /home/airflow/.local/lib/python3.7/site-packages/airflow/example_dags/example_python_operator.py
[2023-01-27T01:31:53.588+0000] {logging_mixin.py:137} INFO - [2023-01-27T01:31:53.588+0000] {taskmixin.py:205} WARNING - Dependency <Task(_PythonDecoratedOperator): print_the_context>, log_sql_query already registered for DAG: example_python_operator
[2023-01-27T01:31:53.589+0000] {logging_mixin.py:137} INFO - [2023-01-27T01:31:53.589+0000] {taskmixin.py:205} WARNING - Dependency <Task(_PythonDecoratedOperator): log_sql_query>, print_the_context already registered for DAG: example_python_operator
[2023-01-27T01:31:53.592+0000] {logging_mixin.py:137} INFO - [2023-01-27T01:31:53.592+0000] {taskmixin.py:205} WARNING - Dependency <Task(_PythonDecoratedOperator): print_the_context>, log_sql_query already registered for DAG: example_python_operator
[2023-01-27T01:31:53.594+0000] {logging_mixin.py:137} INFO - [2023-01-27T01:31:53.593+0000] {taskmixin.py:205} WARNING - Dependency <Task(_PythonDecoratedOperator): log_sql_query>, print_the_context already registered for DAG: example_python_operator
[2023-01-27T01:31:53.596+0000] {logging_mixin.py:137} INFO - [2023-01-27T01:31:53.595+0000] {taskmixin.py:205} WARNING - Dependency <Task(_PythonDecoratedOperator): print_the_context>, log_sql_query already registered for DAG: example_python_operator
[2023-01-27T01:31:53.597+0000] {logging_mixin.py:137} INFO - [2023-01-27T01:31:53.597+0000] {taskmixin.py:205} WARNING - Dependency <Task(_PythonDecoratedOperator): log_sql_query>, print_the_context already registered for DAG: example_python_operator
[2023-01-27T01:31:53.599+0000] {logging_mixin.py:137} INFO - [2023-01-27T01:31:53.599+0000] {taskmixin.py:205} WARNING - Dependency <Task(_PythonDecoratedOperator): print_the_context>, log_sql_query already registered for DAG: example_python_operator
[2023-01-27T01:31:53.601+0000] {logging_mixin.py:137} INFO - [2023-01-27T01:31:53.600+0000] {taskmixin.py:205} WARNING - Dependency <Task(_PythonDecoratedOperator): log_sql_query>, print_the_context already registered for DAG: example_python_operator
[2023-01-27T01:31:53.613+0000] {processor.py:753} INFO - DAG(s) dict_keys(['example_python_operator']) retrieved from /home/airflow/.local/lib/python3.7/site-packages/airflow/example_dags/example_python_operator.py
[2023-01-27T01:31:53.658+0000] {logging_mixin.py:137} INFO - [2023-01-27T01:31:53.658+0000] {dag.py:2690} INFO - Sync 1 DAGs
[2023-01-27T01:31:53.701+0000] {logging_mixin.py:137} INFO - [2023-01-27T01:31:53.700+0000] {dag.py:3441} INFO - Setting next_dagrun for example_python_operator to None, run_after=None
[2023-01-27T01:31:53.740+0000] {processor.py:175} INFO - Processing /home/airflow/.local/lib/python3.7/site-packages/airflow/example_dags/example_python_operator.py took 0.191 seconds
[2023-01-27T01:32:23.784+0000] {processor.py:153} INFO - Started process (PID=648) to work on /home/airflow/.local/lib/python3.7/site-packages/airflow/example_dags/example_python_operator.py
[2023-01-27T01:32:23.790+0000] {processor.py:743} INFO - Processing file /home/airflow/.local/lib/python3.7/site-packages/airflow/example_dags/example_python_operator.py for tasks to queue
[2023-01-27T01:32:23.792+0000] {logging_mixin.py:137} INFO - [2023-01-27T01:32:23.792+0000] {dagbag.py:538} INFO - Filling up the DagBag from /home/airflow/.local/lib/python3.7/site-packages/airflow/example_dags/example_python_operator.py
[2023-01-27T01:32:23.818+0000] {logging_mixin.py:137} INFO - [2023-01-27T01:32:23.818+0000] {taskmixin.py:205} WARNING - Dependency <Task(_PythonDecoratedOperator): print_the_context>, log_sql_query already registered for DAG: example_python_operator
[2023-01-27T01:32:23.819+0000] {logging_mixin.py:137} INFO - [2023-01-27T01:32:23.819+0000] {taskmixin.py:205} WARNING - Dependency <Task(_PythonDecoratedOperator): log_sql_query>, print_the_context already registered for DAG: example_python_operator
[2023-01-27T01:32:23.823+0000] {logging_mixin.py:137} INFO - [2023-01-27T01:32:23.822+0000] {taskmixin.py:205} WARNING - Dependency <Task(_PythonDecoratedOperator): print_the_context>, log_sql_query already registered for DAG: example_python_operator
[2023-01-27T01:32:23.824+0000] {logging_mixin.py:137} INFO - [2023-01-27T01:32:23.824+0000] {taskmixin.py:205} WARNING - Dependency <Task(_PythonDecoratedOperator): log_sql_query>, print_the_context already registered for DAG: example_python_operator
[2023-01-27T01:32:23.828+0000] {logging_mixin.py:137} INFO - [2023-01-27T01:32:23.827+0000] {taskmixin.py:205} WARNING - Dependency <Task(_PythonDecoratedOperator): print_the_context>, log_sql_query already registered for DAG: example_python_operator
[2023-01-27T01:32:23.829+0000] {logging_mixin.py:137} INFO - [2023-01-27T01:32:23.829+0000] {taskmixin.py:205} WARNING - Dependency <Task(_PythonDecoratedOperator): log_sql_query>, print_the_context already registered for DAG: example_python_operator
[2023-01-27T01:32:23.832+0000] {logging_mixin.py:137} INFO - [2023-01-27T01:32:23.831+0000] {taskmixin.py:205} WARNING - Dependency <Task(_PythonDecoratedOperator): print_the_context>, log_sql_query already registered for DAG: example_python_operator
[2023-01-27T01:32:23.833+0000] {logging_mixin.py:137} INFO - [2023-01-27T01:32:23.833+0000] {taskmixin.py:205} WARNING - Dependency <Task(_PythonDecoratedOperator): log_sql_query>, print_the_context already registered for DAG: example_python_operator
[2023-01-27T01:32:23.841+0000] {processor.py:753} INFO - DAG(s) dict_keys(['example_python_operator']) retrieved from /home/airflow/.local/lib/python3.7/site-packages/airflow/example_dags/example_python_operator.py
[2023-01-27T01:32:23.882+0000] {logging_mixin.py:137} INFO - [2023-01-27T01:32:23.882+0000] {dag.py:2690} INFO - Sync 1 DAGs
[2023-01-27T01:32:23.922+0000] {logging_mixin.py:137} INFO - [2023-01-27T01:32:23.922+0000] {dag.py:3441} INFO - Setting next_dagrun for example_python_operator to None, run_after=None
[2023-01-27T01:32:23.949+0000] {processor.py:175} INFO - Processing /home/airflow/.local/lib/python3.7/site-packages/airflow/example_dags/example_python_operator.py took 0.171 seconds
[2023-01-27T01:32:54.278+0000] {processor.py:153} INFO - Started process (PID=725) to work on /home/airflow/.local/lib/python3.7/site-packages/airflow/example_dags/example_python_operator.py
[2023-01-27T01:32:54.288+0000] {processor.py:743} INFO - Processing file /home/airflow/.local/lib/python3.7/site-packages/airflow/example_dags/example_python_operator.py for tasks to queue
[2023-01-27T01:32:54.293+0000] {logging_mixin.py:137} INFO - [2023-01-27T01:32:54.292+0000] {dagbag.py:538} INFO - Filling up the DagBag from /home/airflow/.local/lib/python3.7/site-packages/airflow/example_dags/example_python_operator.py
[2023-01-27T01:32:54.401+0000] {logging_mixin.py:137} INFO - [2023-01-27T01:32:54.400+0000] {taskmixin.py:205} WARNING - Dependency <Task(_PythonDecoratedOperator): print_the_context>, log_sql_query already registered for DAG: example_python_operator
[2023-01-27T01:32:54.430+0000] {logging_mixin.py:137} INFO - [2023-01-27T01:32:54.430+0000] {taskmixin.py:205} WARNING - Dependency <Task(_PythonDecoratedOperator): log_sql_query>, print_the_context already registered for DAG: example_python_operator
[2023-01-27T01:32:54.446+0000] {logging_mixin.py:137} INFO - [2023-01-27T01:32:54.445+0000] {taskmixin.py:205} WARNING - Dependency <Task(_PythonDecoratedOperator): print_the_context>, log_sql_query already registered for DAG: example_python_operator
[2023-01-27T01:32:54.449+0000] {logging_mixin.py:137} INFO - [2023-01-27T01:32:54.449+0000] {taskmixin.py:205} WARNING - Dependency <Task(_PythonDecoratedOperator): log_sql_query>, print_the_context already registered for DAG: example_python_operator
[2023-01-27T01:32:54.464+0000] {logging_mixin.py:137} INFO - [2023-01-27T01:32:54.463+0000] {taskmixin.py:205} WARNING - Dependency <Task(_PythonDecoratedOperator): print_the_context>, log_sql_query already registered for DAG: example_python_operator
[2023-01-27T01:32:54.470+0000] {logging_mixin.py:137} INFO - [2023-01-27T01:32:54.469+0000] {taskmixin.py:205} WARNING - Dependency <Task(_PythonDecoratedOperator): log_sql_query>, print_the_context already registered for DAG: example_python_operator
[2023-01-27T01:32:54.473+0000] {logging_mixin.py:137} INFO - [2023-01-27T01:32:54.472+0000] {taskmixin.py:205} WARNING - Dependency <Task(_PythonDecoratedOperator): print_the_context>, log_sql_query already registered for DAG: example_python_operator
[2023-01-27T01:32:54.478+0000] {logging_mixin.py:137} INFO - [2023-01-27T01:32:54.477+0000] {taskmixin.py:205} WARNING - Dependency <Task(_PythonDecoratedOperator): log_sql_query>, print_the_context already registered for DAG: example_python_operator
[2023-01-27T01:32:54.512+0000] {processor.py:753} INFO - DAG(s) dict_keys(['example_python_operator']) retrieved from /home/airflow/.local/lib/python3.7/site-packages/airflow/example_dags/example_python_operator.py
[2023-01-27T01:32:54.737+0000] {logging_mixin.py:137} INFO - [2023-01-27T01:32:54.737+0000] {dag.py:2690} INFO - Sync 1 DAGs
[2023-01-27T01:32:54.826+0000] {logging_mixin.py:137} INFO - [2023-01-27T01:32:54.826+0000] {dag.py:3441} INFO - Setting next_dagrun for example_python_operator to None, run_after=None
[2023-01-27T01:32:54.923+0000] {processor.py:175} INFO - Processing /home/airflow/.local/lib/python3.7/site-packages/airflow/example_dags/example_python_operator.py took 0.656 seconds
