[2023-01-27T01:24:31.784+0000] {processor.py:153} INFO - Started process (PID=97) to work on /home/airflow/.local/lib/python3.7/site-packages/airflow/example_dags/example_sensors.py
[2023-01-27T01:24:31.794+0000] {processor.py:743} INFO - Processing file /home/airflow/.local/lib/python3.7/site-packages/airflow/example_dags/example_sensors.py for tasks to queue
[2023-01-27T01:24:31.800+0000] {logging_mixin.py:137} INFO - [2023-01-27T01:24:31.800+0000] {dagbag.py:538} INFO - Filling up the DagBag from /home/airflow/.local/lib/python3.7/site-packages/airflow/example_dags/example_sensors.py
[2023-01-27T01:24:32.049+0000] {processor.py:753} INFO - DAG(s) dict_keys(['example_sensors']) retrieved from /home/airflow/.local/lib/python3.7/site-packages/airflow/example_dags/example_sensors.py
[2023-01-27T01:24:32.318+0000] {logging_mixin.py:137} INFO - [2023-01-27T01:24:32.318+0000] {dag.py:2690} INFO - Sync 1 DAGs
[2023-01-27T01:24:32.432+0000] {logging_mixin.py:137} INFO - [2023-01-27T01:24:32.431+0000] {dag.py:3441} INFO - Setting next_dagrun for example_sensors to None, run_after=None
[2023-01-27T01:24:32.566+0000] {processor.py:175} INFO - Processing /home/airflow/.local/lib/python3.7/site-packages/airflow/example_dags/example_sensors.py took 0.845 seconds
[2023-01-27T01:25:03.354+0000] {processor.py:153} INFO - Started process (PID=162) to work on /home/airflow/.local/lib/python3.7/site-packages/airflow/example_dags/example_sensors.py
[2023-01-27T01:25:03.368+0000] {processor.py:743} INFO - Processing file /home/airflow/.local/lib/python3.7/site-packages/airflow/example_dags/example_sensors.py for tasks to queue
[2023-01-27T01:25:03.378+0000] {logging_mixin.py:137} INFO - [2023-01-27T01:25:03.377+0000] {dagbag.py:538} INFO - Filling up the DagBag from /home/airflow/.local/lib/python3.7/site-packages/airflow/example_dags/example_sensors.py
[2023-01-27T01:25:03.446+0000] {processor.py:753} INFO - DAG(s) dict_keys(['example_sensors']) retrieved from /home/airflow/.local/lib/python3.7/site-packages/airflow/example_dags/example_sensors.py
[2023-01-27T01:25:03.550+0000] {logging_mixin.py:137} INFO - [2023-01-27T01:25:03.548+0000] {dag.py:2690} INFO - Sync 1 DAGs
[2023-01-27T01:25:03.635+0000] {logging_mixin.py:137} INFO - [2023-01-27T01:25:03.635+0000] {dag.py:3441} INFO - Setting next_dagrun for example_sensors to None, run_after=None
[2023-01-27T01:25:03.689+0000] {processor.py:175} INFO - Processing /home/airflow/.local/lib/python3.7/site-packages/airflow/example_dags/example_sensors.py took 0.351 seconds
[2023-01-27T01:27:57.289+0000] {processor.py:153} INFO - Started process (PID=92) to work on /home/airflow/.local/lib/python3.7/site-packages/airflow/example_dags/example_sensors.py
[2023-01-27T01:27:57.300+0000] {processor.py:743} INFO - Processing file /home/airflow/.local/lib/python3.7/site-packages/airflow/example_dags/example_sensors.py for tasks to queue
[2023-01-27T01:27:57.319+0000] {logging_mixin.py:137} INFO - [2023-01-27T01:27:57.319+0000] {dagbag.py:538} INFO - Filling up the DagBag from /home/airflow/.local/lib/python3.7/site-packages/airflow/example_dags/example_sensors.py
[2023-01-27T01:27:57.635+0000] {processor.py:753} INFO - DAG(s) dict_keys(['example_sensors']) retrieved from /home/airflow/.local/lib/python3.7/site-packages/airflow/example_dags/example_sensors.py
[2023-01-27T01:27:57.760+0000] {logging_mixin.py:137} INFO - [2023-01-27T01:27:57.760+0000] {dag.py:2690} INFO - Sync 1 DAGs
[2023-01-27T01:27:58.271+0000] {logging_mixin.py:137} INFO - [2023-01-27T01:27:58.270+0000] {dag.py:3441} INFO - Setting next_dagrun for example_sensors to None, run_after=None
[2023-01-27T01:27:58.452+0000] {processor.py:175} INFO - Processing /home/airflow/.local/lib/python3.7/site-packages/airflow/example_dags/example_sensors.py took 1.185 seconds
[2023-01-27T01:28:28.911+0000] {processor.py:153} INFO - Started process (PID=160) to work on /home/airflow/.local/lib/python3.7/site-packages/airflow/example_dags/example_sensors.py
[2023-01-27T01:28:28.914+0000] {processor.py:743} INFO - Processing file /home/airflow/.local/lib/python3.7/site-packages/airflow/example_dags/example_sensors.py for tasks to queue
[2023-01-27T01:28:28.917+0000] {logging_mixin.py:137} INFO - [2023-01-27T01:28:28.917+0000] {dagbag.py:538} INFO - Filling up the DagBag from /home/airflow/.local/lib/python3.7/site-packages/airflow/example_dags/example_sensors.py
[2023-01-27T01:28:28.956+0000] {processor.py:753} INFO - DAG(s) dict_keys(['example_sensors']) retrieved from /home/airflow/.local/lib/python3.7/site-packages/airflow/example_dags/example_sensors.py
[2023-01-27T01:28:29.010+0000] {logging_mixin.py:137} INFO - [2023-01-27T01:28:29.010+0000] {dag.py:2690} INFO - Sync 1 DAGs
[2023-01-27T01:28:29.060+0000] {logging_mixin.py:137} INFO - [2023-01-27T01:28:29.060+0000] {dag.py:3441} INFO - Setting next_dagrun for example_sensors to None, run_after=None
[2023-01-27T01:28:29.109+0000] {processor.py:175} INFO - Processing /home/airflow/.local/lib/python3.7/site-packages/airflow/example_dags/example_sensors.py took 0.203 seconds
[2023-01-27T01:28:59.175+0000] {processor.py:153} INFO - Started process (PID=225) to work on /home/airflow/.local/lib/python3.7/site-packages/airflow/example_dags/example_sensors.py
[2023-01-27T01:28:59.178+0000] {processor.py:743} INFO - Processing file /home/airflow/.local/lib/python3.7/site-packages/airflow/example_dags/example_sensors.py for tasks to queue
[2023-01-27T01:28:59.181+0000] {logging_mixin.py:137} INFO - [2023-01-27T01:28:59.180+0000] {dagbag.py:538} INFO - Filling up the DagBag from /home/airflow/.local/lib/python3.7/site-packages/airflow/example_dags/example_sensors.py
[2023-01-27T01:28:59.215+0000] {processor.py:753} INFO - DAG(s) dict_keys(['example_sensors']) retrieved from /home/airflow/.local/lib/python3.7/site-packages/airflow/example_dags/example_sensors.py
[2023-01-27T01:28:59.261+0000] {logging_mixin.py:137} INFO - [2023-01-27T01:28:59.261+0000] {dag.py:2690} INFO - Sync 1 DAGs
[2023-01-27T01:28:59.303+0000] {logging_mixin.py:137} INFO - [2023-01-27T01:28:59.303+0000] {dag.py:3441} INFO - Setting next_dagrun for example_sensors to None, run_after=None
[2023-01-27T01:28:59.338+0000] {processor.py:175} INFO - Processing /home/airflow/.local/lib/python3.7/site-packages/airflow/example_dags/example_sensors.py took 0.168 seconds
[2023-01-27T01:29:30.191+0000] {processor.py:153} INFO - Started process (PID=290) to work on /home/airflow/.local/lib/python3.7/site-packages/airflow/example_dags/example_sensors.py
[2023-01-27T01:29:30.194+0000] {processor.py:743} INFO - Processing file /home/airflow/.local/lib/python3.7/site-packages/airflow/example_dags/example_sensors.py for tasks to queue
[2023-01-27T01:29:30.196+0000] {logging_mixin.py:137} INFO - [2023-01-27T01:29:30.196+0000] {dagbag.py:538} INFO - Filling up the DagBag from /home/airflow/.local/lib/python3.7/site-packages/airflow/example_dags/example_sensors.py
[2023-01-27T01:29:30.248+0000] {processor.py:753} INFO - DAG(s) dict_keys(['example_sensors']) retrieved from /home/airflow/.local/lib/python3.7/site-packages/airflow/example_dags/example_sensors.py
[2023-01-27T01:29:30.310+0000] {logging_mixin.py:137} INFO - [2023-01-27T01:29:30.309+0000] {dag.py:2690} INFO - Sync 1 DAGs
[2023-01-27T01:29:30.358+0000] {logging_mixin.py:137} INFO - [2023-01-27T01:29:30.358+0000] {dag.py:3441} INFO - Setting next_dagrun for example_sensors to None, run_after=None
[2023-01-27T01:29:30.413+0000] {processor.py:175} INFO - Processing /home/airflow/.local/lib/python3.7/site-packages/airflow/example_dags/example_sensors.py took 0.234 seconds
[2023-01-27T01:30:00.622+0000] {processor.py:153} INFO - Started process (PID=364) to work on /home/airflow/.local/lib/python3.7/site-packages/airflow/example_dags/example_sensors.py
[2023-01-27T01:30:00.631+0000] {processor.py:743} INFO - Processing file /home/airflow/.local/lib/python3.7/site-packages/airflow/example_dags/example_sensors.py for tasks to queue
[2023-01-27T01:30:00.637+0000] {logging_mixin.py:137} INFO - [2023-01-27T01:30:00.636+0000] {dagbag.py:538} INFO - Filling up the DagBag from /home/airflow/.local/lib/python3.7/site-packages/airflow/example_dags/example_sensors.py
[2023-01-27T01:30:00.688+0000] {processor.py:753} INFO - DAG(s) dict_keys(['example_sensors']) retrieved from /home/airflow/.local/lib/python3.7/site-packages/airflow/example_dags/example_sensors.py
[2023-01-27T01:30:00.739+0000] {logging_mixin.py:137} INFO - [2023-01-27T01:30:00.738+0000] {dag.py:2690} INFO - Sync 1 DAGs
[2023-01-27T01:30:00.781+0000] {logging_mixin.py:137} INFO - [2023-01-27T01:30:00.781+0000] {dag.py:3441} INFO - Setting next_dagrun for example_sensors to None, run_after=None
[2023-01-27T01:30:00.877+0000] {processor.py:175} INFO - Processing /home/airflow/.local/lib/python3.7/site-packages/airflow/example_dags/example_sensors.py took 0.260 seconds
[2023-01-27T01:30:32.512+0000] {processor.py:153} INFO - Started process (PID=435) to work on /home/airflow/.local/lib/python3.7/site-packages/airflow/example_dags/example_sensors.py
[2023-01-27T01:30:32.516+0000] {processor.py:743} INFO - Processing file /home/airflow/.local/lib/python3.7/site-packages/airflow/example_dags/example_sensors.py for tasks to queue
[2023-01-27T01:30:32.544+0000] {logging_mixin.py:137} INFO - [2023-01-27T01:30:32.543+0000] {dagbag.py:538} INFO - Filling up the DagBag from /home/airflow/.local/lib/python3.7/site-packages/airflow/example_dags/example_sensors.py
[2023-01-27T01:30:32.645+0000] {processor.py:753} INFO - DAG(s) dict_keys(['example_sensors']) retrieved from /home/airflow/.local/lib/python3.7/site-packages/airflow/example_dags/example_sensors.py
[2023-01-27T01:30:32.737+0000] {logging_mixin.py:137} INFO - [2023-01-27T01:30:32.737+0000] {dag.py:2690} INFO - Sync 1 DAGs
[2023-01-27T01:30:32.897+0000] {logging_mixin.py:137} INFO - [2023-01-27T01:30:32.897+0000] {dag.py:3441} INFO - Setting next_dagrun for example_sensors to None, run_after=None
[2023-01-27T01:30:33.025+0000] {processor.py:175} INFO - Processing /home/airflow/.local/lib/python3.7/site-packages/airflow/example_dags/example_sensors.py took 0.555 seconds
[2023-01-27T01:31:03.301+0000] {processor.py:153} INFO - Started process (PID=500) to work on /home/airflow/.local/lib/python3.7/site-packages/airflow/example_dags/example_sensors.py
[2023-01-27T01:31:03.307+0000] {processor.py:743} INFO - Processing file /home/airflow/.local/lib/python3.7/site-packages/airflow/example_dags/example_sensors.py for tasks to queue
[2023-01-27T01:31:03.312+0000] {logging_mixin.py:137} INFO - [2023-01-27T01:31:03.311+0000] {dagbag.py:538} INFO - Filling up the DagBag from /home/airflow/.local/lib/python3.7/site-packages/airflow/example_dags/example_sensors.py
[2023-01-27T01:31:03.371+0000] {processor.py:753} INFO - DAG(s) dict_keys(['example_sensors']) retrieved from /home/airflow/.local/lib/python3.7/site-packages/airflow/example_dags/example_sensors.py
[2023-01-27T01:31:03.447+0000] {logging_mixin.py:137} INFO - [2023-01-27T01:31:03.446+0000] {dag.py:2690} INFO - Sync 1 DAGs
[2023-01-27T01:31:03.533+0000] {logging_mixin.py:137} INFO - [2023-01-27T01:31:03.532+0000] {dag.py:3441} INFO - Setting next_dagrun for example_sensors to None, run_after=None
[2023-01-27T01:31:03.589+0000] {processor.py:175} INFO - Processing /home/airflow/.local/lib/python3.7/site-packages/airflow/example_dags/example_sensors.py took 0.297 seconds
[2023-01-27T01:31:34.755+0000] {processor.py:153} INFO - Started process (PID=563) to work on /home/airflow/.local/lib/python3.7/site-packages/airflow/example_dags/example_sensors.py
[2023-01-27T01:31:34.762+0000] {processor.py:743} INFO - Processing file /home/airflow/.local/lib/python3.7/site-packages/airflow/example_dags/example_sensors.py for tasks to queue
[2023-01-27T01:31:34.775+0000] {logging_mixin.py:137} INFO - [2023-01-27T01:31:34.775+0000] {dagbag.py:538} INFO - Filling up the DagBag from /home/airflow/.local/lib/python3.7/site-packages/airflow/example_dags/example_sensors.py
[2023-01-27T01:31:34.845+0000] {processor.py:753} INFO - DAG(s) dict_keys(['example_sensors']) retrieved from /home/airflow/.local/lib/python3.7/site-packages/airflow/example_dags/example_sensors.py
[2023-01-27T01:31:34.911+0000] {logging_mixin.py:137} INFO - [2023-01-27T01:31:34.911+0000] {dag.py:2690} INFO - Sync 1 DAGs
[2023-01-27T01:31:34.984+0000] {logging_mixin.py:137} INFO - [2023-01-27T01:31:34.984+0000] {dag.py:3441} INFO - Setting next_dagrun for example_sensors to None, run_after=None
[2023-01-27T01:31:35.047+0000] {processor.py:175} INFO - Processing /home/airflow/.local/lib/python3.7/site-packages/airflow/example_dags/example_sensors.py took 0.299 seconds
[2023-01-27T01:32:05.611+0000] {processor.py:153} INFO - Started process (PID=628) to work on /home/airflow/.local/lib/python3.7/site-packages/airflow/example_dags/example_sensors.py
[2023-01-27T01:32:05.614+0000] {processor.py:743} INFO - Processing file /home/airflow/.local/lib/python3.7/site-packages/airflow/example_dags/example_sensors.py for tasks to queue
[2023-01-27T01:32:05.616+0000] {logging_mixin.py:137} INFO - [2023-01-27T01:32:05.616+0000] {dagbag.py:538} INFO - Filling up the DagBag from /home/airflow/.local/lib/python3.7/site-packages/airflow/example_dags/example_sensors.py
[2023-01-27T01:32:05.653+0000] {processor.py:753} INFO - DAG(s) dict_keys(['example_sensors']) retrieved from /home/airflow/.local/lib/python3.7/site-packages/airflow/example_dags/example_sensors.py
[2023-01-27T01:32:05.707+0000] {logging_mixin.py:137} INFO - [2023-01-27T01:32:05.707+0000] {dag.py:2690} INFO - Sync 1 DAGs
[2023-01-27T01:32:05.743+0000] {logging_mixin.py:137} INFO - [2023-01-27T01:32:05.743+0000] {dag.py:3441} INFO - Setting next_dagrun for example_sensors to None, run_after=None
[2023-01-27T01:32:05.771+0000] {processor.py:175} INFO - Processing /home/airflow/.local/lib/python3.7/site-packages/airflow/example_dags/example_sensors.py took 0.167 seconds
[2023-01-27T01:32:35.949+0000] {processor.py:153} INFO - Started process (PID=696) to work on /home/airflow/.local/lib/python3.7/site-packages/airflow/example_dags/example_sensors.py
[2023-01-27T01:32:35.951+0000] {processor.py:743} INFO - Processing file /home/airflow/.local/lib/python3.7/site-packages/airflow/example_dags/example_sensors.py for tasks to queue
[2023-01-27T01:32:35.953+0000] {logging_mixin.py:137} INFO - [2023-01-27T01:32:35.953+0000] {dagbag.py:538} INFO - Filling up the DagBag from /home/airflow/.local/lib/python3.7/site-packages/airflow/example_dags/example_sensors.py
[2023-01-27T01:32:35.992+0000] {processor.py:753} INFO - DAG(s) dict_keys(['example_sensors']) retrieved from /home/airflow/.local/lib/python3.7/site-packages/airflow/example_dags/example_sensors.py
[2023-01-27T01:32:36.039+0000] {logging_mixin.py:137} INFO - [2023-01-27T01:32:36.039+0000] {dag.py:2690} INFO - Sync 1 DAGs
[2023-01-27T01:32:36.073+0000] {logging_mixin.py:137} INFO - [2023-01-27T01:32:36.073+0000] {dag.py:3441} INFO - Setting next_dagrun for example_sensors to None, run_after=None
[2023-01-27T01:32:36.099+0000] {processor.py:175} INFO - Processing /home/airflow/.local/lib/python3.7/site-packages/airflow/example_dags/example_sensors.py took 0.157 seconds
