[2023-01-27T01:24:30.164+0000] {processor.py:153} INFO - Started process (PID=91) to work on /home/airflow/.local/lib/python3.7/site-packages/airflow/example_dags/example_sensor_decorator.py
[2023-01-27T01:24:30.178+0000] {processor.py:743} INFO - Processing file /home/airflow/.local/lib/python3.7/site-packages/airflow/example_dags/example_sensor_decorator.py for tasks to queue
[2023-01-27T01:24:30.184+0000] {logging_mixin.py:137} INFO - [2023-01-27T01:24:30.184+0000] {dagbag.py:538} INFO - Filling up the DagBag from /home/airflow/.local/lib/python3.7/site-packages/airflow/example_dags/example_sensor_decorator.py
[2023-01-27T01:24:30.285+0000] {processor.py:753} INFO - DAG(s) dict_keys(['example_sensor_decorator']) retrieved from /home/airflow/.local/lib/python3.7/site-packages/airflow/example_dags/example_sensor_decorator.py
[2023-01-27T01:24:30.379+0000] {logging_mixin.py:137} INFO - [2023-01-27T01:24:30.379+0000] {dag.py:2690} INFO - Sync 1 DAGs
[2023-01-27T01:24:30.528+0000] {logging_mixin.py:137} INFO - [2023-01-27T01:24:30.528+0000] {dag.py:3441} INFO - Setting next_dagrun for example_sensor_decorator to None, run_after=None
[2023-01-27T01:24:30.596+0000] {processor.py:175} INFO - Processing /home/airflow/.local/lib/python3.7/site-packages/airflow/example_dags/example_sensor_decorator.py took 0.445 seconds
[2023-01-27T01:25:01.308+0000] {processor.py:153} INFO - Started process (PID=156) to work on /home/airflow/.local/lib/python3.7/site-packages/airflow/example_dags/example_sensor_decorator.py
[2023-01-27T01:25:01.312+0000] {processor.py:743} INFO - Processing file /home/airflow/.local/lib/python3.7/site-packages/airflow/example_dags/example_sensor_decorator.py for tasks to queue
[2023-01-27T01:25:01.314+0000] {logging_mixin.py:137} INFO - [2023-01-27T01:25:01.314+0000] {dagbag.py:538} INFO - Filling up the DagBag from /home/airflow/.local/lib/python3.7/site-packages/airflow/example_dags/example_sensor_decorator.py
[2023-01-27T01:25:01.367+0000] {processor.py:753} INFO - DAG(s) dict_keys(['example_sensor_decorator']) retrieved from /home/airflow/.local/lib/python3.7/site-packages/airflow/example_dags/example_sensor_decorator.py
[2023-01-27T01:25:01.415+0000] {logging_mixin.py:137} INFO - [2023-01-27T01:25:01.415+0000] {dag.py:2690} INFO - Sync 1 DAGs
[2023-01-27T01:25:01.460+0000] {logging_mixin.py:137} INFO - [2023-01-27T01:25:01.460+0000] {dag.py:3441} INFO - Setting next_dagrun for example_sensor_decorator to None, run_after=None
[2023-01-27T01:25:01.504+0000] {processor.py:175} INFO - Processing /home/airflow/.local/lib/python3.7/site-packages/airflow/example_dags/example_sensor_decorator.py took 0.201 seconds
[2023-01-27T01:27:55.825+0000] {processor.py:153} INFO - Started process (PID=84) to work on /home/airflow/.local/lib/python3.7/site-packages/airflow/example_dags/example_sensor_decorator.py
[2023-01-27T01:27:55.833+0000] {processor.py:743} INFO - Processing file /home/airflow/.local/lib/python3.7/site-packages/airflow/example_dags/example_sensor_decorator.py for tasks to queue
[2023-01-27T01:27:55.844+0000] {logging_mixin.py:137} INFO - [2023-01-27T01:27:55.843+0000] {dagbag.py:538} INFO - Filling up the DagBag from /home/airflow/.local/lib/python3.7/site-packages/airflow/example_dags/example_sensor_decorator.py
[2023-01-27T01:27:55.993+0000] {processor.py:753} INFO - DAG(s) dict_keys(['example_sensor_decorator']) retrieved from /home/airflow/.local/lib/python3.7/site-packages/airflow/example_dags/example_sensor_decorator.py
[2023-01-27T01:27:56.061+0000] {logging_mixin.py:137} INFO - [2023-01-27T01:27:56.061+0000] {dag.py:2690} INFO - Sync 1 DAGs
[2023-01-27T01:27:56.165+0000] {logging_mixin.py:137} INFO - [2023-01-27T01:27:56.165+0000] {dag.py:3441} INFO - Setting next_dagrun for example_sensor_decorator to None, run_after=None
[2023-01-27T01:27:56.252+0000] {processor.py:175} INFO - Processing /home/airflow/.local/lib/python3.7/site-packages/airflow/example_dags/example_sensor_decorator.py took 0.442 seconds
[2023-01-27T01:28:26.775+0000] {processor.py:153} INFO - Started process (PID=147) to work on /home/airflow/.local/lib/python3.7/site-packages/airflow/example_dags/example_sensor_decorator.py
[2023-01-27T01:28:26.778+0000] {processor.py:743} INFO - Processing file /home/airflow/.local/lib/python3.7/site-packages/airflow/example_dags/example_sensor_decorator.py for tasks to queue
[2023-01-27T01:28:26.782+0000] {logging_mixin.py:137} INFO - [2023-01-27T01:28:26.781+0000] {dagbag.py:538} INFO - Filling up the DagBag from /home/airflow/.local/lib/python3.7/site-packages/airflow/example_dags/example_sensor_decorator.py
[2023-01-27T01:28:26.827+0000] {processor.py:753} INFO - DAG(s) dict_keys(['example_sensor_decorator']) retrieved from /home/airflow/.local/lib/python3.7/site-packages/airflow/example_dags/example_sensor_decorator.py
[2023-01-27T01:28:26.871+0000] {logging_mixin.py:137} INFO - [2023-01-27T01:28:26.871+0000] {dag.py:2690} INFO - Sync 1 DAGs
[2023-01-27T01:28:26.969+0000] {logging_mixin.py:137} INFO - [2023-01-27T01:28:26.968+0000] {dag.py:3441} INFO - Setting next_dagrun for example_sensor_decorator to None, run_after=None
[2023-01-27T01:28:27.074+0000] {processor.py:175} INFO - Processing /home/airflow/.local/lib/python3.7/site-packages/airflow/example_dags/example_sensor_decorator.py took 0.304 seconds
[2023-01-27T01:28:57.274+0000] {processor.py:153} INFO - Started process (PID=218) to work on /home/airflow/.local/lib/python3.7/site-packages/airflow/example_dags/example_sensor_decorator.py
[2023-01-27T01:28:57.277+0000] {processor.py:743} INFO - Processing file /home/airflow/.local/lib/python3.7/site-packages/airflow/example_dags/example_sensor_decorator.py for tasks to queue
[2023-01-27T01:28:57.280+0000] {logging_mixin.py:137} INFO - [2023-01-27T01:28:57.280+0000] {dagbag.py:538} INFO - Filling up the DagBag from /home/airflow/.local/lib/python3.7/site-packages/airflow/example_dags/example_sensor_decorator.py
[2023-01-27T01:28:57.326+0000] {processor.py:753} INFO - DAG(s) dict_keys(['example_sensor_decorator']) retrieved from /home/airflow/.local/lib/python3.7/site-packages/airflow/example_dags/example_sensor_decorator.py
[2023-01-27T01:28:57.374+0000] {logging_mixin.py:137} INFO - [2023-01-27T01:28:57.374+0000] {dag.py:2690} INFO - Sync 1 DAGs
[2023-01-27T01:28:57.416+0000] {logging_mixin.py:137} INFO - [2023-01-27T01:28:57.415+0000] {dag.py:3441} INFO - Setting next_dagrun for example_sensor_decorator to None, run_after=None
[2023-01-27T01:28:57.452+0000] {processor.py:175} INFO - Processing /home/airflow/.local/lib/python3.7/site-packages/airflow/example_dags/example_sensor_decorator.py took 0.183 seconds
[2023-01-27T01:29:27.497+0000] {processor.py:153} INFO - Started process (PID=283) to work on /home/airflow/.local/lib/python3.7/site-packages/airflow/example_dags/example_sensor_decorator.py
[2023-01-27T01:29:27.499+0000] {processor.py:743} INFO - Processing file /home/airflow/.local/lib/python3.7/site-packages/airflow/example_dags/example_sensor_decorator.py for tasks to queue
[2023-01-27T01:29:27.501+0000] {logging_mixin.py:137} INFO - [2023-01-27T01:29:27.501+0000] {dagbag.py:538} INFO - Filling up the DagBag from /home/airflow/.local/lib/python3.7/site-packages/airflow/example_dags/example_sensor_decorator.py
[2023-01-27T01:29:27.532+0000] {processor.py:753} INFO - DAG(s) dict_keys(['example_sensor_decorator']) retrieved from /home/airflow/.local/lib/python3.7/site-packages/airflow/example_dags/example_sensor_decorator.py
[2023-01-27T01:29:27.565+0000] {logging_mixin.py:137} INFO - [2023-01-27T01:29:27.565+0000] {dag.py:2690} INFO - Sync 1 DAGs
[2023-01-27T01:29:27.600+0000] {logging_mixin.py:137} INFO - [2023-01-27T01:29:27.599+0000] {dag.py:3441} INFO - Setting next_dagrun for example_sensor_decorator to None, run_after=None
[2023-01-27T01:29:27.628+0000] {processor.py:175} INFO - Processing /home/airflow/.local/lib/python3.7/site-packages/airflow/example_dags/example_sensor_decorator.py took 0.135 seconds
[2023-01-27T01:29:58.395+0000] {processor.py:153} INFO - Started process (PID=348) to work on /home/airflow/.local/lib/python3.7/site-packages/airflow/example_dags/example_sensor_decorator.py
[2023-01-27T01:29:58.428+0000] {processor.py:743} INFO - Processing file /home/airflow/.local/lib/python3.7/site-packages/airflow/example_dags/example_sensor_decorator.py for tasks to queue
[2023-01-27T01:29:58.451+0000] {logging_mixin.py:137} INFO - [2023-01-27T01:29:58.451+0000] {dagbag.py:538} INFO - Filling up the DagBag from /home/airflow/.local/lib/python3.7/site-packages/airflow/example_dags/example_sensor_decorator.py
[2023-01-27T01:29:58.565+0000] {processor.py:753} INFO - DAG(s) dict_keys(['example_sensor_decorator']) retrieved from /home/airflow/.local/lib/python3.7/site-packages/airflow/example_dags/example_sensor_decorator.py
[2023-01-27T01:29:58.645+0000] {logging_mixin.py:137} INFO - [2023-01-27T01:29:58.645+0000] {dag.py:2690} INFO - Sync 1 DAGs
[2023-01-27T01:29:58.719+0000] {logging_mixin.py:137} INFO - [2023-01-27T01:29:58.719+0000] {dag.py:3441} INFO - Setting next_dagrun for example_sensor_decorator to None, run_after=None
[2023-01-27T01:29:58.786+0000] {processor.py:175} INFO - Processing /home/airflow/.local/lib/python3.7/site-packages/airflow/example_dags/example_sensor_decorator.py took 0.541 seconds
[2023-01-27T01:30:30.276+0000] {processor.py:153} INFO - Started process (PID=421) to work on /home/airflow/.local/lib/python3.7/site-packages/airflow/example_dags/example_sensor_decorator.py
[2023-01-27T01:30:30.279+0000] {processor.py:743} INFO - Processing file /home/airflow/.local/lib/python3.7/site-packages/airflow/example_dags/example_sensor_decorator.py for tasks to queue
[2023-01-27T01:30:30.284+0000] {logging_mixin.py:137} INFO - [2023-01-27T01:30:30.283+0000] {dagbag.py:538} INFO - Filling up the DagBag from /home/airflow/.local/lib/python3.7/site-packages/airflow/example_dags/example_sensor_decorator.py
[2023-01-27T01:30:30.342+0000] {processor.py:753} INFO - DAG(s) dict_keys(['example_sensor_decorator']) retrieved from /home/airflow/.local/lib/python3.7/site-packages/airflow/example_dags/example_sensor_decorator.py
[2023-01-27T01:30:30.419+0000] {logging_mixin.py:137} INFO - [2023-01-27T01:30:30.419+0000] {dag.py:2690} INFO - Sync 1 DAGs
[2023-01-27T01:30:30.488+0000] {logging_mixin.py:137} INFO - [2023-01-27T01:30:30.488+0000] {dag.py:3441} INFO - Setting next_dagrun for example_sensor_decorator to None, run_after=None
[2023-01-27T01:30:30.540+0000] {processor.py:175} INFO - Processing /home/airflow/.local/lib/python3.7/site-packages/airflow/example_dags/example_sensor_decorator.py took 0.273 seconds
[2023-01-27T01:31:00.635+0000] {processor.py:153} INFO - Started process (PID=480) to work on /home/airflow/.local/lib/python3.7/site-packages/airflow/example_dags/example_sensor_decorator.py
[2023-01-27T01:31:00.638+0000] {processor.py:743} INFO - Processing file /home/airflow/.local/lib/python3.7/site-packages/airflow/example_dags/example_sensor_decorator.py for tasks to queue
[2023-01-27T01:31:00.640+0000] {logging_mixin.py:137} INFO - [2023-01-27T01:31:00.640+0000] {dagbag.py:538} INFO - Filling up the DagBag from /home/airflow/.local/lib/python3.7/site-packages/airflow/example_dags/example_sensor_decorator.py
[2023-01-27T01:31:00.683+0000] {processor.py:753} INFO - DAG(s) dict_keys(['example_sensor_decorator']) retrieved from /home/airflow/.local/lib/python3.7/site-packages/airflow/example_dags/example_sensor_decorator.py
[2023-01-27T01:31:00.923+0000] {logging_mixin.py:137} INFO - [2023-01-27T01:31:00.922+0000] {dag.py:2690} INFO - Sync 1 DAGs
[2023-01-27T01:31:01.036+0000] {logging_mixin.py:137} INFO - [2023-01-27T01:31:01.035+0000] {dag.py:3441} INFO - Setting next_dagrun for example_sensor_decorator to None, run_after=None
[2023-01-27T01:31:01.109+0000] {processor.py:175} INFO - Processing /home/airflow/.local/lib/python3.7/site-packages/airflow/example_dags/example_sensor_decorator.py took 0.479 seconds
[2023-01-27T01:31:32.280+0000] {processor.py:153} INFO - Started process (PID=557) to work on /home/airflow/.local/lib/python3.7/site-packages/airflow/example_dags/example_sensor_decorator.py
[2023-01-27T01:31:32.286+0000] {processor.py:743} INFO - Processing file /home/airflow/.local/lib/python3.7/site-packages/airflow/example_dags/example_sensor_decorator.py for tasks to queue
[2023-01-27T01:31:32.294+0000] {logging_mixin.py:137} INFO - [2023-01-27T01:31:32.293+0000] {dagbag.py:538} INFO - Filling up the DagBag from /home/airflow/.local/lib/python3.7/site-packages/airflow/example_dags/example_sensor_decorator.py
[2023-01-27T01:31:32.433+0000] {processor.py:753} INFO - DAG(s) dict_keys(['example_sensor_decorator']) retrieved from /home/airflow/.local/lib/python3.7/site-packages/airflow/example_dags/example_sensor_decorator.py
[2023-01-27T01:31:32.623+0000] {logging_mixin.py:137} INFO - [2023-01-27T01:31:32.623+0000] {dag.py:2690} INFO - Sync 1 DAGs
[2023-01-27T01:31:32.745+0000] {logging_mixin.py:137} INFO - [2023-01-27T01:31:32.745+0000] {dag.py:3441} INFO - Setting next_dagrun for example_sensor_decorator to None, run_after=None
[2023-01-27T01:31:32.833+0000] {processor.py:175} INFO - Processing /home/airflow/.local/lib/python3.7/site-packages/airflow/example_dags/example_sensor_decorator.py took 0.593 seconds
[2023-01-27T01:32:03.386+0000] {processor.py:153} INFO - Started process (PID=621) to work on /home/airflow/.local/lib/python3.7/site-packages/airflow/example_dags/example_sensor_decorator.py
[2023-01-27T01:32:03.389+0000] {processor.py:743} INFO - Processing file /home/airflow/.local/lib/python3.7/site-packages/airflow/example_dags/example_sensor_decorator.py for tasks to queue
[2023-01-27T01:32:03.392+0000] {logging_mixin.py:137} INFO - [2023-01-27T01:32:03.391+0000] {dagbag.py:538} INFO - Filling up the DagBag from /home/airflow/.local/lib/python3.7/site-packages/airflow/example_dags/example_sensor_decorator.py
[2023-01-27T01:32:03.422+0000] {processor.py:753} INFO - DAG(s) dict_keys(['example_sensor_decorator']) retrieved from /home/airflow/.local/lib/python3.7/site-packages/airflow/example_dags/example_sensor_decorator.py
[2023-01-27T01:32:03.455+0000] {logging_mixin.py:137} INFO - [2023-01-27T01:32:03.455+0000] {dag.py:2690} INFO - Sync 1 DAGs
[2023-01-27T01:32:03.487+0000] {logging_mixin.py:137} INFO - [2023-01-27T01:32:03.487+0000] {dag.py:3441} INFO - Setting next_dagrun for example_sensor_decorator to None, run_after=None
[2023-01-27T01:32:03.516+0000] {processor.py:175} INFO - Processing /home/airflow/.local/lib/python3.7/site-packages/airflow/example_dags/example_sensor_decorator.py took 0.135 seconds
[2023-01-27T01:32:34.181+0000] {processor.py:153} INFO - Started process (PID=688) to work on /home/airflow/.local/lib/python3.7/site-packages/airflow/example_dags/example_sensor_decorator.py
[2023-01-27T01:32:34.183+0000] {processor.py:743} INFO - Processing file /home/airflow/.local/lib/python3.7/site-packages/airflow/example_dags/example_sensor_decorator.py for tasks to queue
[2023-01-27T01:32:34.185+0000] {logging_mixin.py:137} INFO - [2023-01-27T01:32:34.185+0000] {dagbag.py:538} INFO - Filling up the DagBag from /home/airflow/.local/lib/python3.7/site-packages/airflow/example_dags/example_sensor_decorator.py
[2023-01-27T01:32:34.211+0000] {processor.py:753} INFO - DAG(s) dict_keys(['example_sensor_decorator']) retrieved from /home/airflow/.local/lib/python3.7/site-packages/airflow/example_dags/example_sensor_decorator.py
[2023-01-27T01:32:34.242+0000] {logging_mixin.py:137} INFO - [2023-01-27T01:32:34.242+0000] {dag.py:2690} INFO - Sync 1 DAGs
[2023-01-27T01:32:34.279+0000] {logging_mixin.py:137} INFO - [2023-01-27T01:32:34.279+0000] {dag.py:3441} INFO - Setting next_dagrun for example_sensor_decorator to None, run_after=None
[2023-01-27T01:32:34.313+0000] {processor.py:175} INFO - Processing /home/airflow/.local/lib/python3.7/site-packages/airflow/example_dags/example_sensor_decorator.py took 0.136 seconds
