[2023-01-27T01:24:29.726+0000] {processor.py:153} INFO - Started process (PID=89) to work on /home/airflow/.local/lib/python3.7/site-packages/airflow/example_dags/example_subdag_operator.py
[2023-01-27T01:24:29.749+0000] {processor.py:743} INFO - Processing file /home/airflow/.local/lib/python3.7/site-packages/airflow/example_dags/example_subdag_operator.py for tasks to queue
[2023-01-27T01:24:29.768+0000] {logging_mixin.py:137} INFO - [2023-01-27T01:24:29.767+0000] {dagbag.py:538} INFO - Filling up the DagBag from /home/airflow/.local/lib/python3.7/site-packages/airflow/example_dags/example_subdag_operator.py
[2023-01-27T01:24:29.870+0000] {processor.py:753} INFO - DAG(s) dict_keys(['example_subdag_operator.section-1', 'example_subdag_operator.section-2', 'example_subdag_operator']) retrieved from /home/airflow/.local/lib/python3.7/site-packages/airflow/example_dags/example_subdag_operator.py
[2023-01-27T01:24:29.901+0000] {logging_mixin.py:137} INFO - [2023-01-27T01:24:29.901+0000] {dag.py:2690} INFO - Sync 3 DAGs
[2023-01-27T01:24:29.994+0000] {logging_mixin.py:137} INFO - [2023-01-27T01:24:29.993+0000] {dag.py:3441} INFO - Setting next_dagrun for example_subdag_operator to 2022-01-01T00:00:00+00:00, run_after=2022-01-01T00:00:00+00:00
[2023-01-27T01:24:30.005+0000] {logging_mixin.py:137} INFO - [2023-01-27T01:24:30.004+0000] {dag.py:3441} INFO - Setting next_dagrun for example_subdag_operator.section-1 to None, run_after=None
[2023-01-27T01:24:30.011+0000] {logging_mixin.py:137} INFO - [2023-01-27T01:24:30.011+0000] {dag.py:3441} INFO - Setting next_dagrun for example_subdag_operator.section-2 to None, run_after=None
[2023-01-27T01:24:30.026+0000] {logging_mixin.py:137} INFO - [2023-01-27T01:24:30.026+0000] {dag.py:2690} INFO - Sync 2 DAGs
[2023-01-27T01:24:30.050+0000] {logging_mixin.py:137} INFO - [2023-01-27T01:24:30.050+0000] {dag.py:3441} INFO - Setting next_dagrun for example_subdag_operator.section-1 to None, run_after=None
[2023-01-27T01:24:30.052+0000] {logging_mixin.py:137} INFO - [2023-01-27T01:24:30.052+0000] {dag.py:3441} INFO - Setting next_dagrun for example_subdag_operator.section-2 to None, run_after=None
[2023-01-27T01:24:30.086+0000] {processor.py:175} INFO - Processing /home/airflow/.local/lib/python3.7/site-packages/airflow/example_dags/example_subdag_operator.py took 0.371 seconds
[2023-01-27T01:25:00.922+0000] {processor.py:153} INFO - Started process (PID=154) to work on /home/airflow/.local/lib/python3.7/site-packages/airflow/example_dags/example_subdag_operator.py
[2023-01-27T01:25:00.926+0000] {processor.py:743} INFO - Processing file /home/airflow/.local/lib/python3.7/site-packages/airflow/example_dags/example_subdag_operator.py for tasks to queue
[2023-01-27T01:25:00.930+0000] {logging_mixin.py:137} INFO - [2023-01-27T01:25:00.929+0000] {dagbag.py:538} INFO - Filling up the DagBag from /home/airflow/.local/lib/python3.7/site-packages/airflow/example_dags/example_subdag_operator.py
[2023-01-27T01:25:01.036+0000] {processor.py:753} INFO - DAG(s) dict_keys(['example_subdag_operator.section-1', 'example_subdag_operator.section-2', 'example_subdag_operator']) retrieved from /home/airflow/.local/lib/python3.7/site-packages/airflow/example_dags/example_subdag_operator.py
[2023-01-27T01:25:01.090+0000] {logging_mixin.py:137} INFO - [2023-01-27T01:25:01.090+0000] {dag.py:2690} INFO - Sync 3 DAGs
[2023-01-27T01:25:01.150+0000] {logging_mixin.py:137} INFO - [2023-01-27T01:25:01.150+0000] {dag.py:3441} INFO - Setting next_dagrun for example_subdag_operator to 2022-01-01T00:00:00+00:00, run_after=2022-01-01T00:00:00+00:00
[2023-01-27T01:25:01.162+0000] {logging_mixin.py:137} INFO - [2023-01-27T01:25:01.162+0000] {dag.py:3441} INFO - Setting next_dagrun for example_subdag_operator.section-1 to None, run_after=None
[2023-01-27T01:25:01.167+0000] {logging_mixin.py:137} INFO - [2023-01-27T01:25:01.167+0000] {dag.py:3441} INFO - Setting next_dagrun for example_subdag_operator.section-2 to None, run_after=None
[2023-01-27T01:25:01.186+0000] {logging_mixin.py:137} INFO - [2023-01-27T01:25:01.186+0000] {dag.py:2690} INFO - Sync 2 DAGs
[2023-01-27T01:25:01.203+0000] {logging_mixin.py:137} INFO - [2023-01-27T01:25:01.203+0000] {dag.py:3441} INFO - Setting next_dagrun for example_subdag_operator.section-1 to None, run_after=None
[2023-01-27T01:25:01.205+0000] {logging_mixin.py:137} INFO - [2023-01-27T01:25:01.205+0000] {dag.py:3441} INFO - Setting next_dagrun for example_subdag_operator.section-2 to None, run_after=None
[2023-01-27T01:25:01.243+0000] {processor.py:175} INFO - Processing /home/airflow/.local/lib/python3.7/site-packages/airflow/example_dags/example_subdag_operator.py took 0.329 seconds
[2023-01-27T01:27:55.250+0000] {processor.py:153} INFO - Started process (PID=75) to work on /home/airflow/.local/lib/python3.7/site-packages/airflow/example_dags/example_subdag_operator.py
[2023-01-27T01:27:55.284+0000] {processor.py:743} INFO - Processing file /home/airflow/.local/lib/python3.7/site-packages/airflow/example_dags/example_subdag_operator.py for tasks to queue
[2023-01-27T01:27:55.292+0000] {logging_mixin.py:137} INFO - [2023-01-27T01:27:55.292+0000] {dagbag.py:538} INFO - Filling up the DagBag from /home/airflow/.local/lib/python3.7/site-packages/airflow/example_dags/example_subdag_operator.py
[2023-01-27T01:27:55.432+0000] {processor.py:753} INFO - DAG(s) dict_keys(['example_subdag_operator.section-1', 'example_subdag_operator.section-2', 'example_subdag_operator']) retrieved from /home/airflow/.local/lib/python3.7/site-packages/airflow/example_dags/example_subdag_operator.py
[2023-01-27T01:27:55.516+0000] {logging_mixin.py:137} INFO - [2023-01-27T01:27:55.516+0000] {dag.py:2690} INFO - Sync 3 DAGs
[2023-01-27T01:27:55.582+0000] {logging_mixin.py:137} INFO - [2023-01-27T01:27:55.581+0000] {dag.py:3441} INFO - Setting next_dagrun for example_subdag_operator to 2022-01-01T00:00:00+00:00, run_after=2022-01-01T00:00:00+00:00
[2023-01-27T01:27:55.594+0000] {logging_mixin.py:137} INFO - [2023-01-27T01:27:55.593+0000] {dag.py:3441} INFO - Setting next_dagrun for example_subdag_operator.section-1 to None, run_after=None
[2023-01-27T01:27:55.599+0000] {logging_mixin.py:137} INFO - [2023-01-27T01:27:55.598+0000] {dag.py:3441} INFO - Setting next_dagrun for example_subdag_operator.section-2 to None, run_after=None
[2023-01-27T01:27:55.622+0000] {logging_mixin.py:137} INFO - [2023-01-27T01:27:55.621+0000] {dag.py:2690} INFO - Sync 2 DAGs
[2023-01-27T01:27:55.641+0000] {logging_mixin.py:137} INFO - [2023-01-27T01:27:55.640+0000] {dag.py:3441} INFO - Setting next_dagrun for example_subdag_operator.section-1 to None, run_after=None
[2023-01-27T01:27:55.646+0000] {logging_mixin.py:137} INFO - [2023-01-27T01:27:55.645+0000] {dag.py:3441} INFO - Setting next_dagrun for example_subdag_operator.section-2 to None, run_after=None
[2023-01-27T01:27:55.687+0000] {processor.py:175} INFO - Processing /home/airflow/.local/lib/python3.7/site-packages/airflow/example_dags/example_subdag_operator.py took 0.445 seconds
[2023-01-27T01:28:26.510+0000] {processor.py:153} INFO - Started process (PID=140) to work on /home/airflow/.local/lib/python3.7/site-packages/airflow/example_dags/example_subdag_operator.py
[2023-01-27T01:28:26.512+0000] {processor.py:743} INFO - Processing file /home/airflow/.local/lib/python3.7/site-packages/airflow/example_dags/example_subdag_operator.py for tasks to queue
[2023-01-27T01:28:26.515+0000] {logging_mixin.py:137} INFO - [2023-01-27T01:28:26.514+0000] {dagbag.py:538} INFO - Filling up the DagBag from /home/airflow/.local/lib/python3.7/site-packages/airflow/example_dags/example_subdag_operator.py
[2023-01-27T01:28:26.573+0000] {processor.py:753} INFO - DAG(s) dict_keys(['example_subdag_operator.section-1', 'example_subdag_operator.section-2', 'example_subdag_operator']) retrieved from /home/airflow/.local/lib/python3.7/site-packages/airflow/example_dags/example_subdag_operator.py
[2023-01-27T01:28:26.604+0000] {logging_mixin.py:137} INFO - [2023-01-27T01:28:26.604+0000] {dag.py:2690} INFO - Sync 3 DAGs
[2023-01-27T01:28:26.666+0000] {logging_mixin.py:137} INFO - [2023-01-27T01:28:26.666+0000] {dag.py:3441} INFO - Setting next_dagrun for example_subdag_operator to 2022-01-01T00:00:00+00:00, run_after=2022-01-01T00:00:00+00:00
[2023-01-27T01:28:26.674+0000] {logging_mixin.py:137} INFO - [2023-01-27T01:28:26.674+0000] {dag.py:3441} INFO - Setting next_dagrun for example_subdag_operator.section-1 to None, run_after=None
[2023-01-27T01:28:26.677+0000] {logging_mixin.py:137} INFO - [2023-01-27T01:28:26.677+0000] {dag.py:3441} INFO - Setting next_dagrun for example_subdag_operator.section-2 to None, run_after=None
[2023-01-27T01:28:26.701+0000] {logging_mixin.py:137} INFO - [2023-01-27T01:28:26.701+0000] {dag.py:2690} INFO - Sync 2 DAGs
[2023-01-27T01:28:26.713+0000] {logging_mixin.py:137} INFO - [2023-01-27T01:28:26.713+0000] {dag.py:3441} INFO - Setting next_dagrun for example_subdag_operator.section-1 to None, run_after=None
[2023-01-27T01:28:26.716+0000] {logging_mixin.py:137} INFO - [2023-01-27T01:28:26.715+0000] {dag.py:3441} INFO - Setting next_dagrun for example_subdag_operator.section-2 to None, run_after=None
[2023-01-27T01:28:26.750+0000] {processor.py:175} INFO - Processing /home/airflow/.local/lib/python3.7/site-packages/airflow/example_dags/example_subdag_operator.py took 0.245 seconds
[2023-01-27T01:28:57.006+0000] {processor.py:153} INFO - Started process (PID=216) to work on /home/airflow/.local/lib/python3.7/site-packages/airflow/example_dags/example_subdag_operator.py
[2023-01-27T01:28:57.009+0000] {processor.py:743} INFO - Processing file /home/airflow/.local/lib/python3.7/site-packages/airflow/example_dags/example_subdag_operator.py for tasks to queue
[2023-01-27T01:28:57.012+0000] {logging_mixin.py:137} INFO - [2023-01-27T01:28:57.011+0000] {dagbag.py:538} INFO - Filling up the DagBag from /home/airflow/.local/lib/python3.7/site-packages/airflow/example_dags/example_subdag_operator.py
[2023-01-27T01:28:57.096+0000] {processor.py:753} INFO - DAG(s) dict_keys(['example_subdag_operator.section-1', 'example_subdag_operator.section-2', 'example_subdag_operator']) retrieved from /home/airflow/.local/lib/python3.7/site-packages/airflow/example_dags/example_subdag_operator.py
[2023-01-27T01:28:57.134+0000] {logging_mixin.py:137} INFO - [2023-01-27T01:28:57.133+0000] {dag.py:2690} INFO - Sync 3 DAGs
[2023-01-27T01:28:57.176+0000] {logging_mixin.py:137} INFO - [2023-01-27T01:28:57.175+0000] {dag.py:3441} INFO - Setting next_dagrun for example_subdag_operator to 2022-01-01T00:00:00+00:00, run_after=2022-01-01T00:00:00+00:00
[2023-01-27T01:28:57.184+0000] {logging_mixin.py:137} INFO - [2023-01-27T01:28:57.184+0000] {dag.py:3441} INFO - Setting next_dagrun for example_subdag_operator.section-1 to None, run_after=None
[2023-01-27T01:28:57.190+0000] {logging_mixin.py:137} INFO - [2023-01-27T01:28:57.190+0000] {dag.py:3441} INFO - Setting next_dagrun for example_subdag_operator.section-2 to None, run_after=None
[2023-01-27T01:28:57.211+0000] {logging_mixin.py:137} INFO - [2023-01-27T01:28:57.211+0000] {dag.py:2690} INFO - Sync 2 DAGs
[2023-01-27T01:28:57.224+0000] {logging_mixin.py:137} INFO - [2023-01-27T01:28:57.224+0000] {dag.py:3441} INFO - Setting next_dagrun for example_subdag_operator.section-1 to None, run_after=None
[2023-01-27T01:28:57.226+0000] {logging_mixin.py:137} INFO - [2023-01-27T01:28:57.226+0000] {dag.py:3441} INFO - Setting next_dagrun for example_subdag_operator.section-2 to None, run_after=None
[2023-01-27T01:28:57.265+0000] {processor.py:175} INFO - Processing /home/airflow/.local/lib/python3.7/site-packages/airflow/example_dags/example_subdag_operator.py took 0.264 seconds
[2023-01-27T01:29:27.332+0000] {processor.py:153} INFO - Started process (PID=281) to work on /home/airflow/.local/lib/python3.7/site-packages/airflow/example_dags/example_subdag_operator.py
[2023-01-27T01:29:27.333+0000] {processor.py:743} INFO - Processing file /home/airflow/.local/lib/python3.7/site-packages/airflow/example_dags/example_subdag_operator.py for tasks to queue
[2023-01-27T01:29:27.335+0000] {logging_mixin.py:137} INFO - [2023-01-27T01:29:27.335+0000] {dagbag.py:538} INFO - Filling up the DagBag from /home/airflow/.local/lib/python3.7/site-packages/airflow/example_dags/example_subdag_operator.py
[2023-01-27T01:29:27.385+0000] {processor.py:753} INFO - DAG(s) dict_keys(['example_subdag_operator.section-1', 'example_subdag_operator.section-2', 'example_subdag_operator']) retrieved from /home/airflow/.local/lib/python3.7/site-packages/airflow/example_dags/example_subdag_operator.py
[2023-01-27T01:29:27.409+0000] {logging_mixin.py:137} INFO - [2023-01-27T01:29:27.408+0000] {dag.py:2690} INFO - Sync 3 DAGs
[2023-01-27T01:29:27.442+0000] {logging_mixin.py:137} INFO - [2023-01-27T01:29:27.442+0000] {dag.py:3441} INFO - Setting next_dagrun for example_subdag_operator to 2022-01-01T00:00:00+00:00, run_after=2022-01-01T00:00:00+00:00
[2023-01-27T01:29:27.447+0000] {logging_mixin.py:137} INFO - [2023-01-27T01:29:27.447+0000] {dag.py:3441} INFO - Setting next_dagrun for example_subdag_operator.section-1 to None, run_after=None
[2023-01-27T01:29:27.450+0000] {logging_mixin.py:137} INFO - [2023-01-27T01:29:27.449+0000] {dag.py:3441} INFO - Setting next_dagrun for example_subdag_operator.section-2 to None, run_after=None
[2023-01-27T01:29:27.460+0000] {logging_mixin.py:137} INFO - [2023-01-27T01:29:27.460+0000] {dag.py:2690} INFO - Sync 2 DAGs
[2023-01-27T01:29:27.472+0000] {logging_mixin.py:137} INFO - [2023-01-27T01:29:27.471+0000] {dag.py:3441} INFO - Setting next_dagrun for example_subdag_operator.section-1 to None, run_after=None
[2023-01-27T01:29:27.473+0000] {logging_mixin.py:137} INFO - [2023-01-27T01:29:27.473+0000] {dag.py:3441} INFO - Setting next_dagrun for example_subdag_operator.section-2 to None, run_after=None
[2023-01-27T01:29:27.495+0000] {processor.py:175} INFO - Processing /home/airflow/.local/lib/python3.7/site-packages/airflow/example_dags/example_subdag_operator.py took 0.168 seconds
[2023-01-27T01:29:57.874+0000] {processor.py:153} INFO - Started process (PID=346) to work on /home/airflow/.local/lib/python3.7/site-packages/airflow/example_dags/example_subdag_operator.py
[2023-01-27T01:29:57.880+0000] {processor.py:743} INFO - Processing file /home/airflow/.local/lib/python3.7/site-packages/airflow/example_dags/example_subdag_operator.py for tasks to queue
[2023-01-27T01:29:57.884+0000] {logging_mixin.py:137} INFO - [2023-01-27T01:29:57.883+0000] {dagbag.py:538} INFO - Filling up the DagBag from /home/airflow/.local/lib/python3.7/site-packages/airflow/example_dags/example_subdag_operator.py
[2023-01-27T01:29:57.988+0000] {processor.py:753} INFO - DAG(s) dict_keys(['example_subdag_operator.section-1', 'example_subdag_operator.section-2', 'example_subdag_operator']) retrieved from /home/airflow/.local/lib/python3.7/site-packages/airflow/example_dags/example_subdag_operator.py
[2023-01-27T01:29:58.034+0000] {logging_mixin.py:137} INFO - [2023-01-27T01:29:58.033+0000] {dag.py:2690} INFO - Sync 3 DAGs
[2023-01-27T01:29:58.101+0000] {logging_mixin.py:137} INFO - [2023-01-27T01:29:58.101+0000] {dag.py:3441} INFO - Setting next_dagrun for example_subdag_operator to 2022-01-01T00:00:00+00:00, run_after=2022-01-01T00:00:00+00:00
[2023-01-27T01:29:58.135+0000] {logging_mixin.py:137} INFO - [2023-01-27T01:29:58.134+0000] {dag.py:3441} INFO - Setting next_dagrun for example_subdag_operator.section-1 to None, run_after=None
[2023-01-27T01:29:58.142+0000] {logging_mixin.py:137} INFO - [2023-01-27T01:29:58.142+0000] {dag.py:3441} INFO - Setting next_dagrun for example_subdag_operator.section-2 to None, run_after=None
[2023-01-27T01:29:58.170+0000] {logging_mixin.py:137} INFO - [2023-01-27T01:29:58.170+0000] {dag.py:2690} INFO - Sync 2 DAGs
[2023-01-27T01:29:58.261+0000] {logging_mixin.py:137} INFO - [2023-01-27T01:29:58.261+0000] {dag.py:3441} INFO - Setting next_dagrun for example_subdag_operator.section-1 to None, run_after=None
[2023-01-27T01:29:58.343+0000] {logging_mixin.py:137} INFO - [2023-01-27T01:29:58.331+0000] {dag.py:3441} INFO - Setting next_dagrun for example_subdag_operator.section-2 to None, run_after=None
[2023-01-27T01:29:58.547+0000] {processor.py:175} INFO - Processing /home/airflow/.local/lib/python3.7/site-packages/airflow/example_dags/example_subdag_operator.py took 0.689 seconds
[2023-01-27T01:30:29.865+0000] {processor.py:153} INFO - Started process (PID=420) to work on /home/airflow/.local/lib/python3.7/site-packages/airflow/example_dags/example_subdag_operator.py
[2023-01-27T01:30:29.869+0000] {processor.py:743} INFO - Processing file /home/airflow/.local/lib/python3.7/site-packages/airflow/example_dags/example_subdag_operator.py for tasks to queue
[2023-01-27T01:30:29.872+0000] {logging_mixin.py:137} INFO - [2023-01-27T01:30:29.872+0000] {dagbag.py:538} INFO - Filling up the DagBag from /home/airflow/.local/lib/python3.7/site-packages/airflow/example_dags/example_subdag_operator.py
[2023-01-27T01:30:29.953+0000] {processor.py:753} INFO - DAG(s) dict_keys(['example_subdag_operator.section-1', 'example_subdag_operator.section-2', 'example_subdag_operator']) retrieved from /home/airflow/.local/lib/python3.7/site-packages/airflow/example_dags/example_subdag_operator.py
[2023-01-27T01:30:29.993+0000] {logging_mixin.py:137} INFO - [2023-01-27T01:30:29.992+0000] {dag.py:2690} INFO - Sync 3 DAGs
[2023-01-27T01:30:30.054+0000] {logging_mixin.py:137} INFO - [2023-01-27T01:30:30.054+0000] {dag.py:3441} INFO - Setting next_dagrun for example_subdag_operator to 2022-01-01T00:00:00+00:00, run_after=2022-01-01T00:00:00+00:00
[2023-01-27T01:30:30.063+0000] {logging_mixin.py:137} INFO - [2023-01-27T01:30:30.063+0000] {dag.py:3441} INFO - Setting next_dagrun for example_subdag_operator.section-1 to None, run_after=None
[2023-01-27T01:30:30.068+0000] {logging_mixin.py:137} INFO - [2023-01-27T01:30:30.068+0000] {dag.py:3441} INFO - Setting next_dagrun for example_subdag_operator.section-2 to None, run_after=None
[2023-01-27T01:30:30.084+0000] {logging_mixin.py:137} INFO - [2023-01-27T01:30:30.084+0000] {dag.py:2690} INFO - Sync 2 DAGs
[2023-01-27T01:30:30.108+0000] {logging_mixin.py:137} INFO - [2023-01-27T01:30:30.108+0000] {dag.py:3441} INFO - Setting next_dagrun for example_subdag_operator.section-1 to None, run_after=None
[2023-01-27T01:30:30.123+0000] {logging_mixin.py:137} INFO - [2023-01-27T01:30:30.123+0000] {dag.py:3441} INFO - Setting next_dagrun for example_subdag_operator.section-2 to None, run_after=None
[2023-01-27T01:30:30.271+0000] {processor.py:175} INFO - Processing /home/airflow/.local/lib/python3.7/site-packages/airflow/example_dags/example_subdag_operator.py took 0.412 seconds
[2023-01-27T01:31:00.586+0000] {processor.py:153} INFO - Started process (PID=479) to work on /home/airflow/.local/lib/python3.7/site-packages/airflow/example_dags/example_subdag_operator.py
[2023-01-27T01:31:00.589+0000] {processor.py:743} INFO - Processing file /home/airflow/.local/lib/python3.7/site-packages/airflow/example_dags/example_subdag_operator.py for tasks to queue
[2023-01-27T01:31:00.592+0000] {logging_mixin.py:137} INFO - [2023-01-27T01:31:00.591+0000] {dagbag.py:538} INFO - Filling up the DagBag from /home/airflow/.local/lib/python3.7/site-packages/airflow/example_dags/example_subdag_operator.py
[2023-01-27T01:31:00.654+0000] {processor.py:753} INFO - DAG(s) dict_keys(['example_subdag_operator.section-1', 'example_subdag_operator.section-2', 'example_subdag_operator']) retrieved from /home/airflow/.local/lib/python3.7/site-packages/airflow/example_dags/example_subdag_operator.py
[2023-01-27T01:31:00.690+0000] {logging_mixin.py:137} INFO - [2023-01-27T01:31:00.689+0000] {dag.py:2690} INFO - Sync 3 DAGs
[2023-01-27T01:31:00.920+0000] {logging_mixin.py:137} INFO - [2023-01-27T01:31:00.920+0000] {dag.py:3441} INFO - Setting next_dagrun for example_subdag_operator to 2022-01-01T00:00:00+00:00, run_after=2022-01-01T00:00:00+00:00
[2023-01-27T01:31:00.932+0000] {logging_mixin.py:137} INFO - [2023-01-27T01:31:00.931+0000] {dag.py:3441} INFO - Setting next_dagrun for example_subdag_operator.section-1 to None, run_after=None
[2023-01-27T01:31:00.936+0000] {logging_mixin.py:137} INFO - [2023-01-27T01:31:00.936+0000] {dag.py:3441} INFO - Setting next_dagrun for example_subdag_operator.section-2 to None, run_after=None
[2023-01-27T01:31:00.959+0000] {logging_mixin.py:137} INFO - [2023-01-27T01:31:00.959+0000] {dag.py:2690} INFO - Sync 2 DAGs
[2023-01-27T01:31:01.007+0000] {logging_mixin.py:137} INFO - [2023-01-27T01:31:01.007+0000] {dag.py:3441} INFO - Setting next_dagrun for example_subdag_operator.section-1 to None, run_after=None
[2023-01-27T01:31:01.014+0000] {logging_mixin.py:137} INFO - [2023-01-27T01:31:01.014+0000] {dag.py:3441} INFO - Setting next_dagrun for example_subdag_operator.section-2 to None, run_after=None
[2023-01-27T01:31:01.061+0000] {processor.py:175} INFO - Processing /home/airflow/.local/lib/python3.7/site-packages/airflow/example_dags/example_subdag_operator.py took 0.484 seconds
[2023-01-27T01:31:32.286+0000] {processor.py:153} INFO - Started process (PID=556) to work on /home/airflow/.local/lib/python3.7/site-packages/airflow/example_dags/example_subdag_operator.py
[2023-01-27T01:31:32.294+0000] {processor.py:743} INFO - Processing file /home/airflow/.local/lib/python3.7/site-packages/airflow/example_dags/example_subdag_operator.py for tasks to queue
[2023-01-27T01:31:32.297+0000] {logging_mixin.py:137} INFO - [2023-01-27T01:31:32.297+0000] {dagbag.py:538} INFO - Filling up the DagBag from /home/airflow/.local/lib/python3.7/site-packages/airflow/example_dags/example_subdag_operator.py
[2023-01-27T01:31:32.496+0000] {processor.py:753} INFO - DAG(s) dict_keys(['example_subdag_operator.section-1', 'example_subdag_operator.section-2', 'example_subdag_operator']) retrieved from /home/airflow/.local/lib/python3.7/site-packages/airflow/example_dags/example_subdag_operator.py
[2023-01-27T01:31:32.620+0000] {logging_mixin.py:137} INFO - [2023-01-27T01:31:32.620+0000] {dag.py:2690} INFO - Sync 3 DAGs
[2023-01-27T01:31:32.776+0000] {logging_mixin.py:137} INFO - [2023-01-27T01:31:32.776+0000] {dag.py:3441} INFO - Setting next_dagrun for example_subdag_operator to 2022-01-01T00:00:00+00:00, run_after=2022-01-01T00:00:00+00:00
[2023-01-27T01:31:32.802+0000] {logging_mixin.py:137} INFO - [2023-01-27T01:31:32.802+0000] {dag.py:3441} INFO - Setting next_dagrun for example_subdag_operator.section-1 to None, run_after=None
[2023-01-27T01:31:32.808+0000] {logging_mixin.py:137} INFO - [2023-01-27T01:31:32.808+0000] {dag.py:3441} INFO - Setting next_dagrun for example_subdag_operator.section-2 to None, run_after=None
[2023-01-27T01:31:32.851+0000] {logging_mixin.py:137} INFO - [2023-01-27T01:31:32.851+0000] {dag.py:2690} INFO - Sync 2 DAGs
[2023-01-27T01:31:32.911+0000] {logging_mixin.py:137} INFO - [2023-01-27T01:31:32.911+0000] {dag.py:3441} INFO - Setting next_dagrun for example_subdag_operator.section-1 to None, run_after=None
[2023-01-27T01:31:32.923+0000] {logging_mixin.py:137} INFO - [2023-01-27T01:31:32.922+0000] {dag.py:3441} INFO - Setting next_dagrun for example_subdag_operator.section-2 to None, run_after=None
[2023-01-27T01:31:33.289+0000] {processor.py:175} INFO - Processing /home/airflow/.local/lib/python3.7/site-packages/airflow/example_dags/example_subdag_operator.py took 1.063 seconds
[2023-01-27T01:32:03.589+0000] {processor.py:153} INFO - Started process (PID=622) to work on /home/airflow/.local/lib/python3.7/site-packages/airflow/example_dags/example_subdag_operator.py
[2023-01-27T01:32:03.607+0000] {processor.py:743} INFO - Processing file /home/airflow/.local/lib/python3.7/site-packages/airflow/example_dags/example_subdag_operator.py for tasks to queue
[2023-01-27T01:32:03.618+0000] {logging_mixin.py:137} INFO - [2023-01-27T01:32:03.618+0000] {dagbag.py:538} INFO - Filling up the DagBag from /home/airflow/.local/lib/python3.7/site-packages/airflow/example_dags/example_subdag_operator.py
[2023-01-27T01:32:03.755+0000] {processor.py:753} INFO - DAG(s) dict_keys(['example_subdag_operator.section-1', 'example_subdag_operator.section-2', 'example_subdag_operator']) retrieved from /home/airflow/.local/lib/python3.7/site-packages/airflow/example_dags/example_subdag_operator.py
[2023-01-27T01:32:03.804+0000] {logging_mixin.py:137} INFO - [2023-01-27T01:32:03.804+0000] {dag.py:2690} INFO - Sync 3 DAGs
[2023-01-27T01:32:03.865+0000] {logging_mixin.py:137} INFO - [2023-01-27T01:32:03.865+0000] {dag.py:3441} INFO - Setting next_dagrun for example_subdag_operator to 2022-01-01T00:00:00+00:00, run_after=2022-01-01T00:00:00+00:00
[2023-01-27T01:32:03.873+0000] {logging_mixin.py:137} INFO - [2023-01-27T01:32:03.873+0000] {dag.py:3441} INFO - Setting next_dagrun for example_subdag_operator.section-1 to None, run_after=None
[2023-01-27T01:32:03.876+0000] {logging_mixin.py:137} INFO - [2023-01-27T01:32:03.876+0000] {dag.py:3441} INFO - Setting next_dagrun for example_subdag_operator.section-2 to None, run_after=None
[2023-01-27T01:32:03.892+0000] {logging_mixin.py:137} INFO - [2023-01-27T01:32:03.892+0000] {dag.py:2690} INFO - Sync 2 DAGs
[2023-01-27T01:32:03.905+0000] {logging_mixin.py:137} INFO - [2023-01-27T01:32:03.905+0000] {dag.py:3441} INFO - Setting next_dagrun for example_subdag_operator.section-1 to None, run_after=None
[2023-01-27T01:32:03.906+0000] {logging_mixin.py:137} INFO - [2023-01-27T01:32:03.906+0000] {dag.py:3441} INFO - Setting next_dagrun for example_subdag_operator.section-2 to None, run_after=None
[2023-01-27T01:32:03.928+0000] {processor.py:175} INFO - Processing /home/airflow/.local/lib/python3.7/site-packages/airflow/example_dags/example_subdag_operator.py took 0.345 seconds
[2023-01-27T01:32:34.180+0000] {processor.py:153} INFO - Started process (PID=687) to work on /home/airflow/.local/lib/python3.7/site-packages/airflow/example_dags/example_subdag_operator.py
[2023-01-27T01:32:34.184+0000] {processor.py:743} INFO - Processing file /home/airflow/.local/lib/python3.7/site-packages/airflow/example_dags/example_subdag_operator.py for tasks to queue
[2023-01-27T01:32:34.185+0000] {logging_mixin.py:137} INFO - [2023-01-27T01:32:34.185+0000] {dagbag.py:538} INFO - Filling up the DagBag from /home/airflow/.local/lib/python3.7/site-packages/airflow/example_dags/example_subdag_operator.py
[2023-01-27T01:32:34.232+0000] {processor.py:753} INFO - DAG(s) dict_keys(['example_subdag_operator.section-1', 'example_subdag_operator.section-2', 'example_subdag_operator']) retrieved from /home/airflow/.local/lib/python3.7/site-packages/airflow/example_dags/example_subdag_operator.py
[2023-01-27T01:32:34.257+0000] {logging_mixin.py:137} INFO - [2023-01-27T01:32:34.257+0000] {dag.py:2690} INFO - Sync 3 DAGs
[2023-01-27T01:32:34.290+0000] {logging_mixin.py:137} INFO - [2023-01-27T01:32:34.290+0000] {dag.py:3441} INFO - Setting next_dagrun for example_subdag_operator to 2022-01-01T00:00:00+00:00, run_after=2022-01-01T00:00:00+00:00
[2023-01-27T01:32:34.296+0000] {logging_mixin.py:137} INFO - [2023-01-27T01:32:34.296+0000] {dag.py:3441} INFO - Setting next_dagrun for example_subdag_operator.section-1 to None, run_after=None
[2023-01-27T01:32:34.299+0000] {logging_mixin.py:137} INFO - [2023-01-27T01:32:34.299+0000] {dag.py:3441} INFO - Setting next_dagrun for example_subdag_operator.section-2 to None, run_after=None
[2023-01-27T01:32:34.308+0000] {logging_mixin.py:137} INFO - [2023-01-27T01:32:34.308+0000] {dag.py:2690} INFO - Sync 2 DAGs
[2023-01-27T01:32:34.318+0000] {logging_mixin.py:137} INFO - [2023-01-27T01:32:34.318+0000] {dag.py:3441} INFO - Setting next_dagrun for example_subdag_operator.section-1 to None, run_after=None
[2023-01-27T01:32:34.320+0000] {logging_mixin.py:137} INFO - [2023-01-27T01:32:34.320+0000] {dag.py:3441} INFO - Setting next_dagrun for example_subdag_operator.section-2 to None, run_after=None
[2023-01-27T01:32:34.338+0000] {processor.py:175} INFO - Processing /home/airflow/.local/lib/python3.7/site-packages/airflow/example_dags/example_subdag_operator.py took 0.168 seconds
