[2023-01-27T01:24:25.569+0000] {processor.py:153} INFO - Started process (PID=74) to work on /home/airflow/.local/lib/python3.7/site-packages/airflow/example_dags/example_short_circuit_operator.py
[2023-01-27T01:24:25.574+0000] {processor.py:743} INFO - Processing file /home/airflow/.local/lib/python3.7/site-packages/airflow/example_dags/example_short_circuit_operator.py for tasks to queue
[2023-01-27T01:24:25.586+0000] {logging_mixin.py:137} INFO - [2023-01-27T01:24:25.582+0000] {dagbag.py:538} INFO - Filling up the DagBag from /home/airflow/.local/lib/python3.7/site-packages/airflow/example_dags/example_short_circuit_operator.py
[2023-01-27T01:24:25.623+0000] {processor.py:753} INFO - DAG(s) dict_keys(['example_short_circuit_operator']) retrieved from /home/airflow/.local/lib/python3.7/site-packages/airflow/example_dags/example_short_circuit_operator.py
[2023-01-27T01:24:25.714+0000] {logging_mixin.py:137} INFO - [2023-01-27T01:24:25.714+0000] {dag.py:2690} INFO - Sync 1 DAGs
[2023-01-27T01:24:25.853+0000] {logging_mixin.py:137} INFO - [2023-01-27T01:24:25.853+0000] {dag.py:3441} INFO - Setting next_dagrun for example_short_circuit_operator to 2023-01-26T01:24:25.853078+00:00, run_after=2023-01-27T01:24:25.853078+00:00
[2023-01-27T01:24:25.932+0000] {processor.py:175} INFO - Processing /home/airflow/.local/lib/python3.7/site-packages/airflow/example_dags/example_short_circuit_operator.py took 0.394 seconds
[2023-01-27T01:24:56.267+0000] {processor.py:153} INFO - Started process (PID=139) to work on /home/airflow/.local/lib/python3.7/site-packages/airflow/example_dags/example_short_circuit_operator.py
[2023-01-27T01:24:56.271+0000] {processor.py:743} INFO - Processing file /home/airflow/.local/lib/python3.7/site-packages/airflow/example_dags/example_short_circuit_operator.py for tasks to queue
[2023-01-27T01:24:56.276+0000] {logging_mixin.py:137} INFO - [2023-01-27T01:24:56.275+0000] {dagbag.py:538} INFO - Filling up the DagBag from /home/airflow/.local/lib/python3.7/site-packages/airflow/example_dags/example_short_circuit_operator.py
[2023-01-27T01:24:56.409+0000] {processor.py:753} INFO - DAG(s) dict_keys(['example_short_circuit_operator']) retrieved from /home/airflow/.local/lib/python3.7/site-packages/airflow/example_dags/example_short_circuit_operator.py
[2023-01-27T01:24:56.529+0000] {logging_mixin.py:137} INFO - [2023-01-27T01:24:56.529+0000] {dag.py:2690} INFO - Sync 1 DAGs
[2023-01-27T01:24:56.665+0000] {logging_mixin.py:137} INFO - [2023-01-27T01:24:56.660+0000] {dag.py:3441} INFO - Setting next_dagrun for example_short_circuit_operator to 2023-01-26T01:24:56.655932+00:00, run_after=2023-01-27T01:24:56.655932+00:00
[2023-01-27T01:24:56.861+0000] {processor.py:175} INFO - Processing /home/airflow/.local/lib/python3.7/site-packages/airflow/example_dags/example_short_circuit_operator.py took 0.616 seconds
[2023-01-27T01:27:52.219+0000] {processor.py:153} INFO - Started process (PID=65) to work on /home/airflow/.local/lib/python3.7/site-packages/airflow/example_dags/example_short_circuit_operator.py
[2023-01-27T01:27:52.222+0000] {processor.py:743} INFO - Processing file /home/airflow/.local/lib/python3.7/site-packages/airflow/example_dags/example_short_circuit_operator.py for tasks to queue
[2023-01-27T01:27:52.226+0000] {logging_mixin.py:137} INFO - [2023-01-27T01:27:52.226+0000] {dagbag.py:538} INFO - Filling up the DagBag from /home/airflow/.local/lib/python3.7/site-packages/airflow/example_dags/example_short_circuit_operator.py
[2023-01-27T01:27:52.280+0000] {processor.py:753} INFO - DAG(s) dict_keys(['example_short_circuit_operator']) retrieved from /home/airflow/.local/lib/python3.7/site-packages/airflow/example_dags/example_short_circuit_operator.py
[2023-01-27T01:27:52.332+0000] {logging_mixin.py:137} INFO - [2023-01-27T01:27:52.332+0000] {dag.py:2690} INFO - Sync 1 DAGs
[2023-01-27T01:27:52.393+0000] {logging_mixin.py:137} INFO - [2023-01-27T01:27:52.393+0000] {dag.py:3441} INFO - Setting next_dagrun for example_short_circuit_operator to 2023-01-26T01:27:52.392425+00:00, run_after=2023-01-27T01:27:52.392425+00:00
[2023-01-27T01:27:52.433+0000] {processor.py:175} INFO - Processing /home/airflow/.local/lib/python3.7/site-packages/airflow/example_dags/example_short_circuit_operator.py took 0.222 seconds
[2023-01-27T01:28:22.718+0000] {processor.py:153} INFO - Started process (PID=130) to work on /home/airflow/.local/lib/python3.7/site-packages/airflow/example_dags/example_short_circuit_operator.py
[2023-01-27T01:28:22.720+0000] {processor.py:743} INFO - Processing file /home/airflow/.local/lib/python3.7/site-packages/airflow/example_dags/example_short_circuit_operator.py for tasks to queue
[2023-01-27T01:28:22.723+0000] {logging_mixin.py:137} INFO - [2023-01-27T01:28:22.722+0000] {dagbag.py:538} INFO - Filling up the DagBag from /home/airflow/.local/lib/python3.7/site-packages/airflow/example_dags/example_short_circuit_operator.py
[2023-01-27T01:28:22.758+0000] {processor.py:753} INFO - DAG(s) dict_keys(['example_short_circuit_operator']) retrieved from /home/airflow/.local/lib/python3.7/site-packages/airflow/example_dags/example_short_circuit_operator.py
[2023-01-27T01:28:22.809+0000] {logging_mixin.py:137} INFO - [2023-01-27T01:28:22.809+0000] {dag.py:2690} INFO - Sync 1 DAGs
[2023-01-27T01:28:22.858+0000] {logging_mixin.py:137} INFO - [2023-01-27T01:28:22.858+0000] {dag.py:3441} INFO - Setting next_dagrun for example_short_circuit_operator to 2023-01-26T01:28:22.858015+00:00, run_after=2023-01-27T01:28:22.858015+00:00
[2023-01-27T01:28:22.900+0000] {processor.py:175} INFO - Processing /home/airflow/.local/lib/python3.7/site-packages/airflow/example_dags/example_short_circuit_operator.py took 0.189 seconds
[2023-01-27T01:28:53.382+0000] {processor.py:153} INFO - Started process (PID=201) to work on /home/airflow/.local/lib/python3.7/site-packages/airflow/example_dags/example_short_circuit_operator.py
[2023-01-27T01:28:53.386+0000] {processor.py:743} INFO - Processing file /home/airflow/.local/lib/python3.7/site-packages/airflow/example_dags/example_short_circuit_operator.py for tasks to queue
[2023-01-27T01:28:53.390+0000] {logging_mixin.py:137} INFO - [2023-01-27T01:28:53.389+0000] {dagbag.py:538} INFO - Filling up the DagBag from /home/airflow/.local/lib/python3.7/site-packages/airflow/example_dags/example_short_circuit_operator.py
[2023-01-27T01:28:53.436+0000] {processor.py:753} INFO - DAG(s) dict_keys(['example_short_circuit_operator']) retrieved from /home/airflow/.local/lib/python3.7/site-packages/airflow/example_dags/example_short_circuit_operator.py
[2023-01-27T01:28:53.493+0000] {logging_mixin.py:137} INFO - [2023-01-27T01:28:53.493+0000] {dag.py:2690} INFO - Sync 1 DAGs
[2023-01-27T01:28:53.558+0000] {logging_mixin.py:137} INFO - [2023-01-27T01:28:53.557+0000] {dag.py:3441} INFO - Setting next_dagrun for example_short_circuit_operator to 2023-01-26T01:28:53.557333+00:00, run_after=2023-01-27T01:28:53.557333+00:00
[2023-01-27T01:28:53.640+0000] {processor.py:175} INFO - Processing /home/airflow/.local/lib/python3.7/site-packages/airflow/example_dags/example_short_circuit_operator.py took 0.265 seconds
[2023-01-27T01:29:24.299+0000] {processor.py:153} INFO - Started process (PID=271) to work on /home/airflow/.local/lib/python3.7/site-packages/airflow/example_dags/example_short_circuit_operator.py
[2023-01-27T01:29:24.301+0000] {processor.py:743} INFO - Processing file /home/airflow/.local/lib/python3.7/site-packages/airflow/example_dags/example_short_circuit_operator.py for tasks to queue
[2023-01-27T01:29:24.303+0000] {logging_mixin.py:137} INFO - [2023-01-27T01:29:24.302+0000] {dagbag.py:538} INFO - Filling up the DagBag from /home/airflow/.local/lib/python3.7/site-packages/airflow/example_dags/example_short_circuit_operator.py
[2023-01-27T01:29:24.331+0000] {processor.py:753} INFO - DAG(s) dict_keys(['example_short_circuit_operator']) retrieved from /home/airflow/.local/lib/python3.7/site-packages/airflow/example_dags/example_short_circuit_operator.py
[2023-01-27T01:29:24.382+0000] {logging_mixin.py:137} INFO - [2023-01-27T01:29:24.381+0000] {dag.py:2690} INFO - Sync 1 DAGs
[2023-01-27T01:29:24.434+0000] {logging_mixin.py:137} INFO - [2023-01-27T01:29:24.433+0000] {dag.py:3441} INFO - Setting next_dagrun for example_short_circuit_operator to 2023-01-26T01:29:24.433322+00:00, run_after=2023-01-27T01:29:24.433322+00:00
[2023-01-27T01:29:24.466+0000] {processor.py:175} INFO - Processing /home/airflow/.local/lib/python3.7/site-packages/airflow/example_dags/example_short_circuit_operator.py took 0.173 seconds
[2023-01-27T01:29:54.645+0000] {processor.py:153} INFO - Started process (PID=336) to work on /home/airflow/.local/lib/python3.7/site-packages/airflow/example_dags/example_short_circuit_operator.py
[2023-01-27T01:29:54.648+0000] {processor.py:743} INFO - Processing file /home/airflow/.local/lib/python3.7/site-packages/airflow/example_dags/example_short_circuit_operator.py for tasks to queue
[2023-01-27T01:29:54.652+0000] {logging_mixin.py:137} INFO - [2023-01-27T01:29:54.652+0000] {dagbag.py:538} INFO - Filling up the DagBag from /home/airflow/.local/lib/python3.7/site-packages/airflow/example_dags/example_short_circuit_operator.py
[2023-01-27T01:29:54.702+0000] {processor.py:753} INFO - DAG(s) dict_keys(['example_short_circuit_operator']) retrieved from /home/airflow/.local/lib/python3.7/site-packages/airflow/example_dags/example_short_circuit_operator.py
[2023-01-27T01:29:54.754+0000] {logging_mixin.py:137} INFO - [2023-01-27T01:29:54.754+0000] {dag.py:2690} INFO - Sync 1 DAGs
[2023-01-27T01:29:54.793+0000] {logging_mixin.py:137} INFO - [2023-01-27T01:29:54.793+0000] {dag.py:3441} INFO - Setting next_dagrun for example_short_circuit_operator to 2023-01-26T01:29:54.793122+00:00, run_after=2023-01-27T01:29:54.793122+00:00
[2023-01-27T01:29:54.826+0000] {processor.py:175} INFO - Processing /home/airflow/.local/lib/python3.7/site-packages/airflow/example_dags/example_short_circuit_operator.py took 0.187 seconds
[2023-01-27T01:30:26.451+0000] {processor.py:153} INFO - Started process (PID=407) to work on /home/airflow/.local/lib/python3.7/site-packages/airflow/example_dags/example_short_circuit_operator.py
[2023-01-27T01:30:26.459+0000] {processor.py:743} INFO - Processing file /home/airflow/.local/lib/python3.7/site-packages/airflow/example_dags/example_short_circuit_operator.py for tasks to queue
[2023-01-27T01:30:26.461+0000] {logging_mixin.py:137} INFO - [2023-01-27T01:30:26.461+0000] {dagbag.py:538} INFO - Filling up the DagBag from /home/airflow/.local/lib/python3.7/site-packages/airflow/example_dags/example_short_circuit_operator.py
[2023-01-27T01:30:26.533+0000] {processor.py:753} INFO - DAG(s) dict_keys(['example_short_circuit_operator']) retrieved from /home/airflow/.local/lib/python3.7/site-packages/airflow/example_dags/example_short_circuit_operator.py
[2023-01-27T01:30:26.608+0000] {logging_mixin.py:137} INFO - [2023-01-27T01:30:26.607+0000] {dag.py:2690} INFO - Sync 1 DAGs
[2023-01-27T01:30:26.702+0000] {logging_mixin.py:137} INFO - [2023-01-27T01:30:26.702+0000] {dag.py:3441} INFO - Setting next_dagrun for example_short_circuit_operator to 2023-01-26T01:30:26.701891+00:00, run_after=2023-01-27T01:30:26.701891+00:00
[2023-01-27T01:30:26.777+0000] {processor.py:175} INFO - Processing /home/airflow/.local/lib/python3.7/site-packages/airflow/example_dags/example_short_circuit_operator.py took 0.332 seconds
[2023-01-27T01:30:57.097+0000] {processor.py:153} INFO - Started process (PID=468) to work on /home/airflow/.local/lib/python3.7/site-packages/airflow/example_dags/example_short_circuit_operator.py
[2023-01-27T01:30:57.101+0000] {processor.py:743} INFO - Processing file /home/airflow/.local/lib/python3.7/site-packages/airflow/example_dags/example_short_circuit_operator.py for tasks to queue
[2023-01-27T01:30:57.104+0000] {logging_mixin.py:137} INFO - [2023-01-27T01:30:57.104+0000] {dagbag.py:538} INFO - Filling up the DagBag from /home/airflow/.local/lib/python3.7/site-packages/airflow/example_dags/example_short_circuit_operator.py
[2023-01-27T01:30:57.133+0000] {processor.py:753} INFO - DAG(s) dict_keys(['example_short_circuit_operator']) retrieved from /home/airflow/.local/lib/python3.7/site-packages/airflow/example_dags/example_short_circuit_operator.py
[2023-01-27T01:30:57.190+0000] {logging_mixin.py:137} INFO - [2023-01-27T01:30:57.190+0000] {dag.py:2690} INFO - Sync 1 DAGs
[2023-01-27T01:30:57.226+0000] {logging_mixin.py:137} INFO - [2023-01-27T01:30:57.226+0000] {dag.py:3441} INFO - Setting next_dagrun for example_short_circuit_operator to 2023-01-26T01:30:57.225822+00:00, run_after=2023-01-27T01:30:57.225822+00:00
[2023-01-27T01:30:57.259+0000] {processor.py:175} INFO - Processing /home/airflow/.local/lib/python3.7/site-packages/airflow/example_dags/example_short_circuit_operator.py took 0.172 seconds
[2023-01-27T01:31:27.517+0000] {processor.py:153} INFO - Started process (PID=534) to work on /home/airflow/.local/lib/python3.7/site-packages/airflow/example_dags/example_short_circuit_operator.py
[2023-01-27T01:31:27.520+0000] {processor.py:743} INFO - Processing file /home/airflow/.local/lib/python3.7/site-packages/airflow/example_dags/example_short_circuit_operator.py for tasks to queue
[2023-01-27T01:31:27.525+0000] {logging_mixin.py:137} INFO - [2023-01-27T01:31:27.524+0000] {dagbag.py:538} INFO - Filling up the DagBag from /home/airflow/.local/lib/python3.7/site-packages/airflow/example_dags/example_short_circuit_operator.py
[2023-01-27T01:31:27.551+0000] {processor.py:753} INFO - DAG(s) dict_keys(['example_short_circuit_operator']) retrieved from /home/airflow/.local/lib/python3.7/site-packages/airflow/example_dags/example_short_circuit_operator.py
[2023-01-27T01:31:27.643+0000] {logging_mixin.py:137} INFO - [2023-01-27T01:31:27.643+0000] {dag.py:2690} INFO - Sync 1 DAGs
[2023-01-27T01:31:27.709+0000] {logging_mixin.py:137} INFO - [2023-01-27T01:31:27.709+0000] {dag.py:3441} INFO - Setting next_dagrun for example_short_circuit_operator to 2023-01-26T01:31:27.708301+00:00, run_after=2023-01-27T01:31:27.708301+00:00
[2023-01-27T01:31:27.748+0000] {processor.py:175} INFO - Processing /home/airflow/.local/lib/python3.7/site-packages/airflow/example_dags/example_short_circuit_operator.py took 0.244 seconds
[2023-01-27T01:31:58.194+0000] {processor.py:153} INFO - Started process (PID=598) to work on /home/airflow/.local/lib/python3.7/site-packages/airflow/example_dags/example_short_circuit_operator.py
[2023-01-27T01:31:58.198+0000] {processor.py:743} INFO - Processing file /home/airflow/.local/lib/python3.7/site-packages/airflow/example_dags/example_short_circuit_operator.py for tasks to queue
[2023-01-27T01:31:58.200+0000] {logging_mixin.py:137} INFO - [2023-01-27T01:31:58.200+0000] {dagbag.py:538} INFO - Filling up the DagBag from /home/airflow/.local/lib/python3.7/site-packages/airflow/example_dags/example_short_circuit_operator.py
[2023-01-27T01:31:58.238+0000] {processor.py:753} INFO - DAG(s) dict_keys(['example_short_circuit_operator']) retrieved from /home/airflow/.local/lib/python3.7/site-packages/airflow/example_dags/example_short_circuit_operator.py
[2023-01-27T01:31:58.291+0000] {logging_mixin.py:137} INFO - [2023-01-27T01:31:58.291+0000] {dag.py:2690} INFO - Sync 1 DAGs
[2023-01-27T01:31:58.338+0000] {logging_mixin.py:137} INFO - [2023-01-27T01:31:58.338+0000] {dag.py:3441} INFO - Setting next_dagrun for example_short_circuit_operator to 2023-01-26T01:31:58.337993+00:00, run_after=2023-01-27T01:31:58.337993+00:00
[2023-01-27T01:31:58.375+0000] {processor.py:175} INFO - Processing /home/airflow/.local/lib/python3.7/site-packages/airflow/example_dags/example_short_circuit_operator.py took 0.186 seconds
[2023-01-27T01:32:29.044+0000] {processor.py:153} INFO - Started process (PID=676) to work on /home/airflow/.local/lib/python3.7/site-packages/airflow/example_dags/example_short_circuit_operator.py
[2023-01-27T01:32:29.053+0000] {processor.py:743} INFO - Processing file /home/airflow/.local/lib/python3.7/site-packages/airflow/example_dags/example_short_circuit_operator.py for tasks to queue
[2023-01-27T01:32:29.056+0000] {logging_mixin.py:137} INFO - [2023-01-27T01:32:29.056+0000] {dagbag.py:538} INFO - Filling up the DagBag from /home/airflow/.local/lib/python3.7/site-packages/airflow/example_dags/example_short_circuit_operator.py
[2023-01-27T01:32:29.088+0000] {processor.py:753} INFO - DAG(s) dict_keys(['example_short_circuit_operator']) retrieved from /home/airflow/.local/lib/python3.7/site-packages/airflow/example_dags/example_short_circuit_operator.py
[2023-01-27T01:32:29.126+0000] {logging_mixin.py:137} INFO - [2023-01-27T01:32:29.126+0000] {dag.py:2690} INFO - Sync 1 DAGs
[2023-01-27T01:32:29.184+0000] {logging_mixin.py:137} INFO - [2023-01-27T01:32:29.184+0000] {dag.py:3441} INFO - Setting next_dagrun for example_short_circuit_operator to 2023-01-26T01:32:29.183641+00:00, run_after=2023-01-27T01:32:29.183641+00:00
[2023-01-27T01:32:29.229+0000] {processor.py:175} INFO - Processing /home/airflow/.local/lib/python3.7/site-packages/airflow/example_dags/example_short_circuit_operator.py took 0.190 seconds
[2023-01-27T01:32:59.747+0000] {processor.py:153} INFO - Started process (PID=741) to work on /home/airflow/.local/lib/python3.7/site-packages/airflow/example_dags/example_short_circuit_operator.py
[2023-01-27T01:32:59.750+0000] {processor.py:743} INFO - Processing file /home/airflow/.local/lib/python3.7/site-packages/airflow/example_dags/example_short_circuit_operator.py for tasks to queue
[2023-01-27T01:32:59.753+0000] {logging_mixin.py:137} INFO - [2023-01-27T01:32:59.752+0000] {dagbag.py:538} INFO - Filling up the DagBag from /home/airflow/.local/lib/python3.7/site-packages/airflow/example_dags/example_short_circuit_operator.py
[2023-01-27T01:32:59.792+0000] {processor.py:753} INFO - DAG(s) dict_keys(['example_short_circuit_operator']) retrieved from /home/airflow/.local/lib/python3.7/site-packages/airflow/example_dags/example_short_circuit_operator.py
[2023-01-27T01:32:59.907+0000] {logging_mixin.py:137} INFO - [2023-01-27T01:32:59.906+0000] {dag.py:2690} INFO - Sync 1 DAGs
[2023-01-27T01:32:59.970+0000] {logging_mixin.py:137} INFO - [2023-01-27T01:32:59.969+0000] {dag.py:3441} INFO - Setting next_dagrun for example_short_circuit_operator to 2023-01-26T01:32:59.969239+00:00, run_after=2023-01-27T01:32:59.969239+00:00
[2023-01-27T01:33:00.022+0000] {processor.py:175} INFO - Processing /home/airflow/.local/lib/python3.7/site-packages/airflow/example_dags/example_short_circuit_operator.py took 0.281 seconds
