[2023-01-27T01:24:26.748+0000] {processor.py:153} INFO - Started process (PID=78) to work on /home/airflow/.local/lib/python3.7/site-packages/airflow/example_dags/example_complex.py
[2023-01-27T01:24:26.757+0000] {processor.py:743} INFO - Processing file /home/airflow/.local/lib/python3.7/site-packages/airflow/example_dags/example_complex.py for tasks to queue
[2023-01-27T01:24:26.764+0000] {logging_mixin.py:137} INFO - [2023-01-27T01:24:26.762+0000] {dagbag.py:538} INFO - Filling up the DagBag from /home/airflow/.local/lib/python3.7/site-packages/airflow/example_dags/example_complex.py
[2023-01-27T01:24:26.922+0000] {logging_mixin.py:137} INFO - [2023-01-27T01:24:26.902+0000] {taskmixin.py:205} WARNING - Dependency <Task(BashOperator): create_entry_group>, delete_entry_group already registered for DAG: example_complex
[2023-01-27T01:24:26.924+0000] {logging_mixin.py:137} INFO - [2023-01-27T01:24:26.923+0000] {taskmixin.py:205} WARNING - Dependency <Task(BashOperator): delete_entry_group>, create_entry_group already registered for DAG: example_complex
[2023-01-27T01:24:26.937+0000] {logging_mixin.py:137} INFO - [2023-01-27T01:24:26.933+0000] {taskmixin.py:205} WARNING - Dependency <Task(BashOperator): create_entry_gcs>, delete_entry already registered for DAG: example_complex
[2023-01-27T01:24:26.950+0000] {logging_mixin.py:137} INFO - [2023-01-27T01:24:26.947+0000] {taskmixin.py:205} WARNING - Dependency <Task(BashOperator): delete_entry>, create_entry_gcs already registered for DAG: example_complex
[2023-01-27T01:24:26.969+0000] {logging_mixin.py:137} INFO - [2023-01-27T01:24:26.966+0000] {taskmixin.py:205} WARNING - Dependency <Task(BashOperator): create_tag>, delete_tag already registered for DAG: example_complex
[2023-01-27T01:24:26.976+0000] {logging_mixin.py:137} INFO - [2023-01-27T01:24:26.974+0000] {taskmixin.py:205} WARNING - Dependency <Task(BashOperator): delete_tag>, create_tag already registered for DAG: example_complex
[2023-01-27T01:24:27.059+0000] {processor.py:753} INFO - DAG(s) dict_keys(['example_complex']) retrieved from /home/airflow/.local/lib/python3.7/site-packages/airflow/example_dags/example_complex.py
[2023-01-27T01:24:27.314+0000] {logging_mixin.py:137} INFO - [2023-01-27T01:24:27.314+0000] {dag.py:2690} INFO - Sync 1 DAGs
[2023-01-27T01:24:27.519+0000] {logging_mixin.py:137} INFO - [2023-01-27T01:24:27.519+0000] {dag.py:3441} INFO - Setting next_dagrun for example_complex to None, run_after=None
[2023-01-27T01:24:27.637+0000] {processor.py:175} INFO - Processing /home/airflow/.local/lib/python3.7/site-packages/airflow/example_dags/example_complex.py took 0.901 seconds
[2023-01-27T01:24:58.194+0000] {processor.py:153} INFO - Started process (PID=146) to work on /home/airflow/.local/lib/python3.7/site-packages/airflow/example_dags/example_complex.py
[2023-01-27T01:24:58.197+0000] {processor.py:743} INFO - Processing file /home/airflow/.local/lib/python3.7/site-packages/airflow/example_dags/example_complex.py for tasks to queue
[2023-01-27T01:24:58.200+0000] {logging_mixin.py:137} INFO - [2023-01-27T01:24:58.200+0000] {dagbag.py:538} INFO - Filling up the DagBag from /home/airflow/.local/lib/python3.7/site-packages/airflow/example_dags/example_complex.py
[2023-01-27T01:24:58.227+0000] {logging_mixin.py:137} INFO - [2023-01-27T01:24:58.226+0000] {taskmixin.py:205} WARNING - Dependency <Task(BashOperator): create_entry_group>, delete_entry_group already registered for DAG: example_complex
[2023-01-27T01:24:58.228+0000] {logging_mixin.py:137} INFO - [2023-01-27T01:24:58.228+0000] {taskmixin.py:205} WARNING - Dependency <Task(BashOperator): delete_entry_group>, create_entry_group already registered for DAG: example_complex
[2023-01-27T01:24:58.232+0000] {logging_mixin.py:137} INFO - [2023-01-27T01:24:58.232+0000] {taskmixin.py:205} WARNING - Dependency <Task(BashOperator): create_entry_gcs>, delete_entry already registered for DAG: example_complex
[2023-01-27T01:24:58.234+0000] {logging_mixin.py:137} INFO - [2023-01-27T01:24:58.233+0000] {taskmixin.py:205} WARNING - Dependency <Task(BashOperator): delete_entry>, create_entry_gcs already registered for DAG: example_complex
[2023-01-27T01:24:58.236+0000] {logging_mixin.py:137} INFO - [2023-01-27T01:24:58.236+0000] {taskmixin.py:205} WARNING - Dependency <Task(BashOperator): create_tag>, delete_tag already registered for DAG: example_complex
[2023-01-27T01:24:58.238+0000] {logging_mixin.py:137} INFO - [2023-01-27T01:24:58.237+0000] {taskmixin.py:205} WARNING - Dependency <Task(BashOperator): delete_tag>, create_tag already registered for DAG: example_complex
[2023-01-27T01:24:58.251+0000] {processor.py:753} INFO - DAG(s) dict_keys(['example_complex']) retrieved from /home/airflow/.local/lib/python3.7/site-packages/airflow/example_dags/example_complex.py
[2023-01-27T01:24:58.320+0000] {logging_mixin.py:137} INFO - [2023-01-27T01:24:58.320+0000] {dag.py:2690} INFO - Sync 1 DAGs
[2023-01-27T01:24:58.372+0000] {logging_mixin.py:137} INFO - [2023-01-27T01:24:58.371+0000] {dag.py:3441} INFO - Setting next_dagrun for example_complex to None, run_after=None
[2023-01-27T01:24:58.411+0000] {processor.py:175} INFO - Processing /home/airflow/.local/lib/python3.7/site-packages/airflow/example_dags/example_complex.py took 0.224 seconds
[2023-01-27T01:27:54.156+0000] {processor.py:153} INFO - Started process (PID=69) to work on /home/airflow/.local/lib/python3.7/site-packages/airflow/example_dags/example_complex.py
[2023-01-27T01:27:54.162+0000] {processor.py:743} INFO - Processing file /home/airflow/.local/lib/python3.7/site-packages/airflow/example_dags/example_complex.py for tasks to queue
[2023-01-27T01:27:54.166+0000] {logging_mixin.py:137} INFO - [2023-01-27T01:27:54.166+0000] {dagbag.py:538} INFO - Filling up the DagBag from /home/airflow/.local/lib/python3.7/site-packages/airflow/example_dags/example_complex.py
[2023-01-27T01:27:54.206+0000] {logging_mixin.py:137} INFO - [2023-01-27T01:27:54.206+0000] {taskmixin.py:205} WARNING - Dependency <Task(BashOperator): create_entry_group>, delete_entry_group already registered for DAG: example_complex
[2023-01-27T01:27:54.208+0000] {logging_mixin.py:137} INFO - [2023-01-27T01:27:54.208+0000] {taskmixin.py:205} WARNING - Dependency <Task(BashOperator): delete_entry_group>, create_entry_group already registered for DAG: example_complex
[2023-01-27T01:27:54.212+0000] {logging_mixin.py:137} INFO - [2023-01-27T01:27:54.212+0000] {taskmixin.py:205} WARNING - Dependency <Task(BashOperator): create_entry_gcs>, delete_entry already registered for DAG: example_complex
[2023-01-27T01:27:54.215+0000] {logging_mixin.py:137} INFO - [2023-01-27T01:27:54.215+0000] {taskmixin.py:205} WARNING - Dependency <Task(BashOperator): delete_entry>, create_entry_gcs already registered for DAG: example_complex
[2023-01-27T01:27:54.238+0000] {logging_mixin.py:137} INFO - [2023-01-27T01:27:54.237+0000] {taskmixin.py:205} WARNING - Dependency <Task(BashOperator): create_tag>, delete_tag already registered for DAG: example_complex
[2023-01-27T01:27:54.244+0000] {logging_mixin.py:137} INFO - [2023-01-27T01:27:54.244+0000] {taskmixin.py:205} WARNING - Dependency <Task(BashOperator): delete_tag>, create_tag already registered for DAG: example_complex
[2023-01-27T01:27:54.272+0000] {processor.py:753} INFO - DAG(s) dict_keys(['example_complex']) retrieved from /home/airflow/.local/lib/python3.7/site-packages/airflow/example_dags/example_complex.py
[2023-01-27T01:27:54.366+0000] {logging_mixin.py:137} INFO - [2023-01-27T01:27:54.365+0000] {dag.py:2690} INFO - Sync 1 DAGs
[2023-01-27T01:27:54.424+0000] {logging_mixin.py:137} INFO - [2023-01-27T01:27:54.424+0000] {dag.py:3441} INFO - Setting next_dagrun for example_complex to None, run_after=None
[2023-01-27T01:27:54.469+0000] {processor.py:175} INFO - Processing /home/airflow/.local/lib/python3.7/site-packages/airflow/example_dags/example_complex.py took 0.318 seconds
[2023-01-27T01:28:24.512+0000] {processor.py:153} INFO - Started process (PID=134) to work on /home/airflow/.local/lib/python3.7/site-packages/airflow/example_dags/example_complex.py
[2023-01-27T01:28:24.514+0000] {processor.py:743} INFO - Processing file /home/airflow/.local/lib/python3.7/site-packages/airflow/example_dags/example_complex.py for tasks to queue
[2023-01-27T01:28:24.517+0000] {logging_mixin.py:137} INFO - [2023-01-27T01:28:24.516+0000] {dagbag.py:538} INFO - Filling up the DagBag from /home/airflow/.local/lib/python3.7/site-packages/airflow/example_dags/example_complex.py
[2023-01-27T01:28:24.536+0000] {logging_mixin.py:137} INFO - [2023-01-27T01:28:24.535+0000] {taskmixin.py:205} WARNING - Dependency <Task(BashOperator): create_entry_group>, delete_entry_group already registered for DAG: example_complex
[2023-01-27T01:28:24.537+0000] {logging_mixin.py:137} INFO - [2023-01-27T01:28:24.537+0000] {taskmixin.py:205} WARNING - Dependency <Task(BashOperator): delete_entry_group>, create_entry_group already registered for DAG: example_complex
[2023-01-27T01:28:24.539+0000] {logging_mixin.py:137} INFO - [2023-01-27T01:28:24.539+0000] {taskmixin.py:205} WARNING - Dependency <Task(BashOperator): create_entry_gcs>, delete_entry already registered for DAG: example_complex
[2023-01-27T01:28:24.540+0000] {logging_mixin.py:137} INFO - [2023-01-27T01:28:24.540+0000] {taskmixin.py:205} WARNING - Dependency <Task(BashOperator): delete_entry>, create_entry_gcs already registered for DAG: example_complex
[2023-01-27T01:28:24.542+0000] {logging_mixin.py:137} INFO - [2023-01-27T01:28:24.542+0000] {taskmixin.py:205} WARNING - Dependency <Task(BashOperator): create_tag>, delete_tag already registered for DAG: example_complex
[2023-01-27T01:28:24.544+0000] {logging_mixin.py:137} INFO - [2023-01-27T01:28:24.543+0000] {taskmixin.py:205} WARNING - Dependency <Task(BashOperator): delete_tag>, create_tag already registered for DAG: example_complex
[2023-01-27T01:28:24.555+0000] {processor.py:753} INFO - DAG(s) dict_keys(['example_complex']) retrieved from /home/airflow/.local/lib/python3.7/site-packages/airflow/example_dags/example_complex.py
[2023-01-27T01:28:24.604+0000] {logging_mixin.py:137} INFO - [2023-01-27T01:28:24.603+0000] {dag.py:2690} INFO - Sync 1 DAGs
[2023-01-27T01:28:24.641+0000] {logging_mixin.py:137} INFO - [2023-01-27T01:28:24.640+0000] {dag.py:3441} INFO - Setting next_dagrun for example_complex to None, run_after=None
[2023-01-27T01:28:24.667+0000] {processor.py:175} INFO - Processing /home/airflow/.local/lib/python3.7/site-packages/airflow/example_dags/example_complex.py took 0.159 seconds
[2023-01-27T01:28:55.042+0000] {processor.py:153} INFO - Started process (PID=210) to work on /home/airflow/.local/lib/python3.7/site-packages/airflow/example_dags/example_complex.py
[2023-01-27T01:28:55.046+0000] {processor.py:743} INFO - Processing file /home/airflow/.local/lib/python3.7/site-packages/airflow/example_dags/example_complex.py for tasks to queue
[2023-01-27T01:28:55.049+0000] {logging_mixin.py:137} INFO - [2023-01-27T01:28:55.048+0000] {dagbag.py:538} INFO - Filling up the DagBag from /home/airflow/.local/lib/python3.7/site-packages/airflow/example_dags/example_complex.py
[2023-01-27T01:28:55.077+0000] {logging_mixin.py:137} INFO - [2023-01-27T01:28:55.076+0000] {taskmixin.py:205} WARNING - Dependency <Task(BashOperator): create_entry_group>, delete_entry_group already registered for DAG: example_complex
[2023-01-27T01:28:55.081+0000] {logging_mixin.py:137} INFO - [2023-01-27T01:28:55.080+0000] {taskmixin.py:205} WARNING - Dependency <Task(BashOperator): delete_entry_group>, create_entry_group already registered for DAG: example_complex
[2023-01-27T01:28:55.083+0000] {logging_mixin.py:137} INFO - [2023-01-27T01:28:55.083+0000] {taskmixin.py:205} WARNING - Dependency <Task(BashOperator): create_entry_gcs>, delete_entry already registered for DAG: example_complex
[2023-01-27T01:28:55.085+0000] {logging_mixin.py:137} INFO - [2023-01-27T01:28:55.085+0000] {taskmixin.py:205} WARNING - Dependency <Task(BashOperator): delete_entry>, create_entry_gcs already registered for DAG: example_complex
[2023-01-27T01:28:55.090+0000] {logging_mixin.py:137} INFO - [2023-01-27T01:28:55.089+0000] {taskmixin.py:205} WARNING - Dependency <Task(BashOperator): create_tag>, delete_tag already registered for DAG: example_complex
[2023-01-27T01:28:55.094+0000] {logging_mixin.py:137} INFO - [2023-01-27T01:28:55.093+0000] {taskmixin.py:205} WARNING - Dependency <Task(BashOperator): delete_tag>, create_tag already registered for DAG: example_complex
[2023-01-27T01:28:55.119+0000] {processor.py:753} INFO - DAG(s) dict_keys(['example_complex']) retrieved from /home/airflow/.local/lib/python3.7/site-packages/airflow/example_dags/example_complex.py
[2023-01-27T01:28:55.266+0000] {logging_mixin.py:137} INFO - [2023-01-27T01:28:55.266+0000] {dag.py:2690} INFO - Sync 1 DAGs
[2023-01-27T01:28:55.372+0000] {logging_mixin.py:137} INFO - [2023-01-27T01:28:55.372+0000] {dag.py:3441} INFO - Setting next_dagrun for example_complex to None, run_after=None
[2023-01-27T01:28:55.426+0000] {processor.py:175} INFO - Processing /home/airflow/.local/lib/python3.7/site-packages/airflow/example_dags/example_complex.py took 0.393 seconds
[2023-01-27T01:29:25.734+0000] {processor.py:153} INFO - Started process (PID=275) to work on /home/airflow/.local/lib/python3.7/site-packages/airflow/example_dags/example_complex.py
[2023-01-27T01:29:25.736+0000] {processor.py:743} INFO - Processing file /home/airflow/.local/lib/python3.7/site-packages/airflow/example_dags/example_complex.py for tasks to queue
[2023-01-27T01:29:25.738+0000] {logging_mixin.py:137} INFO - [2023-01-27T01:29:25.737+0000] {dagbag.py:538} INFO - Filling up the DagBag from /home/airflow/.local/lib/python3.7/site-packages/airflow/example_dags/example_complex.py
[2023-01-27T01:29:25.752+0000] {logging_mixin.py:137} INFO - [2023-01-27T01:29:25.751+0000] {taskmixin.py:205} WARNING - Dependency <Task(BashOperator): create_entry_group>, delete_entry_group already registered for DAG: example_complex
[2023-01-27T01:29:25.753+0000] {logging_mixin.py:137} INFO - [2023-01-27T01:29:25.753+0000] {taskmixin.py:205} WARNING - Dependency <Task(BashOperator): delete_entry_group>, create_entry_group already registered for DAG: example_complex
[2023-01-27T01:29:25.754+0000] {logging_mixin.py:137} INFO - [2023-01-27T01:29:25.754+0000] {taskmixin.py:205} WARNING - Dependency <Task(BashOperator): create_entry_gcs>, delete_entry already registered for DAG: example_complex
[2023-01-27T01:29:25.755+0000] {logging_mixin.py:137} INFO - [2023-01-27T01:29:25.754+0000] {taskmixin.py:205} WARNING - Dependency <Task(BashOperator): delete_entry>, create_entry_gcs already registered for DAG: example_complex
[2023-01-27T01:29:25.755+0000] {logging_mixin.py:137} INFO - [2023-01-27T01:29:25.755+0000] {taskmixin.py:205} WARNING - Dependency <Task(BashOperator): create_tag>, delete_tag already registered for DAG: example_complex
[2023-01-27T01:29:25.756+0000] {logging_mixin.py:137} INFO - [2023-01-27T01:29:25.756+0000] {taskmixin.py:205} WARNING - Dependency <Task(BashOperator): delete_tag>, create_tag already registered for DAG: example_complex
[2023-01-27T01:29:25.766+0000] {processor.py:753} INFO - DAG(s) dict_keys(['example_complex']) retrieved from /home/airflow/.local/lib/python3.7/site-packages/airflow/example_dags/example_complex.py
[2023-01-27T01:29:25.814+0000] {logging_mixin.py:137} INFO - [2023-01-27T01:29:25.814+0000] {dag.py:2690} INFO - Sync 1 DAGs
[2023-01-27T01:29:25.877+0000] {logging_mixin.py:137} INFO - [2023-01-27T01:29:25.876+0000] {dag.py:3441} INFO - Setting next_dagrun for example_complex to None, run_after=None
[2023-01-27T01:29:25.924+0000] {processor.py:175} INFO - Processing /home/airflow/.local/lib/python3.7/site-packages/airflow/example_dags/example_complex.py took 0.194 seconds
[2023-01-27T01:29:55.989+0000] {processor.py:153} INFO - Started process (PID=340) to work on /home/airflow/.local/lib/python3.7/site-packages/airflow/example_dags/example_complex.py
[2023-01-27T01:29:55.993+0000] {processor.py:743} INFO - Processing file /home/airflow/.local/lib/python3.7/site-packages/airflow/example_dags/example_complex.py for tasks to queue
[2023-01-27T01:29:55.997+0000] {logging_mixin.py:137} INFO - [2023-01-27T01:29:55.996+0000] {dagbag.py:538} INFO - Filling up the DagBag from /home/airflow/.local/lib/python3.7/site-packages/airflow/example_dags/example_complex.py
[2023-01-27T01:29:56.021+0000] {logging_mixin.py:137} INFO - [2023-01-27T01:29:56.021+0000] {taskmixin.py:205} WARNING - Dependency <Task(BashOperator): create_entry_group>, delete_entry_group already registered for DAG: example_complex
[2023-01-27T01:29:56.023+0000] {logging_mixin.py:137} INFO - [2023-01-27T01:29:56.023+0000] {taskmixin.py:205} WARNING - Dependency <Task(BashOperator): delete_entry_group>, create_entry_group already registered for DAG: example_complex
[2023-01-27T01:29:56.028+0000] {logging_mixin.py:137} INFO - [2023-01-27T01:29:56.027+0000] {taskmixin.py:205} WARNING - Dependency <Task(BashOperator): create_entry_gcs>, delete_entry already registered for DAG: example_complex
[2023-01-27T01:29:56.032+0000] {logging_mixin.py:137} INFO - [2023-01-27T01:29:56.031+0000] {taskmixin.py:205} WARNING - Dependency <Task(BashOperator): delete_entry>, create_entry_gcs already registered for DAG: example_complex
[2023-01-27T01:29:56.039+0000] {logging_mixin.py:137} INFO - [2023-01-27T01:29:56.039+0000] {taskmixin.py:205} WARNING - Dependency <Task(BashOperator): create_tag>, delete_tag already registered for DAG: example_complex
[2023-01-27T01:29:56.043+0000] {logging_mixin.py:137} INFO - [2023-01-27T01:29:56.043+0000] {taskmixin.py:205} WARNING - Dependency <Task(BashOperator): delete_tag>, create_tag already registered for DAG: example_complex
[2023-01-27T01:29:56.063+0000] {processor.py:753} INFO - DAG(s) dict_keys(['example_complex']) retrieved from /home/airflow/.local/lib/python3.7/site-packages/airflow/example_dags/example_complex.py
[2023-01-27T01:29:56.125+0000] {logging_mixin.py:137} INFO - [2023-01-27T01:29:56.125+0000] {dag.py:2690} INFO - Sync 1 DAGs
[2023-01-27T01:29:56.172+0000] {logging_mixin.py:137} INFO - [2023-01-27T01:29:56.172+0000] {dag.py:3441} INFO - Setting next_dagrun for example_complex to None, run_after=None
[2023-01-27T01:29:56.255+0000] {processor.py:175} INFO - Processing /home/airflow/.local/lib/python3.7/site-packages/airflow/example_dags/example_complex.py took 0.270 seconds
[2023-01-27T01:30:27.390+0000] {processor.py:153} INFO - Started process (PID=413) to work on /home/airflow/.local/lib/python3.7/site-packages/airflow/example_dags/example_complex.py
[2023-01-27T01:30:27.397+0000] {processor.py:743} INFO - Processing file /home/airflow/.local/lib/python3.7/site-packages/airflow/example_dags/example_complex.py for tasks to queue
[2023-01-27T01:30:27.402+0000] {logging_mixin.py:137} INFO - [2023-01-27T01:30:27.402+0000] {dagbag.py:538} INFO - Filling up the DagBag from /home/airflow/.local/lib/python3.7/site-packages/airflow/example_dags/example_complex.py
[2023-01-27T01:30:27.428+0000] {logging_mixin.py:137} INFO - [2023-01-27T01:30:27.428+0000] {taskmixin.py:205} WARNING - Dependency <Task(BashOperator): create_entry_group>, delete_entry_group already registered for DAG: example_complex
[2023-01-27T01:30:27.430+0000] {logging_mixin.py:137} INFO - [2023-01-27T01:30:27.430+0000] {taskmixin.py:205} WARNING - Dependency <Task(BashOperator): delete_entry_group>, create_entry_group already registered for DAG: example_complex
[2023-01-27T01:30:27.432+0000] {logging_mixin.py:137} INFO - [2023-01-27T01:30:27.431+0000] {taskmixin.py:205} WARNING - Dependency <Task(BashOperator): create_entry_gcs>, delete_entry already registered for DAG: example_complex
[2023-01-27T01:30:27.434+0000] {logging_mixin.py:137} INFO - [2023-01-27T01:30:27.433+0000] {taskmixin.py:205} WARNING - Dependency <Task(BashOperator): delete_entry>, create_entry_gcs already registered for DAG: example_complex
[2023-01-27T01:30:27.438+0000] {logging_mixin.py:137} INFO - [2023-01-27T01:30:27.437+0000] {taskmixin.py:205} WARNING - Dependency <Task(BashOperator): create_tag>, delete_tag already registered for DAG: example_complex
[2023-01-27T01:30:27.440+0000] {logging_mixin.py:137} INFO - [2023-01-27T01:30:27.439+0000] {taskmixin.py:205} WARNING - Dependency <Task(BashOperator): delete_tag>, create_tag already registered for DAG: example_complex
[2023-01-27T01:30:27.457+0000] {processor.py:753} INFO - DAG(s) dict_keys(['example_complex']) retrieved from /home/airflow/.local/lib/python3.7/site-packages/airflow/example_dags/example_complex.py
[2023-01-27T01:30:27.564+0000] {logging_mixin.py:137} INFO - [2023-01-27T01:30:27.563+0000] {dag.py:2690} INFO - Sync 1 DAGs
[2023-01-27T01:30:27.641+0000] {logging_mixin.py:137} INFO - [2023-01-27T01:30:27.640+0000] {dag.py:3441} INFO - Setting next_dagrun for example_complex to None, run_after=None
[2023-01-27T01:30:27.763+0000] {processor.py:175} INFO - Processing /home/airflow/.local/lib/python3.7/site-packages/airflow/example_dags/example_complex.py took 0.379 seconds
[2023-01-27T01:30:58.527+0000] {processor.py:153} INFO - Started process (PID=472) to work on /home/airflow/.local/lib/python3.7/site-packages/airflow/example_dags/example_complex.py
[2023-01-27T01:30:58.530+0000] {processor.py:743} INFO - Processing file /home/airflow/.local/lib/python3.7/site-packages/airflow/example_dags/example_complex.py for tasks to queue
[2023-01-27T01:30:58.534+0000] {logging_mixin.py:137} INFO - [2023-01-27T01:30:58.534+0000] {dagbag.py:538} INFO - Filling up the DagBag from /home/airflow/.local/lib/python3.7/site-packages/airflow/example_dags/example_complex.py
[2023-01-27T01:30:58.554+0000] {logging_mixin.py:137} INFO - [2023-01-27T01:30:58.554+0000] {taskmixin.py:205} WARNING - Dependency <Task(BashOperator): create_entry_group>, delete_entry_group already registered for DAG: example_complex
[2023-01-27T01:30:58.555+0000] {logging_mixin.py:137} INFO - [2023-01-27T01:30:58.555+0000] {taskmixin.py:205} WARNING - Dependency <Task(BashOperator): delete_entry_group>, create_entry_group already registered for DAG: example_complex
[2023-01-27T01:30:58.557+0000] {logging_mixin.py:137} INFO - [2023-01-27T01:30:58.557+0000] {taskmixin.py:205} WARNING - Dependency <Task(BashOperator): create_entry_gcs>, delete_entry already registered for DAG: example_complex
[2023-01-27T01:30:58.558+0000] {logging_mixin.py:137} INFO - [2023-01-27T01:30:58.557+0000] {taskmixin.py:205} WARNING - Dependency <Task(BashOperator): delete_entry>, create_entry_gcs already registered for DAG: example_complex
[2023-01-27T01:30:58.559+0000] {logging_mixin.py:137} INFO - [2023-01-27T01:30:58.559+0000] {taskmixin.py:205} WARNING - Dependency <Task(BashOperator): create_tag>, delete_tag already registered for DAG: example_complex
[2023-01-27T01:30:58.560+0000] {logging_mixin.py:137} INFO - [2023-01-27T01:30:58.559+0000] {taskmixin.py:205} WARNING - Dependency <Task(BashOperator): delete_tag>, create_tag already registered for DAG: example_complex
[2023-01-27T01:30:58.568+0000] {processor.py:753} INFO - DAG(s) dict_keys(['example_complex']) retrieved from /home/airflow/.local/lib/python3.7/site-packages/airflow/example_dags/example_complex.py
[2023-01-27T01:30:58.606+0000] {logging_mixin.py:137} INFO - [2023-01-27T01:30:58.606+0000] {dag.py:2690} INFO - Sync 1 DAGs
[2023-01-27T01:30:58.654+0000] {logging_mixin.py:137} INFO - [2023-01-27T01:30:58.653+0000] {dag.py:3441} INFO - Setting next_dagrun for example_complex to None, run_after=None
[2023-01-27T01:30:58.683+0000] {processor.py:175} INFO - Processing /home/airflow/.local/lib/python3.7/site-packages/airflow/example_dags/example_complex.py took 0.162 seconds
[2023-01-27T01:31:29.035+0000] {processor.py:153} INFO - Started process (PID=538) to work on /home/airflow/.local/lib/python3.7/site-packages/airflow/example_dags/example_complex.py
[2023-01-27T01:31:29.038+0000] {processor.py:743} INFO - Processing file /home/airflow/.local/lib/python3.7/site-packages/airflow/example_dags/example_complex.py for tasks to queue
[2023-01-27T01:31:29.040+0000] {logging_mixin.py:137} INFO - [2023-01-27T01:31:29.040+0000] {dagbag.py:538} INFO - Filling up the DagBag from /home/airflow/.local/lib/python3.7/site-packages/airflow/example_dags/example_complex.py
[2023-01-27T01:31:29.061+0000] {logging_mixin.py:137} INFO - [2023-01-27T01:31:29.060+0000] {taskmixin.py:205} WARNING - Dependency <Task(BashOperator): create_entry_group>, delete_entry_group already registered for DAG: example_complex
[2023-01-27T01:31:29.063+0000] {logging_mixin.py:137} INFO - [2023-01-27T01:31:29.063+0000] {taskmixin.py:205} WARNING - Dependency <Task(BashOperator): delete_entry_group>, create_entry_group already registered for DAG: example_complex
[2023-01-27T01:31:29.065+0000] {logging_mixin.py:137} INFO - [2023-01-27T01:31:29.065+0000] {taskmixin.py:205} WARNING - Dependency <Task(BashOperator): create_entry_gcs>, delete_entry already registered for DAG: example_complex
[2023-01-27T01:31:29.066+0000] {logging_mixin.py:137} INFO - [2023-01-27T01:31:29.066+0000] {taskmixin.py:205} WARNING - Dependency <Task(BashOperator): delete_entry>, create_entry_gcs already registered for DAG: example_complex
[2023-01-27T01:31:29.068+0000] {logging_mixin.py:137} INFO - [2023-01-27T01:31:29.068+0000] {taskmixin.py:205} WARNING - Dependency <Task(BashOperator): create_tag>, delete_tag already registered for DAG: example_complex
[2023-01-27T01:31:29.069+0000] {logging_mixin.py:137} INFO - [2023-01-27T01:31:29.069+0000] {taskmixin.py:205} WARNING - Dependency <Task(BashOperator): delete_tag>, create_tag already registered for DAG: example_complex
[2023-01-27T01:31:29.084+0000] {processor.py:753} INFO - DAG(s) dict_keys(['example_complex']) retrieved from /home/airflow/.local/lib/python3.7/site-packages/airflow/example_dags/example_complex.py
[2023-01-27T01:31:29.159+0000] {logging_mixin.py:137} INFO - [2023-01-27T01:31:29.159+0000] {dag.py:2690} INFO - Sync 1 DAGs
[2023-01-27T01:31:29.210+0000] {logging_mixin.py:137} INFO - [2023-01-27T01:31:29.210+0000] {dag.py:3441} INFO - Setting next_dagrun for example_complex to None, run_after=None
[2023-01-27T01:31:29.250+0000] {processor.py:175} INFO - Processing /home/airflow/.local/lib/python3.7/site-packages/airflow/example_dags/example_complex.py took 0.221 seconds
[2023-01-27T01:31:59.625+0000] {processor.py:153} INFO - Started process (PID=611) to work on /home/airflow/.local/lib/python3.7/site-packages/airflow/example_dags/example_complex.py
[2023-01-27T01:31:59.630+0000] {processor.py:743} INFO - Processing file /home/airflow/.local/lib/python3.7/site-packages/airflow/example_dags/example_complex.py for tasks to queue
[2023-01-27T01:31:59.633+0000] {logging_mixin.py:137} INFO - [2023-01-27T01:31:59.633+0000] {dagbag.py:538} INFO - Filling up the DagBag from /home/airflow/.local/lib/python3.7/site-packages/airflow/example_dags/example_complex.py
[2023-01-27T01:31:59.659+0000] {logging_mixin.py:137} INFO - [2023-01-27T01:31:59.658+0000] {taskmixin.py:205} WARNING - Dependency <Task(BashOperator): create_entry_group>, delete_entry_group already registered for DAG: example_complex
[2023-01-27T01:31:59.661+0000] {logging_mixin.py:137} INFO - [2023-01-27T01:31:59.660+0000] {taskmixin.py:205} WARNING - Dependency <Task(BashOperator): delete_entry_group>, create_entry_group already registered for DAG: example_complex
[2023-01-27T01:31:59.664+0000] {logging_mixin.py:137} INFO - [2023-01-27T01:31:59.663+0000] {taskmixin.py:205} WARNING - Dependency <Task(BashOperator): create_entry_gcs>, delete_entry already registered for DAG: example_complex
[2023-01-27T01:31:59.665+0000] {logging_mixin.py:137} INFO - [2023-01-27T01:31:59.665+0000] {taskmixin.py:205} WARNING - Dependency <Task(BashOperator): delete_entry>, create_entry_gcs already registered for DAG: example_complex
[2023-01-27T01:31:59.667+0000] {logging_mixin.py:137} INFO - [2023-01-27T01:31:59.667+0000] {taskmixin.py:205} WARNING - Dependency <Task(BashOperator): create_tag>, delete_tag already registered for DAG: example_complex
[2023-01-27T01:31:59.669+0000] {logging_mixin.py:137} INFO - [2023-01-27T01:31:59.669+0000] {taskmixin.py:205} WARNING - Dependency <Task(BashOperator): delete_tag>, create_tag already registered for DAG: example_complex
[2023-01-27T01:31:59.683+0000] {processor.py:753} INFO - DAG(s) dict_keys(['example_complex']) retrieved from /home/airflow/.local/lib/python3.7/site-packages/airflow/example_dags/example_complex.py
[2023-01-27T01:31:59.740+0000] {logging_mixin.py:137} INFO - [2023-01-27T01:31:59.739+0000] {dag.py:2690} INFO - Sync 1 DAGs
[2023-01-27T01:31:59.784+0000] {logging_mixin.py:137} INFO - [2023-01-27T01:31:59.783+0000] {dag.py:3441} INFO - Setting next_dagrun for example_complex to None, run_after=None
[2023-01-27T01:31:59.841+0000] {processor.py:175} INFO - Processing /home/airflow/.local/lib/python3.7/site-packages/airflow/example_dags/example_complex.py took 0.230 seconds
[2023-01-27T01:32:30.373+0000] {processor.py:153} INFO - Started process (PID=680) to work on /home/airflow/.local/lib/python3.7/site-packages/airflow/example_dags/example_complex.py
[2023-01-27T01:32:30.376+0000] {processor.py:743} INFO - Processing file /home/airflow/.local/lib/python3.7/site-packages/airflow/example_dags/example_complex.py for tasks to queue
[2023-01-27T01:32:30.379+0000] {logging_mixin.py:137} INFO - [2023-01-27T01:32:30.379+0000] {dagbag.py:538} INFO - Filling up the DagBag from /home/airflow/.local/lib/python3.7/site-packages/airflow/example_dags/example_complex.py
[2023-01-27T01:32:30.395+0000] {logging_mixin.py:137} INFO - [2023-01-27T01:32:30.395+0000] {taskmixin.py:205} WARNING - Dependency <Task(BashOperator): create_entry_group>, delete_entry_group already registered for DAG: example_complex
[2023-01-27T01:32:30.396+0000] {logging_mixin.py:137} INFO - [2023-01-27T01:32:30.396+0000] {taskmixin.py:205} WARNING - Dependency <Task(BashOperator): delete_entry_group>, create_entry_group already registered for DAG: example_complex
[2023-01-27T01:32:30.398+0000] {logging_mixin.py:137} INFO - [2023-01-27T01:32:30.398+0000] {taskmixin.py:205} WARNING - Dependency <Task(BashOperator): create_entry_gcs>, delete_entry already registered for DAG: example_complex
[2023-01-27T01:32:30.399+0000] {logging_mixin.py:137} INFO - [2023-01-27T01:32:30.399+0000] {taskmixin.py:205} WARNING - Dependency <Task(BashOperator): delete_entry>, create_entry_gcs already registered for DAG: example_complex
[2023-01-27T01:32:30.401+0000] {logging_mixin.py:137} INFO - [2023-01-27T01:32:30.400+0000] {taskmixin.py:205} WARNING - Dependency <Task(BashOperator): create_tag>, delete_tag already registered for DAG: example_complex
[2023-01-27T01:32:30.402+0000] {logging_mixin.py:137} INFO - [2023-01-27T01:32:30.402+0000] {taskmixin.py:205} WARNING - Dependency <Task(BashOperator): delete_tag>, create_tag already registered for DAG: example_complex
[2023-01-27T01:32:30.416+0000] {processor.py:753} INFO - DAG(s) dict_keys(['example_complex']) retrieved from /home/airflow/.local/lib/python3.7/site-packages/airflow/example_dags/example_complex.py
[2023-01-27T01:32:30.470+0000] {logging_mixin.py:137} INFO - [2023-01-27T01:32:30.470+0000] {dag.py:2690} INFO - Sync 1 DAGs
[2023-01-27T01:32:30.512+0000] {logging_mixin.py:137} INFO - [2023-01-27T01:32:30.512+0000] {dag.py:3441} INFO - Setting next_dagrun for example_complex to None, run_after=None
[2023-01-27T01:32:30.544+0000] {processor.py:175} INFO - Processing /home/airflow/.local/lib/python3.7/site-packages/airflow/example_dags/example_complex.py took 0.176 seconds
