[2023-01-27T01:24:17.559+0000] {processor.py:153} INFO - Started process (PID=47) to work on /home/airflow/.local/lib/python3.7/site-packages/airflow/example_dags/tutorial.py
[2023-01-27T01:24:17.562+0000] {processor.py:743} INFO - Processing file /home/airflow/.local/lib/python3.7/site-packages/airflow/example_dags/tutorial.py for tasks to queue
[2023-01-27T01:24:17.565+0000] {logging_mixin.py:137} INFO - [2023-01-27T01:24:17.564+0000] {dagbag.py:538} INFO - Filling up the DagBag from /home/airflow/.local/lib/python3.7/site-packages/airflow/example_dags/tutorial.py
[2023-01-27T01:24:17.610+0000] {processor.py:753} INFO - DAG(s) dict_keys(['tutorial']) retrieved from /home/airflow/.local/lib/python3.7/site-packages/airflow/example_dags/tutorial.py
[2023-01-27T01:24:17.684+0000] {logging_mixin.py:137} INFO - [2023-01-27T01:24:17.684+0000] {dag.py:2690} INFO - Sync 1 DAGs
[2023-01-27T01:24:17.747+0000] {logging_mixin.py:137} INFO - [2023-01-27T01:24:17.747+0000] {dag.py:3441} INFO - Setting next_dagrun for tutorial to 2023-01-26T01:24:17.746634+00:00, run_after=2023-01-27T01:24:17.746634+00:00
[2023-01-27T01:24:17.799+0000] {processor.py:175} INFO - Processing /home/airflow/.local/lib/python3.7/site-packages/airflow/example_dags/tutorial.py took 0.245 seconds
[2023-01-27T01:24:48.044+0000] {processor.py:153} INFO - Started process (PID=113) to work on /home/airflow/.local/lib/python3.7/site-packages/airflow/example_dags/tutorial.py
[2023-01-27T01:24:48.048+0000] {processor.py:743} INFO - Processing file /home/airflow/.local/lib/python3.7/site-packages/airflow/example_dags/tutorial.py for tasks to queue
[2023-01-27T01:24:48.052+0000] {logging_mixin.py:137} INFO - [2023-01-27T01:24:48.051+0000] {dagbag.py:538} INFO - Filling up the DagBag from /home/airflow/.local/lib/python3.7/site-packages/airflow/example_dags/tutorial.py
[2023-01-27T01:24:48.084+0000] {processor.py:753} INFO - DAG(s) dict_keys(['tutorial']) retrieved from /home/airflow/.local/lib/python3.7/site-packages/airflow/example_dags/tutorial.py
[2023-01-27T01:24:48.144+0000] {logging_mixin.py:137} INFO - [2023-01-27T01:24:48.143+0000] {dag.py:2690} INFO - Sync 1 DAGs
[2023-01-27T01:24:48.194+0000] {logging_mixin.py:137} INFO - [2023-01-27T01:24:48.194+0000] {dag.py:3441} INFO - Setting next_dagrun for tutorial to 2023-01-26T01:24:48.194343+00:00, run_after=2023-01-27T01:24:48.194343+00:00
[2023-01-27T01:24:48.226+0000] {processor.py:175} INFO - Processing /home/airflow/.local/lib/python3.7/site-packages/airflow/example_dags/tutorial.py took 0.193 seconds
[2023-01-27T01:27:47.125+0000] {processor.py:153} INFO - Started process (PID=48) to work on /home/airflow/.local/lib/python3.7/site-packages/airflow/example_dags/tutorial.py
[2023-01-27T01:27:47.131+0000] {processor.py:743} INFO - Processing file /home/airflow/.local/lib/python3.7/site-packages/airflow/example_dags/tutorial.py for tasks to queue
[2023-01-27T01:27:47.135+0000] {logging_mixin.py:137} INFO - [2023-01-27T01:27:47.135+0000] {dagbag.py:538} INFO - Filling up the DagBag from /home/airflow/.local/lib/python3.7/site-packages/airflow/example_dags/tutorial.py
[2023-01-27T01:27:47.186+0000] {processor.py:753} INFO - DAG(s) dict_keys(['tutorial']) retrieved from /home/airflow/.local/lib/python3.7/site-packages/airflow/example_dags/tutorial.py
[2023-01-27T01:27:47.254+0000] {logging_mixin.py:137} INFO - [2023-01-27T01:27:47.253+0000] {dag.py:2690} INFO - Sync 1 DAGs
[2023-01-27T01:27:47.319+0000] {logging_mixin.py:137} INFO - [2023-01-27T01:27:47.319+0000] {dag.py:3441} INFO - Setting next_dagrun for tutorial to 2023-01-26T01:27:47.319004+00:00, run_after=2023-01-27T01:27:47.319004+00:00
[2023-01-27T01:27:47.371+0000] {processor.py:175} INFO - Processing /home/airflow/.local/lib/python3.7/site-packages/airflow/example_dags/tutorial.py took 0.266 seconds
[2023-01-27T01:28:17.644+0000] {processor.py:153} INFO - Started process (PID=111) to work on /home/airflow/.local/lib/python3.7/site-packages/airflow/example_dags/tutorial.py
[2023-01-27T01:28:17.648+0000] {processor.py:743} INFO - Processing file /home/airflow/.local/lib/python3.7/site-packages/airflow/example_dags/tutorial.py for tasks to queue
[2023-01-27T01:28:17.650+0000] {logging_mixin.py:137} INFO - [2023-01-27T01:28:17.650+0000] {dagbag.py:538} INFO - Filling up the DagBag from /home/airflow/.local/lib/python3.7/site-packages/airflow/example_dags/tutorial.py
[2023-01-27T01:28:17.682+0000] {processor.py:753} INFO - DAG(s) dict_keys(['tutorial']) retrieved from /home/airflow/.local/lib/python3.7/site-packages/airflow/example_dags/tutorial.py
[2023-01-27T01:28:17.740+0000] {logging_mixin.py:137} INFO - [2023-01-27T01:28:17.740+0000] {dag.py:2690} INFO - Sync 1 DAGs
[2023-01-27T01:28:17.779+0000] {logging_mixin.py:137} INFO - [2023-01-27T01:28:17.779+0000] {dag.py:3441} INFO - Setting next_dagrun for tutorial to 2023-01-26T01:28:17.779032+00:00, run_after=2023-01-27T01:28:17.779032+00:00
[2023-01-27T01:28:17.818+0000] {processor.py:175} INFO - Processing /home/airflow/.local/lib/python3.7/site-packages/airflow/example_dags/tutorial.py took 0.181 seconds
[2023-01-27T01:28:48.121+0000] {processor.py:153} INFO - Started process (PID=176) to work on /home/airflow/.local/lib/python3.7/site-packages/airflow/example_dags/tutorial.py
[2023-01-27T01:28:48.124+0000] {processor.py:743} INFO - Processing file /home/airflow/.local/lib/python3.7/site-packages/airflow/example_dags/tutorial.py for tasks to queue
[2023-01-27T01:28:48.127+0000] {logging_mixin.py:137} INFO - [2023-01-27T01:28:48.126+0000] {dagbag.py:538} INFO - Filling up the DagBag from /home/airflow/.local/lib/python3.7/site-packages/airflow/example_dags/tutorial.py
[2023-01-27T01:28:48.149+0000] {processor.py:753} INFO - DAG(s) dict_keys(['tutorial']) retrieved from /home/airflow/.local/lib/python3.7/site-packages/airflow/example_dags/tutorial.py
[2023-01-27T01:28:48.191+0000] {logging_mixin.py:137} INFO - [2023-01-27T01:28:48.190+0000] {dag.py:2690} INFO - Sync 1 DAGs
[2023-01-27T01:28:48.227+0000] {logging_mixin.py:137} INFO - [2023-01-27T01:28:48.226+0000] {dag.py:3441} INFO - Setting next_dagrun for tutorial to 2023-01-26T01:28:48.225909+00:00, run_after=2023-01-27T01:28:48.225909+00:00
[2023-01-27T01:28:48.260+0000] {processor.py:175} INFO - Processing /home/airflow/.local/lib/python3.7/site-packages/airflow/example_dags/tutorial.py took 0.144 seconds
[2023-01-27T01:29:18.446+0000] {processor.py:153} INFO - Started process (PID=240) to work on /home/airflow/.local/lib/python3.7/site-packages/airflow/example_dags/tutorial.py
[2023-01-27T01:29:18.450+0000] {processor.py:743} INFO - Processing file /home/airflow/.local/lib/python3.7/site-packages/airflow/example_dags/tutorial.py for tasks to queue
[2023-01-27T01:29:18.452+0000] {logging_mixin.py:137} INFO - [2023-01-27T01:29:18.452+0000] {dagbag.py:538} INFO - Filling up the DagBag from /home/airflow/.local/lib/python3.7/site-packages/airflow/example_dags/tutorial.py
[2023-01-27T01:29:18.492+0000] {processor.py:753} INFO - DAG(s) dict_keys(['tutorial']) retrieved from /home/airflow/.local/lib/python3.7/site-packages/airflow/example_dags/tutorial.py
[2023-01-27T01:29:18.545+0000] {logging_mixin.py:137} INFO - [2023-01-27T01:29:18.545+0000] {dag.py:2690} INFO - Sync 1 DAGs
[2023-01-27T01:29:18.591+0000] {logging_mixin.py:137} INFO - [2023-01-27T01:29:18.591+0000] {dag.py:3441} INFO - Setting next_dagrun for tutorial to 2023-01-26T01:29:18.591070+00:00, run_after=2023-01-27T01:29:18.591070+00:00
[2023-01-27T01:29:18.627+0000] {processor.py:175} INFO - Processing /home/airflow/.local/lib/python3.7/site-packages/airflow/example_dags/tutorial.py took 0.186 seconds
[2023-01-27T01:29:49.447+0000] {processor.py:153} INFO - Started process (PID=317) to work on /home/airflow/.local/lib/python3.7/site-packages/airflow/example_dags/tutorial.py
[2023-01-27T01:29:49.451+0000] {processor.py:743} INFO - Processing file /home/airflow/.local/lib/python3.7/site-packages/airflow/example_dags/tutorial.py for tasks to queue
[2023-01-27T01:29:49.453+0000] {logging_mixin.py:137} INFO - [2023-01-27T01:29:49.453+0000] {dagbag.py:538} INFO - Filling up the DagBag from /home/airflow/.local/lib/python3.7/site-packages/airflow/example_dags/tutorial.py
[2023-01-27T01:29:49.478+0000] {processor.py:753} INFO - DAG(s) dict_keys(['tutorial']) retrieved from /home/airflow/.local/lib/python3.7/site-packages/airflow/example_dags/tutorial.py
[2023-01-27T01:29:49.515+0000] {logging_mixin.py:137} INFO - [2023-01-27T01:29:49.515+0000] {dag.py:2690} INFO - Sync 1 DAGs
[2023-01-27T01:29:49.546+0000] {logging_mixin.py:137} INFO - [2023-01-27T01:29:49.546+0000] {dag.py:3441} INFO - Setting next_dagrun for tutorial to 2023-01-26T01:29:49.546059+00:00, run_after=2023-01-27T01:29:49.546059+00:00
[2023-01-27T01:29:49.608+0000] {processor.py:175} INFO - Processing /home/airflow/.local/lib/python3.7/site-packages/airflow/example_dags/tutorial.py took 0.166 seconds
[2023-01-27T01:30:19.796+0000] {processor.py:153} INFO - Started process (PID=384) to work on /home/airflow/.local/lib/python3.7/site-packages/airflow/example_dags/tutorial.py
[2023-01-27T01:30:19.800+0000] {processor.py:743} INFO - Processing file /home/airflow/.local/lib/python3.7/site-packages/airflow/example_dags/tutorial.py for tasks to queue
[2023-01-27T01:30:19.806+0000] {logging_mixin.py:137} INFO - [2023-01-27T01:30:19.805+0000] {dagbag.py:538} INFO - Filling up the DagBag from /home/airflow/.local/lib/python3.7/site-packages/airflow/example_dags/tutorial.py
[2023-01-27T01:30:19.840+0000] {processor.py:753} INFO - DAG(s) dict_keys(['tutorial']) retrieved from /home/airflow/.local/lib/python3.7/site-packages/airflow/example_dags/tutorial.py
[2023-01-27T01:30:19.906+0000] {logging_mixin.py:137} INFO - [2023-01-27T01:30:19.905+0000] {dag.py:2690} INFO - Sync 1 DAGs
[2023-01-27T01:30:19.960+0000] {logging_mixin.py:137} INFO - [2023-01-27T01:30:19.960+0000] {dag.py:3441} INFO - Setting next_dagrun for tutorial to 2023-01-26T01:30:19.960163+00:00, run_after=2023-01-27T01:30:19.960163+00:00
[2023-01-27T01:30:20.005+0000] {processor.py:175} INFO - Processing /home/airflow/.local/lib/python3.7/site-packages/airflow/example_dags/tutorial.py took 0.220 seconds
[2023-01-27T01:30:50.478+0000] {processor.py:153} INFO - Started process (PID=451) to work on /home/airflow/.local/lib/python3.7/site-packages/airflow/example_dags/tutorial.py
[2023-01-27T01:30:50.480+0000] {processor.py:743} INFO - Processing file /home/airflow/.local/lib/python3.7/site-packages/airflow/example_dags/tutorial.py for tasks to queue
[2023-01-27T01:30:50.485+0000] {logging_mixin.py:137} INFO - [2023-01-27T01:30:50.484+0000] {dagbag.py:538} INFO - Filling up the DagBag from /home/airflow/.local/lib/python3.7/site-packages/airflow/example_dags/tutorial.py
[2023-01-27T01:30:50.539+0000] {processor.py:753} INFO - DAG(s) dict_keys(['tutorial']) retrieved from /home/airflow/.local/lib/python3.7/site-packages/airflow/example_dags/tutorial.py
[2023-01-27T01:30:50.612+0000] {logging_mixin.py:137} INFO - [2023-01-27T01:30:50.611+0000] {dag.py:2690} INFO - Sync 1 DAGs
[2023-01-27T01:30:50.692+0000] {logging_mixin.py:137} INFO - [2023-01-27T01:30:50.692+0000] {dag.py:3441} INFO - Setting next_dagrun for tutorial to 2023-01-26T01:30:50.691787+00:00, run_after=2023-01-27T01:30:50.691787+00:00
[2023-01-27T01:30:50.746+0000] {processor.py:175} INFO - Processing /home/airflow/.local/lib/python3.7/site-packages/airflow/example_dags/tutorial.py took 0.276 seconds
[2023-01-27T01:31:21.526+0000] {processor.py:153} INFO - Started process (PID=517) to work on /home/airflow/.local/lib/python3.7/site-packages/airflow/example_dags/tutorial.py
[2023-01-27T01:31:21.528+0000] {processor.py:743} INFO - Processing file /home/airflow/.local/lib/python3.7/site-packages/airflow/example_dags/tutorial.py for tasks to queue
[2023-01-27T01:31:21.530+0000] {logging_mixin.py:137} INFO - [2023-01-27T01:31:21.530+0000] {dagbag.py:538} INFO - Filling up the DagBag from /home/airflow/.local/lib/python3.7/site-packages/airflow/example_dags/tutorial.py
[2023-01-27T01:31:21.554+0000] {processor.py:753} INFO - DAG(s) dict_keys(['tutorial']) retrieved from /home/airflow/.local/lib/python3.7/site-packages/airflow/example_dags/tutorial.py
[2023-01-27T01:31:21.602+0000] {logging_mixin.py:137} INFO - [2023-01-27T01:31:21.602+0000] {dag.py:2690} INFO - Sync 1 DAGs
[2023-01-27T01:31:21.644+0000] {logging_mixin.py:137} INFO - [2023-01-27T01:31:21.644+0000] {dag.py:3441} INFO - Setting next_dagrun for tutorial to 2023-01-26T01:31:21.644433+00:00, run_after=2023-01-27T01:31:21.644433+00:00
[2023-01-27T01:31:21.679+0000] {processor.py:175} INFO - Processing /home/airflow/.local/lib/python3.7/site-packages/airflow/example_dags/tutorial.py took 0.159 seconds
[2023-01-27T01:31:52.384+0000] {processor.py:153} INFO - Started process (PID=581) to work on /home/airflow/.local/lib/python3.7/site-packages/airflow/example_dags/tutorial.py
[2023-01-27T01:31:52.387+0000] {processor.py:743} INFO - Processing file /home/airflow/.local/lib/python3.7/site-packages/airflow/example_dags/tutorial.py for tasks to queue
[2023-01-27T01:31:52.389+0000] {logging_mixin.py:137} INFO - [2023-01-27T01:31:52.389+0000] {dagbag.py:538} INFO - Filling up the DagBag from /home/airflow/.local/lib/python3.7/site-packages/airflow/example_dags/tutorial.py
[2023-01-27T01:31:52.414+0000] {processor.py:753} INFO - DAG(s) dict_keys(['tutorial']) retrieved from /home/airflow/.local/lib/python3.7/site-packages/airflow/example_dags/tutorial.py
[2023-01-27T01:31:52.454+0000] {logging_mixin.py:137} INFO - [2023-01-27T01:31:52.454+0000] {dag.py:2690} INFO - Sync 1 DAGs
[2023-01-27T01:31:52.491+0000] {logging_mixin.py:137} INFO - [2023-01-27T01:31:52.491+0000] {dag.py:3441} INFO - Setting next_dagrun for tutorial to 2023-01-26T01:31:52.490890+00:00, run_after=2023-01-27T01:31:52.490890+00:00
[2023-01-27T01:31:52.516+0000] {processor.py:175} INFO - Processing /home/airflow/.local/lib/python3.7/site-packages/airflow/example_dags/tutorial.py took 0.138 seconds
[2023-01-27T01:32:22.626+0000] {processor.py:153} INFO - Started process (PID=647) to work on /home/airflow/.local/lib/python3.7/site-packages/airflow/example_dags/tutorial.py
[2023-01-27T01:32:22.628+0000] {processor.py:743} INFO - Processing file /home/airflow/.local/lib/python3.7/site-packages/airflow/example_dags/tutorial.py for tasks to queue
[2023-01-27T01:32:22.630+0000] {logging_mixin.py:137} INFO - [2023-01-27T01:32:22.630+0000] {dagbag.py:538} INFO - Filling up the DagBag from /home/airflow/.local/lib/python3.7/site-packages/airflow/example_dags/tutorial.py
[2023-01-27T01:32:22.647+0000] {processor.py:753} INFO - DAG(s) dict_keys(['tutorial']) retrieved from /home/airflow/.local/lib/python3.7/site-packages/airflow/example_dags/tutorial.py
[2023-01-27T01:32:22.680+0000] {logging_mixin.py:137} INFO - [2023-01-27T01:32:22.680+0000] {dag.py:2690} INFO - Sync 1 DAGs
[2023-01-27T01:32:22.711+0000] {logging_mixin.py:137} INFO - [2023-01-27T01:32:22.711+0000] {dag.py:3441} INFO - Setting next_dagrun for tutorial to 2023-01-26T01:32:22.711473+00:00, run_after=2023-01-27T01:32:22.711473+00:00
[2023-01-27T01:32:22.739+0000] {processor.py:175} INFO - Processing /home/airflow/.local/lib/python3.7/site-packages/airflow/example_dags/tutorial.py took 0.118 seconds
[2023-01-27T01:32:53.009+0000] {processor.py:153} INFO - Started process (PID=724) to work on /home/airflow/.local/lib/python3.7/site-packages/airflow/example_dags/tutorial.py
[2023-01-27T01:32:53.012+0000] {processor.py:743} INFO - Processing file /home/airflow/.local/lib/python3.7/site-packages/airflow/example_dags/tutorial.py for tasks to queue
[2023-01-27T01:32:53.014+0000] {logging_mixin.py:137} INFO - [2023-01-27T01:32:53.014+0000] {dagbag.py:538} INFO - Filling up the DagBag from /home/airflow/.local/lib/python3.7/site-packages/airflow/example_dags/tutorial.py
[2023-01-27T01:32:53.044+0000] {processor.py:753} INFO - DAG(s) dict_keys(['tutorial']) retrieved from /home/airflow/.local/lib/python3.7/site-packages/airflow/example_dags/tutorial.py
[2023-01-27T01:32:53.081+0000] {logging_mixin.py:137} INFO - [2023-01-27T01:32:53.080+0000] {dag.py:2690} INFO - Sync 1 DAGs
[2023-01-27T01:32:53.125+0000] {logging_mixin.py:137} INFO - [2023-01-27T01:32:53.125+0000] {dag.py:3441} INFO - Setting next_dagrun for tutorial to 2023-01-26T01:32:53.124639+00:00, run_after=2023-01-27T01:32:53.124639+00:00
[2023-01-27T01:32:53.159+0000] {processor.py:175} INFO - Processing /home/airflow/.local/lib/python3.7/site-packages/airflow/example_dags/tutorial.py took 0.157 seconds
