[2023-01-26T07:22:28.224+0000] {taskinstance.py:1083} INFO - Dependencies all met for <TaskInstance: twitter_dag.complete_twitter_etl scheduled__2022-02-15T00:00:00+00:00 [queued]>
[2023-01-26T07:22:28.446+0000] {taskinstance.py:1083} INFO - Dependencies all met for <TaskInstance: twitter_dag.complete_twitter_etl scheduled__2022-02-15T00:00:00+00:00 [queued]>
[2023-01-26T07:22:28.457+0000] {taskinstance.py:1279} INFO - 
--------------------------------------------------------------------------------
[2023-01-26T07:22:28.466+0000] {taskinstance.py:1280} INFO - Starting attempt 1 of 2
[2023-01-26T07:22:28.476+0000] {taskinstance.py:1281} INFO - 
--------------------------------------------------------------------------------
[2023-01-26T07:22:28.824+0000] {taskinstance.py:1300} INFO - Executing <Task(PythonOperator): complete_twitter_etl> on 2022-02-15 00:00:00+00:00
[2023-01-26T07:22:28.972+0000] {standard_task_runner.py:55} INFO - Started process 2651 to run task
[2023-01-26T07:22:29.000+0000] {standard_task_runner.py:82} INFO - Running: ['***', 'tasks', 'run', 'twitter_dag', 'complete_twitter_etl', 'scheduled__2022-02-15T00:00:00+00:00', '--job-id', '502', '--raw', '--subdir', 'DAGS_FOLDER/twitter_dag.py', '--cfg-path', '/tmp/tmp8tfos6wl']
[2023-01-26T07:22:29.028+0000] {standard_task_runner.py:83} INFO - Job 502: Subtask complete_twitter_etl
[2023-01-26T07:22:32.065+0000] {task_command.py:388} INFO - Running <TaskInstance: twitter_dag.complete_twitter_etl scheduled__2022-02-15T00:00:00+00:00 [running]> on host 2221c1ebf970
[2023-01-26T07:22:32.790+0000] {taskinstance.py:1509} INFO - Exporting the following env vars:
AIRFLOW_CTX_DAG_EMAIL=***@example.com
AIRFLOW_CTX_DAG_OWNER=***
AIRFLOW_CTX_DAG_ID=twitter_dag
AIRFLOW_CTX_TASK_ID=complete_twitter_etl
AIRFLOW_CTX_EXECUTION_DATE=2022-02-15T00:00:00+00:00
AIRFLOW_CTX_TRY_NUMBER=1
AIRFLOW_CTX_DAG_RUN_ID=scheduled__2022-02-15T00:00:00+00:00
[2023-01-26T07:22:35.925+0000] {python.py:177} INFO - Done. Returned value was: None
[2023-01-26T07:22:35.975+0000] {taskinstance.py:1323} INFO - Marking task as SUCCESS. dag_id=twitter_dag, task_id=complete_twitter_etl, execution_date=20220215T000000, start_date=20230126T072228, end_date=20230126T072235
[2023-01-26T07:22:36.261+0000] {local_task_job.py:208} INFO - Task exited with return code 0
[2023-01-26T07:22:37.785+0000] {taskinstance.py:2578} INFO - 0 downstream tasks scheduled from follow-on schedule check
