[2023-01-26T07:21:01.418+0000] {taskinstance.py:1083} INFO - Dependencies all met for <TaskInstance: twitter_dag.complete_twitter_etl scheduled__2022-01-04T00:00:00+00:00 [queued]>
[2023-01-26T07:21:01.585+0000] {taskinstance.py:1083} INFO - Dependencies all met for <TaskInstance: twitter_dag.complete_twitter_etl scheduled__2022-01-04T00:00:00+00:00 [queued]>
[2023-01-26T07:21:01.594+0000] {taskinstance.py:1279} INFO - 
--------------------------------------------------------------------------------
[2023-01-26T07:21:01.604+0000] {taskinstance.py:1280} INFO - Starting attempt 1 of 2
[2023-01-26T07:21:01.608+0000] {taskinstance.py:1281} INFO - 
--------------------------------------------------------------------------------
[2023-01-26T07:21:01.752+0000] {taskinstance.py:1300} INFO - Executing <Task(PythonOperator): complete_twitter_etl> on 2022-01-04 00:00:00+00:00
[2023-01-26T07:21:01.789+0000] {standard_task_runner.py:55} INFO - Started process 2463 to run task
[2023-01-26T07:21:01.846+0000] {standard_task_runner.py:82} INFO - Running: ['***', 'tasks', 'run', 'twitter_dag', 'complete_twitter_etl', 'scheduled__2022-01-04T00:00:00+00:00', '--job-id', '459', '--raw', '--subdir', 'DAGS_FOLDER/twitter_dag.py', '--cfg-path', '/tmp/tmp9f3x1ao5']
[2023-01-26T07:21:01.857+0000] {standard_task_runner.py:83} INFO - Job 459: Subtask complete_twitter_etl
[2023-01-26T07:21:06.248+0000] {task_command.py:388} INFO - Running <TaskInstance: twitter_dag.complete_twitter_etl scheduled__2022-01-04T00:00:00+00:00 [running]> on host 2221c1ebf970
[2023-01-26T07:21:06.794+0000] {taskinstance.py:1509} INFO - Exporting the following env vars:
AIRFLOW_CTX_DAG_EMAIL=***@example.com
AIRFLOW_CTX_DAG_OWNER=***
AIRFLOW_CTX_DAG_ID=twitter_dag
AIRFLOW_CTX_TASK_ID=complete_twitter_etl
AIRFLOW_CTX_EXECUTION_DATE=2022-01-04T00:00:00+00:00
AIRFLOW_CTX_TRY_NUMBER=1
AIRFLOW_CTX_DAG_RUN_ID=scheduled__2022-01-04T00:00:00+00:00
[2023-01-26T07:21:08.674+0000] {python.py:177} INFO - Done. Returned value was: None
[2023-01-26T07:21:08.713+0000] {taskinstance.py:1323} INFO - Marking task as SUCCESS. dag_id=twitter_dag, task_id=complete_twitter_etl, execution_date=20220104T000000, start_date=20230126T072101, end_date=20230126T072108
[2023-01-26T07:21:08.856+0000] {local_task_job.py:208} INFO - Task exited with return code 0
[2023-01-26T07:21:09.413+0000] {taskinstance.py:2578} INFO - 0 downstream tasks scheduled from follow-on schedule check
