[2023-01-26T07:47:41.082+0000] {taskinstance.py:1083} INFO - Dependencies all met for <TaskInstance: twitter_dag.complete_twitter_etl scheduled__2022-05-01T00:00:00+00:00 [queued]>
[2023-01-26T07:47:41.187+0000] {taskinstance.py:1083} INFO - Dependencies all met for <TaskInstance: twitter_dag.complete_twitter_etl scheduled__2022-05-01T00:00:00+00:00 [queued]>
[2023-01-26T07:47:41.189+0000] {taskinstance.py:1279} INFO - 
--------------------------------------------------------------------------------
[2023-01-26T07:47:41.191+0000] {taskinstance.py:1280} INFO - Starting attempt 1 of 2
[2023-01-26T07:47:41.193+0000] {taskinstance.py:1281} INFO - 
--------------------------------------------------------------------------------
[2023-01-26T07:47:41.390+0000] {taskinstance.py:1300} INFO - Executing <Task(PythonOperator): complete_twitter_etl> on 2022-05-01 00:00:00+00:00
[2023-01-26T07:47:41.481+0000] {standard_task_runner.py:55} INFO - Started process 2976 to run task
[2023-01-26T07:47:41.519+0000] {standard_task_runner.py:82} INFO - Running: ['***', 'tasks', 'run', 'twitter_dag', 'complete_twitter_etl', 'scheduled__2022-05-01T00:00:00+00:00', '--job-id', '578', '--raw', '--subdir', 'DAGS_FOLDER/twitter_dag.py', '--cfg-path', '/tmp/tmp5phuwb7d']
[2023-01-26T07:47:41.529+0000] {standard_task_runner.py:83} INFO - Job 578: Subtask complete_twitter_etl
[2023-01-26T07:47:43.866+0000] {task_command.py:388} INFO - Running <TaskInstance: twitter_dag.complete_twitter_etl scheduled__2022-05-01T00:00:00+00:00 [running]> on host 2221c1ebf970
[2023-01-26T07:47:44.371+0000] {taskinstance.py:1509} INFO - Exporting the following env vars:
AIRFLOW_CTX_DAG_EMAIL=***@example.com
AIRFLOW_CTX_DAG_OWNER=***
AIRFLOW_CTX_DAG_ID=twitter_dag
AIRFLOW_CTX_TASK_ID=complete_twitter_etl
AIRFLOW_CTX_EXECUTION_DATE=2022-05-01T00:00:00+00:00
AIRFLOW_CTX_TRY_NUMBER=1
AIRFLOW_CTX_DAG_RUN_ID=scheduled__2022-05-01T00:00:00+00:00
[2023-01-26T07:47:44.375+0000] {taskinstance.py:1768} ERROR - Task failed with exception
Traceback (most recent call last):
  File "/home/airflow/.local/lib/python3.7/site-packages/airflow/operators/python.py", line 175, in execute
    return_value = self.execute_callable()
  File "/home/airflow/.local/lib/python3.7/site-packages/airflow/operators/python.py", line 192, in execute_callable
    return self.python_callable(*self.op_args, **self.op_kwargs)
  File "/opt/airflow/dags/twitter_etl.py", line 12, in run_twitter_etl
    access_key = os.environ['tweepy_access_key']
  File "/usr/local/lib/python3.7/os.py", line 681, in __getitem__
    raise KeyError(key) from None
KeyError: 'tweepy_access_key'
[2023-01-26T07:47:44.424+0000] {taskinstance.py:1323} INFO - Marking task as UP_FOR_RETRY. dag_id=twitter_dag, task_id=complete_twitter_etl, execution_date=20220501T000000, start_date=20230126T074741, end_date=20230126T074744
[2023-01-26T07:47:44.524+0000] {standard_task_runner.py:105} ERROR - Failed to execute job 578 for task complete_twitter_etl ('tweepy_access_key'; 2976)
[2023-01-26T07:47:44.684+0000] {local_task_job.py:208} INFO - Task exited with return code 1
[2023-01-26T07:47:44.807+0000] {taskinstance.py:2578} INFO - 0 downstream tasks scheduled from follow-on schedule check
