[2023-01-26T07:23:10.653+0000] {taskinstance.py:1083} INFO - Dependencies all met for <TaskInstance: twitter_dag.complete_twitter_etl scheduled__2022-03-16T00:00:00+00:00 [queued]>
[2023-01-26T07:23:10.765+0000] {taskinstance.py:1083} INFO - Dependencies all met for <TaskInstance: twitter_dag.complete_twitter_etl scheduled__2022-03-16T00:00:00+00:00 [queued]>
[2023-01-26T07:23:10.775+0000] {taskinstance.py:1279} INFO - 
--------------------------------------------------------------------------------
[2023-01-26T07:23:10.779+0000] {taskinstance.py:1280} INFO - Starting attempt 1 of 2
[2023-01-26T07:23:10.781+0000] {taskinstance.py:1281} INFO - 
--------------------------------------------------------------------------------
[2023-01-26T07:23:11.123+0000] {taskinstance.py:1300} INFO - Executing <Task(PythonOperator): complete_twitter_etl> on 2022-03-16 00:00:00+00:00
[2023-01-26T07:23:11.292+0000] {standard_task_runner.py:55} INFO - Started process 2760 to run task
[2023-01-26T07:23:11.330+0000] {standard_task_runner.py:82} INFO - Running: ['***', 'tasks', 'run', 'twitter_dag', 'complete_twitter_etl', 'scheduled__2022-03-16T00:00:00+00:00', '--job-id', '529', '--raw', '--subdir', 'DAGS_FOLDER/twitter_dag.py', '--cfg-path', '/tmp/tmpzxb03bsx']
[2023-01-26T07:23:11.348+0000] {standard_task_runner.py:83} INFO - Job 529: Subtask complete_twitter_etl
[2023-01-26T07:23:15.385+0000] {task_command.py:388} INFO - Running <TaskInstance: twitter_dag.complete_twitter_etl scheduled__2022-03-16T00:00:00+00:00 [running]> on host 2221c1ebf970
[2023-01-26T07:23:16.143+0000] {taskinstance.py:1509} INFO - Exporting the following env vars:
AIRFLOW_CTX_DAG_EMAIL=***@example.com
AIRFLOW_CTX_DAG_OWNER=***
AIRFLOW_CTX_DAG_ID=twitter_dag
AIRFLOW_CTX_TASK_ID=complete_twitter_etl
AIRFLOW_CTX_EXECUTION_DATE=2022-03-16T00:00:00+00:00
AIRFLOW_CTX_TRY_NUMBER=1
AIRFLOW_CTX_DAG_RUN_ID=scheduled__2022-03-16T00:00:00+00:00
[2023-01-26T07:23:18.936+0000] {python.py:177} INFO - Done. Returned value was: None
[2023-01-26T07:23:19.032+0000] {taskinstance.py:1323} INFO - Marking task as SUCCESS. dag_id=twitter_dag, task_id=complete_twitter_etl, execution_date=20220316T000000, start_date=20230126T072310, end_date=20230126T072319
[2023-01-26T07:23:19.434+0000] {local_task_job.py:208} INFO - Task exited with return code 0
[2023-01-26T07:23:21.027+0000] {taskinstance.py:2578} INFO - 0 downstream tasks scheduled from follow-on schedule check
