[2023-01-26T07:24:17.351+0000] {taskinstance.py:1083} INFO - Dependencies all met for <TaskInstance: twitter_dag.complete_twitter_etl scheduled__2022-04-17T00:00:00+00:00 [queued]>
[2023-01-26T07:24:17.396+0000] {taskinstance.py:1083} INFO - Dependencies all met for <TaskInstance: twitter_dag.complete_twitter_etl scheduled__2022-04-17T00:00:00+00:00 [queued]>
[2023-01-26T07:24:17.398+0000] {taskinstance.py:1279} INFO - 
--------------------------------------------------------------------------------
[2023-01-26T07:24:17.400+0000] {taskinstance.py:1280} INFO - Starting attempt 1 of 2
[2023-01-26T07:24:17.401+0000] {taskinstance.py:1281} INFO - 
--------------------------------------------------------------------------------
[2023-01-26T07:24:17.490+0000] {taskinstance.py:1300} INFO - Executing <Task(PythonOperator): complete_twitter_etl> on 2022-04-17 00:00:00+00:00
[2023-01-26T07:24:17.516+0000] {standard_task_runner.py:55} INFO - Started process 2900 to run task
[2023-01-26T07:24:17.584+0000] {standard_task_runner.py:82} INFO - Running: ['***', 'tasks', 'run', 'twitter_dag', 'complete_twitter_etl', 'scheduled__2022-04-17T00:00:00+00:00', '--job-id', '563', '--raw', '--subdir', 'DAGS_FOLDER/twitter_dag.py', '--cfg-path', '/tmp/tmpz7jjdgkg']
[2023-01-26T07:24:17.611+0000] {standard_task_runner.py:83} INFO - Job 563: Subtask complete_twitter_etl
[2023-01-26T07:24:22.012+0000] {task_command.py:388} INFO - Running <TaskInstance: twitter_dag.complete_twitter_etl scheduled__2022-04-17T00:00:00+00:00 [running]> on host 2221c1ebf970
[2023-01-26T07:24:22.566+0000] {taskinstance.py:1509} INFO - Exporting the following env vars:
AIRFLOW_CTX_DAG_EMAIL=***@example.com
AIRFLOW_CTX_DAG_OWNER=***
AIRFLOW_CTX_DAG_ID=twitter_dag
AIRFLOW_CTX_TASK_ID=complete_twitter_etl
AIRFLOW_CTX_EXECUTION_DATE=2022-04-17T00:00:00+00:00
AIRFLOW_CTX_TRY_NUMBER=1
AIRFLOW_CTX_DAG_RUN_ID=scheduled__2022-04-17T00:00:00+00:00
[2023-01-26T07:24:26.629+0000] {python.py:177} INFO - Done. Returned value was: None
[2023-01-26T07:24:26.696+0000] {taskinstance.py:1323} INFO - Marking task as SUCCESS. dag_id=twitter_dag, task_id=complete_twitter_etl, execution_date=20220417T000000, start_date=20230126T072417, end_date=20230126T072426
[2023-01-26T07:24:27.052+0000] {local_task_job.py:208} INFO - Task exited with return code 0
[2023-01-26T07:47:22.674+0000] {taskinstance.py:2578} INFO - 0 downstream tasks scheduled from follow-on schedule check
