[2023-01-26T07:23:41.294+0000] {taskinstance.py:1083} INFO - Dependencies all met for <TaskInstance: twitter_dag.complete_twitter_etl scheduled__2022-03-28T00:00:00+00:00 [queued]>
[2023-01-26T07:23:41.596+0000] {taskinstance.py:1083} INFO - Dependencies all met for <TaskInstance: twitter_dag.complete_twitter_etl scheduled__2022-03-28T00:00:00+00:00 [queued]>
[2023-01-26T07:23:41.615+0000] {taskinstance.py:1279} INFO - 
--------------------------------------------------------------------------------
[2023-01-26T07:23:41.618+0000] {taskinstance.py:1280} INFO - Starting attempt 1 of 2
[2023-01-26T07:23:41.625+0000] {taskinstance.py:1281} INFO - 
--------------------------------------------------------------------------------
[2023-01-26T07:23:42.640+0000] {taskinstance.py:1300} INFO - Executing <Task(PythonOperator): complete_twitter_etl> on 2022-03-28 00:00:00+00:00
[2023-01-26T07:23:42.773+0000] {standard_task_runner.py:55} INFO - Started process 2823 to run task
[2023-01-26T07:23:42.997+0000] {standard_task_runner.py:82} INFO - Running: ['***', 'tasks', 'run', 'twitter_dag', 'complete_twitter_etl', 'scheduled__2022-03-28T00:00:00+00:00', '--job-id', '543', '--raw', '--subdir', 'DAGS_FOLDER/twitter_dag.py', '--cfg-path', '/tmp/tmp1cbgij3p']
[2023-01-26T07:23:43.036+0000] {standard_task_runner.py:83} INFO - Job 543: Subtask complete_twitter_etl
[2023-01-26T07:23:49.702+0000] {task_command.py:388} INFO - Running <TaskInstance: twitter_dag.complete_twitter_etl scheduled__2022-03-28T00:00:00+00:00 [running]> on host 2221c1ebf970
[2023-01-26T07:23:51.233+0000] {taskinstance.py:1509} INFO - Exporting the following env vars:
AIRFLOW_CTX_DAG_EMAIL=***@example.com
AIRFLOW_CTX_DAG_OWNER=***
AIRFLOW_CTX_DAG_ID=twitter_dag
AIRFLOW_CTX_TASK_ID=complete_twitter_etl
AIRFLOW_CTX_EXECUTION_DATE=2022-03-28T00:00:00+00:00
AIRFLOW_CTX_TRY_NUMBER=1
AIRFLOW_CTX_DAG_RUN_ID=scheduled__2022-03-28T00:00:00+00:00
[2023-01-26T07:23:55.255+0000] {python.py:177} INFO - Done. Returned value was: None
[2023-01-26T07:23:55.290+0000] {taskinstance.py:1323} INFO - Marking task as SUCCESS. dag_id=twitter_dag, task_id=complete_twitter_etl, execution_date=20220328T000000, start_date=20230126T072341, end_date=20230126T072355
[2023-01-26T07:23:55.822+0000] {local_task_job.py:208} INFO - Task exited with return code 0
[2023-01-26T07:23:57.884+0000] {taskinstance.py:2578} INFO - 0 downstream tasks scheduled from follow-on schedule check
