[2023-01-26T07:47:41.754+0000] {taskinstance.py:1083} INFO - Dependencies all met for <TaskInstance: twitter_dag.complete_twitter_etl scheduled__2022-05-02T00:00:00+00:00 [queued]>
[2023-01-26T07:47:41.823+0000] {taskinstance.py:1083} INFO - Dependencies all met for <TaskInstance: twitter_dag.complete_twitter_etl scheduled__2022-05-02T00:00:00+00:00 [queued]>
[2023-01-26T07:47:41.825+0000] {taskinstance.py:1279} INFO - 
--------------------------------------------------------------------------------
[2023-01-26T07:47:41.827+0000] {taskinstance.py:1280} INFO - Starting attempt 1 of 2
[2023-01-26T07:47:41.829+0000] {taskinstance.py:1281} INFO - 
--------------------------------------------------------------------------------
[2023-01-26T07:47:41.894+0000] {taskinstance.py:1300} INFO - Executing <Task(PythonOperator): complete_twitter_etl> on 2022-05-02 00:00:00+00:00
[2023-01-26T07:47:41.950+0000] {standard_task_runner.py:55} INFO - Started process 2978 to run task
[2023-01-26T07:47:41.986+0000] {standard_task_runner.py:82} INFO - Running: ['***', 'tasks', 'run', 'twitter_dag', 'complete_twitter_etl', 'scheduled__2022-05-02T00:00:00+00:00', '--job-id', '580', '--raw', '--subdir', 'DAGS_FOLDER/twitter_dag.py', '--cfg-path', '/tmp/tmp89he3w6y']
[2023-01-26T07:47:41.990+0000] {standard_task_runner.py:83} INFO - Job 580: Subtask complete_twitter_etl
[2023-01-26T07:47:44.049+0000] {task_command.py:388} INFO - Running <TaskInstance: twitter_dag.complete_twitter_etl scheduled__2022-05-02T00:00:00+00:00 [running]> on host 2221c1ebf970
[2023-01-26T07:47:44.551+0000] {taskinstance.py:1509} INFO - Exporting the following env vars:
AIRFLOW_CTX_DAG_EMAIL=***@example.com
AIRFLOW_CTX_DAG_OWNER=***
AIRFLOW_CTX_DAG_ID=twitter_dag
AIRFLOW_CTX_TASK_ID=complete_twitter_etl
AIRFLOW_CTX_EXECUTION_DATE=2022-05-02T00:00:00+00:00
AIRFLOW_CTX_TRY_NUMBER=1
AIRFLOW_CTX_DAG_RUN_ID=scheduled__2022-05-02T00:00:00+00:00
[2023-01-26T07:47:44.554+0000] {taskinstance.py:1768} ERROR - Task failed with exception
Traceback (most recent call last):
  File "/home/airflow/.local/lib/python3.7/site-packages/airflow/operators/python.py", line 175, in execute
    return_value = self.execute_callable()
  File "/home/airflow/.local/lib/python3.7/site-packages/airflow/operators/python.py", line 192, in execute_callable
    return self.python_callable(*self.op_args, **self.op_kwargs)
  File "/opt/airflow/dags/twitter_etl.py", line 12, in run_twitter_etl
    access_key = os.environ['tweepy_access_key']
  File "/usr/local/lib/python3.7/os.py", line 681, in __getitem__
    raise KeyError(key) from None
KeyError: 'tweepy_access_key'
[2023-01-26T07:47:44.590+0000] {taskinstance.py:1323} INFO - Marking task as UP_FOR_RETRY. dag_id=twitter_dag, task_id=complete_twitter_etl, execution_date=20220502T000000, start_date=20230126T074741, end_date=20230126T074744
[2023-01-26T07:47:44.618+0000] {standard_task_runner.py:105} ERROR - Failed to execute job 580 for task complete_twitter_etl ('tweepy_access_key'; 2978)
[2023-01-26T07:47:44.812+0000] {local_task_job.py:208} INFO - Task exited with return code 1
[2023-01-26T07:47:44.922+0000] {taskinstance.py:2578} INFO - 0 downstream tasks scheduled from follow-on schedule check
