[2023-01-26T07:20:04.402+0000] {taskinstance.py:1083} INFO - Dependencies all met for <TaskInstance: twitter_dag.complete_twitter_etl scheduled__2021-11-27T00:00:00+00:00 [queued]>
[2023-01-26T07:20:04.449+0000] {taskinstance.py:1083} INFO - Dependencies all met for <TaskInstance: twitter_dag.complete_twitter_etl scheduled__2021-11-27T00:00:00+00:00 [queued]>
[2023-01-26T07:20:04.450+0000] {taskinstance.py:1279} INFO - 
--------------------------------------------------------------------------------
[2023-01-26T07:20:04.452+0000] {taskinstance.py:1280} INFO - Starting attempt 1 of 2
[2023-01-26T07:20:04.454+0000] {taskinstance.py:1281} INFO - 
--------------------------------------------------------------------------------
[2023-01-26T07:20:04.551+0000] {taskinstance.py:1300} INFO - Executing <Task(PythonOperator): complete_twitter_etl> on 2021-11-27 00:00:00+00:00
[2023-01-26T07:20:04.672+0000] {standard_task_runner.py:82} INFO - Running: ['***', 'tasks', 'run', 'twitter_dag', 'complete_twitter_etl', 'scheduled__2021-11-27T00:00:00+00:00', '--job-id', '425', '--raw', '--subdir', 'DAGS_FOLDER/twitter_dag.py', '--cfg-path', '/tmp/tmplccvw0o8']
[2023-01-26T07:20:04.683+0000] {standard_task_runner.py:83} INFO - Job 425: Subtask complete_twitter_etl
[2023-01-26T07:20:04.663+0000] {standard_task_runner.py:55} INFO - Started process 2330 to run task
[2023-01-26T07:20:06.590+0000] {task_command.py:388} INFO - Running <TaskInstance: twitter_dag.complete_twitter_etl scheduled__2021-11-27T00:00:00+00:00 [running]> on host 2221c1ebf970
[2023-01-26T07:20:07.267+0000] {taskinstance.py:1509} INFO - Exporting the following env vars:
AIRFLOW_CTX_DAG_EMAIL=***@example.com
AIRFLOW_CTX_DAG_OWNER=***
AIRFLOW_CTX_DAG_ID=twitter_dag
AIRFLOW_CTX_TASK_ID=complete_twitter_etl
AIRFLOW_CTX_EXECUTION_DATE=2021-11-27T00:00:00+00:00
AIRFLOW_CTX_TRY_NUMBER=1
AIRFLOW_CTX_DAG_RUN_ID=scheduled__2021-11-27T00:00:00+00:00
[2023-01-26T07:20:09.647+0000] {python.py:177} INFO - Done. Returned value was: None
[2023-01-26T07:20:09.695+0000] {taskinstance.py:1323} INFO - Marking task as SUCCESS. dag_id=twitter_dag, task_id=complete_twitter_etl, execution_date=20211127T000000, start_date=20230126T072004, end_date=20230126T072009
[2023-01-26T07:20:10.116+0000] {local_task_job.py:208} INFO - Task exited with return code 0
[2023-01-26T07:20:11.517+0000] {taskinstance.py:2578} INFO - 0 downstream tasks scheduled from follow-on schedule check
