[2023-01-26T07:21:29.865+0000] {taskinstance.py:1083} INFO - Dependencies all met for <TaskInstance: twitter_dag.complete_twitter_etl scheduled__2022-01-21T00:00:00+00:00 [queued]>
[2023-01-26T07:21:29.889+0000] {taskinstance.py:1083} INFO - Dependencies all met for <TaskInstance: twitter_dag.complete_twitter_etl scheduled__2022-01-21T00:00:00+00:00 [queued]>
[2023-01-26T07:21:29.894+0000] {taskinstance.py:1279} INFO - 
--------------------------------------------------------------------------------
[2023-01-26T07:21:29.901+0000] {taskinstance.py:1280} INFO - Starting attempt 1 of 2
[2023-01-26T07:21:29.905+0000] {taskinstance.py:1281} INFO - 
--------------------------------------------------------------------------------
[2023-01-26T07:21:29.967+0000] {taskinstance.py:1300} INFO - Executing <Task(PythonOperator): complete_twitter_etl> on 2022-01-21 00:00:00+00:00
[2023-01-26T07:21:29.982+0000] {standard_task_runner.py:55} INFO - Started process 2530 to run task
[2023-01-26T07:21:30.014+0000] {standard_task_runner.py:82} INFO - Running: ['***', 'tasks', 'run', 'twitter_dag', 'complete_twitter_etl', 'scheduled__2022-01-21T00:00:00+00:00', '--job-id', '479', '--raw', '--subdir', 'DAGS_FOLDER/twitter_dag.py', '--cfg-path', '/tmp/tmp4rx_9p7y']
[2023-01-26T07:21:30.019+0000] {standard_task_runner.py:83} INFO - Job 479: Subtask complete_twitter_etl
[2023-01-26T07:21:32.041+0000] {task_command.py:388} INFO - Running <TaskInstance: twitter_dag.complete_twitter_etl scheduled__2022-01-21T00:00:00+00:00 [running]> on host 2221c1ebf970
[2023-01-26T07:21:32.575+0000] {taskinstance.py:1509} INFO - Exporting the following env vars:
AIRFLOW_CTX_DAG_EMAIL=***@example.com
AIRFLOW_CTX_DAG_OWNER=***
AIRFLOW_CTX_DAG_ID=twitter_dag
AIRFLOW_CTX_TASK_ID=complete_twitter_etl
AIRFLOW_CTX_EXECUTION_DATE=2022-01-21T00:00:00+00:00
AIRFLOW_CTX_TRY_NUMBER=1
AIRFLOW_CTX_DAG_RUN_ID=scheduled__2022-01-21T00:00:00+00:00
[2023-01-26T07:21:36.810+0000] {python.py:177} INFO - Done. Returned value was: None
[2023-01-26T07:21:37.058+0000] {taskinstance.py:1323} INFO - Marking task as SUCCESS. dag_id=twitter_dag, task_id=complete_twitter_etl, execution_date=20220121T000000, start_date=20230126T072129, end_date=20230126T072137
[2023-01-26T07:21:37.601+0000] {local_task_job.py:208} INFO - Task exited with return code 0
[2023-01-26T07:21:38.859+0000] {taskinstance.py:2578} INFO - 0 downstream tasks scheduled from follow-on schedule check
