[2023-01-26T07:21:24.176+0000] {taskinstance.py:1083} INFO - Dependencies all met for <TaskInstance: twitter_dag.complete_twitter_etl scheduled__2022-01-12T00:00:00+00:00 [queued]>
[2023-01-26T07:21:24.217+0000] {taskinstance.py:1083} INFO - Dependencies all met for <TaskInstance: twitter_dag.complete_twitter_etl scheduled__2022-01-12T00:00:00+00:00 [queued]>
[2023-01-26T07:21:24.220+0000] {taskinstance.py:1279} INFO - 
--------------------------------------------------------------------------------
[2023-01-26T07:21:24.221+0000] {taskinstance.py:1280} INFO - Starting attempt 1 of 2
[2023-01-26T07:21:24.222+0000] {taskinstance.py:1281} INFO - 
--------------------------------------------------------------------------------
[2023-01-26T07:21:24.274+0000] {taskinstance.py:1300} INFO - Executing <Task(PythonOperator): complete_twitter_etl> on 2022-01-12 00:00:00+00:00
[2023-01-26T07:21:24.285+0000] {standard_task_runner.py:55} INFO - Started process 2515 to run task
[2023-01-26T07:21:24.314+0000] {standard_task_runner.py:82} INFO - Running: ['***', 'tasks', 'run', 'twitter_dag', 'complete_twitter_etl', 'scheduled__2022-01-12T00:00:00+00:00', '--job-id', '469', '--raw', '--subdir', 'DAGS_FOLDER/twitter_dag.py', '--cfg-path', '/tmp/tmpv4lqg37j']
[2023-01-26T07:21:24.316+0000] {standard_task_runner.py:83} INFO - Job 469: Subtask complete_twitter_etl
[2023-01-26T07:21:26.476+0000] {task_command.py:388} INFO - Running <TaskInstance: twitter_dag.complete_twitter_etl scheduled__2022-01-12T00:00:00+00:00 [running]> on host 2221c1ebf970
[2023-01-26T07:21:26.895+0000] {taskinstance.py:1509} INFO - Exporting the following env vars:
AIRFLOW_CTX_DAG_EMAIL=***@example.com
AIRFLOW_CTX_DAG_OWNER=***
AIRFLOW_CTX_DAG_ID=twitter_dag
AIRFLOW_CTX_TASK_ID=complete_twitter_etl
AIRFLOW_CTX_EXECUTION_DATE=2022-01-12T00:00:00+00:00
AIRFLOW_CTX_TRY_NUMBER=1
AIRFLOW_CTX_DAG_RUN_ID=scheduled__2022-01-12T00:00:00+00:00
[2023-01-26T07:21:29.084+0000] {python.py:177} INFO - Done. Returned value was: None
[2023-01-26T07:21:29.129+0000] {taskinstance.py:1323} INFO - Marking task as SUCCESS. dag_id=twitter_dag, task_id=complete_twitter_etl, execution_date=20220112T000000, start_date=20230126T072124, end_date=20230126T072129
[2023-01-26T07:21:30.444+0000] {local_task_job.py:208} INFO - Task exited with return code 0
[2023-01-26T07:21:30.498+0000] {taskinstance.py:2578} INFO - 0 downstream tasks scheduled from follow-on schedule check
