[2023-01-26T07:20:36.621+0000] {taskinstance.py:1083} INFO - Dependencies all met for <TaskInstance: twitter_dag.complete_twitter_etl scheduled__2021-12-19T00:00:00+00:00 [queued]>
[2023-01-26T07:20:36.705+0000] {taskinstance.py:1083} INFO - Dependencies all met for <TaskInstance: twitter_dag.complete_twitter_etl scheduled__2021-12-19T00:00:00+00:00 [queued]>
[2023-01-26T07:20:36.711+0000] {taskinstance.py:1279} INFO - 
--------------------------------------------------------------------------------
[2023-01-26T07:20:36.727+0000] {taskinstance.py:1280} INFO - Starting attempt 1 of 2
[2023-01-26T07:20:36.729+0000] {taskinstance.py:1281} INFO - 
--------------------------------------------------------------------------------
[2023-01-26T07:20:36.797+0000] {taskinstance.py:1300} INFO - Executing <Task(PythonOperator): complete_twitter_etl> on 2021-12-19 00:00:00+00:00
[2023-01-26T07:20:36.816+0000] {standard_task_runner.py:55} INFO - Started process 2394 to run task
[2023-01-26T07:20:36.843+0000] {standard_task_runner.py:82} INFO - Running: ['***', 'tasks', 'run', 'twitter_dag', 'complete_twitter_etl', 'scheduled__2021-12-19T00:00:00+00:00', '--job-id', '443', '--raw', '--subdir', 'DAGS_FOLDER/twitter_dag.py', '--cfg-path', '/tmp/tmpo84vjbw4']
[2023-01-26T07:20:36.846+0000] {standard_task_runner.py:83} INFO - Job 443: Subtask complete_twitter_etl
[2023-01-26T07:20:38.292+0000] {task_command.py:388} INFO - Running <TaskInstance: twitter_dag.complete_twitter_etl scheduled__2021-12-19T00:00:00+00:00 [running]> on host 2221c1ebf970
[2023-01-26T07:20:38.746+0000] {taskinstance.py:1509} INFO - Exporting the following env vars:
AIRFLOW_CTX_DAG_EMAIL=***@example.com
AIRFLOW_CTX_DAG_OWNER=***
AIRFLOW_CTX_DAG_ID=twitter_dag
AIRFLOW_CTX_TASK_ID=complete_twitter_etl
AIRFLOW_CTX_EXECUTION_DATE=2021-12-19T00:00:00+00:00
AIRFLOW_CTX_TRY_NUMBER=1
AIRFLOW_CTX_DAG_RUN_ID=scheduled__2021-12-19T00:00:00+00:00
[2023-01-26T07:20:41.156+0000] {python.py:177} INFO - Done. Returned value was: None
[2023-01-26T07:20:41.224+0000] {taskinstance.py:1323} INFO - Marking task as SUCCESS. dag_id=twitter_dag, task_id=complete_twitter_etl, execution_date=20211219T000000, start_date=20230126T072036, end_date=20230126T072041
[2023-01-26T07:20:41.648+0000] {local_task_job.py:208} INFO - Task exited with return code 0
[2023-01-26T07:20:41.751+0000] {taskinstance.py:2578} INFO - 0 downstream tasks scheduled from follow-on schedule check
