[2023-01-25 18:23:46,030] {processor.py:163} INFO - Started process (PID=69) to work on /home/airflow/.local/lib/python3.7/site-packages/airflow/example_dags/tutorial_taskflow_api_etl_virtualenv.py
[2023-01-25 18:23:46,033] {processor.py:642} INFO - Processing file /home/airflow/.local/lib/python3.7/site-packages/airflow/example_dags/tutorial_taskflow_api_etl_virtualenv.py for tasks to queue
[2023-01-25 18:23:46,036] {logging_mixin.py:109} INFO - [2023-01-25 18:23:46,035] {dagbag.py:500} INFO - Filling up the DagBag from /home/airflow/.local/lib/python3.7/site-packages/airflow/example_dags/tutorial_taskflow_api_etl_virtualenv.py
[2023-01-25 18:23:46,151] {processor.py:654} INFO - DAG(s) dict_keys(['tutorial_taskflow_api_etl_virtualenv']) retrieved from /home/airflow/.local/lib/python3.7/site-packages/airflow/example_dags/tutorial_taskflow_api_etl_virtualenv.py
[2023-01-25 18:23:50,697] {logging_mixin.py:109} INFO - [2023-01-25 18:23:50,697] {manager.py:496} INFO - Created Permission View: can edit on DAG:tutorial_taskflow_api_etl_virtualenv
[2023-01-25 18:23:50,729] {logging_mixin.py:109} INFO - [2023-01-25 18:23:50,728] {manager.py:496} INFO - Created Permission View: can read on DAG:tutorial_taskflow_api_etl_virtualenv
[2023-01-25 18:23:50,731] {logging_mixin.py:109} INFO - [2023-01-25 18:23:50,730] {dag.py:2396} INFO - Sync 1 DAGs
[2023-01-25 18:23:50,750] {logging_mixin.py:109} INFO - [2023-01-25 18:23:50,749] {dag.py:2415} INFO - Creating ORM DAG for tutorial_taskflow_api_etl_virtualenv
[2023-01-25 18:23:50,773] {logging_mixin.py:109} INFO - [2023-01-25 18:23:50,773] {dag.py:2935} INFO - Setting next_dagrun for tutorial_taskflow_api_etl_virtualenv to None
[2023-01-25 18:23:50,812] {processor.py:171} INFO - Processing /home/airflow/.local/lib/python3.7/site-packages/airflow/example_dags/tutorial_taskflow_api_etl_virtualenv.py took 4.794 seconds
[2023-01-25 18:24:21,633] {processor.py:163} INFO - Started process (PID=128) to work on /home/airflow/.local/lib/python3.7/site-packages/airflow/example_dags/tutorial_taskflow_api_etl_virtualenv.py
[2023-01-25 18:24:21,638] {processor.py:642} INFO - Processing file /home/airflow/.local/lib/python3.7/site-packages/airflow/example_dags/tutorial_taskflow_api_etl_virtualenv.py for tasks to queue
[2023-01-25 18:24:21,640] {logging_mixin.py:109} INFO - [2023-01-25 18:24:21,640] {dagbag.py:500} INFO - Filling up the DagBag from /home/airflow/.local/lib/python3.7/site-packages/airflow/example_dags/tutorial_taskflow_api_etl_virtualenv.py
[2023-01-25 18:24:21,689] {processor.py:654} INFO - DAG(s) dict_keys(['tutorial_taskflow_api_etl_virtualenv']) retrieved from /home/airflow/.local/lib/python3.7/site-packages/airflow/example_dags/tutorial_taskflow_api_etl_virtualenv.py
[2023-01-25 18:24:22,022] {logging_mixin.py:109} INFO - [2023-01-25 18:24:22,022] {dag.py:2396} INFO - Sync 1 DAGs
[2023-01-25 18:24:22,047] {logging_mixin.py:109} INFO - [2023-01-25 18:24:22,047] {dag.py:2935} INFO - Setting next_dagrun for tutorial_taskflow_api_etl_virtualenv to None
[2023-01-25 18:24:22,070] {processor.py:171} INFO - Processing /home/airflow/.local/lib/python3.7/site-packages/airflow/example_dags/tutorial_taskflow_api_etl_virtualenv.py took 0.441 seconds
[2023-01-25 18:24:52,943] {processor.py:163} INFO - Started process (PID=188) to work on /home/airflow/.local/lib/python3.7/site-packages/airflow/example_dags/tutorial_taskflow_api_etl_virtualenv.py
[2023-01-25 18:24:52,948] {processor.py:642} INFO - Processing file /home/airflow/.local/lib/python3.7/site-packages/airflow/example_dags/tutorial_taskflow_api_etl_virtualenv.py for tasks to queue
[2023-01-25 18:24:52,952] {logging_mixin.py:109} INFO - [2023-01-25 18:24:52,951] {dagbag.py:500} INFO - Filling up the DagBag from /home/airflow/.local/lib/python3.7/site-packages/airflow/example_dags/tutorial_taskflow_api_etl_virtualenv.py
[2023-01-25 18:24:53,005] {processor.py:654} INFO - DAG(s) dict_keys(['tutorial_taskflow_api_etl_virtualenv']) retrieved from /home/airflow/.local/lib/python3.7/site-packages/airflow/example_dags/tutorial_taskflow_api_etl_virtualenv.py
[2023-01-25 18:24:53,488] {logging_mixin.py:109} INFO - [2023-01-25 18:24:53,488] {dag.py:2396} INFO - Sync 1 DAGs
[2023-01-25 18:24:53,515] {logging_mixin.py:109} INFO - [2023-01-25 18:24:53,515] {dag.py:2935} INFO - Setting next_dagrun for tutorial_taskflow_api_etl_virtualenv to None
[2023-01-25 18:24:53,542] {processor.py:171} INFO - Processing /home/airflow/.local/lib/python3.7/site-packages/airflow/example_dags/tutorial_taskflow_api_etl_virtualenv.py took 0.609 seconds
[2023-01-25 18:25:23,625] {processor.py:163} INFO - Started process (PID=241) to work on /home/airflow/.local/lib/python3.7/site-packages/airflow/example_dags/tutorial_taskflow_api_etl_virtualenv.py
[2023-01-25 18:25:23,628] {processor.py:642} INFO - Processing file /home/airflow/.local/lib/python3.7/site-packages/airflow/example_dags/tutorial_taskflow_api_etl_virtualenv.py for tasks to queue
[2023-01-25 18:25:23,630] {logging_mixin.py:109} INFO - [2023-01-25 18:25:23,630] {dagbag.py:500} INFO - Filling up the DagBag from /home/airflow/.local/lib/python3.7/site-packages/airflow/example_dags/tutorial_taskflow_api_etl_virtualenv.py
[2023-01-25 18:25:23,694] {processor.py:654} INFO - DAG(s) dict_keys(['tutorial_taskflow_api_etl_virtualenv']) retrieved from /home/airflow/.local/lib/python3.7/site-packages/airflow/example_dags/tutorial_taskflow_api_etl_virtualenv.py
[2023-01-25 18:25:24,062] {logging_mixin.py:109} INFO - [2023-01-25 18:25:24,062] {dag.py:2396} INFO - Sync 1 DAGs
[2023-01-25 18:25:24,086] {logging_mixin.py:109} INFO - [2023-01-25 18:25:24,086] {dag.py:2935} INFO - Setting next_dagrun for tutorial_taskflow_api_etl_virtualenv to None
[2023-01-25 18:25:24,102] {processor.py:171} INFO - Processing /home/airflow/.local/lib/python3.7/site-packages/airflow/example_dags/tutorial_taskflow_api_etl_virtualenv.py took 0.482 seconds
[2023-01-25 18:25:54,801] {processor.py:163} INFO - Started process (PID=292) to work on /home/airflow/.local/lib/python3.7/site-packages/airflow/example_dags/tutorial_taskflow_api_etl_virtualenv.py
[2023-01-25 18:25:54,804] {processor.py:642} INFO - Processing file /home/airflow/.local/lib/python3.7/site-packages/airflow/example_dags/tutorial_taskflow_api_etl_virtualenv.py for tasks to queue
[2023-01-25 18:25:54,807] {logging_mixin.py:109} INFO - [2023-01-25 18:25:54,807] {dagbag.py:500} INFO - Filling up the DagBag from /home/airflow/.local/lib/python3.7/site-packages/airflow/example_dags/tutorial_taskflow_api_etl_virtualenv.py
[2023-01-25 18:25:54,854] {processor.py:654} INFO - DAG(s) dict_keys(['tutorial_taskflow_api_etl_virtualenv']) retrieved from /home/airflow/.local/lib/python3.7/site-packages/airflow/example_dags/tutorial_taskflow_api_etl_virtualenv.py
[2023-01-25 18:25:55,486] {logging_mixin.py:109} INFO - [2023-01-25 18:25:55,485] {dag.py:2396} INFO - Sync 1 DAGs
[2023-01-25 18:25:55,508] {logging_mixin.py:109} INFO - [2023-01-25 18:25:55,508] {dag.py:2935} INFO - Setting next_dagrun for tutorial_taskflow_api_etl_virtualenv to None
[2023-01-25 18:25:55,531] {processor.py:171} INFO - Processing /home/airflow/.local/lib/python3.7/site-packages/airflow/example_dags/tutorial_taskflow_api_etl_virtualenv.py took 0.735 seconds
[2023-01-25 18:26:25,604] {processor.py:163} INFO - Started process (PID=353) to work on /home/airflow/.local/lib/python3.7/site-packages/airflow/example_dags/tutorial_taskflow_api_etl_virtualenv.py
[2023-01-25 18:26:25,609] {processor.py:642} INFO - Processing file /home/airflow/.local/lib/python3.7/site-packages/airflow/example_dags/tutorial_taskflow_api_etl_virtualenv.py for tasks to queue
[2023-01-25 18:26:25,613] {logging_mixin.py:109} INFO - [2023-01-25 18:26:25,612] {dagbag.py:500} INFO - Filling up the DagBag from /home/airflow/.local/lib/python3.7/site-packages/airflow/example_dags/tutorial_taskflow_api_etl_virtualenv.py
[2023-01-25 18:26:25,670] {processor.py:654} INFO - DAG(s) dict_keys(['tutorial_taskflow_api_etl_virtualenv']) retrieved from /home/airflow/.local/lib/python3.7/site-packages/airflow/example_dags/tutorial_taskflow_api_etl_virtualenv.py
[2023-01-25 18:26:26,044] {logging_mixin.py:109} INFO - [2023-01-25 18:26:26,044] {dag.py:2396} INFO - Sync 1 DAGs
[2023-01-25 18:26:26,071] {logging_mixin.py:109} INFO - [2023-01-25 18:26:26,071] {dag.py:2935} INFO - Setting next_dagrun for tutorial_taskflow_api_etl_virtualenv to None
[2023-01-25 18:26:26,094] {processor.py:171} INFO - Processing /home/airflow/.local/lib/python3.7/site-packages/airflow/example_dags/tutorial_taskflow_api_etl_virtualenv.py took 0.500 seconds
[2023-01-25 18:26:56,243] {processor.py:163} INFO - Started process (PID=404) to work on /home/airflow/.local/lib/python3.7/site-packages/airflow/example_dags/tutorial_taskflow_api_etl_virtualenv.py
[2023-01-25 18:26:56,247] {processor.py:642} INFO - Processing file /home/airflow/.local/lib/python3.7/site-packages/airflow/example_dags/tutorial_taskflow_api_etl_virtualenv.py for tasks to queue
[2023-01-25 18:26:56,249] {logging_mixin.py:109} INFO - [2023-01-25 18:26:56,249] {dagbag.py:500} INFO - Filling up the DagBag from /home/airflow/.local/lib/python3.7/site-packages/airflow/example_dags/tutorial_taskflow_api_etl_virtualenv.py
[2023-01-25 18:26:56,300] {processor.py:654} INFO - DAG(s) dict_keys(['tutorial_taskflow_api_etl_virtualenv']) retrieved from /home/airflow/.local/lib/python3.7/site-packages/airflow/example_dags/tutorial_taskflow_api_etl_virtualenv.py
[2023-01-25 18:26:56,707] {logging_mixin.py:109} INFO - [2023-01-25 18:26:56,707] {dag.py:2396} INFO - Sync 1 DAGs
[2023-01-25 18:26:56,730] {logging_mixin.py:109} INFO - [2023-01-25 18:26:56,730] {dag.py:2935} INFO - Setting next_dagrun for tutorial_taskflow_api_etl_virtualenv to None
[2023-01-25 18:26:56,750] {processor.py:171} INFO - Processing /home/airflow/.local/lib/python3.7/site-packages/airflow/example_dags/tutorial_taskflow_api_etl_virtualenv.py took 0.512 seconds
