[2023-01-25 18:23:34,240] {processor.py:163} INFO - Started process (PID=47) to work on /home/airflow/.local/lib/python3.7/site-packages/airflow/example_dags/tutorial_taskflow_api_etl.py
[2023-01-25 18:23:34,253] {processor.py:642} INFO - Processing file /home/airflow/.local/lib/python3.7/site-packages/airflow/example_dags/tutorial_taskflow_api_etl.py for tasks to queue
[2023-01-25 18:23:34,259] {logging_mixin.py:109} INFO - [2023-01-25 18:23:34,257] {dagbag.py:500} INFO - Filling up the DagBag from /home/airflow/.local/lib/python3.7/site-packages/airflow/example_dags/tutorial_taskflow_api_etl.py
[2023-01-25 18:23:34,362] {processor.py:654} INFO - DAG(s) dict_keys(['tutorial_taskflow_api_etl']) retrieved from /home/airflow/.local/lib/python3.7/site-packages/airflow/example_dags/tutorial_taskflow_api_etl.py
[2023-01-25 18:23:49,668] {logging_mixin.py:109} INFO - [2023-01-25 18:23:49,668] {manager.py:496} INFO - Created Permission View: can edit on DAG:tutorial_taskflow_api_etl
[2023-01-25 18:23:49,692] {logging_mixin.py:109} INFO - [2023-01-25 18:23:49,692] {manager.py:496} INFO - Created Permission View: can read on DAG:tutorial_taskflow_api_etl
[2023-01-25 18:23:49,695] {logging_mixin.py:109} INFO - [2023-01-25 18:23:49,694] {dag.py:2396} INFO - Sync 1 DAGs
[2023-01-25 18:23:49,717] {logging_mixin.py:109} INFO - [2023-01-25 18:23:49,717] {dag.py:2415} INFO - Creating ORM DAG for tutorial_taskflow_api_etl
[2023-01-25 18:23:49,742] {logging_mixin.py:109} INFO - [2023-01-25 18:23:49,742] {dag.py:2935} INFO - Setting next_dagrun for tutorial_taskflow_api_etl to None
[2023-01-25 18:23:49,780] {processor.py:171} INFO - Processing /home/airflow/.local/lib/python3.7/site-packages/airflow/example_dags/tutorial_taskflow_api_etl.py took 15.574 seconds
[2023-01-25 18:24:20,326] {processor.py:163} INFO - Started process (PID=127) to work on /home/airflow/.local/lib/python3.7/site-packages/airflow/example_dags/tutorial_taskflow_api_etl.py
[2023-01-25 18:24:20,328] {processor.py:642} INFO - Processing file /home/airflow/.local/lib/python3.7/site-packages/airflow/example_dags/tutorial_taskflow_api_etl.py for tasks to queue
[2023-01-25 18:24:20,330] {logging_mixin.py:109} INFO - [2023-01-25 18:24:20,330] {dagbag.py:500} INFO - Filling up the DagBag from /home/airflow/.local/lib/python3.7/site-packages/airflow/example_dags/tutorial_taskflow_api_etl.py
[2023-01-25 18:24:20,397] {processor.py:654} INFO - DAG(s) dict_keys(['tutorial_taskflow_api_etl']) retrieved from /home/airflow/.local/lib/python3.7/site-packages/airflow/example_dags/tutorial_taskflow_api_etl.py
[2023-01-25 18:24:20,728] {logging_mixin.py:109} INFO - [2023-01-25 18:24:20,728] {dag.py:2396} INFO - Sync 1 DAGs
[2023-01-25 18:24:20,744] {logging_mixin.py:109} INFO - [2023-01-25 18:24:20,744] {dag.py:2935} INFO - Setting next_dagrun for tutorial_taskflow_api_etl to None
[2023-01-25 18:24:20,760] {processor.py:171} INFO - Processing /home/airflow/.local/lib/python3.7/site-packages/airflow/example_dags/tutorial_taskflow_api_etl.py took 0.439 seconds
[2023-01-25 18:24:51,239] {processor.py:163} INFO - Started process (PID=178) to work on /home/airflow/.local/lib/python3.7/site-packages/airflow/example_dags/tutorial_taskflow_api_etl.py
[2023-01-25 18:24:51,243] {processor.py:642} INFO - Processing file /home/airflow/.local/lib/python3.7/site-packages/airflow/example_dags/tutorial_taskflow_api_etl.py for tasks to queue
[2023-01-25 18:24:51,246] {logging_mixin.py:109} INFO - [2023-01-25 18:24:51,245] {dagbag.py:500} INFO - Filling up the DagBag from /home/airflow/.local/lib/python3.7/site-packages/airflow/example_dags/tutorial_taskflow_api_etl.py
[2023-01-25 18:24:51,361] {processor.py:654} INFO - DAG(s) dict_keys(['tutorial_taskflow_api_etl']) retrieved from /home/airflow/.local/lib/python3.7/site-packages/airflow/example_dags/tutorial_taskflow_api_etl.py
[2023-01-25 18:24:51,832] {logging_mixin.py:109} INFO - [2023-01-25 18:24:51,832] {dag.py:2396} INFO - Sync 1 DAGs
[2023-01-25 18:24:51,850] {logging_mixin.py:109} INFO - [2023-01-25 18:24:51,850] {dag.py:2935} INFO - Setting next_dagrun for tutorial_taskflow_api_etl to None
[2023-01-25 18:24:51,864] {processor.py:171} INFO - Processing /home/airflow/.local/lib/python3.7/site-packages/airflow/example_dags/tutorial_taskflow_api_etl.py took 0.636 seconds
[2023-01-25 18:25:22,003] {processor.py:163} INFO - Started process (PID=238) to work on /home/airflow/.local/lib/python3.7/site-packages/airflow/example_dags/tutorial_taskflow_api_etl.py
[2023-01-25 18:25:22,006] {processor.py:642} INFO - Processing file /home/airflow/.local/lib/python3.7/site-packages/airflow/example_dags/tutorial_taskflow_api_etl.py for tasks to queue
[2023-01-25 18:25:22,012] {logging_mixin.py:109} INFO - [2023-01-25 18:25:22,012] {dagbag.py:500} INFO - Filling up the DagBag from /home/airflow/.local/lib/python3.7/site-packages/airflow/example_dags/tutorial_taskflow_api_etl.py
[2023-01-25 18:25:22,085] {processor.py:654} INFO - DAG(s) dict_keys(['tutorial_taskflow_api_etl']) retrieved from /home/airflow/.local/lib/python3.7/site-packages/airflow/example_dags/tutorial_taskflow_api_etl.py
[2023-01-25 18:25:22,468] {logging_mixin.py:109} INFO - [2023-01-25 18:25:22,468] {dag.py:2396} INFO - Sync 1 DAGs
[2023-01-25 18:25:22,491] {logging_mixin.py:109} INFO - [2023-01-25 18:25:22,491] {dag.py:2935} INFO - Setting next_dagrun for tutorial_taskflow_api_etl to None
[2023-01-25 18:25:22,508] {processor.py:171} INFO - Processing /home/airflow/.local/lib/python3.7/site-packages/airflow/example_dags/tutorial_taskflow_api_etl.py took 0.510 seconds
[2023-01-25 18:25:53,223] {processor.py:163} INFO - Started process (PID=289) to work on /home/airflow/.local/lib/python3.7/site-packages/airflow/example_dags/tutorial_taskflow_api_etl.py
[2023-01-25 18:25:53,227] {processor.py:642} INFO - Processing file /home/airflow/.local/lib/python3.7/site-packages/airflow/example_dags/tutorial_taskflow_api_etl.py for tasks to queue
[2023-01-25 18:25:53,231] {logging_mixin.py:109} INFO - [2023-01-25 18:25:53,231] {dagbag.py:500} INFO - Filling up the DagBag from /home/airflow/.local/lib/python3.7/site-packages/airflow/example_dags/tutorial_taskflow_api_etl.py
[2023-01-25 18:25:53,295] {processor.py:654} INFO - DAG(s) dict_keys(['tutorial_taskflow_api_etl']) retrieved from /home/airflow/.local/lib/python3.7/site-packages/airflow/example_dags/tutorial_taskflow_api_etl.py
[2023-01-25 18:25:53,682] {logging_mixin.py:109} INFO - [2023-01-25 18:25:53,682] {dag.py:2396} INFO - Sync 1 DAGs
[2023-01-25 18:25:53,712] {logging_mixin.py:109} INFO - [2023-01-25 18:25:53,712] {dag.py:2935} INFO - Setting next_dagrun for tutorial_taskflow_api_etl to None
[2023-01-25 18:25:53,728] {processor.py:171} INFO - Processing /home/airflow/.local/lib/python3.7/site-packages/airflow/example_dags/tutorial_taskflow_api_etl.py took 0.513 seconds
[2023-01-25 18:26:23,935] {processor.py:163} INFO - Started process (PID=350) to work on /home/airflow/.local/lib/python3.7/site-packages/airflow/example_dags/tutorial_taskflow_api_etl.py
[2023-01-25 18:26:23,942] {processor.py:642} INFO - Processing file /home/airflow/.local/lib/python3.7/site-packages/airflow/example_dags/tutorial_taskflow_api_etl.py for tasks to queue
[2023-01-25 18:26:23,944] {logging_mixin.py:109} INFO - [2023-01-25 18:26:23,944] {dagbag.py:500} INFO - Filling up the DagBag from /home/airflow/.local/lib/python3.7/site-packages/airflow/example_dags/tutorial_taskflow_api_etl.py
[2023-01-25 18:26:23,999] {processor.py:654} INFO - DAG(s) dict_keys(['tutorial_taskflow_api_etl']) retrieved from /home/airflow/.local/lib/python3.7/site-packages/airflow/example_dags/tutorial_taskflow_api_etl.py
[2023-01-25 18:26:24,493] {logging_mixin.py:109} INFO - [2023-01-25 18:26:24,493] {dag.py:2396} INFO - Sync 1 DAGs
[2023-01-25 18:26:24,523] {logging_mixin.py:109} INFO - [2023-01-25 18:26:24,523] {dag.py:2935} INFO - Setting next_dagrun for tutorial_taskflow_api_etl to None
[2023-01-25 18:26:24,547] {processor.py:171} INFO - Processing /home/airflow/.local/lib/python3.7/site-packages/airflow/example_dags/tutorial_taskflow_api_etl.py took 0.619 seconds
[2023-01-25 18:26:54,676] {processor.py:163} INFO - Started process (PID=403) to work on /home/airflow/.local/lib/python3.7/site-packages/airflow/example_dags/tutorial_taskflow_api_etl.py
[2023-01-25 18:26:54,682] {processor.py:642} INFO - Processing file /home/airflow/.local/lib/python3.7/site-packages/airflow/example_dags/tutorial_taskflow_api_etl.py for tasks to queue
[2023-01-25 18:26:54,684] {logging_mixin.py:109} INFO - [2023-01-25 18:26:54,684] {dagbag.py:500} INFO - Filling up the DagBag from /home/airflow/.local/lib/python3.7/site-packages/airflow/example_dags/tutorial_taskflow_api_etl.py
[2023-01-25 18:26:54,754] {processor.py:654} INFO - DAG(s) dict_keys(['tutorial_taskflow_api_etl']) retrieved from /home/airflow/.local/lib/python3.7/site-packages/airflow/example_dags/tutorial_taskflow_api_etl.py
[2023-01-25 18:26:55,153] {logging_mixin.py:109} INFO - [2023-01-25 18:26:55,153] {dag.py:2396} INFO - Sync 1 DAGs
[2023-01-25 18:26:55,176] {logging_mixin.py:109} INFO - [2023-01-25 18:26:55,176] {dag.py:2935} INFO - Setting next_dagrun for tutorial_taskflow_api_etl to None
[2023-01-25 18:26:55,195] {processor.py:171} INFO - Processing /home/airflow/.local/lib/python3.7/site-packages/airflow/example_dags/tutorial_taskflow_api_etl.py took 0.526 seconds
